[2022-07-08 14:57:48,998] {taskinstance.py:1032} INFO - Dependencies all met for <TaskInstance: fhv_dag.local_to_gcs_task scheduled__2019-01-02T06:00:00+00:00 [queued]>
[2022-07-08 14:57:49,028] {taskinstance.py:1032} INFO - Dependencies all met for <TaskInstance: fhv_dag.local_to_gcs_task scheduled__2019-01-02T06:00:00+00:00 [queued]>
[2022-07-08 14:57:49,030] {taskinstance.py:1238} INFO - 
--------------------------------------------------------------------------------
[2022-07-08 14:57:49,031] {taskinstance.py:1239} INFO - Starting attempt 1 of 1
[2022-07-08 14:57:49,033] {taskinstance.py:1240} INFO - 
--------------------------------------------------------------------------------
[2022-07-08 14:57:49,074] {taskinstance.py:1259} INFO - Executing <Task(PythonOperator): local_to_gcs_task> on 2019-01-02 06:00:00+00:00
[2022-07-08 14:57:49,098] {standard_task_runner.py:76} INFO - Running: ['***', 'tasks', 'run', 'fhv_dag', 'local_to_gcs_task', 'scheduled__2019-01-02T06:00:00+00:00', '--job-id', '376', '--raw', '--subdir', 'DAGS_FOLDER/fhv_dag.py', '--cfg-path', '/tmp/tmpsekdz8nb', '--error-file', '/tmp/tmpgbbdz5a2']
[2022-07-08 14:57:49,091] {standard_task_runner.py:52} INFO - Started process 902 to run task
[2022-07-08 14:57:49,112] {standard_task_runner.py:77} INFO - Job 376: Subtask local_to_gcs_task
[2022-07-08 14:57:49,295] {logging_mixin.py:109} INFO - Running <TaskInstance: fhv_dag.local_to_gcs_task scheduled__2019-01-02T06:00:00+00:00 [running]> on host 2b856f2081be
[2022-07-08 14:57:49,400] {warnings.py:99} WARNING - /home/***/.local/lib/python3.6/site-packages/***/utils/context.py:152: AirflowContextDeprecationWarning: Accessing 'execution_date' from the template is deprecated and will be removed in a future version. Please use 'data_interval_start' or 'logical_date' instead.
  warnings.warn(_create_deprecation_warning(key, self._deprecation_replacements[key]))

[2022-07-08 14:57:49,471] {taskinstance.py:1426} INFO - Exporting the following env vars:
AIRFLOW_CTX_DAG_OWNER=***
AIRFLOW_CTX_DAG_ID=fhv_dag
AIRFLOW_CTX_TASK_ID=local_to_gcs_task
AIRFLOW_CTX_EXECUTION_DATE=2019-01-02T06:00:00+00:00
AIRFLOW_CTX_DAG_RUN_ID=scheduled__2019-01-02T06:00:00+00:00
[2022-07-08 14:57:50,051] {python.py:175} INFO - Done. Returned value was: None
[2022-07-08 14:57:50,136] {taskinstance.py:1277} INFO - Marking task as SUCCESS. dag_id=fhv_dag, task_id=local_to_gcs_task, execution_date=20190102T060000, start_date=20220708T145749, end_date=20220708T145750
[2022-07-08 14:57:50,309] {local_task_job.py:154} INFO - Task exited with return code 0
[2022-07-08 14:57:50,522] {local_task_job.py:264} INFO - 0 downstream tasks scheduled from follow-on schedule check
[2022-08-04 21:11:46,991] {taskinstance.py:1032} INFO - Dependencies all met for <TaskInstance: fhv_dag.local_to_gcs_task scheduled__2019-01-02T06:00:00+00:00 [queued]>
[2022-08-04 21:11:47,058] {taskinstance.py:1032} INFO - Dependencies all met for <TaskInstance: fhv_dag.local_to_gcs_task scheduled__2019-01-02T06:00:00+00:00 [queued]>
[2022-08-04 21:11:47,062] {taskinstance.py:1238} INFO - 
--------------------------------------------------------------------------------
[2022-08-04 21:11:47,066] {taskinstance.py:1239} INFO - Starting attempt 1 of 1
[2022-08-04 21:11:47,068] {taskinstance.py:1240} INFO - 
--------------------------------------------------------------------------------
[2022-08-04 21:11:47,138] {taskinstance.py:1259} INFO - Executing <Task(PythonOperator): local_to_gcs_task> on 2019-01-02 06:00:00+00:00
[2022-08-04 21:11:47,166] {standard_task_runner.py:52} INFO - Started process 538 to run task
[2022-08-04 21:11:47,221] {standard_task_runner.py:76} INFO - Running: ['***', 'tasks', 'run', 'fhv_dag', 'local_to_gcs_task', 'scheduled__2019-01-02T06:00:00+00:00', '--job-id', '30', '--raw', '--subdir', 'DAGS_FOLDER/fhv_dag.py', '--cfg-path', '/tmp/tmp0fimj0ey', '--error-file', '/tmp/tmpy0fw70kj']
[2022-08-04 21:11:47,241] {standard_task_runner.py:77} INFO - Job 30: Subtask local_to_gcs_task
[2022-08-04 21:11:47,512] {logging_mixin.py:109} INFO - Running <TaskInstance: fhv_dag.local_to_gcs_task scheduled__2019-01-02T06:00:00+00:00 [running]> on host b20bc6ac5db7
[2022-08-04 21:11:47,920] {warnings.py:110} WARNING - /home/***/.local/lib/python3.7/site-packages/***/utils/context.py:152: AirflowContextDeprecationWarning: Accessing 'execution_date' from the template is deprecated and will be removed in a future version. Please use 'data_interval_start' or 'logical_date' instead.
  warnings.warn(_create_deprecation_warning(key, self._deprecation_replacements[key]))

[2022-08-04 21:11:48,261] {taskinstance.py:1426} INFO - Exporting the following env vars:
AIRFLOW_CTX_DAG_OWNER=***
AIRFLOW_CTX_DAG_ID=fhv_dag
AIRFLOW_CTX_TASK_ID=local_to_gcs_task
AIRFLOW_CTX_EXECUTION_DATE=2019-01-02T06:00:00+00:00
AIRFLOW_CTX_DAG_RUN_ID=scheduled__2019-01-02T06:00:00+00:00
[2022-08-04 21:17:09,956] {python.py:175} INFO - Done. Returned value was: None
[2022-08-04 21:17:09,970] {taskinstance.py:1277} INFO - Marking task as SUCCESS. dag_id=fhv_dag, task_id=local_to_gcs_task, execution_date=20190102T060000, start_date=20220804T211146, end_date=20220804T211709
[2022-08-04 21:17:10,022] {local_task_job.py:154} INFO - Task exited with return code 0
[2022-08-04 21:17:10,054] {local_task_job.py:264} INFO - 0 downstream tasks scheduled from follow-on schedule check
