[2022-07-08 20:02:16,451] {taskinstance.py:1032} INFO - Dependencies all met for <TaskInstance: gt_dag.download_data_task scheduled__2019-11-02T06:00:00+00:00 [queued]>
[2022-07-08 20:02:17,264] {taskinstance.py:1032} INFO - Dependencies all met for <TaskInstance: gt_dag.download_data_task scheduled__2019-11-02T06:00:00+00:00 [queued]>
[2022-07-08 20:02:17,348] {taskinstance.py:1238} INFO - 
--------------------------------------------------------------------------------
[2022-07-08 20:02:17,373] {taskinstance.py:1239} INFO - Starting attempt 1 of 1
[2022-07-08 20:02:17,696] {taskinstance.py:1240} INFO - 
--------------------------------------------------------------------------------
[2022-07-08 20:02:18,969] {taskinstance.py:1259} INFO - Executing <Task(BashOperator): download_data_task> on 2019-11-02 06:00:00+00:00
[2022-07-08 20:02:19,253] {standard_task_runner.py:76} INFO - Running: ['***', 'tasks', 'run', 'gt_dag', 'download_data_task', 'scheduled__2019-11-02T06:00:00+00:00', '--job-id', '419', '--raw', '--subdir', 'DAGS_FOLDER/green_taxi_dag.py', '--cfg-path', '/tmp/tmpi2utdc86', '--error-file', '/tmp/tmpkm4j364m']
[2022-07-08 20:02:19,755] {standard_task_runner.py:77} INFO - Job 419: Subtask download_data_task
[2022-07-08 20:02:19,151] {standard_task_runner.py:52} INFO - Started process 15105 to run task
[2022-07-08 20:02:23,102] {logging_mixin.py:109} INFO - Running <TaskInstance: gt_dag.download_data_task scheduled__2019-11-02T06:00:00+00:00 [running]> on host 2b856f2081be
[2022-07-08 20:02:30,063] {warnings.py:99} WARNING - /home/***/.local/lib/python3.6/site-packages/***/utils/context.py:152: AirflowContextDeprecationWarning: Accessing 'execution_date' from the template is deprecated and will be removed in a future version. Please use 'data_interval_start' or 'logical_date' instead.
  warnings.warn(_create_deprecation_warning(key, self._deprecation_replacements[key]))

[2022-07-08 20:02:36,181] {taskinstance.py:1426} INFO - Exporting the following env vars:
AIRFLOW_CTX_DAG_OWNER=***
AIRFLOW_CTX_DAG_ID=gt_dag
AIRFLOW_CTX_TASK_ID=download_data_task
AIRFLOW_CTX_EXECUTION_DATE=2019-11-02T06:00:00+00:00
AIRFLOW_CTX_DAG_RUN_ID=scheduled__2019-11-02T06:00:00+00:00
[2022-07-08 20:02:36,654] {subprocess.py:62} INFO - Tmp dir root location: 
 /tmp
[2022-07-08 20:02:36,979] {subprocess.py:74} INFO - Running command: ['bash', '-c', 'curl -sSL https://d37ci6vzurychx.cloudfront.net/trip-data/green_tripdata_2019-11.parquet > /opt/***/green_tripdata_2019-11.parquet']
[2022-07-08 20:02:38,459] {subprocess.py:85} INFO - Output:
[2022-07-08 20:02:45,463] {subprocess.py:93} INFO - Command exited with return code 0
[2022-07-08 20:02:49,839] {taskinstance.py:1277} INFO - Marking task as SUCCESS. dag_id=gt_dag, task_id=download_data_task, execution_date=20191102T060000, start_date=20220708T200216, end_date=20220708T200249
[2022-07-08 20:02:51,291] {local_task_job.py:212} WARNING - State of this instance has been externally set to success. Terminating instance.
