[2022-08-01 18:29:02,382] {processor.py:163} INFO - Started process (PID=80) to work on /opt/airflow/dags/fhv_dag.py
[2022-08-01 18:29:02,418] {processor.py:642} INFO - Processing file /opt/airflow/dags/fhv_dag.py for tasks to queue
[2022-08-01 18:29:02,423] {logging_mixin.py:109} INFO - [2022-08-01 18:29:02,423] {dagbag.py:500} INFO - Filling up the DagBag from /opt/airflow/dags/fhv_dag.py
[2022-08-01 18:29:03,611] {processor.py:654} INFO - DAG(s) dict_keys(['fhv_dag']) retrieved from /opt/airflow/dags/fhv_dag.py
[2022-08-01 18:29:03,667] {logging_mixin.py:109} INFO - [2022-08-01 18:29:03,665] {dag.py:2396} INFO - Sync 1 DAGs
[2022-08-01 18:29:03,757] {logging_mixin.py:109} INFO - [2022-08-01 18:29:03,756] {dag.py:2935} INFO - Setting next_dagrun for fhv_dag to None
[2022-08-01 18:29:03,861] {processor.py:171} INFO - Processing /opt/airflow/dags/fhv_dag.py took 1.498 seconds
[2022-08-01 18:29:34,271] {processor.py:163} INFO - Started process (PID=114) to work on /opt/airflow/dags/fhv_dag.py
[2022-08-01 18:29:34,275] {processor.py:642} INFO - Processing file /opt/airflow/dags/fhv_dag.py for tasks to queue
[2022-08-01 18:29:34,277] {logging_mixin.py:109} INFO - [2022-08-01 18:29:34,277] {dagbag.py:500} INFO - Filling up the DagBag from /opt/airflow/dags/fhv_dag.py
[2022-08-01 18:29:34,434] {processor.py:654} INFO - DAG(s) dict_keys(['fhv_dag']) retrieved from /opt/airflow/dags/fhv_dag.py
[2022-08-01 18:29:34,463] {logging_mixin.py:109} INFO - [2022-08-01 18:29:34,458] {dag.py:2396} INFO - Sync 1 DAGs
[2022-08-01 18:29:34,529] {logging_mixin.py:109} INFO - [2022-08-01 18:29:34,529] {dag.py:2935} INFO - Setting next_dagrun for fhv_dag to None
[2022-08-01 18:29:34,545] {processor.py:171} INFO - Processing /opt/airflow/dags/fhv_dag.py took 0.281 seconds
[2022-08-01 18:30:05,052] {processor.py:163} INFO - Started process (PID=147) to work on /opt/airflow/dags/fhv_dag.py
[2022-08-01 18:30:05,054] {processor.py:642} INFO - Processing file /opt/airflow/dags/fhv_dag.py for tasks to queue
[2022-08-01 18:30:05,055] {logging_mixin.py:109} INFO - [2022-08-01 18:30:05,055] {dagbag.py:500} INFO - Filling up the DagBag from /opt/airflow/dags/fhv_dag.py
[2022-08-01 18:30:05,168] {processor.py:654} INFO - DAG(s) dict_keys(['fhv_dag']) retrieved from /opt/airflow/dags/fhv_dag.py
[2022-08-01 18:30:05,184] {logging_mixin.py:109} INFO - [2022-08-01 18:30:05,182] {dag.py:2396} INFO - Sync 1 DAGs
[2022-08-01 18:30:05,206] {logging_mixin.py:109} INFO - [2022-08-01 18:30:05,206] {dag.py:2935} INFO - Setting next_dagrun for fhv_dag to None
[2022-08-01 18:30:05,215] {processor.py:171} INFO - Processing /opt/airflow/dags/fhv_dag.py took 0.168 seconds
[2022-08-01 18:30:36,071] {processor.py:163} INFO - Started process (PID=180) to work on /opt/airflow/dags/fhv_dag.py
[2022-08-01 18:30:36,075] {processor.py:642} INFO - Processing file /opt/airflow/dags/fhv_dag.py for tasks to queue
[2022-08-01 18:30:36,079] {logging_mixin.py:109} INFO - [2022-08-01 18:30:36,079] {dagbag.py:500} INFO - Filling up the DagBag from /opt/airflow/dags/fhv_dag.py
[2022-08-01 18:30:36,202] {processor.py:654} INFO - DAG(s) dict_keys(['fhv_dag']) retrieved from /opt/airflow/dags/fhv_dag.py
[2022-08-01 18:30:36,215] {logging_mixin.py:109} INFO - [2022-08-01 18:30:36,213] {dag.py:2396} INFO - Sync 1 DAGs
[2022-08-01 18:30:36,242] {logging_mixin.py:109} INFO - [2022-08-01 18:30:36,242] {dag.py:2935} INFO - Setting next_dagrun for fhv_dag to None
[2022-08-01 18:30:36,250] {processor.py:171} INFO - Processing /opt/airflow/dags/fhv_dag.py took 0.196 seconds
[2022-08-01 18:31:06,412] {processor.py:163} INFO - Started process (PID=224) to work on /opt/airflow/dags/fhv_dag.py
[2022-08-01 18:31:06,420] {processor.py:642} INFO - Processing file /opt/airflow/dags/fhv_dag.py for tasks to queue
[2022-08-01 18:31:06,423] {logging_mixin.py:109} INFO - [2022-08-01 18:31:06,423] {dagbag.py:500} INFO - Filling up the DagBag from /opt/airflow/dags/fhv_dag.py
[2022-08-01 18:31:06,602] {processor.py:654} INFO - DAG(s) dict_keys(['fhv_dag']) retrieved from /opt/airflow/dags/fhv_dag.py
[2022-08-01 18:31:06,616] {logging_mixin.py:109} INFO - [2022-08-01 18:31:06,614] {dag.py:2396} INFO - Sync 1 DAGs
[2022-08-01 18:31:06,638] {logging_mixin.py:109} INFO - [2022-08-01 18:31:06,638] {dag.py:2935} INFO - Setting next_dagrun for fhv_dag to None
[2022-08-01 18:31:06,650] {processor.py:171} INFO - Processing /opt/airflow/dags/fhv_dag.py took 0.255 seconds
[2022-08-01 18:31:36,925] {processor.py:163} INFO - Started process (PID=256) to work on /opt/airflow/dags/fhv_dag.py
[2022-08-01 18:31:36,929] {processor.py:642} INFO - Processing file /opt/airflow/dags/fhv_dag.py for tasks to queue
[2022-08-01 18:31:36,931] {logging_mixin.py:109} INFO - [2022-08-01 18:31:36,931] {dagbag.py:500} INFO - Filling up the DagBag from /opt/airflow/dags/fhv_dag.py
[2022-08-01 18:31:37,050] {processor.py:654} INFO - DAG(s) dict_keys(['fhv_dag']) retrieved from /opt/airflow/dags/fhv_dag.py
[2022-08-01 18:31:37,067] {logging_mixin.py:109} INFO - [2022-08-01 18:31:37,066] {dag.py:2396} INFO - Sync 1 DAGs
[2022-08-01 18:31:37,092] {logging_mixin.py:109} INFO - [2022-08-01 18:31:37,092] {dag.py:2935} INFO - Setting next_dagrun for fhv_dag to None
[2022-08-01 18:31:37,105] {processor.py:171} INFO - Processing /opt/airflow/dags/fhv_dag.py took 0.189 seconds
[2022-08-01 18:32:07,300] {processor.py:163} INFO - Started process (PID=291) to work on /opt/airflow/dags/fhv_dag.py
[2022-08-01 18:32:07,302] {processor.py:642} INFO - Processing file /opt/airflow/dags/fhv_dag.py for tasks to queue
[2022-08-01 18:32:07,303] {logging_mixin.py:109} INFO - [2022-08-01 18:32:07,303] {dagbag.py:500} INFO - Filling up the DagBag from /opt/airflow/dags/fhv_dag.py
[2022-08-01 18:32:07,416] {processor.py:654} INFO - DAG(s) dict_keys(['fhv_dag']) retrieved from /opt/airflow/dags/fhv_dag.py
[2022-08-01 18:32:07,430] {logging_mixin.py:109} INFO - [2022-08-01 18:32:07,428] {dag.py:2396} INFO - Sync 1 DAGs
[2022-08-01 18:32:07,452] {logging_mixin.py:109} INFO - [2022-08-01 18:32:07,452] {dag.py:2935} INFO - Setting next_dagrun for fhv_dag to None
[2022-08-01 18:32:07,462] {processor.py:171} INFO - Processing /opt/airflow/dags/fhv_dag.py took 0.169 seconds
[2022-08-01 18:32:37,711] {processor.py:163} INFO - Started process (PID=336) to work on /opt/airflow/dags/fhv_dag.py
[2022-08-01 18:32:37,713] {processor.py:642} INFO - Processing file /opt/airflow/dags/fhv_dag.py for tasks to queue
[2022-08-01 18:32:37,715] {logging_mixin.py:109} INFO - [2022-08-01 18:32:37,715] {dagbag.py:500} INFO - Filling up the DagBag from /opt/airflow/dags/fhv_dag.py
[2022-08-01 18:32:37,830] {processor.py:654} INFO - DAG(s) dict_keys(['fhv_dag']) retrieved from /opt/airflow/dags/fhv_dag.py
[2022-08-01 18:32:37,846] {logging_mixin.py:109} INFO - [2022-08-01 18:32:37,844] {dag.py:2396} INFO - Sync 1 DAGs
[2022-08-01 18:32:37,868] {logging_mixin.py:109} INFO - [2022-08-01 18:32:37,868] {dag.py:2935} INFO - Setting next_dagrun for fhv_dag to None
[2022-08-01 18:32:37,877] {processor.py:171} INFO - Processing /opt/airflow/dags/fhv_dag.py took 0.173 seconds
[2022-08-01 18:33:08,712] {processor.py:163} INFO - Started process (PID=369) to work on /opt/airflow/dags/fhv_dag.py
[2022-08-01 18:33:08,716] {processor.py:642} INFO - Processing file /opt/airflow/dags/fhv_dag.py for tasks to queue
[2022-08-01 18:33:08,718] {logging_mixin.py:109} INFO - [2022-08-01 18:33:08,718] {dagbag.py:500} INFO - Filling up the DagBag from /opt/airflow/dags/fhv_dag.py
[2022-08-01 18:33:08,843] {processor.py:654} INFO - DAG(s) dict_keys(['fhv_dag']) retrieved from /opt/airflow/dags/fhv_dag.py
[2022-08-01 18:33:08,857] {logging_mixin.py:109} INFO - [2022-08-01 18:33:08,855] {dag.py:2396} INFO - Sync 1 DAGs
[2022-08-01 18:33:08,882] {logging_mixin.py:109} INFO - [2022-08-01 18:33:08,882] {dag.py:2935} INFO - Setting next_dagrun for fhv_dag to None
[2022-08-01 18:33:08,897] {processor.py:171} INFO - Processing /opt/airflow/dags/fhv_dag.py took 0.215 seconds
[2022-08-01 18:33:39,667] {processor.py:163} INFO - Started process (PID=412) to work on /opt/airflow/dags/fhv_dag.py
[2022-08-01 18:33:39,675] {processor.py:642} INFO - Processing file /opt/airflow/dags/fhv_dag.py for tasks to queue
[2022-08-01 18:33:39,683] {logging_mixin.py:109} INFO - [2022-08-01 18:33:39,683] {dagbag.py:500} INFO - Filling up the DagBag from /opt/airflow/dags/fhv_dag.py
[2022-08-01 18:33:40,150] {processor.py:654} INFO - DAG(s) dict_keys(['fhv_dag']) retrieved from /opt/airflow/dags/fhv_dag.py
[2022-08-01 18:33:40,194] {logging_mixin.py:109} INFO - [2022-08-01 18:33:40,190] {dag.py:2396} INFO - Sync 1 DAGs
[2022-08-01 18:33:40,273] {logging_mixin.py:109} INFO - [2022-08-01 18:33:40,273] {dag.py:2935} INFO - Setting next_dagrun for fhv_dag to None
[2022-08-01 18:33:40,308] {processor.py:171} INFO - Processing /opt/airflow/dags/fhv_dag.py took 0.655 seconds
