[2022-08-01 18:29:02,065] {processor.py:163} INFO - Started process (PID=79) to work on /opt/airflow/dags/yellow_taxi_dag.py
[2022-08-01 18:29:02,080] {processor.py:642} INFO - Processing file /opt/airflow/dags/yellow_taxi_dag.py for tasks to queue
[2022-08-01 18:29:02,082] {logging_mixin.py:109} INFO - [2022-08-01 18:29:02,082] {dagbag.py:500} INFO - Filling up the DagBag from /opt/airflow/dags/yellow_taxi_dag.py
[2022-08-01 18:29:03,037] {processor.py:654} INFO - DAG(s) dict_keys(['yt_dag7']) retrieved from /opt/airflow/dags/yellow_taxi_dag.py
[2022-08-01 18:29:03,096] {logging_mixin.py:109} INFO - [2022-08-01 18:29:03,094] {dag.py:2396} INFO - Sync 1 DAGs
[2022-08-01 18:29:03,219] {logging_mixin.py:109} INFO - [2022-08-01 18:29:03,219] {dag.py:2935} INFO - Setting next_dagrun for yt_dag7 to None
[2022-08-01 18:29:03,278] {processor.py:171} INFO - Processing /opt/airflow/dags/yellow_taxi_dag.py took 1.223 seconds
[2022-08-01 18:29:11,100] {processor.py:163} INFO - Started process (PID=97) to work on /opt/airflow/dags/yellow_taxi_dag.py
[2022-08-01 18:29:11,105] {processor.py:642} INFO - Processing file /opt/airflow/dags/yellow_taxi_dag.py for tasks to queue
[2022-08-01 18:29:11,117] {logging_mixin.py:109} INFO - [2022-08-01 18:29:11,117] {dagbag.py:500} INFO - Filling up the DagBag from /opt/airflow/dags/yellow_taxi_dag.py
[2022-08-01 18:29:12,010] {processor.py:654} INFO - DAG(s) dict_keys(['yt_dag7']) retrieved from /opt/airflow/dags/yellow_taxi_dag.py
[2022-08-01 18:29:12,077] {logging_mixin.py:109} INFO - [2022-08-01 18:29:12,075] {dag.py:2396} INFO - Sync 1 DAGs
[2022-08-01 18:29:12,211] {logging_mixin.py:109} INFO - [2022-08-01 18:29:12,211] {dag.py:2935} INFO - Setting next_dagrun for yt_dag7 to None
[2022-08-01 18:29:12,230] {processor.py:171} INFO - Processing /opt/airflow/dags/yellow_taxi_dag.py took 1.145 seconds
[2022-08-01 18:29:21,255] {processor.py:163} INFO - Started process (PID=98) to work on /opt/airflow/dags/yellow_taxi_dag.py
[2022-08-01 18:29:21,261] {processor.py:642} INFO - Processing file /opt/airflow/dags/yellow_taxi_dag.py for tasks to queue
[2022-08-01 18:29:21,263] {logging_mixin.py:109} INFO - [2022-08-01 18:29:21,263] {dagbag.py:500} INFO - Filling up the DagBag from /opt/airflow/dags/yellow_taxi_dag.py
[2022-08-01 18:29:21,898] {processor.py:654} INFO - DAG(s) dict_keys(['yt_dag7']) retrieved from /opt/airflow/dags/yellow_taxi_dag.py
[2022-08-01 18:29:21,934] {logging_mixin.py:109} INFO - [2022-08-01 18:29:21,932] {dag.py:2396} INFO - Sync 1 DAGs
[2022-08-01 18:29:22,003] {logging_mixin.py:109} INFO - [2022-08-01 18:29:22,003] {dag.py:2935} INFO - Setting next_dagrun for yt_dag7 to None
[2022-08-01 18:29:22,029] {processor.py:171} INFO - Processing /opt/airflow/dags/yellow_taxi_dag.py took 0.783 seconds
[2022-08-01 18:29:31,522] {processor.py:163} INFO - Started process (PID=111) to work on /opt/airflow/dags/yellow_taxi_dag.py
[2022-08-01 18:29:31,536] {processor.py:642} INFO - Processing file /opt/airflow/dags/yellow_taxi_dag.py for tasks to queue
[2022-08-01 18:29:31,538] {logging_mixin.py:109} INFO - [2022-08-01 18:29:31,538] {dagbag.py:500} INFO - Filling up the DagBag from /opt/airflow/dags/yellow_taxi_dag.py
[2022-08-01 18:29:31,730] {processor.py:654} INFO - DAG(s) dict_keys(['yt_dag7']) retrieved from /opt/airflow/dags/yellow_taxi_dag.py
[2022-08-01 18:29:31,747] {logging_mixin.py:109} INFO - [2022-08-01 18:29:31,744] {dag.py:2396} INFO - Sync 1 DAGs
[2022-08-01 18:29:31,770] {logging_mixin.py:109} INFO - [2022-08-01 18:29:31,770] {dag.py:2935} INFO - Setting next_dagrun for yt_dag7 to None
[2022-08-01 18:29:31,798] {processor.py:171} INFO - Processing /opt/airflow/dags/yellow_taxi_dag.py took 0.281 seconds
[2022-08-01 18:29:41,691] {processor.py:163} INFO - Started process (PID=130) to work on /opt/airflow/dags/yellow_taxi_dag.py
[2022-08-01 18:29:41,695] {processor.py:642} INFO - Processing file /opt/airflow/dags/yellow_taxi_dag.py for tasks to queue
[2022-08-01 18:29:41,700] {logging_mixin.py:109} INFO - [2022-08-01 18:29:41,700] {dagbag.py:500} INFO - Filling up the DagBag from /opt/airflow/dags/yellow_taxi_dag.py
[2022-08-01 18:29:42,108] {processor.py:654} INFO - DAG(s) dict_keys(['yt_dag7']) retrieved from /opt/airflow/dags/yellow_taxi_dag.py
[2022-08-01 18:29:42,144] {logging_mixin.py:109} INFO - [2022-08-01 18:29:42,142] {dag.py:2396} INFO - Sync 1 DAGs
[2022-08-01 18:29:42,212] {logging_mixin.py:109} INFO - [2022-08-01 18:29:42,212] {dag.py:2935} INFO - Setting next_dagrun for yt_dag7 to None
[2022-08-01 18:29:42,242] {processor.py:171} INFO - Processing /opt/airflow/dags/yellow_taxi_dag.py took 0.579 seconds
[2022-08-01 18:29:51,744] {processor.py:163} INFO - Started process (PID=131) to work on /opt/airflow/dags/yellow_taxi_dag.py
[2022-08-01 18:29:51,749] {processor.py:642} INFO - Processing file /opt/airflow/dags/yellow_taxi_dag.py for tasks to queue
[2022-08-01 18:29:51,752] {logging_mixin.py:109} INFO - [2022-08-01 18:29:51,751] {dagbag.py:500} INFO - Filling up the DagBag from /opt/airflow/dags/yellow_taxi_dag.py
[2022-08-01 18:29:51,912] {processor.py:654} INFO - DAG(s) dict_keys(['yt_dag7']) retrieved from /opt/airflow/dags/yellow_taxi_dag.py
[2022-08-01 18:29:51,929] {logging_mixin.py:109} INFO - [2022-08-01 18:29:51,927] {dag.py:2396} INFO - Sync 1 DAGs
[2022-08-01 18:29:51,951] {logging_mixin.py:109} INFO - [2022-08-01 18:29:51,951] {dag.py:2935} INFO - Setting next_dagrun for yt_dag7 to None
[2022-08-01 18:29:51,964] {processor.py:171} INFO - Processing /opt/airflow/dags/yellow_taxi_dag.py took 0.230 seconds
[2022-08-01 18:30:01,829] {processor.py:163} INFO - Started process (PID=144) to work on /opt/airflow/dags/yellow_taxi_dag.py
[2022-08-01 18:30:01,832] {processor.py:642} INFO - Processing file /opt/airflow/dags/yellow_taxi_dag.py for tasks to queue
[2022-08-01 18:30:01,833] {logging_mixin.py:109} INFO - [2022-08-01 18:30:01,833] {dagbag.py:500} INFO - Filling up the DagBag from /opt/airflow/dags/yellow_taxi_dag.py
[2022-08-01 18:30:01,948] {processor.py:654} INFO - DAG(s) dict_keys(['yt_dag7']) retrieved from /opt/airflow/dags/yellow_taxi_dag.py
[2022-08-01 18:30:01,963] {logging_mixin.py:109} INFO - [2022-08-01 18:30:01,961] {dag.py:2396} INFO - Sync 1 DAGs
[2022-08-01 18:30:01,987] {logging_mixin.py:109} INFO - [2022-08-01 18:30:01,987] {dag.py:2935} INFO - Setting next_dagrun for yt_dag7 to None
[2022-08-01 18:30:01,998] {processor.py:171} INFO - Processing /opt/airflow/dags/yellow_taxi_dag.py took 0.183 seconds
[2022-08-01 18:30:12,230] {processor.py:163} INFO - Started process (PID=164) to work on /opt/airflow/dags/yellow_taxi_dag.py
[2022-08-01 18:30:12,233] {processor.py:642} INFO - Processing file /opt/airflow/dags/yellow_taxi_dag.py for tasks to queue
[2022-08-01 18:30:12,235] {logging_mixin.py:109} INFO - [2022-08-01 18:30:12,235] {dagbag.py:500} INFO - Filling up the DagBag from /opt/airflow/dags/yellow_taxi_dag.py
[2022-08-01 18:30:12,414] {processor.py:654} INFO - DAG(s) dict_keys(['yt_dag7']) retrieved from /opt/airflow/dags/yellow_taxi_dag.py
[2022-08-01 18:30:12,428] {logging_mixin.py:109} INFO - [2022-08-01 18:30:12,427] {dag.py:2396} INFO - Sync 1 DAGs
[2022-08-01 18:30:12,490] {logging_mixin.py:109} INFO - [2022-08-01 18:30:12,482] {dag.py:2935} INFO - Setting next_dagrun for yt_dag7 to None
[2022-08-01 18:30:12,514] {processor.py:171} INFO - Processing /opt/airflow/dags/yellow_taxi_dag.py took 0.289 seconds
[2022-08-01 18:30:22,524] {processor.py:163} INFO - Started process (PID=165) to work on /opt/airflow/dags/yellow_taxi_dag.py
[2022-08-01 18:30:22,525] {processor.py:642} INFO - Processing file /opt/airflow/dags/yellow_taxi_dag.py for tasks to queue
[2022-08-01 18:30:22,527] {logging_mixin.py:109} INFO - [2022-08-01 18:30:22,527] {dagbag.py:500} INFO - Filling up the DagBag from /opt/airflow/dags/yellow_taxi_dag.py
[2022-08-01 18:30:22,642] {processor.py:654} INFO - DAG(s) dict_keys(['yt_dag7']) retrieved from /opt/airflow/dags/yellow_taxi_dag.py
[2022-08-01 18:30:22,658] {logging_mixin.py:109} INFO - [2022-08-01 18:30:22,657] {dag.py:2396} INFO - Sync 1 DAGs
[2022-08-01 18:30:22,684] {logging_mixin.py:109} INFO - [2022-08-01 18:30:22,684] {dag.py:2935} INFO - Setting next_dagrun for yt_dag7 to None
[2022-08-01 18:30:22,695] {processor.py:171} INFO - Processing /opt/airflow/dags/yellow_taxi_dag.py took 0.179 seconds
[2022-08-01 18:30:32,668] {processor.py:163} INFO - Started process (PID=177) to work on /opt/airflow/dags/yellow_taxi_dag.py
[2022-08-01 18:30:32,670] {processor.py:642} INFO - Processing file /opt/airflow/dags/yellow_taxi_dag.py for tasks to queue
[2022-08-01 18:30:32,672] {logging_mixin.py:109} INFO - [2022-08-01 18:30:32,671] {dagbag.py:500} INFO - Filling up the DagBag from /opt/airflow/dags/yellow_taxi_dag.py
[2022-08-01 18:30:32,809] {processor.py:654} INFO - DAG(s) dict_keys(['yt_dag7']) retrieved from /opt/airflow/dags/yellow_taxi_dag.py
[2022-08-01 18:30:32,826] {logging_mixin.py:109} INFO - [2022-08-01 18:30:32,824] {dag.py:2396} INFO - Sync 1 DAGs
[2022-08-01 18:30:32,858] {logging_mixin.py:109} INFO - [2022-08-01 18:30:32,858] {dag.py:2935} INFO - Setting next_dagrun for yt_dag7 to None
[2022-08-01 18:30:32,873] {processor.py:171} INFO - Processing /opt/airflow/dags/yellow_taxi_dag.py took 0.211 seconds
[2022-08-01 18:30:42,910] {processor.py:163} INFO - Started process (PID=197) to work on /opt/airflow/dags/yellow_taxi_dag.py
[2022-08-01 18:30:42,912] {processor.py:642} INFO - Processing file /opt/airflow/dags/yellow_taxi_dag.py for tasks to queue
[2022-08-01 18:30:42,913] {logging_mixin.py:109} INFO - [2022-08-01 18:30:42,913] {dagbag.py:500} INFO - Filling up the DagBag from /opt/airflow/dags/yellow_taxi_dag.py
[2022-08-01 18:30:43,040] {processor.py:654} INFO - DAG(s) dict_keys(['yt_dag7']) retrieved from /opt/airflow/dags/yellow_taxi_dag.py
[2022-08-01 18:30:43,057] {logging_mixin.py:109} INFO - [2022-08-01 18:30:43,055] {dag.py:2396} INFO - Sync 1 DAGs
[2022-08-01 18:30:43,080] {logging_mixin.py:109} INFO - [2022-08-01 18:30:43,080] {dag.py:2935} INFO - Setting next_dagrun for yt_dag7 to None
[2022-08-01 18:30:43,092] {processor.py:171} INFO - Processing /opt/airflow/dags/yellow_taxi_dag.py took 0.187 seconds
[2022-08-01 18:30:52,971] {processor.py:163} INFO - Started process (PID=209) to work on /opt/airflow/dags/yellow_taxi_dag.py
[2022-08-01 18:30:52,973] {processor.py:642} INFO - Processing file /opt/airflow/dags/yellow_taxi_dag.py for tasks to queue
[2022-08-01 18:30:52,975] {logging_mixin.py:109} INFO - [2022-08-01 18:30:52,975] {dagbag.py:500} INFO - Filling up the DagBag from /opt/airflow/dags/yellow_taxi_dag.py
[2022-08-01 18:30:53,090] {processor.py:654} INFO - DAG(s) dict_keys(['yt_dag7']) retrieved from /opt/airflow/dags/yellow_taxi_dag.py
[2022-08-01 18:30:53,106] {logging_mixin.py:109} INFO - [2022-08-01 18:30:53,104] {dag.py:2396} INFO - Sync 1 DAGs
[2022-08-01 18:30:53,132] {logging_mixin.py:109} INFO - [2022-08-01 18:30:53,132] {dag.py:2935} INFO - Setting next_dagrun for yt_dag7 to None
[2022-08-01 18:30:53,152] {processor.py:171} INFO - Processing /opt/airflow/dags/yellow_taxi_dag.py took 0.185 seconds
[2022-08-01 18:31:03,201] {processor.py:163} INFO - Started process (PID=210) to work on /opt/airflow/dags/yellow_taxi_dag.py
[2022-08-01 18:31:03,203] {processor.py:642} INFO - Processing file /opt/airflow/dags/yellow_taxi_dag.py for tasks to queue
[2022-08-01 18:31:03,205] {logging_mixin.py:109} INFO - [2022-08-01 18:31:03,205] {dagbag.py:500} INFO - Filling up the DagBag from /opt/airflow/dags/yellow_taxi_dag.py
[2022-08-01 18:31:03,318] {processor.py:654} INFO - DAG(s) dict_keys(['yt_dag7']) retrieved from /opt/airflow/dags/yellow_taxi_dag.py
[2022-08-01 18:31:03,332] {logging_mixin.py:109} INFO - [2022-08-01 18:31:03,330] {dag.py:2396} INFO - Sync 1 DAGs
[2022-08-01 18:31:03,352] {logging_mixin.py:109} INFO - [2022-08-01 18:31:03,352] {dag.py:2935} INFO - Setting next_dagrun for yt_dag7 to None
[2022-08-01 18:31:03,362] {processor.py:171} INFO - Processing /opt/airflow/dags/yellow_taxi_dag.py took 0.165 seconds
[2022-08-01 18:31:13,350] {processor.py:163} INFO - Started process (PID=230) to work on /opt/airflow/dags/yellow_taxi_dag.py
[2022-08-01 18:31:13,351] {processor.py:642} INFO - Processing file /opt/airflow/dags/yellow_taxi_dag.py for tasks to queue
[2022-08-01 18:31:13,353] {logging_mixin.py:109} INFO - [2022-08-01 18:31:13,353] {dagbag.py:500} INFO - Filling up the DagBag from /opt/airflow/dags/yellow_taxi_dag.py
[2022-08-01 18:31:13,463] {processor.py:654} INFO - DAG(s) dict_keys(['yt_dag7']) retrieved from /opt/airflow/dags/yellow_taxi_dag.py
[2022-08-01 18:31:13,487] {logging_mixin.py:109} INFO - [2022-08-01 18:31:13,485] {dag.py:2396} INFO - Sync 1 DAGs
[2022-08-01 18:31:13,509] {logging_mixin.py:109} INFO - [2022-08-01 18:31:13,509] {dag.py:2935} INFO - Setting next_dagrun for yt_dag7 to None
[2022-08-01 18:31:13,519] {processor.py:171} INFO - Processing /opt/airflow/dags/yellow_taxi_dag.py took 0.173 seconds
[2022-08-01 18:31:23,415] {processor.py:163} INFO - Started process (PID=242) to work on /opt/airflow/dags/yellow_taxi_dag.py
[2022-08-01 18:31:23,417] {processor.py:642} INFO - Processing file /opt/airflow/dags/yellow_taxi_dag.py for tasks to queue
[2022-08-01 18:31:23,418] {logging_mixin.py:109} INFO - [2022-08-01 18:31:23,418] {dagbag.py:500} INFO - Filling up the DagBag from /opt/airflow/dags/yellow_taxi_dag.py
[2022-08-01 18:31:23,536] {processor.py:654} INFO - DAG(s) dict_keys(['yt_dag7']) retrieved from /opt/airflow/dags/yellow_taxi_dag.py
[2022-08-01 18:31:23,561] {logging_mixin.py:109} INFO - [2022-08-01 18:31:23,560] {dag.py:2396} INFO - Sync 1 DAGs
[2022-08-01 18:31:23,584] {logging_mixin.py:109} INFO - [2022-08-01 18:31:23,584] {dag.py:2935} INFO - Setting next_dagrun for yt_dag7 to None
[2022-08-01 18:31:23,594] {processor.py:171} INFO - Processing /opt/airflow/dags/yellow_taxi_dag.py took 0.184 seconds
[2022-08-01 18:31:33,627] {processor.py:163} INFO - Started process (PID=253) to work on /opt/airflow/dags/yellow_taxi_dag.py
[2022-08-01 18:31:33,628] {processor.py:642} INFO - Processing file /opt/airflow/dags/yellow_taxi_dag.py for tasks to queue
[2022-08-01 18:31:33,630] {logging_mixin.py:109} INFO - [2022-08-01 18:31:33,629] {dagbag.py:500} INFO - Filling up the DagBag from /opt/airflow/dags/yellow_taxi_dag.py
[2022-08-01 18:31:33,740] {processor.py:654} INFO - DAG(s) dict_keys(['yt_dag7']) retrieved from /opt/airflow/dags/yellow_taxi_dag.py
[2022-08-01 18:31:33,755] {logging_mixin.py:109} INFO - [2022-08-01 18:31:33,753] {dag.py:2396} INFO - Sync 1 DAGs
[2022-08-01 18:31:33,776] {logging_mixin.py:109} INFO - [2022-08-01 18:31:33,776] {dag.py:2935} INFO - Setting next_dagrun for yt_dag7 to None
[2022-08-01 18:31:33,786] {processor.py:171} INFO - Processing /opt/airflow/dags/yellow_taxi_dag.py took 0.163 seconds
[2022-08-01 18:31:43,778] {processor.py:163} INFO - Started process (PID=274) to work on /opt/airflow/dags/yellow_taxi_dag.py
[2022-08-01 18:31:43,782] {processor.py:642} INFO - Processing file /opt/airflow/dags/yellow_taxi_dag.py for tasks to queue
[2022-08-01 18:31:43,785] {logging_mixin.py:109} INFO - [2022-08-01 18:31:43,784] {dagbag.py:500} INFO - Filling up the DagBag from /opt/airflow/dags/yellow_taxi_dag.py
[2022-08-01 18:31:43,902] {processor.py:654} INFO - DAG(s) dict_keys(['yt_dag7']) retrieved from /opt/airflow/dags/yellow_taxi_dag.py
[2022-08-01 18:31:43,917] {logging_mixin.py:109} INFO - [2022-08-01 18:31:43,915] {dag.py:2396} INFO - Sync 1 DAGs
[2022-08-01 18:31:43,940] {logging_mixin.py:109} INFO - [2022-08-01 18:31:43,939] {dag.py:2935} INFO - Setting next_dagrun for yt_dag7 to None
[2022-08-01 18:31:43,949] {processor.py:171} INFO - Processing /opt/airflow/dags/yellow_taxi_dag.py took 0.178 seconds
[2022-08-01 18:31:53,862] {processor.py:163} INFO - Started process (PID=275) to work on /opt/airflow/dags/yellow_taxi_dag.py
[2022-08-01 18:31:53,864] {processor.py:642} INFO - Processing file /opt/airflow/dags/yellow_taxi_dag.py for tasks to queue
[2022-08-01 18:31:53,866] {logging_mixin.py:109} INFO - [2022-08-01 18:31:53,865] {dagbag.py:500} INFO - Filling up the DagBag from /opt/airflow/dags/yellow_taxi_dag.py
[2022-08-01 18:31:53,978] {processor.py:654} INFO - DAG(s) dict_keys(['yt_dag7']) retrieved from /opt/airflow/dags/yellow_taxi_dag.py
[2022-08-01 18:31:53,992] {logging_mixin.py:109} INFO - [2022-08-01 18:31:53,991] {dag.py:2396} INFO - Sync 1 DAGs
[2022-08-01 18:31:54,014] {logging_mixin.py:109} INFO - [2022-08-01 18:31:54,013] {dag.py:2935} INFO - Setting next_dagrun for yt_dag7 to None
[2022-08-01 18:31:54,023] {processor.py:171} INFO - Processing /opt/airflow/dags/yellow_taxi_dag.py took 0.164 seconds
[2022-08-01 18:32:04,064] {processor.py:163} INFO - Started process (PID=288) to work on /opt/airflow/dags/yellow_taxi_dag.py
[2022-08-01 18:32:04,065] {processor.py:642} INFO - Processing file /opt/airflow/dags/yellow_taxi_dag.py for tasks to queue
[2022-08-01 18:32:04,067] {logging_mixin.py:109} INFO - [2022-08-01 18:32:04,067] {dagbag.py:500} INFO - Filling up the DagBag from /opt/airflow/dags/yellow_taxi_dag.py
[2022-08-01 18:32:04,176] {processor.py:654} INFO - DAG(s) dict_keys(['yt_dag7']) retrieved from /opt/airflow/dags/yellow_taxi_dag.py
[2022-08-01 18:32:04,190] {logging_mixin.py:109} INFO - [2022-08-01 18:32:04,189] {dag.py:2396} INFO - Sync 1 DAGs
[2022-08-01 18:32:04,212] {logging_mixin.py:109} INFO - [2022-08-01 18:32:04,212] {dag.py:2935} INFO - Setting next_dagrun for yt_dag7 to None
[2022-08-01 18:32:04,224] {processor.py:171} INFO - Processing /opt/airflow/dags/yellow_taxi_dag.py took 0.165 seconds
[2022-08-01 18:32:14,112] {processor.py:163} INFO - Started process (PID=308) to work on /opt/airflow/dags/yellow_taxi_dag.py
[2022-08-01 18:32:14,114] {processor.py:642} INFO - Processing file /opt/airflow/dags/yellow_taxi_dag.py for tasks to queue
[2022-08-01 18:32:14,115] {logging_mixin.py:109} INFO - [2022-08-01 18:32:14,115] {dagbag.py:500} INFO - Filling up the DagBag from /opt/airflow/dags/yellow_taxi_dag.py
[2022-08-01 18:32:14,231] {processor.py:654} INFO - DAG(s) dict_keys(['yt_dag7']) retrieved from /opt/airflow/dags/yellow_taxi_dag.py
[2022-08-01 18:32:14,245] {logging_mixin.py:109} INFO - [2022-08-01 18:32:14,243] {dag.py:2396} INFO - Sync 1 DAGs
[2022-08-01 18:32:14,266] {logging_mixin.py:109} INFO - [2022-08-01 18:32:14,265] {dag.py:2935} INFO - Setting next_dagrun for yt_dag7 to None
[2022-08-01 18:32:14,288] {processor.py:171} INFO - Processing /opt/airflow/dags/yellow_taxi_dag.py took 0.182 seconds
[2022-08-01 18:32:24,208] {processor.py:163} INFO - Started process (PID=320) to work on /opt/airflow/dags/yellow_taxi_dag.py
[2022-08-01 18:32:24,215] {processor.py:642} INFO - Processing file /opt/airflow/dags/yellow_taxi_dag.py for tasks to queue
[2022-08-01 18:32:24,218] {logging_mixin.py:109} INFO - [2022-08-01 18:32:24,218] {dagbag.py:500} INFO - Filling up the DagBag from /opt/airflow/dags/yellow_taxi_dag.py
[2022-08-01 18:32:24,338] {processor.py:654} INFO - DAG(s) dict_keys(['yt_dag7']) retrieved from /opt/airflow/dags/yellow_taxi_dag.py
[2022-08-01 18:32:24,353] {logging_mixin.py:109} INFO - [2022-08-01 18:32:24,351] {dag.py:2396} INFO - Sync 1 DAGs
[2022-08-01 18:32:24,374] {logging_mixin.py:109} INFO - [2022-08-01 18:32:24,373] {dag.py:2935} INFO - Setting next_dagrun for yt_dag7 to None
[2022-08-01 18:32:24,385] {processor.py:171} INFO - Processing /opt/airflow/dags/yellow_taxi_dag.py took 0.181 seconds
[2022-08-01 18:32:34,455] {processor.py:163} INFO - Started process (PID=333) to work on /opt/airflow/dags/yellow_taxi_dag.py
[2022-08-01 18:32:34,460] {processor.py:642} INFO - Processing file /opt/airflow/dags/yellow_taxi_dag.py for tasks to queue
[2022-08-01 18:32:34,462] {logging_mixin.py:109} INFO - [2022-08-01 18:32:34,462] {dagbag.py:500} INFO - Filling up the DagBag from /opt/airflow/dags/yellow_taxi_dag.py
[2022-08-01 18:32:34,603] {processor.py:654} INFO - DAG(s) dict_keys(['yt_dag7']) retrieved from /opt/airflow/dags/yellow_taxi_dag.py
[2022-08-01 18:32:34,616] {logging_mixin.py:109} INFO - [2022-08-01 18:32:34,614] {dag.py:2396} INFO - Sync 1 DAGs
[2022-08-01 18:32:34,637] {logging_mixin.py:109} INFO - [2022-08-01 18:32:34,637] {dag.py:2935} INFO - Setting next_dagrun for yt_dag7 to None
[2022-08-01 18:32:34,648] {processor.py:171} INFO - Processing /opt/airflow/dags/yellow_taxi_dag.py took 0.200 seconds
[2022-08-01 18:32:44,930] {processor.py:163} INFO - Started process (PID=338) to work on /opt/airflow/dags/yellow_taxi_dag.py
[2022-08-01 18:32:44,932] {processor.py:642} INFO - Processing file /opt/airflow/dags/yellow_taxi_dag.py for tasks to queue
[2022-08-01 18:32:44,933] {logging_mixin.py:109} INFO - [2022-08-01 18:32:44,933] {dagbag.py:500} INFO - Filling up the DagBag from /opt/airflow/dags/yellow_taxi_dag.py
[2022-08-01 18:32:45,066] {processor.py:654} INFO - DAG(s) dict_keys(['yt_dag7']) retrieved from /opt/airflow/dags/yellow_taxi_dag.py
[2022-08-01 18:32:45,084] {logging_mixin.py:109} INFO - [2022-08-01 18:32:45,082] {dag.py:2396} INFO - Sync 1 DAGs
[2022-08-01 18:32:45,110] {logging_mixin.py:109} INFO - [2022-08-01 18:32:45,110] {dag.py:2935} INFO - Setting next_dagrun for yt_dag7 to None
[2022-08-01 18:32:45,123] {processor.py:171} INFO - Processing /opt/airflow/dags/yellow_taxi_dag.py took 0.198 seconds
[2022-08-01 18:32:55,222] {processor.py:163} INFO - Started process (PID=354) to work on /opt/airflow/dags/yellow_taxi_dag.py
[2022-08-01 18:32:55,224] {processor.py:642} INFO - Processing file /opt/airflow/dags/yellow_taxi_dag.py for tasks to queue
[2022-08-01 18:32:55,225] {logging_mixin.py:109} INFO - [2022-08-01 18:32:55,225] {dagbag.py:500} INFO - Filling up the DagBag from /opt/airflow/dags/yellow_taxi_dag.py
[2022-08-01 18:32:55,349] {processor.py:654} INFO - DAG(s) dict_keys(['yt_dag7']) retrieved from /opt/airflow/dags/yellow_taxi_dag.py
[2022-08-01 18:32:55,364] {logging_mixin.py:109} INFO - [2022-08-01 18:32:55,362] {dag.py:2396} INFO - Sync 1 DAGs
[2022-08-01 18:32:55,386] {logging_mixin.py:109} INFO - [2022-08-01 18:32:55,386] {dag.py:2935} INFO - Setting next_dagrun for yt_dag7 to None
[2022-08-01 18:32:55,397] {processor.py:171} INFO - Processing /opt/airflow/dags/yellow_taxi_dag.py took 0.181 seconds
[2022-08-01 18:33:05,291] {processor.py:163} INFO - Started process (PID=366) to work on /opt/airflow/dags/yellow_taxi_dag.py
[2022-08-01 18:33:05,293] {processor.py:642} INFO - Processing file /opt/airflow/dags/yellow_taxi_dag.py for tasks to queue
[2022-08-01 18:33:05,294] {logging_mixin.py:109} INFO - [2022-08-01 18:33:05,294] {dagbag.py:500} INFO - Filling up the DagBag from /opt/airflow/dags/yellow_taxi_dag.py
[2022-08-01 18:33:05,409] {processor.py:654} INFO - DAG(s) dict_keys(['yt_dag7']) retrieved from /opt/airflow/dags/yellow_taxi_dag.py
[2022-08-01 18:33:05,426] {logging_mixin.py:109} INFO - [2022-08-01 18:33:05,425] {dag.py:2396} INFO - Sync 1 DAGs
[2022-08-01 18:33:05,448] {logging_mixin.py:109} INFO - [2022-08-01 18:33:05,448] {dag.py:2935} INFO - Setting next_dagrun for yt_dag7 to None
[2022-08-01 18:33:05,457] {processor.py:171} INFO - Processing /opt/airflow/dags/yellow_taxi_dag.py took 0.170 seconds
[2022-08-01 18:33:15,977] {processor.py:163} INFO - Started process (PID=381) to work on /opt/airflow/dags/yellow_taxi_dag.py
[2022-08-01 18:33:15,979] {processor.py:642} INFO - Processing file /opt/airflow/dags/yellow_taxi_dag.py for tasks to queue
[2022-08-01 18:33:15,981] {logging_mixin.py:109} INFO - [2022-08-01 18:33:15,980] {dagbag.py:500} INFO - Filling up the DagBag from /opt/airflow/dags/yellow_taxi_dag.py
[2022-08-01 18:33:16,146] {processor.py:654} INFO - DAG(s) dict_keys(['yt_dag7']) retrieved from /opt/airflow/dags/yellow_taxi_dag.py
[2022-08-01 18:33:16,173] {logging_mixin.py:109} INFO - [2022-08-01 18:33:16,170] {dag.py:2396} INFO - Sync 1 DAGs
[2022-08-01 18:33:16,204] {logging_mixin.py:109} INFO - [2022-08-01 18:33:16,204] {dag.py:2935} INFO - Setting next_dagrun for yt_dag7 to None
[2022-08-01 18:33:16,216] {processor.py:171} INFO - Processing /opt/airflow/dags/yellow_taxi_dag.py took 0.244 seconds
[2022-08-01 18:33:26,091] {processor.py:163} INFO - Started process (PID=398) to work on /opt/airflow/dags/yellow_taxi_dag.py
[2022-08-01 18:33:26,096] {processor.py:642} INFO - Processing file /opt/airflow/dags/yellow_taxi_dag.py for tasks to queue
[2022-08-01 18:33:26,099] {logging_mixin.py:109} INFO - [2022-08-01 18:33:26,099] {dagbag.py:500} INFO - Filling up the DagBag from /opt/airflow/dags/yellow_taxi_dag.py
[2022-08-01 18:33:26,278] {processor.py:654} INFO - DAG(s) dict_keys(['yt_dag7']) retrieved from /opt/airflow/dags/yellow_taxi_dag.py
[2022-08-01 18:33:26,298] {logging_mixin.py:109} INFO - [2022-08-01 18:33:26,296] {dag.py:2396} INFO - Sync 1 DAGs
[2022-08-01 18:33:26,325] {logging_mixin.py:109} INFO - [2022-08-01 18:33:26,325] {dag.py:2935} INFO - Setting next_dagrun for yt_dag7 to None
[2022-08-01 18:33:26,342] {processor.py:171} INFO - Processing /opt/airflow/dags/yellow_taxi_dag.py took 0.263 seconds
[2022-08-01 18:33:36,424] {processor.py:163} INFO - Started process (PID=399) to work on /opt/airflow/dags/yellow_taxi_dag.py
[2022-08-01 18:33:36,427] {processor.py:642} INFO - Processing file /opt/airflow/dags/yellow_taxi_dag.py for tasks to queue
[2022-08-01 18:33:36,435] {logging_mixin.py:109} INFO - [2022-08-01 18:33:36,435] {dagbag.py:500} INFO - Filling up the DagBag from /opt/airflow/dags/yellow_taxi_dag.py
[2022-08-01 18:33:36,735] {processor.py:654} INFO - DAG(s) dict_keys(['yt_dag7']) retrieved from /opt/airflow/dags/yellow_taxi_dag.py
[2022-08-01 18:33:36,790] {logging_mixin.py:109} INFO - [2022-08-01 18:33:36,787] {dag.py:2396} INFO - Sync 1 DAGs
[2022-08-01 18:33:36,879] {logging_mixin.py:109} INFO - [2022-08-01 18:33:36,879] {dag.py:2935} INFO - Setting next_dagrun for yt_dag7 to None
[2022-08-01 18:33:36,903] {processor.py:171} INFO - Processing /opt/airflow/dags/yellow_taxi_dag.py took 0.501 seconds
[2022-08-01 18:33:46,938] {processor.py:163} INFO - Started process (PID=414) to work on /opt/airflow/dags/yellow_taxi_dag.py
[2022-08-01 18:33:46,942] {processor.py:642} INFO - Processing file /opt/airflow/dags/yellow_taxi_dag.py for tasks to queue
[2022-08-01 18:33:46,944] {logging_mixin.py:109} INFO - [2022-08-01 18:33:46,944] {dagbag.py:500} INFO - Filling up the DagBag from /opt/airflow/dags/yellow_taxi_dag.py
[2022-08-01 18:33:47,214] {processor.py:654} INFO - DAG(s) dict_keys(['yt_dag7']) retrieved from /opt/airflow/dags/yellow_taxi_dag.py
[2022-08-01 18:33:47,262] {logging_mixin.py:109} INFO - [2022-08-01 18:33:47,252] {dag.py:2396} INFO - Sync 1 DAGs
[2022-08-01 18:33:47,375] {logging_mixin.py:109} INFO - [2022-08-01 18:33:47,375] {dag.py:2935} INFO - Setting next_dagrun for yt_dag7 to None
[2022-08-01 18:33:47,404] {processor.py:171} INFO - Processing /opt/airflow/dags/yellow_taxi_dag.py took 0.472 seconds
