[2022-08-01 18:29:00,574] {processor.py:163} INFO - Started process (PID=78) to work on /opt/airflow/dags/zones_dag.py
[2022-08-01 18:29:00,578] {processor.py:642} INFO - Processing file /opt/airflow/dags/zones_dag.py for tasks to queue
[2022-08-01 18:29:00,599] {logging_mixin.py:109} INFO - [2022-08-01 18:29:00,599] {dagbag.py:500} INFO - Filling up the DagBag from /opt/airflow/dags/zones_dag.py
[2022-08-01 18:29:01,874] {processor.py:654} INFO - DAG(s) dict_keys(['zones_dag3']) retrieved from /opt/airflow/dags/zones_dag.py
[2022-08-01 18:29:01,901] {logging_mixin.py:109} INFO - [2022-08-01 18:29:01,899] {dag.py:2396} INFO - Sync 1 DAGs
[2022-08-01 18:29:01,943] {logging_mixin.py:109} INFO - [2022-08-01 18:29:01,942] {dag.py:2935} INFO - Setting next_dagrun for zones_dag3 to None
[2022-08-01 18:29:01,962] {processor.py:171} INFO - Processing /opt/airflow/dags/zones_dag.py took 1.418 seconds
[2022-08-01 18:29:32,571] {processor.py:163} INFO - Started process (PID=113) to work on /opt/airflow/dags/zones_dag.py
[2022-08-01 18:29:32,574] {processor.py:642} INFO - Processing file /opt/airflow/dags/zones_dag.py for tasks to queue
[2022-08-01 18:29:32,576] {logging_mixin.py:109} INFO - [2022-08-01 18:29:32,576] {dagbag.py:500} INFO - Filling up the DagBag from /opt/airflow/dags/zones_dag.py
[2022-08-01 18:29:33,145] {processor.py:654} INFO - DAG(s) dict_keys(['zones_dag3']) retrieved from /opt/airflow/dags/zones_dag.py
[2022-08-01 18:29:33,179] {logging_mixin.py:109} INFO - [2022-08-01 18:29:33,177] {dag.py:2396} INFO - Sync 1 DAGs
[2022-08-01 18:29:33,238] {logging_mixin.py:109} INFO - [2022-08-01 18:29:33,238] {dag.py:2935} INFO - Setting next_dagrun for zones_dag3 to None
[2022-08-01 18:29:33,274] {processor.py:171} INFO - Processing /opt/airflow/dags/zones_dag.py took 0.733 seconds
[2022-08-01 18:30:04,037] {processor.py:163} INFO - Started process (PID=146) to work on /opt/airflow/dags/zones_dag.py
[2022-08-01 18:30:04,039] {processor.py:642} INFO - Processing file /opt/airflow/dags/zones_dag.py for tasks to queue
[2022-08-01 18:30:04,041] {logging_mixin.py:109} INFO - [2022-08-01 18:30:04,041] {dagbag.py:500} INFO - Filling up the DagBag from /opt/airflow/dags/zones_dag.py
[2022-08-01 18:30:04,152] {processor.py:654} INFO - DAG(s) dict_keys(['zones_dag3']) retrieved from /opt/airflow/dags/zones_dag.py
[2022-08-01 18:30:04,166] {logging_mixin.py:109} INFO - [2022-08-01 18:30:04,164] {dag.py:2396} INFO - Sync 1 DAGs
[2022-08-01 18:30:04,186] {logging_mixin.py:109} INFO - [2022-08-01 18:30:04,186] {dag.py:2935} INFO - Setting next_dagrun for zones_dag3 to None
[2022-08-01 18:30:04,196] {processor.py:171} INFO - Processing /opt/airflow/dags/zones_dag.py took 0.163 seconds
[2022-08-01 18:30:34,762] {processor.py:163} INFO - Started process (PID=179) to work on /opt/airflow/dags/zones_dag.py
[2022-08-01 18:30:34,764] {processor.py:642} INFO - Processing file /opt/airflow/dags/zones_dag.py for tasks to queue
[2022-08-01 18:30:34,765] {logging_mixin.py:109} INFO - [2022-08-01 18:30:34,765] {dagbag.py:500} INFO - Filling up the DagBag from /opt/airflow/dags/zones_dag.py
[2022-08-01 18:30:34,895] {processor.py:654} INFO - DAG(s) dict_keys(['zones_dag3']) retrieved from /opt/airflow/dags/zones_dag.py
[2022-08-01 18:30:34,918] {logging_mixin.py:109} INFO - [2022-08-01 18:30:34,915] {dag.py:2396} INFO - Sync 1 DAGs
[2022-08-01 18:30:35,060] {logging_mixin.py:109} INFO - [2022-08-01 18:30:35,059] {dag.py:2935} INFO - Setting next_dagrun for zones_dag3 to None
[2022-08-01 18:30:35,093] {processor.py:171} INFO - Processing /opt/airflow/dags/zones_dag.py took 0.340 seconds
[2022-08-01 18:31:05,241] {processor.py:163} INFO - Started process (PID=223) to work on /opt/airflow/dags/zones_dag.py
[2022-08-01 18:31:05,244] {processor.py:642} INFO - Processing file /opt/airflow/dags/zones_dag.py for tasks to queue
[2022-08-01 18:31:05,248] {logging_mixin.py:109} INFO - [2022-08-01 18:31:05,248] {dagbag.py:500} INFO - Filling up the DagBag from /opt/airflow/dags/zones_dag.py
[2022-08-01 18:31:05,384] {processor.py:654} INFO - DAG(s) dict_keys(['zones_dag3']) retrieved from /opt/airflow/dags/zones_dag.py
[2022-08-01 18:31:05,400] {logging_mixin.py:109} INFO - [2022-08-01 18:31:05,398] {dag.py:2396} INFO - Sync 1 DAGs
[2022-08-01 18:31:05,422] {logging_mixin.py:109} INFO - [2022-08-01 18:31:05,421] {dag.py:2935} INFO - Setting next_dagrun for zones_dag3 to None
[2022-08-01 18:31:05,431] {processor.py:171} INFO - Processing /opt/airflow/dags/zones_dag.py took 0.194 seconds
[2022-08-01 18:31:35,657] {processor.py:163} INFO - Started process (PID=255) to work on /opt/airflow/dags/zones_dag.py
[2022-08-01 18:31:35,661] {processor.py:642} INFO - Processing file /opt/airflow/dags/zones_dag.py for tasks to queue
[2022-08-01 18:31:35,666] {logging_mixin.py:109} INFO - [2022-08-01 18:31:35,665] {dagbag.py:500} INFO - Filling up the DagBag from /opt/airflow/dags/zones_dag.py
[2022-08-01 18:31:35,832] {processor.py:654} INFO - DAG(s) dict_keys(['zones_dag3']) retrieved from /opt/airflow/dags/zones_dag.py
[2022-08-01 18:31:35,846] {logging_mixin.py:109} INFO - [2022-08-01 18:31:35,844] {dag.py:2396} INFO - Sync 1 DAGs
[2022-08-01 18:31:35,869] {logging_mixin.py:109} INFO - [2022-08-01 18:31:35,868] {dag.py:2935} INFO - Setting next_dagrun for zones_dag3 to None
[2022-08-01 18:31:35,879] {processor.py:171} INFO - Processing /opt/airflow/dags/zones_dag.py took 0.229 seconds
[2022-08-01 18:32:06,088] {processor.py:163} INFO - Started process (PID=290) to work on /opt/airflow/dags/zones_dag.py
[2022-08-01 18:32:06,090] {processor.py:642} INFO - Processing file /opt/airflow/dags/zones_dag.py for tasks to queue
[2022-08-01 18:32:06,092] {logging_mixin.py:109} INFO - [2022-08-01 18:32:06,092] {dagbag.py:500} INFO - Filling up the DagBag from /opt/airflow/dags/zones_dag.py
[2022-08-01 18:32:06,212] {processor.py:654} INFO - DAG(s) dict_keys(['zones_dag3']) retrieved from /opt/airflow/dags/zones_dag.py
[2022-08-01 18:32:06,232] {logging_mixin.py:109} INFO - [2022-08-01 18:32:06,230] {dag.py:2396} INFO - Sync 1 DAGs
[2022-08-01 18:32:06,255] {logging_mixin.py:109} INFO - [2022-08-01 18:32:06,255] {dag.py:2935} INFO - Setting next_dagrun for zones_dag3 to None
[2022-08-01 18:32:06,264] {processor.py:171} INFO - Processing /opt/airflow/dags/zones_dag.py took 0.182 seconds
[2022-08-01 18:32:36,481] {processor.py:163} INFO - Started process (PID=335) to work on /opt/airflow/dags/zones_dag.py
[2022-08-01 18:32:36,484] {processor.py:642} INFO - Processing file /opt/airflow/dags/zones_dag.py for tasks to queue
[2022-08-01 18:32:36,486] {logging_mixin.py:109} INFO - [2022-08-01 18:32:36,486] {dagbag.py:500} INFO - Filling up the DagBag from /opt/airflow/dags/zones_dag.py
[2022-08-01 18:32:36,601] {processor.py:654} INFO - DAG(s) dict_keys(['zones_dag3']) retrieved from /opt/airflow/dags/zones_dag.py
[2022-08-01 18:32:36,619] {logging_mixin.py:109} INFO - [2022-08-01 18:32:36,617] {dag.py:2396} INFO - Sync 1 DAGs
[2022-08-01 18:32:36,666] {logging_mixin.py:109} INFO - [2022-08-01 18:32:36,659] {dag.py:2935} INFO - Setting next_dagrun for zones_dag3 to None
[2022-08-01 18:32:36,691] {processor.py:171} INFO - Processing /opt/airflow/dags/zones_dag.py took 0.216 seconds
[2022-08-01 18:33:07,461] {processor.py:163} INFO - Started process (PID=368) to work on /opt/airflow/dags/zones_dag.py
[2022-08-01 18:33:07,469] {processor.py:642} INFO - Processing file /opt/airflow/dags/zones_dag.py for tasks to queue
[2022-08-01 18:33:07,472] {logging_mixin.py:109} INFO - [2022-08-01 18:33:07,471] {dagbag.py:500} INFO - Filling up the DagBag from /opt/airflow/dags/zones_dag.py
[2022-08-01 18:33:07,716] {processor.py:654} INFO - DAG(s) dict_keys(['zones_dag3']) retrieved from /opt/airflow/dags/zones_dag.py
[2022-08-01 18:33:07,732] {logging_mixin.py:109} INFO - [2022-08-01 18:33:07,730] {dag.py:2396} INFO - Sync 1 DAGs
[2022-08-01 18:33:07,763] {logging_mixin.py:109} INFO - [2022-08-01 18:33:07,763] {dag.py:2935} INFO - Setting next_dagrun for zones_dag3 to None
[2022-08-01 18:33:07,778] {processor.py:171} INFO - Processing /opt/airflow/dags/zones_dag.py took 0.322 seconds
[2022-08-01 18:33:38,030] {processor.py:163} INFO - Started process (PID=401) to work on /opt/airflow/dags/zones_dag.py
[2022-08-01 18:33:38,034] {processor.py:642} INFO - Processing file /opt/airflow/dags/zones_dag.py for tasks to queue
[2022-08-01 18:33:38,037] {logging_mixin.py:109} INFO - [2022-08-01 18:33:38,037] {dagbag.py:500} INFO - Filling up the DagBag from /opt/airflow/dags/zones_dag.py
[2022-08-01 18:33:38,677] {processor.py:654} INFO - DAG(s) dict_keys(['zones_dag3']) retrieved from /opt/airflow/dags/zones_dag.py
[2022-08-01 18:33:38,715] {logging_mixin.py:109} INFO - [2022-08-01 18:33:38,710] {dag.py:2396} INFO - Sync 1 DAGs
[2022-08-01 18:33:38,767] {logging_mixin.py:109} INFO - [2022-08-01 18:33:38,766] {dag.py:2935} INFO - Setting next_dagrun for zones_dag3 to None
[2022-08-01 18:33:38,786] {processor.py:171} INFO - Processing /opt/airflow/dags/zones_dag.py took 0.791 seconds
