[2022-07-03 06:26:48,734] {taskinstance.py:1032} INFO - Dependencies all met for <TaskInstance: data_ingestion_gcs_dag.format_to_parquet_task manual__2022-07-03T06:25:47.341923+00:00 [queued]>
[2022-07-03 06:26:48,766] {taskinstance.py:1032} INFO - Dependencies all met for <TaskInstance: data_ingestion_gcs_dag.format_to_parquet_task manual__2022-07-03T06:25:47.341923+00:00 [queued]>
[2022-07-03 06:26:48,768] {taskinstance.py:1238} INFO - 
--------------------------------------------------------------------------------
[2022-07-03 06:26:48,769] {taskinstance.py:1239} INFO - Starting attempt 1 of 2
[2022-07-03 06:26:48,771] {taskinstance.py:1240} INFO - 
--------------------------------------------------------------------------------
[2022-07-03 06:26:48,799] {taskinstance.py:1259} INFO - Executing <Task(PythonOperator): format_to_parquet_task> on 2022-07-03 06:25:47.341923+00:00
[2022-07-03 06:26:48,826] {standard_task_runner.py:76} INFO - Running: ['***', 'tasks', 'run', 'data_ingestion_gcs_dag', 'format_to_parquet_task', 'manual__2022-07-03T06:25:47.341923+00:00', '--job-id', '31', '--raw', '--subdir', 'DAGS_FOLDER/data_ingestion_gcs_dag.py', '--cfg-path', '/tmp/tmpkqodjo16', '--error-file', '/tmp/tmpzlqsh308']
[2022-07-03 06:26:48,839] {standard_task_runner.py:77} INFO - Job 31: Subtask format_to_parquet_task
[2022-07-03 06:26:48,818] {standard_task_runner.py:52} INFO - Started process 1120 to run task
[2022-07-03 06:26:48,979] {logging_mixin.py:109} INFO - Running <TaskInstance: data_ingestion_gcs_dag.format_to_parquet_task manual__2022-07-03T06:25:47.341923+00:00 [running]> on host 04e296ede4ca
[2022-07-03 06:26:49,068] {taskinstance.py:1426} INFO - Exporting the following env vars:
AIRFLOW_CTX_DAG_OWNER=***
AIRFLOW_CTX_DAG_ID=data_ingestion_gcs_dag
AIRFLOW_CTX_TASK_ID=format_to_parquet_task
AIRFLOW_CTX_EXECUTION_DATE=2022-07-03T06:25:47.341923+00:00
AIRFLOW_CTX_DAG_RUN_ID=manual__2022-07-03T06:25:47.341923+00:00
[2022-07-03 06:26:50,482] {python.py:175} INFO - Done. Returned value was: None
[2022-07-03 06:26:50,564] {taskinstance.py:1277} INFO - Marking task as SUCCESS. dag_id=data_ingestion_gcs_dag, task_id=format_to_parquet_task, execution_date=20220703T062547, start_date=20220703T062648, end_date=20220703T062650
[2022-07-03 06:26:50,747] {local_task_job.py:154} INFO - Task exited with return code 0
[2022-07-03 06:26:50,870] {local_task_job.py:264} INFO - 1 downstream tasks scheduled from follow-on schedule check
