[2022-07-08 05:21:40,110] {taskinstance.py:1032} INFO - Dependencies all met for <TaskInstance: yellow_taxi_dag3.download_data_task scheduled__2019-06-02T06:00:00+00:00 [queued]>
[2022-07-08 05:21:40,336] {taskinstance.py:1032} INFO - Dependencies all met for <TaskInstance: yellow_taxi_dag3.download_data_task scheduled__2019-06-02T06:00:00+00:00 [queued]>
[2022-07-08 05:21:40,344] {taskinstance.py:1238} INFO - 
--------------------------------------------------------------------------------
[2022-07-08 05:21:40,346] {taskinstance.py:1239} INFO - Starting attempt 1 of 1
[2022-07-08 05:21:40,355] {taskinstance.py:1240} INFO - 
--------------------------------------------------------------------------------
[2022-07-08 05:21:40,546] {taskinstance.py:1259} INFO - Executing <Task(BashOperator): download_data_task> on 2019-06-02 06:00:00+00:00
[2022-07-08 05:21:40,615] {standard_task_runner.py:76} INFO - Running: ['***', 'tasks', 'run', 'yellow_taxi_dag3', 'download_data_task', 'scheduled__2019-06-02T06:00:00+00:00', '--job-id', '248', '--raw', '--subdir', 'DAGS_FOLDER/yellow_taxi_dag.py', '--cfg-path', '/tmp/tmpext81thn', '--error-file', '/tmp/tmp3gj_hz2c']
[2022-07-08 05:21:40,630] {standard_task_runner.py:77} INFO - Job 248: Subtask download_data_task
[2022-07-08 05:21:40,565] {standard_task_runner.py:52} INFO - Started process 2122 to run task
[2022-07-08 05:21:41,374] {logging_mixin.py:109} INFO - Running <TaskInstance: yellow_taxi_dag3.download_data_task scheduled__2019-06-02T06:00:00+00:00 [running]> on host 2b856f2081be
[2022-07-08 05:21:41,660] {warnings.py:99} WARNING - /home/***/.local/lib/python3.6/site-packages/***/utils/context.py:152: AirflowContextDeprecationWarning: Accessing 'execution_date' from the template is deprecated and will be removed in a future version. Please use 'data_interval_start' or 'logical_date' instead.
  warnings.warn(_create_deprecation_warning(key, self._deprecation_replacements[key]))

[2022-07-08 05:21:41,756] {taskinstance.py:1426} INFO - Exporting the following env vars:
AIRFLOW_CTX_DAG_OWNER=***
AIRFLOW_CTX_DAG_ID=yellow_taxi_dag3
AIRFLOW_CTX_TASK_ID=download_data_task
AIRFLOW_CTX_EXECUTION_DATE=2019-06-02T06:00:00+00:00
AIRFLOW_CTX_DAG_RUN_ID=scheduled__2019-06-02T06:00:00+00:00
[2022-07-08 05:21:41,761] {subprocess.py:62} INFO - Tmp dir root location: 
 /tmp
[2022-07-08 05:21:41,763] {subprocess.py:74} INFO - Running command: ['bash', '-c', 'echo "2019_06" ']
[2022-07-08 05:21:41,806] {subprocess.py:85} INFO - Output:
[2022-07-08 05:21:41,841] {subprocess.py:89} INFO - 2019_06
[2022-07-08 05:21:41,847] {subprocess.py:93} INFO - Command exited with return code 0
[2022-07-08 05:21:41,978] {taskinstance.py:1277} INFO - Marking task as SUCCESS. dag_id=yellow_taxi_dag3, task_id=download_data_task, execution_date=20190602T060000, start_date=20220708T052140, end_date=20220708T052141
[2022-07-08 05:21:42,107] {local_task_job.py:154} INFO - Task exited with return code 0
[2022-07-08 05:21:42,284] {local_task_job.py:264} INFO - 0 downstream tasks scheduled from follow-on schedule check
