[2022-07-08 03:52:52,668] {taskinstance.py:1032} INFO - Dependencies all met for <TaskInstance: LocalIngestionDag.wget scheduled__2022-03-02T06:00:00+00:00 [queued]>
[2022-07-08 03:52:52,685] {taskinstance.py:1032} INFO - Dependencies all met for <TaskInstance: LocalIngestionDag.wget scheduled__2022-03-02T06:00:00+00:00 [queued]>
[2022-07-08 03:52:52,686] {taskinstance.py:1238} INFO - 
--------------------------------------------------------------------------------
[2022-07-08 03:52:52,687] {taskinstance.py:1239} INFO - Starting attempt 2 of 2
[2022-07-08 03:52:52,688] {taskinstance.py:1240} INFO - 
--------------------------------------------------------------------------------
[2022-07-08 03:52:52,703] {taskinstance.py:1259} INFO - Executing <Task(BashOperator): wget> on 2022-03-02 06:00:00+00:00
[2022-07-08 03:52:52,710] {standard_task_runner.py:52} INFO - Started process 6374 to run task
[2022-07-08 03:52:52,715] {standard_task_runner.py:76} INFO - Running: ['***', 'tasks', 'run', 'LocalIngestionDag', 'wget', 'scheduled__2022-03-02T06:00:00+00:00', '--job-id', '138', '--raw', '--subdir', 'DAGS_FOLDER/data_ingestion_local.py', '--cfg-path', '/tmp/tmpb4uv3jk5', '--error-file', '/tmp/tmp8g3uci_o']
[2022-07-08 03:52:52,717] {standard_task_runner.py:77} INFO - Job 138: Subtask wget
[2022-07-08 03:52:52,801] {logging_mixin.py:109} INFO - Running <TaskInstance: LocalIngestionDag.wget scheduled__2022-03-02T06:00:00+00:00 [running]> on host 2b856f2081be
[2022-07-08 03:52:52,847] {warnings.py:99} WARNING - /home/***/.local/lib/python3.6/site-packages/***/utils/context.py:152: AirflowContextDeprecationWarning: Accessing 'execution_date' from the template is deprecated and will be removed in a future version. Please use 'data_interval_start' or 'logical_date' instead.
  warnings.warn(_create_deprecation_warning(key, self._deprecation_replacements[key]))

[2022-07-08 03:52:52,872] {taskinstance.py:1426} INFO - Exporting the following env vars:
AIRFLOW_CTX_DAG_OWNER=***
AIRFLOW_CTX_DAG_ID=LocalIngestionDag
AIRFLOW_CTX_TASK_ID=wget
AIRFLOW_CTX_EXECUTION_DATE=2022-03-02T06:00:00+00:00
AIRFLOW_CTX_DAG_RUN_ID=scheduled__2022-03-02T06:00:00+00:00
[2022-07-08 03:52:52,875] {subprocess.py:62} INFO - Tmp dir root location: 
 /tmp
[2022-07-08 03:52:52,876] {subprocess.py:74} INFO - Running command: ['bash', '-c', 'echo "2022_03" ']
[2022-07-08 03:52:52,891] {subprocess.py:85} INFO - Output:
[2022-07-08 03:52:52,893] {subprocess.py:89} INFO - 2022_03
[2022-07-08 03:52:52,895] {subprocess.py:93} INFO - Command exited with return code 0
[2022-07-08 03:52:52,924] {taskinstance.py:1277} INFO - Marking task as SUCCESS. dag_id=LocalIngestionDag, task_id=wget, execution_date=20220302T060000, start_date=20220708T035252, end_date=20220708T035252
[2022-07-08 03:52:52,971] {local_task_job.py:154} INFO - Task exited with return code 0
[2022-07-08 03:52:53,012] {local_task_job.py:264} INFO - 0 downstream tasks scheduled from follow-on schedule check
