[2022-08-05 16:47:53,844] {taskinstance.py:1032} INFO - Dependencies all met for <TaskInstance: move_gcs_trip_data_to_bq_workflow2.gcs_to_gcs_task_green manual__2022-08-05T16:34:36.878533+00:00 [queued]>
[2022-08-05 16:47:53,871] {taskinstance.py:1032} INFO - Dependencies all met for <TaskInstance: move_gcs_trip_data_to_bq_workflow2.gcs_to_gcs_task_green manual__2022-08-05T16:34:36.878533+00:00 [queued]>
[2022-08-05 16:47:53,872] {taskinstance.py:1238} INFO - 
--------------------------------------------------------------------------------
[2022-08-05 16:47:53,874] {taskinstance.py:1239} INFO - Starting attempt 2 of 3
[2022-08-05 16:47:53,875] {taskinstance.py:1240} INFO - 
--------------------------------------------------------------------------------
[2022-08-05 16:47:53,898] {taskinstance.py:1259} INFO - Executing <Task(GCSToGCSOperator): gcs_to_gcs_task_green> on 2022-08-05 16:34:36.878533+00:00
[2022-08-05 16:47:53,910] {standard_task_runner.py:52} INFO - Started process 5725 to run task
[2022-08-05 16:47:53,922] {standard_task_runner.py:76} INFO - Running: ['***', 'tasks', 'run', 'move_gcs_trip_data_to_bq_workflow2', 'gcs_to_gcs_task_green', 'manual__2022-08-05T16:34:36.878533+00:00', '--job-id', '93', '--raw', '--subdir', 'DAGS_FOLDER/gcs_to_bq.py', '--cfg-path', '/tmp/tmp9dlak778', '--error-file', '/tmp/tmp2ki6lbmw']
[2022-08-05 16:47:53,926] {standard_task_runner.py:77} INFO - Job 93: Subtask gcs_to_gcs_task_green
[2022-08-05 16:47:54,045] {logging_mixin.py:109} INFO - Running <TaskInstance: move_gcs_trip_data_to_bq_workflow2.gcs_to_gcs_task_green manual__2022-08-05T16:34:36.878533+00:00 [running]> on host a02ae1da6c7b
[2022-08-05 16:47:54,226] {taskinstance.py:1426} INFO - Exporting the following env vars:
AIRFLOW_CTX_DAG_OWNER=***
AIRFLOW_CTX_DAG_ID=move_gcs_trip_data_to_bq_workflow2
AIRFLOW_CTX_TASK_ID=gcs_to_gcs_task_green
AIRFLOW_CTX_EXECUTION_DATE=2022-08-05T16:34:36.878533+00:00
AIRFLOW_CTX_DAG_RUN_ID=manual__2022-08-05T16:34:36.878533+00:00
[2022-08-05 16:47:54,231] {crypto.py:82} WARNING - empty cryptography key - values will not be stored encrypted.
[2022-08-05 16:47:54,234] {gcs_to_gcs.py:346} INFO - Delimiter ignored because wildcard is in prefix
[2022-08-05 16:47:54,568] {taskinstance.py:1277} INFO - Marking task as SUCCESS. dag_id=move_gcs_trip_data_to_bq_workflow2, task_id=gcs_to_gcs_task_green, execution_date=20220805T163436, start_date=20220805T164753, end_date=20220805T164754
[2022-08-05 16:47:54,656] {local_task_job.py:154} INFO - Task exited with return code 0
[2022-08-05 16:47:54,736] {local_task_job.py:264} INFO - 1 downstream tasks scheduled from follow-on schedule check
