[2022-08-05 17:22:37,232] {taskinstance.py:1032} INFO - Dependencies all met for <TaskInstance: move_gcs_trip_data_to_bq_workflow2.gcs_to_gcs_task_green manual__2022-08-05T16:34:36.878533+00:00 [queued]>
[2022-08-05 17:22:37,280] {taskinstance.py:1032} INFO - Dependencies all met for <TaskInstance: move_gcs_trip_data_to_bq_workflow2.gcs_to_gcs_task_green manual__2022-08-05T16:34:36.878533+00:00 [queued]>
[2022-08-05 17:22:37,281] {taskinstance.py:1238} INFO - 
--------------------------------------------------------------------------------
[2022-08-05 17:22:37,295] {taskinstance.py:1239} INFO - Starting attempt 3 of 4
[2022-08-05 17:22:37,297] {taskinstance.py:1240} INFO - 
--------------------------------------------------------------------------------
[2022-08-05 17:22:37,374] {taskinstance.py:1259} INFO - Executing <Task(GCSToGCSOperator): gcs_to_gcs_task_green> on 2022-08-05 16:34:36.878533+00:00
[2022-08-05 17:22:37,431] {standard_task_runner.py:52} INFO - Started process 7372 to run task
[2022-08-05 17:22:37,470] {standard_task_runner.py:76} INFO - Running: ['***', 'tasks', 'run', 'move_gcs_trip_data_to_bq_workflow2', 'gcs_to_gcs_task_green', 'manual__2022-08-05T16:34:36.878533+00:00', '--job-id', '133', '--raw', '--subdir', 'DAGS_FOLDER/gcs_to_bq.py', '--cfg-path', '/tmp/tmpm4db4wp5', '--error-file', '/tmp/tmp0ucl5hhx']
[2022-08-05 17:22:37,477] {standard_task_runner.py:77} INFO - Job 133: Subtask gcs_to_gcs_task_green
[2022-08-05 17:22:37,742] {logging_mixin.py:109} INFO - Running <TaskInstance: move_gcs_trip_data_to_bq_workflow2.gcs_to_gcs_task_green manual__2022-08-05T16:34:36.878533+00:00 [running]> on host a02ae1da6c7b
[2022-08-05 17:22:37,924] {taskinstance.py:1426} INFO - Exporting the following env vars:
AIRFLOW_CTX_DAG_OWNER=***
AIRFLOW_CTX_DAG_ID=move_gcs_trip_data_to_bq_workflow2
AIRFLOW_CTX_TASK_ID=gcs_to_gcs_task_green
AIRFLOW_CTX_EXECUTION_DATE=2022-08-05T16:34:36.878533+00:00
AIRFLOW_CTX_DAG_RUN_ID=manual__2022-08-05T16:34:36.878533+00:00
[2022-08-05 17:22:37,931] {crypto.py:82} WARNING - empty cryptography key - values will not be stored encrypted.
[2022-08-05 17:22:37,934] {gcs_to_gcs.py:346} INFO - Delimiter ignored because wildcard is in prefix
[2022-08-05 17:22:38,538] {taskinstance.py:1277} INFO - Marking task as SUCCESS. dag_id=move_gcs_trip_data_to_bq_workflow2, task_id=gcs_to_gcs_task_green, execution_date=20220805T163436, start_date=20220805T172237, end_date=20220805T172238
[2022-08-05 17:22:38,802] {local_task_job.py:154} INFO - Task exited with return code 0
[2022-08-05 17:22:39,549] {local_task_job.py:264} INFO - 1 downstream tasks scheduled from follow-on schedule check
