[2022-07-08 14:57:51,719] {taskinstance.py:1032} INFO - Dependencies all met for <TaskInstance: fhv_dag.local_to_gcs_task scheduled__2019-04-02T06:00:00+00:00 [queued]>
[2022-07-08 14:57:51,775] {taskinstance.py:1032} INFO - Dependencies all met for <TaskInstance: fhv_dag.local_to_gcs_task scheduled__2019-04-02T06:00:00+00:00 [queued]>
[2022-07-08 14:57:51,778] {taskinstance.py:1238} INFO - 
--------------------------------------------------------------------------------
[2022-07-08 14:57:51,785] {taskinstance.py:1239} INFO - Starting attempt 1 of 1
[2022-07-08 14:57:51,787] {taskinstance.py:1240} INFO - 
--------------------------------------------------------------------------------
[2022-07-08 14:57:51,861] {taskinstance.py:1259} INFO - Executing <Task(PythonOperator): local_to_gcs_task> on 2019-04-02 06:00:00+00:00
[2022-07-08 14:57:51,904] {standard_task_runner.py:52} INFO - Started process 918 to run task
[2022-07-08 14:57:51,927] {standard_task_runner.py:76} INFO - Running: ['***', 'tasks', 'run', 'fhv_dag', 'local_to_gcs_task', 'scheduled__2019-04-02T06:00:00+00:00', '--job-id', '379', '--raw', '--subdir', 'DAGS_FOLDER/fhv_dag.py', '--cfg-path', '/tmp/tmpluuk1k2o', '--error-file', '/tmp/tmpbbp07j0d']
[2022-07-08 14:57:51,959] {standard_task_runner.py:77} INFO - Job 379: Subtask local_to_gcs_task
[2022-07-08 14:57:52,141] {logging_mixin.py:109} INFO - Running <TaskInstance: fhv_dag.local_to_gcs_task scheduled__2019-04-02T06:00:00+00:00 [running]> on host 2b856f2081be
[2022-07-08 14:57:52,251] {warnings.py:99} WARNING - /home/***/.local/lib/python3.6/site-packages/***/utils/context.py:152: AirflowContextDeprecationWarning: Accessing 'execution_date' from the template is deprecated and will be removed in a future version. Please use 'data_interval_start' or 'logical_date' instead.
  warnings.warn(_create_deprecation_warning(key, self._deprecation_replacements[key]))

[2022-07-08 14:57:52,349] {taskinstance.py:1426} INFO - Exporting the following env vars:
AIRFLOW_CTX_DAG_OWNER=***
AIRFLOW_CTX_DAG_ID=fhv_dag
AIRFLOW_CTX_TASK_ID=local_to_gcs_task
AIRFLOW_CTX_EXECUTION_DATE=2019-04-02T06:00:00+00:00
AIRFLOW_CTX_DAG_RUN_ID=scheduled__2019-04-02T06:00:00+00:00
[2022-07-08 14:57:52,840] {python.py:175} INFO - Done. Returned value was: None
[2022-07-08 14:57:52,894] {taskinstance.py:1277} INFO - Marking task as SUCCESS. dag_id=fhv_dag, task_id=local_to_gcs_task, execution_date=20190402T060000, start_date=20220708T145751, end_date=20220708T145752
[2022-07-08 14:57:53,057] {local_task_job.py:154} INFO - Task exited with return code 0
[2022-07-08 14:57:53,179] {local_task_job.py:264} INFO - 0 downstream tasks scheduled from follow-on schedule check
[2022-08-04 21:11:46,276] {taskinstance.py:1032} INFO - Dependencies all met for <TaskInstance: fhv_dag.local_to_gcs_task scheduled__2019-04-02T06:00:00+00:00 [queued]>
[2022-08-04 21:11:46,450] {taskinstance.py:1032} INFO - Dependencies all met for <TaskInstance: fhv_dag.local_to_gcs_task scheduled__2019-04-02T06:00:00+00:00 [queued]>
[2022-08-04 21:11:46,469] {taskinstance.py:1238} INFO - 
--------------------------------------------------------------------------------
[2022-08-04 21:11:46,470] {taskinstance.py:1239} INFO - Starting attempt 1 of 1
[2022-08-04 21:11:46,471] {taskinstance.py:1240} INFO - 
--------------------------------------------------------------------------------
[2022-08-04 21:11:46,596] {taskinstance.py:1259} INFO - Executing <Task(PythonOperator): local_to_gcs_task> on 2019-04-02 06:00:00+00:00
[2022-08-04 21:11:46,654] {standard_task_runner.py:76} INFO - Running: ['***', 'tasks', 'run', 'fhv_dag', 'local_to_gcs_task', 'scheduled__2019-04-02T06:00:00+00:00', '--job-id', '25', '--raw', '--subdir', 'DAGS_FOLDER/fhv_dag.py', '--cfg-path', '/tmp/tmptckvg9j7', '--error-file', '/tmp/tmp5nx1lrnj']
[2022-08-04 21:11:46,659] {standard_task_runner.py:77} INFO - Job 25: Subtask local_to_gcs_task
[2022-08-04 21:11:46,655] {standard_task_runner.py:52} INFO - Started process 533 to run task
[2022-08-04 21:11:47,185] {logging_mixin.py:109} INFO - Running <TaskInstance: fhv_dag.local_to_gcs_task scheduled__2019-04-02T06:00:00+00:00 [running]> on host b20bc6ac5db7
[2022-08-04 21:11:47,384] {warnings.py:110} WARNING - /home/***/.local/lib/python3.7/site-packages/***/utils/context.py:152: AirflowContextDeprecationWarning: Accessing 'execution_date' from the template is deprecated and will be removed in a future version. Please use 'data_interval_start' or 'logical_date' instead.
  warnings.warn(_create_deprecation_warning(key, self._deprecation_replacements[key]))

[2022-08-04 21:11:47,475] {taskinstance.py:1426} INFO - Exporting the following env vars:
AIRFLOW_CTX_DAG_OWNER=***
AIRFLOW_CTX_DAG_ID=fhv_dag
AIRFLOW_CTX_TASK_ID=local_to_gcs_task
AIRFLOW_CTX_EXECUTION_DATE=2019-04-02T06:00:00+00:00
AIRFLOW_CTX_DAG_RUN_ID=scheduled__2019-04-02T06:00:00+00:00
[2022-08-04 21:14:06,395] {python.py:175} INFO - Done. Returned value was: None
[2022-08-04 21:14:06,411] {taskinstance.py:1277} INFO - Marking task as SUCCESS. dag_id=fhv_dag, task_id=local_to_gcs_task, execution_date=20190402T060000, start_date=20220804T211146, end_date=20220804T211406
[2022-08-04 21:14:06,456] {local_task_job.py:154} INFO - Task exited with return code 0
[2022-08-04 21:14:06,505] {local_task_job.py:264} INFO - 0 downstream tasks scheduled from follow-on schedule check
