[2022-07-08 05:34:21,500] {taskinstance.py:1032} INFO - Dependencies all met for <TaskInstance: yellow_taxi_dag5.download_data_task scheduled__2020-06-02T06:00:00+00:00 [queued]>
[2022-07-08 05:34:24,436] {taskinstance.py:1032} INFO - Dependencies all met for <TaskInstance: yellow_taxi_dag5.download_data_task scheduled__2020-06-02T06:00:00+00:00 [queued]>
[2022-07-08 05:34:24,442] {taskinstance.py:1238} INFO - 
--------------------------------------------------------------------------------
[2022-07-08 05:34:24,481] {taskinstance.py:1239} INFO - Starting attempt 1 of 1
[2022-07-08 05:34:24,484] {taskinstance.py:1240} INFO - 
--------------------------------------------------------------------------------
[2022-07-08 05:34:26,677] {taskinstance.py:1259} INFO - Executing <Task(BashOperator): download_data_task> on 2020-06-02 06:00:00+00:00
[2022-07-08 05:34:28,394] {standard_task_runner.py:52} INFO - Started process 2767 to run task
[2022-07-08 05:34:29,698] {standard_task_runner.py:76} INFO - Running: ['***', 'tasks', 'run', 'yellow_taxi_dag5', 'download_data_task', 'scheduled__2020-06-02T06:00:00+00:00', '--job-id', '309', '--raw', '--subdir', 'DAGS_FOLDER/yellow_taxi_dag.py', '--cfg-path', '/tmp/tmpm3wgdcef', '--error-file', '/tmp/tmp8_h_1ygh']
[2022-07-08 05:34:31,960] {standard_task_runner.py:77} INFO - Job 309: Subtask download_data_task
[2022-07-08 05:34:38,538] {logging_mixin.py:109} INFO - Running <TaskInstance: yellow_taxi_dag5.download_data_task scheduled__2020-06-02T06:00:00+00:00 [running]> on host 2b856f2081be
[2022-07-08 05:35:00,560] {warnings.py:99} WARNING - /home/***/.local/lib/python3.6/site-packages/***/utils/context.py:152: AirflowContextDeprecationWarning: Accessing 'execution_date' from the template is deprecated and will be removed in a future version. Please use 'data_interval_start' or 'logical_date' instead.
  warnings.warn(_create_deprecation_warning(key, self._deprecation_replacements[key]))

[2022-07-08 05:35:06,765] {taskinstance.py:1426} INFO - Exporting the following env vars:
AIRFLOW_CTX_DAG_OWNER=***
AIRFLOW_CTX_DAG_ID=yellow_taxi_dag5
AIRFLOW_CTX_TASK_ID=download_data_task
AIRFLOW_CTX_EXECUTION_DATE=2020-06-02T06:00:00+00:00
AIRFLOW_CTX_DAG_RUN_ID=scheduled__2020-06-02T06:00:00+00:00
[2022-07-08 05:35:06,934] {subprocess.py:62} INFO - Tmp dir root location: 
 /tmp
[2022-07-08 05:35:06,969] {subprocess.py:74} INFO - Running command: ['bash', '-c', 'curl -sSL https://d37ci6vzurychx.cloudfront.net/trip-data/yellow_tripdata_2020-06.parquet > /opt/***/yellow_tripdata_2020-06.parquet']
[2022-07-08 05:35:12,512] {subprocess.py:85} INFO - Output:
[2022-07-08 05:35:46,554] {subprocess.py:93} INFO - Command exited with return code 0
[2022-07-08 05:35:53,852] {taskinstance.py:1277} INFO - Marking task as SUCCESS. dag_id=yellow_taxi_dag5, task_id=download_data_task, execution_date=20200602T060000, start_date=20220708T053421, end_date=20220708T053553
[2022-07-08 05:35:58,352] {local_task_job.py:212} WARNING - State of this instance has been externally set to success. Terminating instance.
[2022-07-08 05:36:01,316] {process_utils.py:124} INFO - Sending Signals.SIGTERM to group 2767. PIDs of all processes in the group: [2767]
[2022-07-08 05:36:01,408] {process_utils.py:75} INFO - Sending the signal Signals.SIGTERM to group 2767
[2022-07-08 05:36:01,464] {process_utils.py:70} INFO - Process psutil.Process(pid=2767, status='terminated', exitcode=0, started='05:34:28') (2767) terminated with exit code 0
