[2022-07-08 04:56:25,689] {taskinstance.py:1032} INFO - Dependencies all met for <TaskInstance: yellow_taxi_dag.curl scheduled__2022-04-02T06:00:00+00:00 [queued]>
[2022-07-08 04:56:25,730] {taskinstance.py:1032} INFO - Dependencies all met for <TaskInstance: yellow_taxi_dag.curl scheduled__2022-04-02T06:00:00+00:00 [queued]>
[2022-07-08 04:56:25,734] {taskinstance.py:1238} INFO - 
--------------------------------------------------------------------------------
[2022-07-08 04:56:25,737] {taskinstance.py:1239} INFO - Starting attempt 1 of 1
[2022-07-08 04:56:25,741] {taskinstance.py:1240} INFO - 
--------------------------------------------------------------------------------
[2022-07-08 04:56:25,788] {taskinstance.py:1259} INFO - Executing <Task(BashOperator): curl> on 2022-04-02 06:00:00+00:00
[2022-07-08 04:56:25,812] {standard_task_runner.py:76} INFO - Running: ['***', 'tasks', 'run', 'yellow_taxi_dag', 'curl', 'scheduled__2022-04-02T06:00:00+00:00', '--job-id', '210', '--raw', '--subdir', 'DAGS_FOLDER/yellow_taxi_dag.py', '--cfg-path', '/tmp/tmp9tqb5v08', '--error-file', '/tmp/tmphl8x5tqq']
[2022-07-08 04:56:25,802] {standard_task_runner.py:52} INFO - Started process 996 to run task
[2022-07-08 04:56:25,819] {standard_task_runner.py:77} INFO - Job 210: Subtask curl
[2022-07-08 04:56:26,016] {logging_mixin.py:109} INFO - Running <TaskInstance: yellow_taxi_dag.curl scheduled__2022-04-02T06:00:00+00:00 [running]> on host 2b856f2081be
[2022-07-08 04:56:26,150] {warnings.py:99} WARNING - /home/***/.local/lib/python3.6/site-packages/***/utils/context.py:152: AirflowContextDeprecationWarning: Accessing 'execution_date' from the template is deprecated and will be removed in a future version. Please use 'data_interval_start' or 'logical_date' instead.
  warnings.warn(_create_deprecation_warning(key, self._deprecation_replacements[key]))

[2022-07-08 04:56:26,245] {taskinstance.py:1426} INFO - Exporting the following env vars:
AIRFLOW_CTX_DAG_OWNER=***
AIRFLOW_CTX_DAG_ID=yellow_taxi_dag
AIRFLOW_CTX_TASK_ID=curl
AIRFLOW_CTX_EXECUTION_DATE=2022-04-02T06:00:00+00:00
AIRFLOW_CTX_DAG_RUN_ID=scheduled__2022-04-02T06:00:00+00:00
[2022-07-08 04:56:26,250] {subprocess.py:62} INFO - Tmp dir root location: 
 /tmp
[2022-07-08 04:56:26,255] {subprocess.py:74} INFO - Running command: ['bash', '-c', 'echo "2022_04" ']
[2022-07-08 04:56:26,314] {subprocess.py:85} INFO - Output:
[2022-07-08 04:56:26,324] {subprocess.py:89} INFO - 2022_04
[2022-07-08 04:56:26,329] {subprocess.py:93} INFO - Command exited with return code 0
[2022-07-08 04:56:26,517] {taskinstance.py:1277} INFO - Marking task as SUCCESS. dag_id=yellow_taxi_dag, task_id=curl, execution_date=20220402T060000, start_date=20220708T045625, end_date=20220708T045626
[2022-07-08 04:56:26,625] {local_task_job.py:154} INFO - Task exited with return code 0
[2022-07-08 04:56:26,706] {local_task_job.py:264} INFO - 0 downstream tasks scheduled from follow-on schedule check
