[2022-08-05 16:40:04,412] {taskinstance.py:1032} INFO - Dependencies all met for <TaskInstance: move_gcs_trip_data_to_bq_workflow2.gcs_to_gcs_task_yellow manual__2022-08-05T16:34:36.878533+00:00 [queued]>
[2022-08-05 16:40:04,441] {taskinstance.py:1032} INFO - Dependencies all met for <TaskInstance: move_gcs_trip_data_to_bq_workflow2.gcs_to_gcs_task_yellow manual__2022-08-05T16:34:36.878533+00:00 [queued]>
[2022-08-05 16:40:04,442] {taskinstance.py:1238} INFO - 
--------------------------------------------------------------------------------
[2022-08-05 16:40:04,445] {taskinstance.py:1239} INFO - Starting attempt 1 of 2
[2022-08-05 16:40:04,463] {taskinstance.py:1240} INFO - 
--------------------------------------------------------------------------------
[2022-08-05 16:40:04,523] {taskinstance.py:1259} INFO - Executing <Task(GCSToGCSOperator): gcs_to_gcs_task_yellow> on 2022-08-05 16:34:36.878533+00:00
[2022-08-05 16:40:04,607] {standard_task_runner.py:52} INFO - Started process 5323 to run task
[2022-08-05 16:40:04,624] {standard_task_runner.py:76} INFO - Running: ['***', 'tasks', 'run', 'move_gcs_trip_data_to_bq_workflow2', 'gcs_to_gcs_task_yellow', 'manual__2022-08-05T16:34:36.878533+00:00', '--job-id', '69', '--raw', '--subdir', 'DAGS_FOLDER/gcs_to_bq.py', '--cfg-path', '/tmp/tmpbviq4vdf', '--error-file', '/tmp/tmp70qlm12x']
[2022-08-05 16:40:04,631] {standard_task_runner.py:77} INFO - Job 69: Subtask gcs_to_gcs_task_yellow
[2022-08-05 16:40:04,980] {logging_mixin.py:109} INFO - Running <TaskInstance: move_gcs_trip_data_to_bq_workflow2.gcs_to_gcs_task_yellow manual__2022-08-05T16:34:36.878533+00:00 [running]> on host a02ae1da6c7b
[2022-08-05 16:40:05,111] {taskinstance.py:1426} INFO - Exporting the following env vars:
AIRFLOW_CTX_DAG_OWNER=***
AIRFLOW_CTX_DAG_ID=move_gcs_trip_data_to_bq_workflow2
AIRFLOW_CTX_TASK_ID=gcs_to_gcs_task_yellow
AIRFLOW_CTX_EXECUTION_DATE=2022-08-05T16:34:36.878533+00:00
AIRFLOW_CTX_DAG_RUN_ID=manual__2022-08-05T16:34:36.878533+00:00
[2022-08-05 16:40:05,136] {crypto.py:82} WARNING - empty cryptography key - values will not be stored encrypted.
[2022-08-05 16:40:05,138] {gcs_to_gcs.py:346} INFO - Delimiter ignored because wildcard is in prefix
[2022-08-05 16:40:05,720] {taskinstance.py:1277} INFO - Marking task as SUCCESS. dag_id=move_gcs_trip_data_to_bq_workflow2, task_id=gcs_to_gcs_task_yellow, execution_date=20220805T163436, start_date=20220805T164004, end_date=20220805T164005
[2022-08-05 16:40:05,810] {local_task_job.py:154} INFO - Task exited with return code 0
[2022-08-05 16:40:05,952] {local_task_job.py:264} INFO - 0 downstream tasks scheduled from follow-on schedule check
