[2022-08-05 16:47:53,753] {taskinstance.py:1032} INFO - Dependencies all met for <TaskInstance: move_gcs_trip_data_to_bq_workflow2.gcs_to_gcs_task_yellow manual__2022-08-05T16:34:36.878533+00:00 [queued]>
[2022-08-05 16:47:53,806] {taskinstance.py:1032} INFO - Dependencies all met for <TaskInstance: move_gcs_trip_data_to_bq_workflow2.gcs_to_gcs_task_yellow manual__2022-08-05T16:34:36.878533+00:00 [queued]>
[2022-08-05 16:47:53,810] {taskinstance.py:1238} INFO - 
--------------------------------------------------------------------------------
[2022-08-05 16:47:53,812] {taskinstance.py:1239} INFO - Starting attempt 2 of 3
[2022-08-05 16:47:53,813] {taskinstance.py:1240} INFO - 
--------------------------------------------------------------------------------
[2022-08-05 16:47:53,832] {taskinstance.py:1259} INFO - Executing <Task(GCSToGCSOperator): gcs_to_gcs_task_yellow> on 2022-08-05 16:34:36.878533+00:00
[2022-08-05 16:47:53,843] {standard_task_runner.py:52} INFO - Started process 5724 to run task
[2022-08-05 16:47:53,850] {standard_task_runner.py:76} INFO - Running: ['***', 'tasks', 'run', 'move_gcs_trip_data_to_bq_workflow2', 'gcs_to_gcs_task_yellow', 'manual__2022-08-05T16:34:36.878533+00:00', '--job-id', '94', '--raw', '--subdir', 'DAGS_FOLDER/gcs_to_bq.py', '--cfg-path', '/tmp/tmph4tjv4oj', '--error-file', '/tmp/tmps79zwteh']
[2022-08-05 16:47:53,853] {standard_task_runner.py:77} INFO - Job 94: Subtask gcs_to_gcs_task_yellow
[2022-08-05 16:47:53,968] {logging_mixin.py:109} INFO - Running <TaskInstance: move_gcs_trip_data_to_bq_workflow2.gcs_to_gcs_task_yellow manual__2022-08-05T16:34:36.878533+00:00 [running]> on host a02ae1da6c7b
[2022-08-05 16:47:54,141] {taskinstance.py:1426} INFO - Exporting the following env vars:
AIRFLOW_CTX_DAG_OWNER=***
AIRFLOW_CTX_DAG_ID=move_gcs_trip_data_to_bq_workflow2
AIRFLOW_CTX_TASK_ID=gcs_to_gcs_task_yellow
AIRFLOW_CTX_EXECUTION_DATE=2022-08-05T16:34:36.878533+00:00
AIRFLOW_CTX_DAG_RUN_ID=manual__2022-08-05T16:34:36.878533+00:00
[2022-08-05 16:47:54,146] {crypto.py:82} WARNING - empty cryptography key - values will not be stored encrypted.
[2022-08-05 16:47:54,156] {gcs_to_gcs.py:346} INFO - Delimiter ignored because wildcard is in prefix
[2022-08-05 16:47:54,500] {taskinstance.py:1277} INFO - Marking task as SUCCESS. dag_id=move_gcs_trip_data_to_bq_workflow2, task_id=gcs_to_gcs_task_yellow, execution_date=20220805T163436, start_date=20220805T164753, end_date=20220805T164754
[2022-08-05 16:47:54,616] {local_task_job.py:154} INFO - Task exited with return code 0
[2022-08-05 16:47:54,691] {local_task_job.py:264} INFO - 1 downstream tasks scheduled from follow-on schedule check
