[2022-08-05 17:22:36,246] {taskinstance.py:1032} INFO - Dependencies all met for <TaskInstance: move_gcs_trip_data_to_bq_workflow2.gcs_to_gcs_task_yellow manual__2022-08-05T16:34:36.878533+00:00 [queued]>
[2022-08-05 17:22:36,265] {taskinstance.py:1032} INFO - Dependencies all met for <TaskInstance: move_gcs_trip_data_to_bq_workflow2.gcs_to_gcs_task_yellow manual__2022-08-05T16:34:36.878533+00:00 [queued]>
[2022-08-05 17:22:36,267] {taskinstance.py:1238} INFO - 
--------------------------------------------------------------------------------
[2022-08-05 17:22:36,268] {taskinstance.py:1239} INFO - Starting attempt 3 of 4
[2022-08-05 17:22:36,268] {taskinstance.py:1240} INFO - 
--------------------------------------------------------------------------------
[2022-08-05 17:22:36,335] {taskinstance.py:1259} INFO - Executing <Task(GCSToGCSOperator): gcs_to_gcs_task_yellow> on 2022-08-05 16:34:36.878533+00:00
[2022-08-05 17:22:36,360] {standard_task_runner.py:52} INFO - Started process 7370 to run task
[2022-08-05 17:22:36,400] {standard_task_runner.py:76} INFO - Running: ['***', 'tasks', 'run', 'move_gcs_trip_data_to_bq_workflow2', 'gcs_to_gcs_task_yellow', 'manual__2022-08-05T16:34:36.878533+00:00', '--job-id', '131', '--raw', '--subdir', 'DAGS_FOLDER/gcs_to_bq.py', '--cfg-path', '/tmp/tmpf06u0tvb', '--error-file', '/tmp/tmpsiex4wv0']
[2022-08-05 17:22:36,409] {standard_task_runner.py:77} INFO - Job 131: Subtask gcs_to_gcs_task_yellow
[2022-08-05 17:22:37,010] {logging_mixin.py:109} INFO - Running <TaskInstance: move_gcs_trip_data_to_bq_workflow2.gcs_to_gcs_task_yellow manual__2022-08-05T16:34:36.878533+00:00 [running]> on host a02ae1da6c7b
[2022-08-05 17:22:37,444] {taskinstance.py:1426} INFO - Exporting the following env vars:
AIRFLOW_CTX_DAG_OWNER=***
AIRFLOW_CTX_DAG_ID=move_gcs_trip_data_to_bq_workflow2
AIRFLOW_CTX_TASK_ID=gcs_to_gcs_task_yellow
AIRFLOW_CTX_EXECUTION_DATE=2022-08-05T16:34:36.878533+00:00
AIRFLOW_CTX_DAG_RUN_ID=manual__2022-08-05T16:34:36.878533+00:00
[2022-08-05 17:22:37,455] {crypto.py:82} WARNING - empty cryptography key - values will not be stored encrypted.
[2022-08-05 17:22:37,458] {gcs_to_gcs.py:346} INFO - Delimiter ignored because wildcard is in prefix
[2022-08-05 17:22:37,970] {taskinstance.py:1277} INFO - Marking task as SUCCESS. dag_id=move_gcs_trip_data_to_bq_workflow2, task_id=gcs_to_gcs_task_yellow, execution_date=20220805T163436, start_date=20220805T172236, end_date=20220805T172237
[2022-08-05 17:22:38,049] {local_task_job.py:154} INFO - Task exited with return code 0
[2022-08-05 17:22:38,116] {local_task_job.py:264} INFO - 1 downstream tasks scheduled from follow-on schedule check
