[2022-08-04 21:02:51,850] {taskinstance.py:1032} INFO - Dependencies all met for <TaskInstance: LocalIngestionDag.wget scheduled__2022-07-02T06:00:00+00:00 [queued]>
[2022-08-04 21:02:51,932] {taskinstance.py:1032} INFO - Dependencies all met for <TaskInstance: LocalIngestionDag.wget scheduled__2022-07-02T06:00:00+00:00 [queued]>
[2022-08-04 21:02:51,954] {taskinstance.py:1238} INFO - 
--------------------------------------------------------------------------------
[2022-08-04 21:02:51,958] {taskinstance.py:1239} INFO - Starting attempt 1 of 1
[2022-08-04 21:02:51,963] {taskinstance.py:1240} INFO - 
--------------------------------------------------------------------------------
[2022-08-04 21:02:52,199] {taskinstance.py:1259} INFO - Executing <Task(BashOperator): wget> on 2022-07-02 06:00:00+00:00
[2022-08-04 21:02:52,306] {standard_task_runner.py:52} INFO - Started process 155 to run task
[2022-08-04 21:02:52,358] {standard_task_runner.py:76} INFO - Running: ['***', 'tasks', 'run', 'LocalIngestionDag', 'wget', 'scheduled__2022-07-02T06:00:00+00:00', '--job-id', '22', '--raw', '--subdir', 'DAGS_FOLDER/data_ingestion_local.py', '--cfg-path', '/tmp/tmp8rm82hyp', '--error-file', '/tmp/tmp3oml1txi']
[2022-08-04 21:02:52,362] {standard_task_runner.py:77} INFO - Job 22: Subtask wget
[2022-08-04 21:02:53,332] {logging_mixin.py:109} INFO - Running <TaskInstance: LocalIngestionDag.wget scheduled__2022-07-02T06:00:00+00:00 [running]> on host b20bc6ac5db7
[2022-08-04 21:02:53,701] {warnings.py:110} WARNING - /home/***/.local/lib/python3.7/site-packages/***/utils/context.py:152: AirflowContextDeprecationWarning: Accessing 'execution_date' from the template is deprecated and will be removed in a future version. Please use 'data_interval_start' or 'logical_date' instead.
  warnings.warn(_create_deprecation_warning(key, self._deprecation_replacements[key]))

[2022-08-04 21:02:53,870] {taskinstance.py:1426} INFO - Exporting the following env vars:
AIRFLOW_CTX_DAG_OWNER=***
AIRFLOW_CTX_DAG_ID=LocalIngestionDag
AIRFLOW_CTX_TASK_ID=wget
AIRFLOW_CTX_EXECUTION_DATE=2022-07-02T06:00:00+00:00
AIRFLOW_CTX_DAG_RUN_ID=scheduled__2022-07-02T06:00:00+00:00
[2022-08-04 21:02:53,879] {subprocess.py:62} INFO - Tmp dir root location: 
 /tmp
[2022-08-04 21:02:53,883] {subprocess.py:74} INFO - Running command: ['bash', '-c', 'echo "2022_07" ']
[2022-08-04 21:02:53,967] {subprocess.py:85} INFO - Output:
[2022-08-04 21:02:53,982] {subprocess.py:89} INFO - 2022_07
[2022-08-04 21:02:53,985] {subprocess.py:93} INFO - Command exited with return code 0
[2022-08-04 21:02:54,085] {taskinstance.py:1277} INFO - Marking task as SUCCESS. dag_id=LocalIngestionDag, task_id=wget, execution_date=20220702T060000, start_date=20220804T210251, end_date=20220804T210254
[2022-08-04 21:02:54,159] {local_task_job.py:154} INFO - Task exited with return code 0
[2022-08-04 21:02:54,325] {local_task_job.py:264} INFO - 0 downstream tasks scheduled from follow-on schedule check
