[2022-07-08 20:03:06,643] {taskinstance.py:1032} INFO - Dependencies all met for <TaskInstance: gt_dag.local_to_gcs_task scheduled__2019-11-02T06:00:00+00:00 [queued]>
[2022-07-08 20:03:06,869] {taskinstance.py:1032} INFO - Dependencies all met for <TaskInstance: gt_dag.local_to_gcs_task scheduled__2019-11-02T06:00:00+00:00 [queued]>
[2022-07-08 20:03:06,879] {taskinstance.py:1238} INFO - 
--------------------------------------------------------------------------------
[2022-07-08 20:03:06,893] {taskinstance.py:1239} INFO - Starting attempt 1 of 1
[2022-07-08 20:03:06,900] {taskinstance.py:1240} INFO - 
--------------------------------------------------------------------------------
[2022-07-08 20:03:07,195] {taskinstance.py:1259} INFO - Executing <Task(PythonOperator): local_to_gcs_task> on 2019-11-02 06:00:00+00:00
[2022-07-08 20:03:07,359] {standard_task_runner.py:52} INFO - Started process 15158 to run task
[2022-07-08 20:03:07,508] {standard_task_runner.py:76} INFO - Running: ['***', 'tasks', 'run', 'gt_dag', 'local_to_gcs_task', 'scheduled__2019-11-02T06:00:00+00:00', '--job-id', '424', '--raw', '--subdir', 'DAGS_FOLDER/green_taxi_dag.py', '--cfg-path', '/tmp/tmpui41rkde', '--error-file', '/tmp/tmpj54k21ga']
[2022-07-08 20:03:07,650] {standard_task_runner.py:77} INFO - Job 424: Subtask local_to_gcs_task
[2022-07-08 20:03:10,237] {logging_mixin.py:109} INFO - Running <TaskInstance: gt_dag.local_to_gcs_task scheduled__2019-11-02T06:00:00+00:00 [running]> on host 2b856f2081be
[2022-07-08 20:03:12,151] {warnings.py:99} WARNING - /home/***/.local/lib/python3.6/site-packages/***/utils/context.py:152: AirflowContextDeprecationWarning: Accessing 'execution_date' from the template is deprecated and will be removed in a future version. Please use 'data_interval_start' or 'logical_date' instead.
  warnings.warn(_create_deprecation_warning(key, self._deprecation_replacements[key]))

[2022-07-08 20:03:13,588] {taskinstance.py:1426} INFO - Exporting the following env vars:
AIRFLOW_CTX_DAG_OWNER=***
AIRFLOW_CTX_DAG_ID=gt_dag
AIRFLOW_CTX_TASK_ID=local_to_gcs_task
AIRFLOW_CTX_EXECUTION_DATE=2019-11-02T06:00:00+00:00
AIRFLOW_CTX_DAG_RUN_ID=scheduled__2019-11-02T06:00:00+00:00
[2022-07-08 20:03:24,056] {python.py:175} INFO - Done. Returned value was: None
[2022-07-08 20:03:25,205] {taskinstance.py:1277} INFO - Marking task as SUCCESS. dag_id=gt_dag, task_id=local_to_gcs_task, execution_date=20191102T060000, start_date=20220708T200306, end_date=20220708T200325
[2022-07-08 20:03:25,747] {local_task_job.py:154} INFO - Task exited with return code 0
[2022-07-08 20:03:26,290] {local_task_job.py:264} INFO - 0 downstream tasks scheduled from follow-on schedule check
