[2022-07-08 20:04:11,198] {taskinstance.py:1032} INFO - Dependencies all met for <TaskInstance: gt_dag.local_to_gcs_task scheduled__2020-05-02T06:00:00+00:00 [queued]>
[2022-07-08 20:04:12,134] {taskinstance.py:1032} INFO - Dependencies all met for <TaskInstance: gt_dag.local_to_gcs_task scheduled__2020-05-02T06:00:00+00:00 [queued]>
[2022-07-08 20:04:12,156] {taskinstance.py:1238} INFO - 
--------------------------------------------------------------------------------
[2022-07-08 20:04:12,162] {taskinstance.py:1239} INFO - Starting attempt 1 of 1
[2022-07-08 20:04:12,178] {taskinstance.py:1240} INFO - 
--------------------------------------------------------------------------------
[2022-07-08 20:04:12,620] {taskinstance.py:1259} INFO - Executing <Task(PythonOperator): local_to_gcs_task> on 2020-05-02 06:00:00+00:00
[2022-07-08 20:04:12,662] {standard_task_runner.py:52} INFO - Started process 15234 to run task
[2022-07-08 20:04:13,000] {standard_task_runner.py:76} INFO - Running: ['***', 'tasks', 'run', 'gt_dag', 'local_to_gcs_task', 'scheduled__2020-05-02T06:00:00+00:00', '--job-id', '437', '--raw', '--subdir', 'DAGS_FOLDER/green_taxi_dag.py', '--cfg-path', '/tmp/tmp9a3prjdj', '--error-file', '/tmp/tmp4jq8figw']
[2022-07-08 20:04:13,508] {standard_task_runner.py:77} INFO - Job 437: Subtask local_to_gcs_task
[2022-07-08 20:04:17,664] {logging_mixin.py:109} INFO - Running <TaskInstance: gt_dag.local_to_gcs_task scheduled__2020-05-02T06:00:00+00:00 [running]> on host 2b856f2081be
[2022-07-08 20:04:19,385] {warnings.py:99} WARNING - /home/***/.local/lib/python3.6/site-packages/***/utils/context.py:152: AirflowContextDeprecationWarning: Accessing 'execution_date' from the template is deprecated and will be removed in a future version. Please use 'data_interval_start' or 'logical_date' instead.
  warnings.warn(_create_deprecation_warning(key, self._deprecation_replacements[key]))

[2022-07-08 20:04:20,102] {taskinstance.py:1426} INFO - Exporting the following env vars:
AIRFLOW_CTX_DAG_OWNER=***
AIRFLOW_CTX_DAG_ID=gt_dag
AIRFLOW_CTX_TASK_ID=local_to_gcs_task
AIRFLOW_CTX_EXECUTION_DATE=2020-05-02T06:00:00+00:00
AIRFLOW_CTX_DAG_RUN_ID=scheduled__2020-05-02T06:00:00+00:00
[2022-07-08 20:04:26,100] {python.py:175} INFO - Done. Returned value was: None
[2022-07-08 20:04:26,979] {taskinstance.py:1277} INFO - Marking task as SUCCESS. dag_id=gt_dag, task_id=local_to_gcs_task, execution_date=20200502T060000, start_date=20220708T200411, end_date=20220708T200426
[2022-07-08 20:04:27,717] {local_task_job.py:154} INFO - Task exited with return code 0
[2022-07-08 20:04:28,720] {local_task_job.py:264} INFO - 0 downstream tasks scheduled from follow-on schedule check
