[2022-07-05 15:48:11,622] {taskinstance.py:1032} INFO - Dependencies all met for <TaskInstance: LocalIngestionDag.ingest scheduled__2022-01-02T06:00:00+00:00 [queued]>
[2022-07-05 15:48:11,681] {taskinstance.py:1032} INFO - Dependencies all met for <TaskInstance: LocalIngestionDag.ingest scheduled__2022-01-02T06:00:00+00:00 [queued]>
[2022-07-05 15:48:11,683] {taskinstance.py:1238} INFO - 
--------------------------------------------------------------------------------
[2022-07-05 15:48:11,688] {taskinstance.py:1239} INFO - Starting attempt 1 of 1
[2022-07-05 15:48:11,692] {taskinstance.py:1240} INFO - 
--------------------------------------------------------------------------------
[2022-07-05 15:48:11,739] {taskinstance.py:1259} INFO - Executing <Task(BashOperator): ingest> on 2022-01-02 06:00:00+00:00
[2022-07-05 15:48:11,812] {standard_task_runner.py:76} INFO - Running: ['***', 'tasks', 'run', 'LocalIngestionDag', 'ingest', 'scheduled__2022-01-02T06:00:00+00:00', '--job-id', '56', '--raw', '--subdir', 'DAGS_FOLDER/data_ingestion_local.py', '--cfg-path', '/tmp/tmpvfe3m0uy', '--error-file', '/tmp/tmp_ndf883z']
[2022-07-05 15:48:11,830] {standard_task_runner.py:77} INFO - Job 56: Subtask ingest
[2022-07-05 15:48:11,756] {standard_task_runner.py:52} INFO - Started process 1126 to run task
[2022-07-05 15:48:12,163] {logging_mixin.py:109} INFO - Running <TaskInstance: LocalIngestionDag.ingest scheduled__2022-01-02T06:00:00+00:00 [running]> on host 730d3c67d882
[2022-07-05 15:48:12,400] {taskinstance.py:1426} INFO - Exporting the following env vars:
AIRFLOW_CTX_DAG_OWNER=***
AIRFLOW_CTX_DAG_ID=LocalIngestionDag
AIRFLOW_CTX_TASK_ID=ingest
AIRFLOW_CTX_EXECUTION_DATE=2022-01-02T06:00:00+00:00
AIRFLOW_CTX_DAG_RUN_ID=scheduled__2022-01-02T06:00:00+00:00
[2022-07-05 15:48:12,405] {subprocess.py:62} INFO - Tmp dir root location: 
 /tmp
[2022-07-05 15:48:12,412] {subprocess.py:74} INFO - Running command: ['bash', '-c', 'ls /opt/***']
[2022-07-05 15:48:12,464] {subprocess.py:85} INFO - Output:
[2022-07-05 15:48:12,508] {subprocess.py:89} INFO - ***-worker.pid
[2022-07-05 15:48:12,515] {subprocess.py:89} INFO - ***.cfg
[2022-07-05 15:48:12,519] {subprocess.py:89} INFO - dags
[2022-07-05 15:48:12,524] {subprocess.py:89} INFO - logs
[2022-07-05 15:48:12,529] {subprocess.py:89} INFO - output.csv
[2022-07-05 15:48:12,533] {subprocess.py:89} INFO - plugins
[2022-07-05 15:48:12,539] {subprocess.py:89} INFO - requirements.txt
[2022-07-05 15:48:12,550] {subprocess.py:89} INFO - scripts
[2022-07-05 15:48:12,557] {subprocess.py:89} INFO - webserver_config.py
[2022-07-05 15:48:12,566] {subprocess.py:93} INFO - Command exited with return code 0
[2022-07-05 15:48:12,716] {taskinstance.py:1277} INFO - Marking task as SUCCESS. dag_id=LocalIngestionDag, task_id=ingest, execution_date=20220102T060000, start_date=20220705T154811, end_date=20220705T154812
[2022-07-05 15:48:12,884] {local_task_job.py:154} INFO - Task exited with return code 0
[2022-07-05 15:48:13,040] {local_task_job.py:264} INFO - 0 downstream tasks scheduled from follow-on schedule check
