[2022-07-05 15:55:59,647] {taskinstance.py:1032} INFO - Dependencies all met for <TaskInstance: LocalIngestionDag.ingest scheduled__2022-01-02T06:00:00+00:00 [queued]>
[2022-07-05 15:55:59,676] {taskinstance.py:1032} INFO - Dependencies all met for <TaskInstance: LocalIngestionDag.ingest scheduled__2022-01-02T06:00:00+00:00 [queued]>
[2022-07-05 15:55:59,681] {taskinstance.py:1238} INFO - 
--------------------------------------------------------------------------------
[2022-07-05 15:55:59,682] {taskinstance.py:1239} INFO - Starting attempt 2 of 2
[2022-07-05 15:55:59,684] {taskinstance.py:1240} INFO - 
--------------------------------------------------------------------------------
[2022-07-05 15:55:59,712] {taskinstance.py:1259} INFO - Executing <Task(BashOperator): ingest> on 2022-01-02 06:00:00+00:00
[2022-07-05 15:55:59,735] {standard_task_runner.py:76} INFO - Running: ['***', 'tasks', 'run', 'LocalIngestionDag', 'ingest', 'scheduled__2022-01-02T06:00:00+00:00', '--job-id', '58', '--raw', '--subdir', 'DAGS_FOLDER/data_ingestion_local.py', '--cfg-path', '/tmp/tmp_8vg_ctm', '--error-file', '/tmp/tmpb1_i2ws5']
[2022-07-05 15:55:59,724] {standard_task_runner.py:52} INFO - Started process 1487 to run task
[2022-07-05 15:55:59,739] {standard_task_runner.py:77} INFO - Job 58: Subtask ingest
[2022-07-05 15:55:59,830] {logging_mixin.py:109} INFO - Running <TaskInstance: LocalIngestionDag.ingest scheduled__2022-01-02T06:00:00+00:00 [running]> on host 730d3c67d882
[2022-07-05 15:55:59,916] {taskinstance.py:1426} INFO - Exporting the following env vars:
AIRFLOW_CTX_DAG_OWNER=***
AIRFLOW_CTX_DAG_ID=LocalIngestionDag
AIRFLOW_CTX_TASK_ID=ingest
AIRFLOW_CTX_EXECUTION_DATE=2022-01-02T06:00:00+00:00
AIRFLOW_CTX_DAG_RUN_ID=scheduled__2022-01-02T06:00:00+00:00
[2022-07-05 15:55:59,923] {subprocess.py:62} INFO - Tmp dir root location: 
 /tmp
[2022-07-05 15:55:59,925] {subprocess.py:74} INFO - Running command: ['bash', '-c', 'ls /opt/***']
[2022-07-05 15:55:59,945] {subprocess.py:85} INFO - Output:
[2022-07-05 15:55:59,951] {subprocess.py:89} INFO - ***-worker.pid
[2022-07-05 15:55:59,954] {subprocess.py:89} INFO - ***.cfg
[2022-07-05 15:55:59,957] {subprocess.py:89} INFO - dags
[2022-07-05 15:55:59,960] {subprocess.py:89} INFO - logs
[2022-07-05 15:55:59,963] {subprocess.py:89} INFO - output.csv
[2022-07-05 15:55:59,965] {subprocess.py:89} INFO - plugins
[2022-07-05 15:55:59,967] {subprocess.py:89} INFO - requirements.txt
[2022-07-05 15:55:59,969] {subprocess.py:89} INFO - scripts
[2022-07-05 15:55:59,970] {subprocess.py:89} INFO - webserver_config.py
[2022-07-05 15:55:59,972] {subprocess.py:93} INFO - Command exited with return code 0
[2022-07-05 15:56:00,023] {taskinstance.py:1277} INFO - Marking task as SUCCESS. dag_id=LocalIngestionDag, task_id=ingest, execution_date=20220102T060000, start_date=20220705T155559, end_date=20220705T155600
[2022-07-05 15:56:00,079] {local_task_job.py:154} INFO - Task exited with return code 0
[2022-07-05 15:56:00,138] {local_task_job.py:264} INFO - 0 downstream tasks scheduled from follow-on schedule check
