[2022-07-08 06:07:54,498] {taskinstance.py:1032} INFO - Dependencies all met for <TaskInstance: yt_dag7.local_to_gcs_task scheduled__2019-09-02T06:00:00+00:00 [queued]>
[2022-07-08 06:07:54,585] {taskinstance.py:1032} INFO - Dependencies all met for <TaskInstance: yt_dag7.local_to_gcs_task scheduled__2019-09-02T06:00:00+00:00 [queued]>
[2022-07-08 06:07:54,587] {taskinstance.py:1238} INFO - 
--------------------------------------------------------------------------------
[2022-07-08 06:07:54,591] {taskinstance.py:1239} INFO - Starting attempt 2 of 2
[2022-07-08 06:07:54,594] {taskinstance.py:1240} INFO - 
--------------------------------------------------------------------------------
[2022-07-08 06:07:54,662] {taskinstance.py:1259} INFO - Executing <Task(PythonOperator): local_to_gcs_task> on 2019-09-02 06:00:00+00:00
[2022-07-08 06:07:54,673] {standard_task_runner.py:52} INFO - Started process 1277 to run task
[2022-07-08 06:07:54,688] {standard_task_runner.py:76} INFO - Running: ['***', 'tasks', 'run', 'yt_dag7', 'local_to_gcs_task', 'scheduled__2019-09-02T06:00:00+00:00', '--job-id', '363', '--raw', '--subdir', 'DAGS_FOLDER/yellow_taxi_dag.py', '--cfg-path', '/tmp/tmpqh06lcze', '--error-file', '/tmp/tmpb7hb5d8e']
[2022-07-08 06:07:54,700] {standard_task_runner.py:77} INFO - Job 363: Subtask local_to_gcs_task
[2022-07-08 06:07:54,900] {logging_mixin.py:109} INFO - Running <TaskInstance: yt_dag7.local_to_gcs_task scheduled__2019-09-02T06:00:00+00:00 [running]> on host 2b856f2081be
[2022-07-08 06:07:54,995] {warnings.py:99} WARNING - /home/***/.local/lib/python3.6/site-packages/***/utils/context.py:152: AirflowContextDeprecationWarning: Accessing 'execution_date' from the template is deprecated and will be removed in a future version. Please use 'data_interval_start' or 'logical_date' instead.
  warnings.warn(_create_deprecation_warning(key, self._deprecation_replacements[key]))

[2022-07-08 06:07:55,046] {taskinstance.py:1426} INFO - Exporting the following env vars:
AIRFLOW_CTX_DAG_OWNER=***
AIRFLOW_CTX_DAG_ID=yt_dag7
AIRFLOW_CTX_TASK_ID=local_to_gcs_task
AIRFLOW_CTX_EXECUTION_DATE=2019-09-02T06:00:00+00:00
AIRFLOW_CTX_DAG_RUN_ID=scheduled__2019-09-02T06:00:00+00:00
[2022-07-08 06:14:28,563] {python.py:175} INFO - Done. Returned value was: None
[2022-07-08 06:14:28,586] {taskinstance.py:1277} INFO - Marking task as SUCCESS. dag_id=yt_dag7, task_id=local_to_gcs_task, execution_date=20190902T060000, start_date=20220708T060754, end_date=20220708T061428
[2022-07-08 06:14:28,620] {local_task_job.py:154} INFO - Task exited with return code 0
[2022-07-08 06:14:28,669] {local_task_job.py:264} INFO - 0 downstream tasks scheduled from follow-on schedule check
