[2022-08-03 04:10:35,171] {processor.py:163} INFO - Started process (PID=71) to work on /opt/airflow/dags/data_ingestion_local.py
[2022-08-03 04:10:35,195] {processor.py:642} INFO - Processing file /opt/airflow/dags/data_ingestion_local.py for tasks to queue
[2022-08-03 04:10:35,212] {logging_mixin.py:109} INFO - [2022-08-03 04:10:35,211] {dagbag.py:500} INFO - Filling up the DagBag from /opt/airflow/dags/data_ingestion_local.py
[2022-08-03 04:10:39,108] {processor.py:654} INFO - DAG(s) dict_keys(['LocalIngestionDag']) retrieved from /opt/airflow/dags/data_ingestion_local.py
[2022-08-03 04:10:39,157] {logging_mixin.py:109} INFO - [2022-08-03 04:10:39,157] {dag.py:2396} INFO - Sync 1 DAGs
[2022-08-03 04:10:39,233] {logging_mixin.py:109} INFO - [2022-08-03 04:10:39,233] {dag.py:2935} INFO - Setting next_dagrun for LocalIngestionDag to 2022-07-02T06:00:00+00:00
[2022-08-03 04:10:39,318] {processor.py:171} INFO - Processing /opt/airflow/dags/data_ingestion_local.py took 4.167 seconds
[2022-08-03 04:11:10,238] {processor.py:163} INFO - Started process (PID=103) to work on /opt/airflow/dags/data_ingestion_local.py
[2022-08-03 04:11:10,258] {processor.py:642} INFO - Processing file /opt/airflow/dags/data_ingestion_local.py for tasks to queue
[2022-08-03 04:11:10,260] {logging_mixin.py:109} INFO - [2022-08-03 04:11:10,259] {dagbag.py:500} INFO - Filling up the DagBag from /opt/airflow/dags/data_ingestion_local.py
[2022-08-03 04:11:13,390] {processor.py:654} INFO - DAG(s) dict_keys(['LocalIngestionDag']) retrieved from /opt/airflow/dags/data_ingestion_local.py
[2022-08-03 04:11:13,482] {logging_mixin.py:109} INFO - [2022-08-03 04:11:13,482] {dag.py:2396} INFO - Sync 1 DAGs
[2022-08-03 04:11:13,635] {logging_mixin.py:109} INFO - [2022-08-03 04:11:13,635] {dag.py:2935} INFO - Setting next_dagrun for LocalIngestionDag to 2022-07-02T06:00:00+00:00
[2022-08-03 04:11:13,708] {processor.py:171} INFO - Processing /opt/airflow/dags/data_ingestion_local.py took 3.488 seconds
[2022-08-03 04:11:44,236] {processor.py:163} INFO - Started process (PID=126) to work on /opt/airflow/dags/data_ingestion_local.py
[2022-08-03 04:11:44,239] {processor.py:642} INFO - Processing file /opt/airflow/dags/data_ingestion_local.py for tasks to queue
[2022-08-03 04:11:44,241] {logging_mixin.py:109} INFO - [2022-08-03 04:11:44,240] {dagbag.py:500} INFO - Filling up the DagBag from /opt/airflow/dags/data_ingestion_local.py
[2022-08-03 04:11:45,084] {processor.py:654} INFO - DAG(s) dict_keys(['LocalIngestionDag']) retrieved from /opt/airflow/dags/data_ingestion_local.py
[2022-08-03 04:11:45,126] {logging_mixin.py:109} INFO - [2022-08-03 04:11:45,126] {dag.py:2396} INFO - Sync 1 DAGs
[2022-08-03 04:11:45,178] {logging_mixin.py:109} INFO - [2022-08-03 04:11:45,177] {dag.py:2935} INFO - Setting next_dagrun for LocalIngestionDag to 2022-07-02T06:00:00+00:00
[2022-08-03 04:11:45,191] {processor.py:171} INFO - Processing /opt/airflow/dags/data_ingestion_local.py took 0.962 seconds
[2022-08-03 04:12:20,346] {processor.py:163} INFO - Started process (PID=158) to work on /opt/airflow/dags/data_ingestion_local.py
[2022-08-03 04:12:20,353] {processor.py:642} INFO - Processing file /opt/airflow/dags/data_ingestion_local.py for tasks to queue
[2022-08-03 04:12:20,360] {logging_mixin.py:109} INFO - [2022-08-03 04:12:20,360] {dagbag.py:500} INFO - Filling up the DagBag from /opt/airflow/dags/data_ingestion_local.py
[2022-08-03 04:12:47,082] {processor.py:654} INFO - DAG(s) dict_keys(['LocalIngestionDag']) retrieved from /opt/airflow/dags/data_ingestion_local.py
[2022-08-03 04:12:47,598] {logging_mixin.py:109} INFO - [2022-08-03 04:12:47,597] {dag.py:2396} INFO - Sync 1 DAGs
[2022-08-03 04:12:48,132] {logging_mixin.py:109} INFO - [2022-08-03 04:12:48,131] {dag.py:2935} INFO - Setting next_dagrun for LocalIngestionDag to 2022-07-02T06:00:00+00:00
[2022-08-03 04:12:48,200] {processor.py:171} INFO - Processing /opt/airflow/dags/data_ingestion_local.py took 27.938 seconds
[2022-08-03 04:13:19,161] {processor.py:163} INFO - Started process (PID=203) to work on /opt/airflow/dags/data_ingestion_local.py
[2022-08-03 04:13:19,186] {processor.py:642} INFO - Processing file /opt/airflow/dags/data_ingestion_local.py for tasks to queue
[2022-08-03 04:13:19,207] {logging_mixin.py:109} INFO - [2022-08-03 04:13:19,207] {dagbag.py:500} INFO - Filling up the DagBag from /opt/airflow/dags/data_ingestion_local.py
[2022-08-03 04:13:35,953] {processor.py:654} INFO - DAG(s) dict_keys(['LocalIngestionDag']) retrieved from /opt/airflow/dags/data_ingestion_local.py
[2022-08-03 04:13:36,158] {logging_mixin.py:109} INFO - [2022-08-03 04:13:36,158] {dag.py:2396} INFO - Sync 1 DAGs
[2022-08-03 04:13:36,673] {logging_mixin.py:109} INFO - [2022-08-03 04:13:36,672] {dag.py:2935} INFO - Setting next_dagrun for LocalIngestionDag to 2022-07-02T06:00:00+00:00
[2022-08-03 04:13:36,939] {processor.py:171} INFO - Processing /opt/airflow/dags/data_ingestion_local.py took 17.851 seconds
[2022-08-03 04:14:07,499] {processor.py:163} INFO - Started process (PID=247) to work on /opt/airflow/dags/data_ingestion_local.py
[2022-08-03 04:14:07,506] {processor.py:642} INFO - Processing file /opt/airflow/dags/data_ingestion_local.py for tasks to queue
[2022-08-03 04:14:07,513] {logging_mixin.py:109} INFO - [2022-08-03 04:14:07,513] {dagbag.py:500} INFO - Filling up the DagBag from /opt/airflow/dags/data_ingestion_local.py
[2022-08-03 04:14:09,419] {processor.py:654} INFO - DAG(s) dict_keys(['LocalIngestionDag']) retrieved from /opt/airflow/dags/data_ingestion_local.py
[2022-08-03 04:14:09,467] {logging_mixin.py:109} INFO - [2022-08-03 04:14:09,467] {dag.py:2396} INFO - Sync 1 DAGs
[2022-08-03 04:14:09,568] {logging_mixin.py:109} INFO - [2022-08-03 04:14:09,567] {dag.py:2935} INFO - Setting next_dagrun for LocalIngestionDag to 2022-07-02T06:00:00+00:00
[2022-08-03 04:14:09,592] {processor.py:171} INFO - Processing /opt/airflow/dags/data_ingestion_local.py took 2.105 seconds
[2022-08-03 04:14:39,936] {processor.py:163} INFO - Started process (PID=280) to work on /opt/airflow/dags/data_ingestion_local.py
[2022-08-03 04:14:39,941] {processor.py:642} INFO - Processing file /opt/airflow/dags/data_ingestion_local.py for tasks to queue
[2022-08-03 04:14:39,946] {logging_mixin.py:109} INFO - [2022-08-03 04:14:39,945] {dagbag.py:500} INFO - Filling up the DagBag from /opt/airflow/dags/data_ingestion_local.py
[2022-08-03 04:14:40,861] {processor.py:654} INFO - DAG(s) dict_keys(['LocalIngestionDag']) retrieved from /opt/airflow/dags/data_ingestion_local.py
[2022-08-03 04:14:40,886] {logging_mixin.py:109} INFO - [2022-08-03 04:14:40,885] {dag.py:2396} INFO - Sync 1 DAGs
[2022-08-03 04:14:40,933] {logging_mixin.py:109} INFO - [2022-08-03 04:14:40,933] {dag.py:2935} INFO - Setting next_dagrun for LocalIngestionDag to 2022-07-02T06:00:00+00:00
[2022-08-03 04:14:40,972] {processor.py:171} INFO - Processing /opt/airflow/dags/data_ingestion_local.py took 1.053 seconds
[2022-08-03 04:15:11,406] {processor.py:163} INFO - Started process (PID=311) to work on /opt/airflow/dags/data_ingestion_local.py
[2022-08-03 04:15:11,416] {processor.py:642} INFO - Processing file /opt/airflow/dags/data_ingestion_local.py for tasks to queue
[2022-08-03 04:15:11,427] {logging_mixin.py:109} INFO - [2022-08-03 04:15:11,425] {dagbag.py:500} INFO - Filling up the DagBag from /opt/airflow/dags/data_ingestion_local.py
[2022-08-03 04:15:14,000] {processor.py:654} INFO - DAG(s) dict_keys(['LocalIngestionDag']) retrieved from /opt/airflow/dags/data_ingestion_local.py
[2022-08-03 04:15:14,056] {logging_mixin.py:109} INFO - [2022-08-03 04:15:14,055] {dag.py:2396} INFO - Sync 1 DAGs
[2022-08-03 04:15:14,129] {logging_mixin.py:109} INFO - [2022-08-03 04:15:14,129] {dag.py:2935} INFO - Setting next_dagrun for LocalIngestionDag to 2022-07-02T06:00:00+00:00
[2022-08-03 04:15:14,195] {processor.py:171} INFO - Processing /opt/airflow/dags/data_ingestion_local.py took 2.823 seconds
[2022-08-03 04:15:44,994] {processor.py:163} INFO - Started process (PID=342) to work on /opt/airflow/dags/data_ingestion_local.py
[2022-08-03 04:15:44,999] {processor.py:642} INFO - Processing file /opt/airflow/dags/data_ingestion_local.py for tasks to queue
[2022-08-03 04:15:45,006] {logging_mixin.py:109} INFO - [2022-08-03 04:15:45,004] {dagbag.py:500} INFO - Filling up the DagBag from /opt/airflow/dags/data_ingestion_local.py
[2022-08-03 04:15:46,625] {processor.py:654} INFO - DAG(s) dict_keys(['LocalIngestionDag']) retrieved from /opt/airflow/dags/data_ingestion_local.py
[2022-08-03 04:15:46,670] {logging_mixin.py:109} INFO - [2022-08-03 04:15:46,670] {dag.py:2396} INFO - Sync 1 DAGs
[2022-08-03 04:15:46,744] {logging_mixin.py:109} INFO - [2022-08-03 04:15:46,743] {dag.py:2935} INFO - Setting next_dagrun for LocalIngestionDag to 2022-07-02T06:00:00+00:00
[2022-08-03 04:15:46,777] {processor.py:171} INFO - Processing /opt/airflow/dags/data_ingestion_local.py took 1.833 seconds
[2022-08-03 04:16:17,051] {processor.py:163} INFO - Started process (PID=375) to work on /opt/airflow/dags/data_ingestion_local.py
[2022-08-03 04:16:17,063] {processor.py:642} INFO - Processing file /opt/airflow/dags/data_ingestion_local.py for tasks to queue
[2022-08-03 04:16:17,072] {logging_mixin.py:109} INFO - [2022-08-03 04:16:17,070] {dagbag.py:500} INFO - Filling up the DagBag from /opt/airflow/dags/data_ingestion_local.py
[2022-08-03 04:16:20,333] {processor.py:654} INFO - DAG(s) dict_keys(['LocalIngestionDag']) retrieved from /opt/airflow/dags/data_ingestion_local.py
[2022-08-03 04:16:20,381] {logging_mixin.py:109} INFO - [2022-08-03 04:16:20,381] {dag.py:2396} INFO - Sync 1 DAGs
[2022-08-03 04:16:20,470] {logging_mixin.py:109} INFO - [2022-08-03 04:16:20,470] {dag.py:2935} INFO - Setting next_dagrun for LocalIngestionDag to 2022-07-02T06:00:00+00:00
[2022-08-03 04:16:20,510] {processor.py:171} INFO - Processing /opt/airflow/dags/data_ingestion_local.py took 3.493 seconds
[2022-08-03 04:16:50,826] {processor.py:163} INFO - Started process (PID=397) to work on /opt/airflow/dags/data_ingestion_local.py
[2022-08-03 04:16:50,839] {processor.py:642} INFO - Processing file /opt/airflow/dags/data_ingestion_local.py for tasks to queue
[2022-08-03 04:16:50,846] {logging_mixin.py:109} INFO - [2022-08-03 04:16:50,846] {dagbag.py:500} INFO - Filling up the DagBag from /opt/airflow/dags/data_ingestion_local.py
[2022-08-03 04:16:51,522] {processor.py:654} INFO - DAG(s) dict_keys(['LocalIngestionDag']) retrieved from /opt/airflow/dags/data_ingestion_local.py
[2022-08-03 04:16:51,536] {logging_mixin.py:109} INFO - [2022-08-03 04:16:51,536] {dag.py:2396} INFO - Sync 1 DAGs
[2022-08-03 04:16:51,561] {logging_mixin.py:109} INFO - [2022-08-03 04:16:51,561] {dag.py:2935} INFO - Setting next_dagrun for LocalIngestionDag to 2022-07-02T06:00:00+00:00
[2022-08-03 04:16:51,571] {processor.py:171} INFO - Processing /opt/airflow/dags/data_ingestion_local.py took 0.752 seconds
[2022-08-03 04:17:21,797] {processor.py:163} INFO - Started process (PID=442) to work on /opt/airflow/dags/data_ingestion_local.py
[2022-08-03 04:17:21,799] {processor.py:642} INFO - Processing file /opt/airflow/dags/data_ingestion_local.py for tasks to queue
[2022-08-03 04:17:21,801] {logging_mixin.py:109} INFO - [2022-08-03 04:17:21,801] {dagbag.py:500} INFO - Filling up the DagBag from /opt/airflow/dags/data_ingestion_local.py
[2022-08-03 04:17:22,339] {processor.py:654} INFO - DAG(s) dict_keys(['LocalIngestionDag']) retrieved from /opt/airflow/dags/data_ingestion_local.py
[2022-08-03 04:17:22,351] {logging_mixin.py:109} INFO - [2022-08-03 04:17:22,351] {dag.py:2396} INFO - Sync 1 DAGs
[2022-08-03 04:17:22,374] {logging_mixin.py:109} INFO - [2022-08-03 04:17:22,374] {dag.py:2935} INFO - Setting next_dagrun for LocalIngestionDag to 2022-07-02T06:00:00+00:00
[2022-08-03 04:17:22,386] {processor.py:171} INFO - Processing /opt/airflow/dags/data_ingestion_local.py took 0.594 seconds
[2022-08-03 04:17:52,454] {processor.py:163} INFO - Started process (PID=473) to work on /opt/airflow/dags/data_ingestion_local.py
[2022-08-03 04:17:52,457] {processor.py:642} INFO - Processing file /opt/airflow/dags/data_ingestion_local.py for tasks to queue
[2022-08-03 04:17:52,459] {logging_mixin.py:109} INFO - [2022-08-03 04:17:52,459] {dagbag.py:500} INFO - Filling up the DagBag from /opt/airflow/dags/data_ingestion_local.py
[2022-08-03 04:17:53,125] {processor.py:654} INFO - DAG(s) dict_keys(['LocalIngestionDag']) retrieved from /opt/airflow/dags/data_ingestion_local.py
[2022-08-03 04:17:53,141] {logging_mixin.py:109} INFO - [2022-08-03 04:17:53,141] {dag.py:2396} INFO - Sync 1 DAGs
[2022-08-03 04:17:53,167] {logging_mixin.py:109} INFO - [2022-08-03 04:17:53,167] {dag.py:2935} INFO - Setting next_dagrun for LocalIngestionDag to 2022-07-02T06:00:00+00:00
[2022-08-03 04:17:53,180] {processor.py:171} INFO - Processing /opt/airflow/dags/data_ingestion_local.py took 0.741 seconds
[2022-08-03 04:18:23,299] {processor.py:163} INFO - Started process (PID=506) to work on /opt/airflow/dags/data_ingestion_local.py
[2022-08-03 04:18:23,302] {processor.py:642} INFO - Processing file /opt/airflow/dags/data_ingestion_local.py for tasks to queue
[2022-08-03 04:18:23,305] {logging_mixin.py:109} INFO - [2022-08-03 04:18:23,305] {dagbag.py:500} INFO - Filling up the DagBag from /opt/airflow/dags/data_ingestion_local.py
[2022-08-03 04:18:24,031] {processor.py:654} INFO - DAG(s) dict_keys(['LocalIngestionDag']) retrieved from /opt/airflow/dags/data_ingestion_local.py
[2022-08-03 04:18:24,057] {logging_mixin.py:109} INFO - [2022-08-03 04:18:24,057] {dag.py:2396} INFO - Sync 1 DAGs
[2022-08-03 04:18:24,100] {logging_mixin.py:109} INFO - [2022-08-03 04:18:24,099] {dag.py:2935} INFO - Setting next_dagrun for LocalIngestionDag to 2022-07-02T06:00:00+00:00
[2022-08-03 04:18:24,115] {processor.py:171} INFO - Processing /opt/airflow/dags/data_ingestion_local.py took 0.826 seconds
[2022-08-03 04:18:54,398] {processor.py:163} INFO - Started process (PID=551) to work on /opt/airflow/dags/data_ingestion_local.py
[2022-08-03 04:18:54,403] {processor.py:642} INFO - Processing file /opt/airflow/dags/data_ingestion_local.py for tasks to queue
[2022-08-03 04:18:54,407] {logging_mixin.py:109} INFO - [2022-08-03 04:18:54,406] {dagbag.py:500} INFO - Filling up the DagBag from /opt/airflow/dags/data_ingestion_local.py
[2022-08-03 04:18:55,391] {processor.py:654} INFO - DAG(s) dict_keys(['LocalIngestionDag']) retrieved from /opt/airflow/dags/data_ingestion_local.py
[2022-08-03 04:18:55,410] {logging_mixin.py:109} INFO - [2022-08-03 04:18:55,410] {dag.py:2396} INFO - Sync 1 DAGs
[2022-08-03 04:18:55,443] {logging_mixin.py:109} INFO - [2022-08-03 04:18:55,443] {dag.py:2935} INFO - Setting next_dagrun for LocalIngestionDag to 2022-07-02T06:00:00+00:00
[2022-08-03 04:18:55,458] {processor.py:171} INFO - Processing /opt/airflow/dags/data_ingestion_local.py took 1.071 seconds
[2022-08-03 04:19:25,665] {processor.py:163} INFO - Started process (PID=586) to work on /opt/airflow/dags/data_ingestion_local.py
[2022-08-03 04:19:25,667] {processor.py:642} INFO - Processing file /opt/airflow/dags/data_ingestion_local.py for tasks to queue
[2022-08-03 04:19:25,670] {logging_mixin.py:109} INFO - [2022-08-03 04:19:25,669] {dagbag.py:500} INFO - Filling up the DagBag from /opt/airflow/dags/data_ingestion_local.py
[2022-08-03 04:19:26,267] {processor.py:654} INFO - DAG(s) dict_keys(['LocalIngestionDag']) retrieved from /opt/airflow/dags/data_ingestion_local.py
[2022-08-03 04:19:26,281] {logging_mixin.py:109} INFO - [2022-08-03 04:19:26,281] {dag.py:2396} INFO - Sync 1 DAGs
[2022-08-03 04:19:26,305] {logging_mixin.py:109} INFO - [2022-08-03 04:19:26,305] {dag.py:2935} INFO - Setting next_dagrun for LocalIngestionDag to 2022-07-02T06:00:00+00:00
[2022-08-03 04:19:26,316] {processor.py:171} INFO - Processing /opt/airflow/dags/data_ingestion_local.py took 0.656 seconds
[2022-08-03 04:19:56,901] {processor.py:163} INFO - Started process (PID=621) to work on /opt/airflow/dags/data_ingestion_local.py
[2022-08-03 04:19:56,903] {processor.py:642} INFO - Processing file /opt/airflow/dags/data_ingestion_local.py for tasks to queue
[2022-08-03 04:19:56,904] {logging_mixin.py:109} INFO - [2022-08-03 04:19:56,904] {dagbag.py:500} INFO - Filling up the DagBag from /opt/airflow/dags/data_ingestion_local.py
[2022-08-03 04:19:57,467] {processor.py:654} INFO - DAG(s) dict_keys(['LocalIngestionDag']) retrieved from /opt/airflow/dags/data_ingestion_local.py
[2022-08-03 04:19:57,486] {logging_mixin.py:109} INFO - [2022-08-03 04:19:57,486] {dag.py:2396} INFO - Sync 1 DAGs
[2022-08-03 04:19:57,520] {logging_mixin.py:109} INFO - [2022-08-03 04:19:57,520] {dag.py:2935} INFO - Setting next_dagrun for LocalIngestionDag to 2022-07-02T06:00:00+00:00
[2022-08-03 04:19:57,534] {processor.py:171} INFO - Processing /opt/airflow/dags/data_ingestion_local.py took 0.640 seconds
[2022-08-03 04:20:28,375] {processor.py:163} INFO - Started process (PID=653) to work on /opt/airflow/dags/data_ingestion_local.py
[2022-08-03 04:20:28,377] {processor.py:642} INFO - Processing file /opt/airflow/dags/data_ingestion_local.py for tasks to queue
[2022-08-03 04:20:28,379] {logging_mixin.py:109} INFO - [2022-08-03 04:20:28,378] {dagbag.py:500} INFO - Filling up the DagBag from /opt/airflow/dags/data_ingestion_local.py
[2022-08-03 04:20:28,973] {processor.py:654} INFO - DAG(s) dict_keys(['LocalIngestionDag']) retrieved from /opt/airflow/dags/data_ingestion_local.py
[2022-08-03 04:20:28,989] {logging_mixin.py:109} INFO - [2022-08-03 04:20:28,988] {dag.py:2396} INFO - Sync 1 DAGs
[2022-08-03 04:20:29,014] {logging_mixin.py:109} INFO - [2022-08-03 04:20:29,014] {dag.py:2935} INFO - Setting next_dagrun for LocalIngestionDag to 2022-07-02T06:00:00+00:00
[2022-08-03 04:20:29,025] {processor.py:171} INFO - Processing /opt/airflow/dags/data_ingestion_local.py took 0.656 seconds
[2022-08-03 04:20:59,138] {processor.py:163} INFO - Started process (PID=696) to work on /opt/airflow/dags/data_ingestion_local.py
[2022-08-03 04:20:59,140] {processor.py:642} INFO - Processing file /opt/airflow/dags/data_ingestion_local.py for tasks to queue
[2022-08-03 04:20:59,142] {logging_mixin.py:109} INFO - [2022-08-03 04:20:59,142] {dagbag.py:500} INFO - Filling up the DagBag from /opt/airflow/dags/data_ingestion_local.py
[2022-08-03 04:20:59,690] {processor.py:654} INFO - DAG(s) dict_keys(['LocalIngestionDag']) retrieved from /opt/airflow/dags/data_ingestion_local.py
[2022-08-03 04:20:59,704] {logging_mixin.py:109} INFO - [2022-08-03 04:20:59,704] {dag.py:2396} INFO - Sync 1 DAGs
[2022-08-03 04:20:59,726] {logging_mixin.py:109} INFO - [2022-08-03 04:20:59,726] {dag.py:2935} INFO - Setting next_dagrun for LocalIngestionDag to 2022-07-02T06:00:00+00:00
[2022-08-03 04:20:59,736] {processor.py:171} INFO - Processing /opt/airflow/dags/data_ingestion_local.py took 0.603 seconds
[2022-08-03 04:21:29,802] {processor.py:163} INFO - Started process (PID=729) to work on /opt/airflow/dags/data_ingestion_local.py
[2022-08-03 04:21:29,805] {processor.py:642} INFO - Processing file /opt/airflow/dags/data_ingestion_local.py for tasks to queue
[2022-08-03 04:21:29,806] {logging_mixin.py:109} INFO - [2022-08-03 04:21:29,806] {dagbag.py:500} INFO - Filling up the DagBag from /opt/airflow/dags/data_ingestion_local.py
[2022-08-03 04:21:30,306] {processor.py:654} INFO - DAG(s) dict_keys(['LocalIngestionDag']) retrieved from /opt/airflow/dags/data_ingestion_local.py
[2022-08-03 04:21:30,317] {logging_mixin.py:109} INFO - [2022-08-03 04:21:30,317] {dag.py:2396} INFO - Sync 1 DAGs
[2022-08-03 04:21:30,337] {logging_mixin.py:109} INFO - [2022-08-03 04:21:30,337] {dag.py:2935} INFO - Setting next_dagrun for LocalIngestionDag to 2022-07-02T06:00:00+00:00
[2022-08-03 04:21:30,346] {processor.py:171} INFO - Processing /opt/airflow/dags/data_ingestion_local.py took 0.549 seconds
[2022-08-03 04:22:01,279] {processor.py:163} INFO - Started process (PID=774) to work on /opt/airflow/dags/data_ingestion_local.py
[2022-08-03 04:22:01,288] {processor.py:642} INFO - Processing file /opt/airflow/dags/data_ingestion_local.py for tasks to queue
[2022-08-03 04:22:01,294] {logging_mixin.py:109} INFO - [2022-08-03 04:22:01,294] {dagbag.py:500} INFO - Filling up the DagBag from /opt/airflow/dags/data_ingestion_local.py
[2022-08-03 04:22:01,808] {processor.py:654} INFO - DAG(s) dict_keys(['LocalIngestionDag']) retrieved from /opt/airflow/dags/data_ingestion_local.py
[2022-08-03 04:22:01,820] {logging_mixin.py:109} INFO - [2022-08-03 04:22:01,820] {dag.py:2396} INFO - Sync 1 DAGs
[2022-08-03 04:22:01,844] {logging_mixin.py:109} INFO - [2022-08-03 04:22:01,844] {dag.py:2935} INFO - Setting next_dagrun for LocalIngestionDag to 2022-07-02T06:00:00+00:00
[2022-08-03 04:22:01,854] {processor.py:171} INFO - Processing /opt/airflow/dags/data_ingestion_local.py took 0.593 seconds
[2022-08-03 04:22:32,697] {processor.py:163} INFO - Started process (PID=808) to work on /opt/airflow/dags/data_ingestion_local.py
[2022-08-03 04:22:32,699] {processor.py:642} INFO - Processing file /opt/airflow/dags/data_ingestion_local.py for tasks to queue
[2022-08-03 04:22:32,701] {logging_mixin.py:109} INFO - [2022-08-03 04:22:32,700] {dagbag.py:500} INFO - Filling up the DagBag from /opt/airflow/dags/data_ingestion_local.py
[2022-08-03 04:22:33,176] {processor.py:654} INFO - DAG(s) dict_keys(['LocalIngestionDag']) retrieved from /opt/airflow/dags/data_ingestion_local.py
[2022-08-03 04:22:33,188] {logging_mixin.py:109} INFO - [2022-08-03 04:22:33,188] {dag.py:2396} INFO - Sync 1 DAGs
[2022-08-03 04:22:33,213] {logging_mixin.py:109} INFO - [2022-08-03 04:22:33,213] {dag.py:2935} INFO - Setting next_dagrun for LocalIngestionDag to 2022-07-02T06:00:00+00:00
[2022-08-03 04:22:33,225] {processor.py:171} INFO - Processing /opt/airflow/dags/data_ingestion_local.py took 0.532 seconds
[2022-08-03 04:23:04,147] {processor.py:163} INFO - Started process (PID=841) to work on /opt/airflow/dags/data_ingestion_local.py
[2022-08-03 04:23:04,152] {processor.py:642} INFO - Processing file /opt/airflow/dags/data_ingestion_local.py for tasks to queue
[2022-08-03 04:23:04,158] {logging_mixin.py:109} INFO - [2022-08-03 04:23:04,158] {dagbag.py:500} INFO - Filling up the DagBag from /opt/airflow/dags/data_ingestion_local.py
[2022-08-03 04:23:05,074] {processor.py:654} INFO - DAG(s) dict_keys(['LocalIngestionDag']) retrieved from /opt/airflow/dags/data_ingestion_local.py
[2022-08-03 04:23:05,123] {logging_mixin.py:109} INFO - [2022-08-03 04:23:05,123] {dag.py:2396} INFO - Sync 1 DAGs
[2022-08-03 04:23:05,219] {logging_mixin.py:109} INFO - [2022-08-03 04:23:05,219] {dag.py:2935} INFO - Setting next_dagrun for LocalIngestionDag to 2022-07-02T06:00:00+00:00
[2022-08-03 04:23:05,256] {processor.py:171} INFO - Processing /opt/airflow/dags/data_ingestion_local.py took 1.114 seconds
[2022-08-03 04:23:35,429] {processor.py:163} INFO - Started process (PID=886) to work on /opt/airflow/dags/data_ingestion_local.py
[2022-08-03 04:23:35,431] {processor.py:642} INFO - Processing file /opt/airflow/dags/data_ingestion_local.py for tasks to queue
[2022-08-03 04:23:35,434] {logging_mixin.py:109} INFO - [2022-08-03 04:23:35,434] {dagbag.py:500} INFO - Filling up the DagBag from /opt/airflow/dags/data_ingestion_local.py
[2022-08-03 04:23:36,091] {processor.py:654} INFO - DAG(s) dict_keys(['LocalIngestionDag']) retrieved from /opt/airflow/dags/data_ingestion_local.py
[2022-08-03 04:23:36,110] {logging_mixin.py:109} INFO - [2022-08-03 04:23:36,110] {dag.py:2396} INFO - Sync 1 DAGs
[2022-08-03 04:23:36,152] {logging_mixin.py:109} INFO - [2022-08-03 04:23:36,152] {dag.py:2935} INFO - Setting next_dagrun for LocalIngestionDag to 2022-07-02T06:00:00+00:00
[2022-08-03 04:23:36,166] {processor.py:171} INFO - Processing /opt/airflow/dags/data_ingestion_local.py took 0.744 seconds
[2022-08-03 04:24:06,283] {processor.py:163} INFO - Started process (PID=918) to work on /opt/airflow/dags/data_ingestion_local.py
[2022-08-03 04:24:06,286] {processor.py:642} INFO - Processing file /opt/airflow/dags/data_ingestion_local.py for tasks to queue
[2022-08-03 04:24:06,287] {logging_mixin.py:109} INFO - [2022-08-03 04:24:06,287] {dagbag.py:500} INFO - Filling up the DagBag from /opt/airflow/dags/data_ingestion_local.py
[2022-08-03 04:24:06,834] {processor.py:654} INFO - DAG(s) dict_keys(['LocalIngestionDag']) retrieved from /opt/airflow/dags/data_ingestion_local.py
[2022-08-03 04:24:06,851] {logging_mixin.py:109} INFO - [2022-08-03 04:24:06,851] {dag.py:2396} INFO - Sync 1 DAGs
[2022-08-03 04:24:06,877] {logging_mixin.py:109} INFO - [2022-08-03 04:24:06,877] {dag.py:2935} INFO - Setting next_dagrun for LocalIngestionDag to 2022-07-02T06:00:00+00:00
[2022-08-03 04:24:06,892] {processor.py:171} INFO - Processing /opt/airflow/dags/data_ingestion_local.py took 0.613 seconds
[2022-08-03 04:24:36,977] {processor.py:163} INFO - Started process (PID=950) to work on /opt/airflow/dags/data_ingestion_local.py
[2022-08-03 04:24:36,979] {processor.py:642} INFO - Processing file /opt/airflow/dags/data_ingestion_local.py for tasks to queue
[2022-08-03 04:24:36,982] {logging_mixin.py:109} INFO - [2022-08-03 04:24:36,982] {dagbag.py:500} INFO - Filling up the DagBag from /opt/airflow/dags/data_ingestion_local.py
[2022-08-03 04:24:37,616] {processor.py:654} INFO - DAG(s) dict_keys(['LocalIngestionDag']) retrieved from /opt/airflow/dags/data_ingestion_local.py
[2022-08-03 04:24:37,629] {logging_mixin.py:109} INFO - [2022-08-03 04:24:37,629] {dag.py:2396} INFO - Sync 1 DAGs
[2022-08-03 04:24:37,650] {logging_mixin.py:109} INFO - [2022-08-03 04:24:37,650] {dag.py:2935} INFO - Setting next_dagrun for LocalIngestionDag to 2022-07-02T06:00:00+00:00
[2022-08-03 04:24:37,662] {processor.py:171} INFO - Processing /opt/airflow/dags/data_ingestion_local.py took 0.692 seconds
[2022-08-03 04:25:08,521] {processor.py:163} INFO - Started process (PID=992) to work on /opt/airflow/dags/data_ingestion_local.py
[2022-08-03 04:25:08,523] {processor.py:642} INFO - Processing file /opt/airflow/dags/data_ingestion_local.py for tasks to queue
[2022-08-03 04:25:08,525] {logging_mixin.py:109} INFO - [2022-08-03 04:25:08,525] {dagbag.py:500} INFO - Filling up the DagBag from /opt/airflow/dags/data_ingestion_local.py
[2022-08-03 04:25:09,060] {processor.py:654} INFO - DAG(s) dict_keys(['LocalIngestionDag']) retrieved from /opt/airflow/dags/data_ingestion_local.py
[2022-08-03 04:25:09,074] {logging_mixin.py:109} INFO - [2022-08-03 04:25:09,074] {dag.py:2396} INFO - Sync 1 DAGs
[2022-08-03 04:25:09,095] {logging_mixin.py:109} INFO - [2022-08-03 04:25:09,095] {dag.py:2935} INFO - Setting next_dagrun for LocalIngestionDag to 2022-07-02T06:00:00+00:00
[2022-08-03 04:25:09,106] {processor.py:171} INFO - Processing /opt/airflow/dags/data_ingestion_local.py took 0.590 seconds
[2022-08-03 04:25:39,184] {processor.py:163} INFO - Started process (PID=1026) to work on /opt/airflow/dags/data_ingestion_local.py
[2022-08-03 04:25:39,187] {processor.py:642} INFO - Processing file /opt/airflow/dags/data_ingestion_local.py for tasks to queue
[2022-08-03 04:25:39,191] {logging_mixin.py:109} INFO - [2022-08-03 04:25:39,190] {dagbag.py:500} INFO - Filling up the DagBag from /opt/airflow/dags/data_ingestion_local.py
[2022-08-03 04:25:39,797] {processor.py:654} INFO - DAG(s) dict_keys(['LocalIngestionDag']) retrieved from /opt/airflow/dags/data_ingestion_local.py
[2022-08-03 04:25:39,818] {logging_mixin.py:109} INFO - [2022-08-03 04:25:39,818] {dag.py:2396} INFO - Sync 1 DAGs
[2022-08-03 04:25:39,846] {logging_mixin.py:109} INFO - [2022-08-03 04:25:39,846] {dag.py:2935} INFO - Setting next_dagrun for LocalIngestionDag to 2022-07-02T06:00:00+00:00
[2022-08-03 04:25:39,860] {processor.py:171} INFO - Processing /opt/airflow/dags/data_ingestion_local.py took 0.683 seconds
[2022-08-03 04:26:10,721] {processor.py:163} INFO - Started process (PID=1071) to work on /opt/airflow/dags/data_ingestion_local.py
[2022-08-03 04:26:10,723] {processor.py:642} INFO - Processing file /opt/airflow/dags/data_ingestion_local.py for tasks to queue
[2022-08-03 04:26:10,724] {logging_mixin.py:109} INFO - [2022-08-03 04:26:10,724] {dagbag.py:500} INFO - Filling up the DagBag from /opt/airflow/dags/data_ingestion_local.py
[2022-08-03 04:26:11,356] {processor.py:654} INFO - DAG(s) dict_keys(['LocalIngestionDag']) retrieved from /opt/airflow/dags/data_ingestion_local.py
[2022-08-03 04:26:11,376] {logging_mixin.py:109} INFO - [2022-08-03 04:26:11,375] {dag.py:2396} INFO - Sync 1 DAGs
[2022-08-03 04:26:11,447] {logging_mixin.py:109} INFO - [2022-08-03 04:26:11,447] {dag.py:2935} INFO - Setting next_dagrun for LocalIngestionDag to 2022-07-02T06:00:00+00:00
[2022-08-03 04:26:11,465] {processor.py:171} INFO - Processing /opt/airflow/dags/data_ingestion_local.py took 0.749 seconds
