[2022-08-03 04:10:35,095] {processor.py:163} INFO - Started process (PID=70) to work on /opt/airflow/dags/data_ingestion_gcs_full_yt.py
[2022-08-03 04:10:35,142] {processor.py:642} INFO - Processing file /opt/airflow/dags/data_ingestion_gcs_full_yt.py for tasks to queue
[2022-08-03 04:10:35,159] {logging_mixin.py:109} INFO - [2022-08-03 04:10:35,159] {dagbag.py:500} INFO - Filling up the DagBag from /opt/airflow/dags/data_ingestion_gcs_full_yt.py
[2022-08-03 04:10:36,778] {processor.py:654} INFO - DAG(s) dict_keys(['data_ingestion_gcs_full_yt2']) retrieved from /opt/airflow/dags/data_ingestion_gcs_full_yt.py
[2022-08-03 04:10:36,891] {logging_mixin.py:109} INFO - [2022-08-03 04:10:36,889] {dag.py:2396} INFO - Sync 1 DAGs
[2022-08-03 04:10:37,043] {logging_mixin.py:109} INFO - [2022-08-03 04:10:37,042] {dag.py:2935} INFO - Setting next_dagrun for data_ingestion_gcs_full_yt2 to 2022-07-06T06:00:00+00:00
[2022-08-03 04:10:37,105] {processor.py:171} INFO - Processing /opt/airflow/dags/data_ingestion_gcs_full_yt.py took 2.055 seconds
[2022-08-03 04:11:07,934] {processor.py:163} INFO - Started process (PID=101) to work on /opt/airflow/dags/data_ingestion_gcs_full_yt.py
[2022-08-03 04:11:07,945] {processor.py:642} INFO - Processing file /opt/airflow/dags/data_ingestion_gcs_full_yt.py for tasks to queue
[2022-08-03 04:11:07,956] {logging_mixin.py:109} INFO - [2022-08-03 04:11:07,956] {dagbag.py:500} INFO - Filling up the DagBag from /opt/airflow/dags/data_ingestion_gcs_full_yt.py
[2022-08-03 04:11:09,008] {processor.py:654} INFO - DAG(s) dict_keys(['data_ingestion_gcs_full_yt2']) retrieved from /opt/airflow/dags/data_ingestion_gcs_full_yt.py
[2022-08-03 04:11:09,193] {logging_mixin.py:109} INFO - [2022-08-03 04:11:09,167] {dag.py:2396} INFO - Sync 1 DAGs
[2022-08-03 04:11:09,331] {logging_mixin.py:109} INFO - [2022-08-03 04:11:09,331] {dag.py:2935} INFO - Setting next_dagrun for data_ingestion_gcs_full_yt2 to 2022-07-06T06:00:00+00:00
[2022-08-03 04:11:09,384] {processor.py:171} INFO - Processing /opt/airflow/dags/data_ingestion_gcs_full_yt.py took 1.475 seconds
[2022-08-03 04:11:39,925] {processor.py:163} INFO - Started process (PID=124) to work on /opt/airflow/dags/data_ingestion_gcs_full_yt.py
[2022-08-03 04:11:39,927] {processor.py:642} INFO - Processing file /opt/airflow/dags/data_ingestion_gcs_full_yt.py for tasks to queue
[2022-08-03 04:11:39,929] {logging_mixin.py:109} INFO - [2022-08-03 04:11:39,928] {dagbag.py:500} INFO - Filling up the DagBag from /opt/airflow/dags/data_ingestion_gcs_full_yt.py
[2022-08-03 04:11:40,079] {processor.py:654} INFO - DAG(s) dict_keys(['data_ingestion_gcs_full_yt2']) retrieved from /opt/airflow/dags/data_ingestion_gcs_full_yt.py
[2022-08-03 04:11:40,104] {logging_mixin.py:109} INFO - [2022-08-03 04:11:40,100] {dag.py:2396} INFO - Sync 1 DAGs
[2022-08-03 04:11:40,134] {logging_mixin.py:109} INFO - [2022-08-03 04:11:40,134] {dag.py:2935} INFO - Setting next_dagrun for data_ingestion_gcs_full_yt2 to 2022-07-06T06:00:00+00:00
[2022-08-03 04:11:40,147] {processor.py:171} INFO - Processing /opt/airflow/dags/data_ingestion_gcs_full_yt.py took 0.227 seconds
[2022-08-03 04:12:17,032] {processor.py:163} INFO - Started process (PID=157) to work on /opt/airflow/dags/data_ingestion_gcs_full_yt.py
[2022-08-03 04:12:17,072] {processor.py:642} INFO - Processing file /opt/airflow/dags/data_ingestion_gcs_full_yt.py for tasks to queue
[2022-08-03 04:12:17,090] {logging_mixin.py:109} INFO - [2022-08-03 04:12:17,090] {dagbag.py:500} INFO - Filling up the DagBag from /opt/airflow/dags/data_ingestion_gcs_full_yt.py
[2022-08-03 04:12:19,222] {processor.py:654} INFO - DAG(s) dict_keys(['data_ingestion_gcs_full_yt2']) retrieved from /opt/airflow/dags/data_ingestion_gcs_full_yt.py
[2022-08-03 04:12:19,364] {logging_mixin.py:109} INFO - [2022-08-03 04:12:19,342] {dag.py:2396} INFO - Sync 1 DAGs
[2022-08-03 04:12:20,062] {logging_mixin.py:109} INFO - [2022-08-03 04:12:20,046] {dag.py:2935} INFO - Setting next_dagrun for data_ingestion_gcs_full_yt2 to 2022-07-06T06:00:00+00:00
[2022-08-03 04:12:20,241] {processor.py:171} INFO - Processing /opt/airflow/dags/data_ingestion_gcs_full_yt.py took 3.278 seconds
[2022-08-03 04:12:53,789] {processor.py:163} INFO - Started process (PID=189) to work on /opt/airflow/dags/data_ingestion_gcs_full_yt.py
[2022-08-03 04:12:53,806] {processor.py:642} INFO - Processing file /opt/airflow/dags/data_ingestion_gcs_full_yt.py for tasks to queue
[2022-08-03 04:12:53,827] {logging_mixin.py:109} INFO - [2022-08-03 04:12:53,826] {dagbag.py:500} INFO - Filling up the DagBag from /opt/airflow/dags/data_ingestion_gcs_full_yt.py
[2022-08-03 04:12:55,947] {processor.py:654} INFO - DAG(s) dict_keys(['data_ingestion_gcs_full_yt2']) retrieved from /opt/airflow/dags/data_ingestion_gcs_full_yt.py
[2022-08-03 04:12:56,249] {logging_mixin.py:109} INFO - [2022-08-03 04:12:56,223] {dag.py:2396} INFO - Sync 1 DAGs
[2022-08-03 04:12:56,659] {logging_mixin.py:109} INFO - [2022-08-03 04:12:56,658] {dag.py:2935} INFO - Setting next_dagrun for data_ingestion_gcs_full_yt2 to 2022-07-06T06:00:00+00:00
[2022-08-03 04:12:56,785] {processor.py:171} INFO - Processing /opt/airflow/dags/data_ingestion_gcs_full_yt.py took 3.050 seconds
[2022-08-03 04:13:45,646] {processor.py:163} INFO - Started process (PID=232) to work on /opt/airflow/dags/data_ingestion_gcs_full_yt.py
[2022-08-03 04:13:45,664] {processor.py:642} INFO - Processing file /opt/airflow/dags/data_ingestion_gcs_full_yt.py for tasks to queue
[2022-08-03 04:13:45,677] {logging_mixin.py:109} INFO - [2022-08-03 04:13:45,677] {dagbag.py:500} INFO - Filling up the DagBag from /opt/airflow/dags/data_ingestion_gcs_full_yt.py
[2022-08-03 04:13:47,175] {processor.py:654} INFO - DAG(s) dict_keys(['data_ingestion_gcs_full_yt2']) retrieved from /opt/airflow/dags/data_ingestion_gcs_full_yt.py
[2022-08-03 04:13:47,322] {logging_mixin.py:109} INFO - [2022-08-03 04:13:47,303] {dag.py:2396} INFO - Sync 1 DAGs
[2022-08-03 04:13:47,528] {logging_mixin.py:109} INFO - [2022-08-03 04:13:47,527] {dag.py:2935} INFO - Setting next_dagrun for data_ingestion_gcs_full_yt2 to 2022-07-06T06:00:00+00:00
[2022-08-03 04:13:47,609] {processor.py:171} INFO - Processing /opt/airflow/dags/data_ingestion_gcs_full_yt.py took 2.060 seconds
[2022-08-03 04:14:17,984] {processor.py:163} INFO - Started process (PID=254) to work on /opt/airflow/dags/data_ingestion_gcs_full_yt.py
[2022-08-03 04:14:18,010] {processor.py:642} INFO - Processing file /opt/airflow/dags/data_ingestion_gcs_full_yt.py for tasks to queue
[2022-08-03 04:14:18,018] {logging_mixin.py:109} INFO - [2022-08-03 04:14:18,017] {dagbag.py:500} INFO - Filling up the DagBag from /opt/airflow/dags/data_ingestion_gcs_full_yt.py
[2022-08-03 04:14:18,423] {processor.py:654} INFO - DAG(s) dict_keys(['data_ingestion_gcs_full_yt2']) retrieved from /opt/airflow/dags/data_ingestion_gcs_full_yt.py
[2022-08-03 04:14:18,460] {logging_mixin.py:109} INFO - [2022-08-03 04:14:18,457] {dag.py:2396} INFO - Sync 1 DAGs
[2022-08-03 04:14:18,520] {logging_mixin.py:109} INFO - [2022-08-03 04:14:18,520] {dag.py:2935} INFO - Setting next_dagrun for data_ingestion_gcs_full_yt2 to 2022-07-06T06:00:00+00:00
[2022-08-03 04:14:18,544] {processor.py:171} INFO - Processing /opt/airflow/dags/data_ingestion_gcs_full_yt.py took 0.601 seconds
[2022-08-03 04:14:49,147] {processor.py:163} INFO - Started process (PID=287) to work on /opt/airflow/dags/data_ingestion_gcs_full_yt.py
[2022-08-03 04:14:49,151] {processor.py:642} INFO - Processing file /opt/airflow/dags/data_ingestion_gcs_full_yt.py for tasks to queue
[2022-08-03 04:14:49,155] {logging_mixin.py:109} INFO - [2022-08-03 04:14:49,155] {dagbag.py:500} INFO - Filling up the DagBag from /opt/airflow/dags/data_ingestion_gcs_full_yt.py
[2022-08-03 04:14:49,405] {processor.py:654} INFO - DAG(s) dict_keys(['data_ingestion_gcs_full_yt2']) retrieved from /opt/airflow/dags/data_ingestion_gcs_full_yt.py
[2022-08-03 04:14:49,431] {logging_mixin.py:109} INFO - [2022-08-03 04:14:49,428] {dag.py:2396} INFO - Sync 1 DAGs
[2022-08-03 04:14:49,482] {logging_mixin.py:109} INFO - [2022-08-03 04:14:49,482] {dag.py:2935} INFO - Setting next_dagrun for data_ingestion_gcs_full_yt2 to 2022-07-06T06:00:00+00:00
[2022-08-03 04:14:49,502] {processor.py:171} INFO - Processing /opt/airflow/dags/data_ingestion_gcs_full_yt.py took 0.362 seconds
[2022-08-03 04:15:20,584] {processor.py:163} INFO - Started process (PID=318) to work on /opt/airflow/dags/data_ingestion_gcs_full_yt.py
[2022-08-03 04:15:20,589] {processor.py:642} INFO - Processing file /opt/airflow/dags/data_ingestion_gcs_full_yt.py for tasks to queue
[2022-08-03 04:15:20,595] {logging_mixin.py:109} INFO - [2022-08-03 04:15:20,595] {dagbag.py:500} INFO - Filling up the DagBag from /opt/airflow/dags/data_ingestion_gcs_full_yt.py
[2022-08-03 04:15:21,058] {processor.py:654} INFO - DAG(s) dict_keys(['data_ingestion_gcs_full_yt2']) retrieved from /opt/airflow/dags/data_ingestion_gcs_full_yt.py
[2022-08-03 04:15:21,093] {logging_mixin.py:109} INFO - [2022-08-03 04:15:21,090] {dag.py:2396} INFO - Sync 1 DAGs
[2022-08-03 04:15:21,127] {logging_mixin.py:109} INFO - [2022-08-03 04:15:21,126] {dag.py:2935} INFO - Setting next_dagrun for data_ingestion_gcs_full_yt2 to 2022-07-06T06:00:00+00:00
[2022-08-03 04:15:21,143] {processor.py:171} INFO - Processing /opt/airflow/dags/data_ingestion_gcs_full_yt.py took 0.604 seconds
[2022-08-03 04:15:51,381] {processor.py:163} INFO - Started process (PID=350) to work on /opt/airflow/dags/data_ingestion_gcs_full_yt.py
[2022-08-03 04:15:51,387] {processor.py:642} INFO - Processing file /opt/airflow/dags/data_ingestion_gcs_full_yt.py for tasks to queue
[2022-08-03 04:15:51,389] {logging_mixin.py:109} INFO - [2022-08-03 04:15:51,388] {dagbag.py:500} INFO - Filling up the DagBag from /opt/airflow/dags/data_ingestion_gcs_full_yt.py
[2022-08-03 04:15:51,562] {processor.py:654} INFO - DAG(s) dict_keys(['data_ingestion_gcs_full_yt2']) retrieved from /opt/airflow/dags/data_ingestion_gcs_full_yt.py
[2022-08-03 04:15:51,580] {logging_mixin.py:109} INFO - [2022-08-03 04:15:51,578] {dag.py:2396} INFO - Sync 1 DAGs
[2022-08-03 04:15:51,606] {logging_mixin.py:109} INFO - [2022-08-03 04:15:51,606] {dag.py:2935} INFO - Setting next_dagrun for data_ingestion_gcs_full_yt2 to 2022-07-06T06:00:00+00:00
[2022-08-03 04:15:51,618] {processor.py:171} INFO - Processing /opt/airflow/dags/data_ingestion_gcs_full_yt.py took 0.242 seconds
[2022-08-03 04:16:21,851] {processor.py:163} INFO - Started process (PID=382) to work on /opt/airflow/dags/data_ingestion_gcs_full_yt.py
[2022-08-03 04:16:21,863] {processor.py:642} INFO - Processing file /opt/airflow/dags/data_ingestion_gcs_full_yt.py for tasks to queue
[2022-08-03 04:16:21,868] {logging_mixin.py:109} INFO - [2022-08-03 04:16:21,868] {dagbag.py:500} INFO - Filling up the DagBag from /opt/airflow/dags/data_ingestion_gcs_full_yt.py
[2022-08-03 04:16:22,229] {processor.py:654} INFO - DAG(s) dict_keys(['data_ingestion_gcs_full_yt2']) retrieved from /opt/airflow/dags/data_ingestion_gcs_full_yt.py
[2022-08-03 04:16:22,269] {logging_mixin.py:109} INFO - [2022-08-03 04:16:22,267] {dag.py:2396} INFO - Sync 1 DAGs
[2022-08-03 04:16:22,332] {logging_mixin.py:109} INFO - [2022-08-03 04:16:22,332] {dag.py:2935} INFO - Setting next_dagrun for data_ingestion_gcs_full_yt2 to 2022-07-06T06:00:00+00:00
[2022-08-03 04:16:22,363] {processor.py:171} INFO - Processing /opt/airflow/dags/data_ingestion_gcs_full_yt.py took 0.539 seconds
[2022-08-03 04:16:52,639] {processor.py:163} INFO - Started process (PID=415) to work on /opt/airflow/dags/data_ingestion_gcs_full_yt.py
[2022-08-03 04:16:52,653] {processor.py:642} INFO - Processing file /opt/airflow/dags/data_ingestion_gcs_full_yt.py for tasks to queue
[2022-08-03 04:16:52,656] {logging_mixin.py:109} INFO - [2022-08-03 04:16:52,655] {dagbag.py:500} INFO - Filling up the DagBag from /opt/airflow/dags/data_ingestion_gcs_full_yt.py
[2022-08-03 04:16:52,991] {processor.py:654} INFO - DAG(s) dict_keys(['data_ingestion_gcs_full_yt2']) retrieved from /opt/airflow/dags/data_ingestion_gcs_full_yt.py
[2022-08-03 04:16:53,014] {logging_mixin.py:109} INFO - [2022-08-03 04:16:53,012] {dag.py:2396} INFO - Sync 1 DAGs
[2022-08-03 04:16:53,048] {logging_mixin.py:109} INFO - [2022-08-03 04:16:53,048] {dag.py:2935} INFO - Setting next_dagrun for data_ingestion_gcs_full_yt2 to 2022-07-06T06:00:00+00:00
[2022-08-03 04:16:53,066] {processor.py:171} INFO - Processing /opt/airflow/dags/data_ingestion_gcs_full_yt.py took 0.445 seconds
[2022-08-03 04:17:23,447] {processor.py:163} INFO - Started process (PID=447) to work on /opt/airflow/dags/data_ingestion_gcs_full_yt.py
[2022-08-03 04:17:23,449] {processor.py:642} INFO - Processing file /opt/airflow/dags/data_ingestion_gcs_full_yt.py for tasks to queue
[2022-08-03 04:17:23,451] {logging_mixin.py:109} INFO - [2022-08-03 04:17:23,451] {dagbag.py:500} INFO - Filling up the DagBag from /opt/airflow/dags/data_ingestion_gcs_full_yt.py
[2022-08-03 04:17:23,590] {processor.py:654} INFO - DAG(s) dict_keys(['data_ingestion_gcs_full_yt2']) retrieved from /opt/airflow/dags/data_ingestion_gcs_full_yt.py
[2022-08-03 04:17:23,606] {logging_mixin.py:109} INFO - [2022-08-03 04:17:23,604] {dag.py:2396} INFO - Sync 1 DAGs
[2022-08-03 04:17:23,635] {logging_mixin.py:109} INFO - [2022-08-03 04:17:23,634] {dag.py:2935} INFO - Setting next_dagrun for data_ingestion_gcs_full_yt2 to 2022-07-06T06:00:00+00:00
[2022-08-03 04:17:23,649] {processor.py:171} INFO - Processing /opt/airflow/dags/data_ingestion_gcs_full_yt.py took 0.208 seconds
[2022-08-03 04:17:54,239] {processor.py:163} INFO - Started process (PID=478) to work on /opt/airflow/dags/data_ingestion_gcs_full_yt.py
[2022-08-03 04:17:54,242] {processor.py:642} INFO - Processing file /opt/airflow/dags/data_ingestion_gcs_full_yt.py for tasks to queue
[2022-08-03 04:17:54,244] {logging_mixin.py:109} INFO - [2022-08-03 04:17:54,244] {dagbag.py:500} INFO - Filling up the DagBag from /opt/airflow/dags/data_ingestion_gcs_full_yt.py
[2022-08-03 04:17:54,443] {processor.py:654} INFO - DAG(s) dict_keys(['data_ingestion_gcs_full_yt2']) retrieved from /opt/airflow/dags/data_ingestion_gcs_full_yt.py
[2022-08-03 04:17:54,512] {logging_mixin.py:109} INFO - [2022-08-03 04:17:54,508] {dag.py:2396} INFO - Sync 1 DAGs
[2022-08-03 04:17:54,542] {logging_mixin.py:109} INFO - [2022-08-03 04:17:54,542] {dag.py:2935} INFO - Setting next_dagrun for data_ingestion_gcs_full_yt2 to 2022-07-06T06:00:00+00:00
[2022-08-03 04:17:54,559] {processor.py:171} INFO - Processing /opt/airflow/dags/data_ingestion_gcs_full_yt.py took 0.326 seconds
[2022-08-03 04:18:25,220] {processor.py:163} INFO - Started process (PID=511) to work on /opt/airflow/dags/data_ingestion_gcs_full_yt.py
[2022-08-03 04:18:25,222] {processor.py:642} INFO - Processing file /opt/airflow/dags/data_ingestion_gcs_full_yt.py for tasks to queue
[2022-08-03 04:18:25,224] {logging_mixin.py:109} INFO - [2022-08-03 04:18:25,224] {dagbag.py:500} INFO - Filling up the DagBag from /opt/airflow/dags/data_ingestion_gcs_full_yt.py
[2022-08-03 04:18:25,372] {processor.py:654} INFO - DAG(s) dict_keys(['data_ingestion_gcs_full_yt2']) retrieved from /opt/airflow/dags/data_ingestion_gcs_full_yt.py
[2022-08-03 04:18:25,392] {logging_mixin.py:109} INFO - [2022-08-03 04:18:25,389] {dag.py:2396} INFO - Sync 1 DAGs
[2022-08-03 04:18:25,418] {logging_mixin.py:109} INFO - [2022-08-03 04:18:25,418] {dag.py:2935} INFO - Setting next_dagrun for data_ingestion_gcs_full_yt2 to 2022-07-06T06:00:00+00:00
[2022-08-03 04:18:25,431] {processor.py:171} INFO - Processing /opt/airflow/dags/data_ingestion_gcs_full_yt.py took 0.216 seconds
[2022-08-03 04:18:55,522] {processor.py:163} INFO - Started process (PID=557) to work on /opt/airflow/dags/data_ingestion_gcs_full_yt.py
[2022-08-03 04:18:55,527] {processor.py:642} INFO - Processing file /opt/airflow/dags/data_ingestion_gcs_full_yt.py for tasks to queue
[2022-08-03 04:18:55,530] {logging_mixin.py:109} INFO - [2022-08-03 04:18:55,530] {dagbag.py:500} INFO - Filling up the DagBag from /opt/airflow/dags/data_ingestion_gcs_full_yt.py
[2022-08-03 04:18:55,828] {processor.py:654} INFO - DAG(s) dict_keys(['data_ingestion_gcs_full_yt2']) retrieved from /opt/airflow/dags/data_ingestion_gcs_full_yt.py
[2022-08-03 04:18:55,850] {logging_mixin.py:109} INFO - [2022-08-03 04:18:55,848] {dag.py:2396} INFO - Sync 1 DAGs
[2022-08-03 04:18:55,880] {logging_mixin.py:109} INFO - [2022-08-03 04:18:55,879] {dag.py:2935} INFO - Setting next_dagrun for data_ingestion_gcs_full_yt2 to 2022-07-06T06:00:00+00:00
[2022-08-03 04:18:55,892] {processor.py:171} INFO - Processing /opt/airflow/dags/data_ingestion_gcs_full_yt.py took 0.380 seconds
[2022-08-03 04:19:26,355] {processor.py:163} INFO - Started process (PID=590) to work on /opt/airflow/dags/data_ingestion_gcs_full_yt.py
[2022-08-03 04:19:26,357] {processor.py:642} INFO - Processing file /opt/airflow/dags/data_ingestion_gcs_full_yt.py for tasks to queue
[2022-08-03 04:19:26,359] {logging_mixin.py:109} INFO - [2022-08-03 04:19:26,359] {dagbag.py:500} INFO - Filling up the DagBag from /opt/airflow/dags/data_ingestion_gcs_full_yt.py
[2022-08-03 04:19:26,492] {processor.py:654} INFO - DAG(s) dict_keys(['data_ingestion_gcs_full_yt2']) retrieved from /opt/airflow/dags/data_ingestion_gcs_full_yt.py
[2022-08-03 04:19:26,507] {logging_mixin.py:109} INFO - [2022-08-03 04:19:26,505] {dag.py:2396} INFO - Sync 1 DAGs
[2022-08-03 04:19:26,530] {logging_mixin.py:109} INFO - [2022-08-03 04:19:26,529] {dag.py:2935} INFO - Setting next_dagrun for data_ingestion_gcs_full_yt2 to 2022-07-06T06:00:00+00:00
[2022-08-03 04:19:26,541] {processor.py:171} INFO - Processing /opt/airflow/dags/data_ingestion_gcs_full_yt.py took 0.192 seconds
[2022-08-03 04:19:56,885] {processor.py:163} INFO - Started process (PID=620) to work on /opt/airflow/dags/data_ingestion_gcs_full_yt.py
[2022-08-03 04:19:56,888] {processor.py:642} INFO - Processing file /opt/airflow/dags/data_ingestion_gcs_full_yt.py for tasks to queue
[2022-08-03 04:19:56,890] {logging_mixin.py:109} INFO - [2022-08-03 04:19:56,889] {dagbag.py:500} INFO - Filling up the DagBag from /opt/airflow/dags/data_ingestion_gcs_full_yt.py
[2022-08-03 04:19:57,036] {processor.py:654} INFO - DAG(s) dict_keys(['data_ingestion_gcs_full_yt2']) retrieved from /opt/airflow/dags/data_ingestion_gcs_full_yt.py
[2022-08-03 04:19:57,060] {logging_mixin.py:109} INFO - [2022-08-03 04:19:57,059] {dag.py:2396} INFO - Sync 1 DAGs
[2022-08-03 04:19:57,087] {logging_mixin.py:109} INFO - [2022-08-03 04:19:57,087] {dag.py:2935} INFO - Setting next_dagrun for data_ingestion_gcs_full_yt2 to 2022-07-06T06:00:00+00:00
[2022-08-03 04:19:57,097] {processor.py:171} INFO - Processing /opt/airflow/dags/data_ingestion_gcs_full_yt.py took 0.216 seconds
[2022-08-03 04:20:27,315] {processor.py:163} INFO - Started process (PID=652) to work on /opt/airflow/dags/data_ingestion_gcs_full_yt.py
[2022-08-03 04:20:27,317] {processor.py:642} INFO - Processing file /opt/airflow/dags/data_ingestion_gcs_full_yt.py for tasks to queue
[2022-08-03 04:20:27,319] {logging_mixin.py:109} INFO - [2022-08-03 04:20:27,319] {dagbag.py:500} INFO - Filling up the DagBag from /opt/airflow/dags/data_ingestion_gcs_full_yt.py
[2022-08-03 04:20:27,433] {processor.py:654} INFO - DAG(s) dict_keys(['data_ingestion_gcs_full_yt2']) retrieved from /opt/airflow/dags/data_ingestion_gcs_full_yt.py
[2022-08-03 04:20:27,450] {logging_mixin.py:109} INFO - [2022-08-03 04:20:27,448] {dag.py:2396} INFO - Sync 1 DAGs
[2022-08-03 04:20:27,472] {logging_mixin.py:109} INFO - [2022-08-03 04:20:27,472] {dag.py:2935} INFO - Setting next_dagrun for data_ingestion_gcs_full_yt2 to 2022-07-06T06:00:00+00:00
[2022-08-03 04:20:27,483] {processor.py:171} INFO - Processing /opt/airflow/dags/data_ingestion_gcs_full_yt.py took 0.173 seconds
[2022-08-03 04:20:57,920] {processor.py:163} INFO - Started process (PID=695) to work on /opt/airflow/dags/data_ingestion_gcs_full_yt.py
[2022-08-03 04:20:57,922] {processor.py:642} INFO - Processing file /opt/airflow/dags/data_ingestion_gcs_full_yt.py for tasks to queue
[2022-08-03 04:20:57,924] {logging_mixin.py:109} INFO - [2022-08-03 04:20:57,924] {dagbag.py:500} INFO - Filling up the DagBag from /opt/airflow/dags/data_ingestion_gcs_full_yt.py
[2022-08-03 04:20:58,052] {processor.py:654} INFO - DAG(s) dict_keys(['data_ingestion_gcs_full_yt2']) retrieved from /opt/airflow/dags/data_ingestion_gcs_full_yt.py
[2022-08-03 04:20:58,067] {logging_mixin.py:109} INFO - [2022-08-03 04:20:58,065] {dag.py:2396} INFO - Sync 1 DAGs
[2022-08-03 04:20:58,090] {logging_mixin.py:109} INFO - [2022-08-03 04:20:58,090] {dag.py:2935} INFO - Setting next_dagrun for data_ingestion_gcs_full_yt2 to 2022-07-06T06:00:00+00:00
[2022-08-03 04:20:58,103] {processor.py:171} INFO - Processing /opt/airflow/dags/data_ingestion_gcs_full_yt.py took 0.187 seconds
[2022-08-03 04:21:28,600] {processor.py:163} INFO - Started process (PID=728) to work on /opt/airflow/dags/data_ingestion_gcs_full_yt.py
[2022-08-03 04:21:28,602] {processor.py:642} INFO - Processing file /opt/airflow/dags/data_ingestion_gcs_full_yt.py for tasks to queue
[2022-08-03 04:21:28,603] {logging_mixin.py:109} INFO - [2022-08-03 04:21:28,603] {dagbag.py:500} INFO - Filling up the DagBag from /opt/airflow/dags/data_ingestion_gcs_full_yt.py
[2022-08-03 04:21:28,744] {processor.py:654} INFO - DAG(s) dict_keys(['data_ingestion_gcs_full_yt2']) retrieved from /opt/airflow/dags/data_ingestion_gcs_full_yt.py
[2022-08-03 04:21:28,758] {logging_mixin.py:109} INFO - [2022-08-03 04:21:28,756] {dag.py:2396} INFO - Sync 1 DAGs
[2022-08-03 04:21:28,779] {logging_mixin.py:109} INFO - [2022-08-03 04:21:28,779] {dag.py:2935} INFO - Setting next_dagrun for data_ingestion_gcs_full_yt2 to 2022-07-06T06:00:00+00:00
[2022-08-03 04:21:28,791] {processor.py:171} INFO - Processing /opt/airflow/dags/data_ingestion_gcs_full_yt.py took 0.198 seconds
[2022-08-03 04:21:59,139] {processor.py:163} INFO - Started process (PID=762) to work on /opt/airflow/dags/data_ingestion_gcs_full_yt.py
[2022-08-03 04:21:59,141] {processor.py:642} INFO - Processing file /opt/airflow/dags/data_ingestion_gcs_full_yt.py for tasks to queue
[2022-08-03 04:21:59,143] {logging_mixin.py:109} INFO - [2022-08-03 04:21:59,143] {dagbag.py:500} INFO - Filling up the DagBag from /opt/airflow/dags/data_ingestion_gcs_full_yt.py
[2022-08-03 04:21:59,273] {processor.py:654} INFO - DAG(s) dict_keys(['data_ingestion_gcs_full_yt2']) retrieved from /opt/airflow/dags/data_ingestion_gcs_full_yt.py
[2022-08-03 04:21:59,288] {logging_mixin.py:109} INFO - [2022-08-03 04:21:59,286] {dag.py:2396} INFO - Sync 1 DAGs
[2022-08-03 04:21:59,310] {logging_mixin.py:109} INFO - [2022-08-03 04:21:59,310] {dag.py:2935} INFO - Setting next_dagrun for data_ingestion_gcs_full_yt2 to 2022-07-06T06:00:00+00:00
[2022-08-03 04:21:59,321] {processor.py:171} INFO - Processing /opt/airflow/dags/data_ingestion_gcs_full_yt.py took 0.187 seconds
[2022-08-03 04:22:29,611] {processor.py:163} INFO - Started process (PID=807) to work on /opt/airflow/dags/data_ingestion_gcs_full_yt.py
[2022-08-03 04:22:29,614] {processor.py:642} INFO - Processing file /opt/airflow/dags/data_ingestion_gcs_full_yt.py for tasks to queue
[2022-08-03 04:22:29,617] {logging_mixin.py:109} INFO - [2022-08-03 04:22:29,617] {dagbag.py:500} INFO - Filling up the DagBag from /opt/airflow/dags/data_ingestion_gcs_full_yt.py
[2022-08-03 04:22:29,749] {processor.py:654} INFO - DAG(s) dict_keys(['data_ingestion_gcs_full_yt2']) retrieved from /opt/airflow/dags/data_ingestion_gcs_full_yt.py
[2022-08-03 04:22:29,767] {logging_mixin.py:109} INFO - [2022-08-03 04:22:29,765] {dag.py:2396} INFO - Sync 1 DAGs
[2022-08-03 04:22:29,790] {logging_mixin.py:109} INFO - [2022-08-03 04:22:29,790] {dag.py:2935} INFO - Setting next_dagrun for data_ingestion_gcs_full_yt2 to 2022-07-06T06:00:00+00:00
[2022-08-03 04:22:29,806] {processor.py:171} INFO - Processing /opt/airflow/dags/data_ingestion_gcs_full_yt.py took 0.199 seconds
[2022-08-03 04:22:59,928] {processor.py:163} INFO - Started process (PID=840) to work on /opt/airflow/dags/data_ingestion_gcs_full_yt.py
[2022-08-03 04:22:59,930] {processor.py:642} INFO - Processing file /opt/airflow/dags/data_ingestion_gcs_full_yt.py for tasks to queue
[2022-08-03 04:22:59,931] {logging_mixin.py:109} INFO - [2022-08-03 04:22:59,931] {dagbag.py:500} INFO - Filling up the DagBag from /opt/airflow/dags/data_ingestion_gcs_full_yt.py
[2022-08-03 04:23:00,049] {processor.py:654} INFO - DAG(s) dict_keys(['data_ingestion_gcs_full_yt2']) retrieved from /opt/airflow/dags/data_ingestion_gcs_full_yt.py
[2022-08-03 04:23:00,062] {logging_mixin.py:109} INFO - [2022-08-03 04:23:00,060] {dag.py:2396} INFO - Sync 1 DAGs
[2022-08-03 04:23:00,084] {logging_mixin.py:109} INFO - [2022-08-03 04:23:00,084] {dag.py:2935} INFO - Setting next_dagrun for data_ingestion_gcs_full_yt2 to 2022-07-06T06:00:00+00:00
[2022-08-03 04:23:00,095] {processor.py:171} INFO - Processing /opt/airflow/dags/data_ingestion_gcs_full_yt.py took 0.172 seconds
[2022-08-03 04:23:31,092] {processor.py:163} INFO - Started process (PID=873) to work on /opt/airflow/dags/data_ingestion_gcs_full_yt.py
[2022-08-03 04:23:31,096] {processor.py:642} INFO - Processing file /opt/airflow/dags/data_ingestion_gcs_full_yt.py for tasks to queue
[2022-08-03 04:23:31,106] {logging_mixin.py:109} INFO - [2022-08-03 04:23:31,103] {dagbag.py:500} INFO - Filling up the DagBag from /opt/airflow/dags/data_ingestion_gcs_full_yt.py
[2022-08-03 04:23:31,292] {processor.py:654} INFO - DAG(s) dict_keys(['data_ingestion_gcs_full_yt2']) retrieved from /opt/airflow/dags/data_ingestion_gcs_full_yt.py
[2022-08-03 04:23:31,321] {logging_mixin.py:109} INFO - [2022-08-03 04:23:31,318] {dag.py:2396} INFO - Sync 1 DAGs
[2022-08-03 04:23:31,361] {logging_mixin.py:109} INFO - [2022-08-03 04:23:31,360] {dag.py:2935} INFO - Setting next_dagrun for data_ingestion_gcs_full_yt2 to 2022-07-06T06:00:00+00:00
[2022-08-03 04:23:31,377] {processor.py:171} INFO - Processing /opt/airflow/dags/data_ingestion_gcs_full_yt.py took 0.293 seconds
[2022-08-03 04:24:02,007] {processor.py:163} INFO - Started process (PID=917) to work on /opt/airflow/dags/data_ingestion_gcs_full_yt.py
[2022-08-03 04:24:02,010] {processor.py:642} INFO - Processing file /opt/airflow/dags/data_ingestion_gcs_full_yt.py for tasks to queue
[2022-08-03 04:24:02,011] {logging_mixin.py:109} INFO - [2022-08-03 04:24:02,011] {dagbag.py:500} INFO - Filling up the DagBag from /opt/airflow/dags/data_ingestion_gcs_full_yt.py
[2022-08-03 04:24:02,174] {processor.py:654} INFO - DAG(s) dict_keys(['data_ingestion_gcs_full_yt2']) retrieved from /opt/airflow/dags/data_ingestion_gcs_full_yt.py
[2022-08-03 04:24:02,189] {logging_mixin.py:109} INFO - [2022-08-03 04:24:02,188] {dag.py:2396} INFO - Sync 1 DAGs
[2022-08-03 04:24:02,226] {logging_mixin.py:109} INFO - [2022-08-03 04:24:02,226] {dag.py:2935} INFO - Setting next_dagrun for data_ingestion_gcs_full_yt2 to 2022-07-06T06:00:00+00:00
[2022-08-03 04:24:02,239] {processor.py:171} INFO - Processing /opt/airflow/dags/data_ingestion_gcs_full_yt.py took 0.238 seconds
[2022-08-03 04:24:32,716] {processor.py:163} INFO - Started process (PID=949) to work on /opt/airflow/dags/data_ingestion_gcs_full_yt.py
[2022-08-03 04:24:32,719] {processor.py:642} INFO - Processing file /opt/airflow/dags/data_ingestion_gcs_full_yt.py for tasks to queue
[2022-08-03 04:24:32,722] {logging_mixin.py:109} INFO - [2022-08-03 04:24:32,722] {dagbag.py:500} INFO - Filling up the DagBag from /opt/airflow/dags/data_ingestion_gcs_full_yt.py
[2022-08-03 04:24:32,867] {processor.py:654} INFO - DAG(s) dict_keys(['data_ingestion_gcs_full_yt2']) retrieved from /opt/airflow/dags/data_ingestion_gcs_full_yt.py
[2022-08-03 04:24:32,887] {logging_mixin.py:109} INFO - [2022-08-03 04:24:32,885] {dag.py:2396} INFO - Sync 1 DAGs
[2022-08-03 04:24:32,913] {logging_mixin.py:109} INFO - [2022-08-03 04:24:32,913] {dag.py:2935} INFO - Setting next_dagrun for data_ingestion_gcs_full_yt2 to 2022-07-06T06:00:00+00:00
[2022-08-03 04:24:32,925] {processor.py:171} INFO - Processing /opt/airflow/dags/data_ingestion_gcs_full_yt.py took 0.217 seconds
[2022-08-03 04:25:03,486] {processor.py:163} INFO - Started process (PID=981) to work on /opt/airflow/dags/data_ingestion_gcs_full_yt.py
[2022-08-03 04:25:03,488] {processor.py:642} INFO - Processing file /opt/airflow/dags/data_ingestion_gcs_full_yt.py for tasks to queue
[2022-08-03 04:25:03,489] {logging_mixin.py:109} INFO - [2022-08-03 04:25:03,489] {dagbag.py:500} INFO - Filling up the DagBag from /opt/airflow/dags/data_ingestion_gcs_full_yt.py
[2022-08-03 04:25:03,604] {processor.py:654} INFO - DAG(s) dict_keys(['data_ingestion_gcs_full_yt2']) retrieved from /opt/airflow/dags/data_ingestion_gcs_full_yt.py
[2022-08-03 04:25:03,619] {logging_mixin.py:109} INFO - [2022-08-03 04:25:03,618] {dag.py:2396} INFO - Sync 1 DAGs
[2022-08-03 04:25:03,642] {logging_mixin.py:109} INFO - [2022-08-03 04:25:03,642] {dag.py:2935} INFO - Setting next_dagrun for data_ingestion_gcs_full_yt2 to 2022-07-06T06:00:00+00:00
[2022-08-03 04:25:03,654] {processor.py:171} INFO - Processing /opt/airflow/dags/data_ingestion_gcs_full_yt.py took 0.173 seconds
[2022-08-03 04:25:33,964] {processor.py:163} INFO - Started process (PID=1025) to work on /opt/airflow/dags/data_ingestion_gcs_full_yt.py
[2022-08-03 04:25:33,966] {processor.py:642} INFO - Processing file /opt/airflow/dags/data_ingestion_gcs_full_yt.py for tasks to queue
[2022-08-03 04:25:33,968] {logging_mixin.py:109} INFO - [2022-08-03 04:25:33,968] {dagbag.py:500} INFO - Filling up the DagBag from /opt/airflow/dags/data_ingestion_gcs_full_yt.py
[2022-08-03 04:25:34,084] {processor.py:654} INFO - DAG(s) dict_keys(['data_ingestion_gcs_full_yt2']) retrieved from /opt/airflow/dags/data_ingestion_gcs_full_yt.py
[2022-08-03 04:25:34,099] {logging_mixin.py:109} INFO - [2022-08-03 04:25:34,097] {dag.py:2396} INFO - Sync 1 DAGs
[2022-08-03 04:25:34,123] {logging_mixin.py:109} INFO - [2022-08-03 04:25:34,123] {dag.py:2935} INFO - Setting next_dagrun for data_ingestion_gcs_full_yt2 to 2022-07-06T06:00:00+00:00
[2022-08-03 04:25:34,132] {processor.py:171} INFO - Processing /opt/airflow/dags/data_ingestion_gcs_full_yt.py took 0.173 seconds
[2022-08-03 04:26:04,667] {processor.py:163} INFO - Started process (PID=1060) to work on /opt/airflow/dags/data_ingestion_gcs_full_yt.py
[2022-08-03 04:26:04,669] {processor.py:642} INFO - Processing file /opt/airflow/dags/data_ingestion_gcs_full_yt.py for tasks to queue
[2022-08-03 04:26:04,671] {logging_mixin.py:109} INFO - [2022-08-03 04:26:04,670] {dagbag.py:500} INFO - Filling up the DagBag from /opt/airflow/dags/data_ingestion_gcs_full_yt.py
[2022-08-03 04:26:04,790] {processor.py:654} INFO - DAG(s) dict_keys(['data_ingestion_gcs_full_yt2']) retrieved from /opt/airflow/dags/data_ingestion_gcs_full_yt.py
[2022-08-03 04:26:04,806] {logging_mixin.py:109} INFO - [2022-08-03 04:26:04,804] {dag.py:2396} INFO - Sync 1 DAGs
[2022-08-03 04:26:04,830] {logging_mixin.py:109} INFO - [2022-08-03 04:26:04,830] {dag.py:2935} INFO - Setting next_dagrun for data_ingestion_gcs_full_yt2 to 2022-07-06T06:00:00+00:00
[2022-08-03 04:26:04,842] {processor.py:171} INFO - Processing /opt/airflow/dags/data_ingestion_gcs_full_yt.py took 0.179 seconds
