[2022-08-03 04:10:32,815] {processor.py:163} INFO - Started process (PID=69) to work on /opt/airflow/dags/fhv_dag.py
[2022-08-03 04:10:32,881] {processor.py:642} INFO - Processing file /opt/airflow/dags/fhv_dag.py for tasks to queue
[2022-08-03 04:10:32,889] {logging_mixin.py:109} INFO - [2022-08-03 04:10:32,889] {dagbag.py:500} INFO - Filling up the DagBag from /opt/airflow/dags/fhv_dag.py
[2022-08-03 04:10:34,627] {processor.py:654} INFO - DAG(s) dict_keys(['fhv_dag']) retrieved from /opt/airflow/dags/fhv_dag.py
[2022-08-03 04:10:34,734] {logging_mixin.py:109} INFO - [2022-08-03 04:10:34,732] {dag.py:2396} INFO - Sync 1 DAGs
[2022-08-03 04:10:34,986] {logging_mixin.py:109} INFO - [2022-08-03 04:10:34,986] {dag.py:2935} INFO - Setting next_dagrun for fhv_dag to None
[2022-08-03 04:10:35,025] {processor.py:171} INFO - Processing /opt/airflow/dags/fhv_dag.py took 2.233 seconds
[2022-08-03 04:11:05,285] {processor.py:163} INFO - Started process (PID=90) to work on /opt/airflow/dags/fhv_dag.py
[2022-08-03 04:11:05,299] {processor.py:642} INFO - Processing file /opt/airflow/dags/fhv_dag.py for tasks to queue
[2022-08-03 04:11:05,304] {logging_mixin.py:109} INFO - [2022-08-03 04:11:05,304] {dagbag.py:500} INFO - Filling up the DagBag from /opt/airflow/dags/fhv_dag.py
[2022-08-03 04:11:05,753] {processor.py:654} INFO - DAG(s) dict_keys(['fhv_dag']) retrieved from /opt/airflow/dags/fhv_dag.py
[2022-08-03 04:11:05,804] {logging_mixin.py:109} INFO - [2022-08-03 04:11:05,802] {dag.py:2396} INFO - Sync 1 DAGs
[2022-08-03 04:11:05,989] {logging_mixin.py:109} INFO - [2022-08-03 04:11:05,989] {dag.py:2935} INFO - Setting next_dagrun for fhv_dag to None
[2022-08-03 04:11:06,045] {processor.py:171} INFO - Processing /opt/airflow/dags/fhv_dag.py took 0.767 seconds
[2022-08-03 04:11:36,790] {processor.py:163} INFO - Started process (PID=123) to work on /opt/airflow/dags/fhv_dag.py
[2022-08-03 04:11:36,794] {processor.py:642} INFO - Processing file /opt/airflow/dags/fhv_dag.py for tasks to queue
[2022-08-03 04:11:36,796] {logging_mixin.py:109} INFO - [2022-08-03 04:11:36,796] {dagbag.py:500} INFO - Filling up the DagBag from /opt/airflow/dags/fhv_dag.py
[2022-08-03 04:11:36,957] {processor.py:654} INFO - DAG(s) dict_keys(['fhv_dag']) retrieved from /opt/airflow/dags/fhv_dag.py
[2022-08-03 04:11:36,977] {logging_mixin.py:109} INFO - [2022-08-03 04:11:36,975] {dag.py:2396} INFO - Sync 1 DAGs
[2022-08-03 04:11:37,018] {logging_mixin.py:109} INFO - [2022-08-03 04:11:37,018] {dag.py:2935} INFO - Setting next_dagrun for fhv_dag to None
[2022-08-03 04:11:37,037] {processor.py:171} INFO - Processing /opt/airflow/dags/fhv_dag.py took 0.253 seconds
[2022-08-03 04:12:12,376] {processor.py:163} INFO - Started process (PID=154) to work on /opt/airflow/dags/fhv_dag.py
[2022-08-03 04:12:12,391] {processor.py:642} INFO - Processing file /opt/airflow/dags/fhv_dag.py for tasks to queue
[2022-08-03 04:12:12,409] {logging_mixin.py:109} INFO - [2022-08-03 04:12:12,408] {dagbag.py:500} INFO - Filling up the DagBag from /opt/airflow/dags/fhv_dag.py
[2022-08-03 04:12:14,585] {processor.py:654} INFO - DAG(s) dict_keys(['fhv_dag']) retrieved from /opt/airflow/dags/fhv_dag.py
[2022-08-03 04:12:14,870] {logging_mixin.py:109} INFO - [2022-08-03 04:12:14,806] {dag.py:2396} INFO - Sync 1 DAGs
[2022-08-03 04:12:15,926] {logging_mixin.py:109} INFO - [2022-08-03 04:12:15,925] {dag.py:2935} INFO - Setting next_dagrun for fhv_dag to None
[2022-08-03 04:12:16,118] {processor.py:171} INFO - Processing /opt/airflow/dags/fhv_dag.py took 3.788 seconds
[2022-08-03 04:12:53,638] {processor.py:163} INFO - Started process (PID=187) to work on /opt/airflow/dags/fhv_dag.py
[2022-08-03 04:12:53,678] {processor.py:642} INFO - Processing file /opt/airflow/dags/fhv_dag.py for tasks to queue
[2022-08-03 04:12:53,742] {logging_mixin.py:109} INFO - [2022-08-03 04:12:53,732] {dagbag.py:500} INFO - Filling up the DagBag from /opt/airflow/dags/fhv_dag.py
[2022-08-03 04:12:55,906] {processor.py:654} INFO - DAG(s) dict_keys(['fhv_dag']) retrieved from /opt/airflow/dags/fhv_dag.py
[2022-08-03 04:12:56,222] {logging_mixin.py:109} INFO - [2022-08-03 04:12:56,188] {dag.py:2396} INFO - Sync 1 DAGs
[2022-08-03 04:12:56,697] {logging_mixin.py:109} INFO - [2022-08-03 04:12:56,683] {dag.py:2935} INFO - Setting next_dagrun for fhv_dag to None
[2022-08-03 04:12:56,837] {processor.py:171} INFO - Processing /opt/airflow/dags/fhv_dag.py took 3.301 seconds
[2022-08-03 04:13:41,745] {processor.py:163} INFO - Started process (PID=228) to work on /opt/airflow/dags/fhv_dag.py
[2022-08-03 04:13:41,828] {processor.py:642} INFO - Processing file /opt/airflow/dags/fhv_dag.py for tasks to queue
[2022-08-03 04:13:41,840] {logging_mixin.py:109} INFO - [2022-08-03 04:13:41,840] {dagbag.py:500} INFO - Filling up the DagBag from /opt/airflow/dags/fhv_dag.py
[2022-08-03 04:13:44,651] {processor.py:654} INFO - DAG(s) dict_keys(['fhv_dag']) retrieved from /opt/airflow/dags/fhv_dag.py
[2022-08-03 04:13:44,824] {logging_mixin.py:109} INFO - [2022-08-03 04:13:44,800] {dag.py:2396} INFO - Sync 1 DAGs
[2022-08-03 04:13:45,167] {logging_mixin.py:109} INFO - [2022-08-03 04:13:45,167] {dag.py:2935} INFO - Setting next_dagrun for fhv_dag to None
[2022-08-03 04:13:45,294] {processor.py:171} INFO - Processing /opt/airflow/dags/fhv_dag.py took 3.902 seconds
[2022-08-03 04:14:15,563] {processor.py:163} INFO - Started process (PID=253) to work on /opt/airflow/dags/fhv_dag.py
[2022-08-03 04:14:15,570] {processor.py:642} INFO - Processing file /opt/airflow/dags/fhv_dag.py for tasks to queue
[2022-08-03 04:14:15,572] {logging_mixin.py:109} INFO - [2022-08-03 04:14:15,572] {dagbag.py:500} INFO - Filling up the DagBag from /opt/airflow/dags/fhv_dag.py
[2022-08-03 04:14:15,813] {processor.py:654} INFO - DAG(s) dict_keys(['fhv_dag']) retrieved from /opt/airflow/dags/fhv_dag.py
[2022-08-03 04:14:15,833] {logging_mixin.py:109} INFO - [2022-08-03 04:14:15,830] {dag.py:2396} INFO - Sync 1 DAGs
[2022-08-03 04:14:15,873] {logging_mixin.py:109} INFO - [2022-08-03 04:14:15,873] {dag.py:2935} INFO - Setting next_dagrun for fhv_dag to None
[2022-08-03 04:14:15,886] {processor.py:171} INFO - Processing /opt/airflow/dags/fhv_dag.py took 0.330 seconds
[2022-08-03 04:14:46,477] {processor.py:163} INFO - Started process (PID=286) to work on /opt/airflow/dags/fhv_dag.py
[2022-08-03 04:14:46,489] {processor.py:642} INFO - Processing file /opt/airflow/dags/fhv_dag.py for tasks to queue
[2022-08-03 04:14:46,492] {logging_mixin.py:109} INFO - [2022-08-03 04:14:46,491] {dagbag.py:500} INFO - Filling up the DagBag from /opt/airflow/dags/fhv_dag.py
[2022-08-03 04:14:46,793] {processor.py:654} INFO - DAG(s) dict_keys(['fhv_dag']) retrieved from /opt/airflow/dags/fhv_dag.py
[2022-08-03 04:14:46,851] {logging_mixin.py:109} INFO - [2022-08-03 04:14:46,846] {dag.py:2396} INFO - Sync 1 DAGs
[2022-08-03 04:14:46,907] {logging_mixin.py:109} INFO - [2022-08-03 04:14:46,907] {dag.py:2935} INFO - Setting next_dagrun for fhv_dag to None
[2022-08-03 04:14:46,944] {processor.py:171} INFO - Processing /opt/airflow/dags/fhv_dag.py took 0.497 seconds
[2022-08-03 04:15:17,397] {processor.py:163} INFO - Started process (PID=317) to work on /opt/airflow/dags/fhv_dag.py
[2022-08-03 04:15:17,408] {processor.py:642} INFO - Processing file /opt/airflow/dags/fhv_dag.py for tasks to queue
[2022-08-03 04:15:17,415] {logging_mixin.py:109} INFO - [2022-08-03 04:15:17,415] {dagbag.py:500} INFO - Filling up the DagBag from /opt/airflow/dags/fhv_dag.py
[2022-08-03 04:15:18,236] {processor.py:654} INFO - DAG(s) dict_keys(['fhv_dag']) retrieved from /opt/airflow/dags/fhv_dag.py
[2022-08-03 04:15:18,328] {logging_mixin.py:109} INFO - [2022-08-03 04:15:18,320] {dag.py:2396} INFO - Sync 1 DAGs
[2022-08-03 04:15:18,394] {logging_mixin.py:109} INFO - [2022-08-03 04:15:18,394] {dag.py:2935} INFO - Setting next_dagrun for fhv_dag to None
[2022-08-03 04:15:18,423] {processor.py:171} INFO - Processing /opt/airflow/dags/fhv_dag.py took 1.040 seconds
[2022-08-03 04:15:48,892] {processor.py:163} INFO - Started process (PID=349) to work on /opt/airflow/dags/fhv_dag.py
[2022-08-03 04:15:48,912] {processor.py:642} INFO - Processing file /opt/airflow/dags/fhv_dag.py for tasks to queue
[2022-08-03 04:15:48,915] {logging_mixin.py:109} INFO - [2022-08-03 04:15:48,915] {dagbag.py:500} INFO - Filling up the DagBag from /opt/airflow/dags/fhv_dag.py
[2022-08-03 04:15:49,166] {processor.py:654} INFO - DAG(s) dict_keys(['fhv_dag']) retrieved from /opt/airflow/dags/fhv_dag.py
[2022-08-03 04:15:49,209] {logging_mixin.py:109} INFO - [2022-08-03 04:15:49,204] {dag.py:2396} INFO - Sync 1 DAGs
[2022-08-03 04:15:49,289] {logging_mixin.py:109} INFO - [2022-08-03 04:15:49,289] {dag.py:2935} INFO - Setting next_dagrun for fhv_dag to None
[2022-08-03 04:15:49,314] {processor.py:171} INFO - Processing /opt/airflow/dags/fhv_dag.py took 0.462 seconds
[2022-08-03 04:16:20,642] {processor.py:163} INFO - Started process (PID=381) to work on /opt/airflow/dags/fhv_dag.py
[2022-08-03 04:16:20,660] {processor.py:642} INFO - Processing file /opt/airflow/dags/fhv_dag.py for tasks to queue
[2022-08-03 04:16:20,662] {logging_mixin.py:109} INFO - [2022-08-03 04:16:20,662] {dagbag.py:500} INFO - Filling up the DagBag from /opt/airflow/dags/fhv_dag.py
[2022-08-03 04:16:21,272] {processor.py:654} INFO - DAG(s) dict_keys(['fhv_dag']) retrieved from /opt/airflow/dags/fhv_dag.py
[2022-08-03 04:16:21,326] {logging_mixin.py:109} INFO - [2022-08-03 04:16:21,321] {dag.py:2396} INFO - Sync 1 DAGs
[2022-08-03 04:16:21,381] {logging_mixin.py:109} INFO - [2022-08-03 04:16:21,380] {dag.py:2935} INFO - Setting next_dagrun for fhv_dag to None
[2022-08-03 04:16:21,401] {processor.py:171} INFO - Processing /opt/airflow/dags/fhv_dag.py took 0.777 seconds
[2022-08-03 04:16:51,623] {processor.py:163} INFO - Started process (PID=413) to work on /opt/airflow/dags/fhv_dag.py
[2022-08-03 04:16:51,630] {processor.py:642} INFO - Processing file /opt/airflow/dags/fhv_dag.py for tasks to queue
[2022-08-03 04:16:51,635] {logging_mixin.py:109} INFO - [2022-08-03 04:16:51,635] {dagbag.py:500} INFO - Filling up the DagBag from /opt/airflow/dags/fhv_dag.py
[2022-08-03 04:16:51,826] {processor.py:654} INFO - DAG(s) dict_keys(['fhv_dag']) retrieved from /opt/airflow/dags/fhv_dag.py
[2022-08-03 04:16:51,844] {logging_mixin.py:109} INFO - [2022-08-03 04:16:51,841] {dag.py:2396} INFO - Sync 1 DAGs
[2022-08-03 04:16:51,882] {logging_mixin.py:109} INFO - [2022-08-03 04:16:51,882] {dag.py:2935} INFO - Setting next_dagrun for fhv_dag to None
[2022-08-03 04:16:51,893] {processor.py:171} INFO - Processing /opt/airflow/dags/fhv_dag.py took 0.279 seconds
[2022-08-03 04:17:22,435] {processor.py:163} INFO - Started process (PID=446) to work on /opt/airflow/dags/fhv_dag.py
[2022-08-03 04:17:22,438] {processor.py:642} INFO - Processing file /opt/airflow/dags/fhv_dag.py for tasks to queue
[2022-08-03 04:17:22,440] {logging_mixin.py:109} INFO - [2022-08-03 04:17:22,440] {dagbag.py:500} INFO - Filling up the DagBag from /opt/airflow/dags/fhv_dag.py
[2022-08-03 04:17:22,607] {processor.py:654} INFO - DAG(s) dict_keys(['fhv_dag']) retrieved from /opt/airflow/dags/fhv_dag.py
[2022-08-03 04:17:22,630] {logging_mixin.py:109} INFO - [2022-08-03 04:17:22,628] {dag.py:2396} INFO - Sync 1 DAGs
[2022-08-03 04:17:22,671] {logging_mixin.py:109} INFO - [2022-08-03 04:17:22,671] {dag.py:2935} INFO - Setting next_dagrun for fhv_dag to None
[2022-08-03 04:17:22,691] {processor.py:171} INFO - Processing /opt/airflow/dags/fhv_dag.py took 0.262 seconds
[2022-08-03 04:17:53,226] {processor.py:163} INFO - Started process (PID=477) to work on /opt/airflow/dags/fhv_dag.py
[2022-08-03 04:17:53,229] {processor.py:642} INFO - Processing file /opt/airflow/dags/fhv_dag.py for tasks to queue
[2022-08-03 04:17:53,231] {logging_mixin.py:109} INFO - [2022-08-03 04:17:53,231] {dagbag.py:500} INFO - Filling up the DagBag from /opt/airflow/dags/fhv_dag.py
[2022-08-03 04:17:53,368] {processor.py:654} INFO - DAG(s) dict_keys(['fhv_dag']) retrieved from /opt/airflow/dags/fhv_dag.py
[2022-08-03 04:17:53,388] {logging_mixin.py:109} INFO - [2022-08-03 04:17:53,385] {dag.py:2396} INFO - Sync 1 DAGs
[2022-08-03 04:17:53,431] {logging_mixin.py:109} INFO - [2022-08-03 04:17:53,431] {dag.py:2935} INFO - Setting next_dagrun for fhv_dag to None
[2022-08-03 04:17:53,448] {processor.py:171} INFO - Processing /opt/airflow/dags/fhv_dag.py took 0.229 seconds
[2022-08-03 04:18:24,040] {processor.py:163} INFO - Started process (PID=510) to work on /opt/airflow/dags/fhv_dag.py
[2022-08-03 04:18:24,053] {processor.py:642} INFO - Processing file /opt/airflow/dags/fhv_dag.py for tasks to queue
[2022-08-03 04:18:24,055] {logging_mixin.py:109} INFO - [2022-08-03 04:18:24,055] {dagbag.py:500} INFO - Filling up the DagBag from /opt/airflow/dags/fhv_dag.py
[2022-08-03 04:18:24,319] {processor.py:654} INFO - DAG(s) dict_keys(['fhv_dag']) retrieved from /opt/airflow/dags/fhv_dag.py
[2022-08-03 04:18:24,351] {logging_mixin.py:109} INFO - [2022-08-03 04:18:24,349] {dag.py:2396} INFO - Sync 1 DAGs
[2022-08-03 04:18:24,388] {logging_mixin.py:109} INFO - [2022-08-03 04:18:24,387] {dag.py:2935} INFO - Setting next_dagrun for fhv_dag to None
[2022-08-03 04:18:24,407] {processor.py:171} INFO - Processing /opt/airflow/dags/fhv_dag.py took 0.374 seconds
[2022-08-03 04:18:54,627] {processor.py:163} INFO - Started process (PID=555) to work on /opt/airflow/dags/fhv_dag.py
[2022-08-03 04:18:54,634] {processor.py:642} INFO - Processing file /opt/airflow/dags/fhv_dag.py for tasks to queue
[2022-08-03 04:18:54,637] {logging_mixin.py:109} INFO - [2022-08-03 04:18:54,636] {dagbag.py:500} INFO - Filling up the DagBag from /opt/airflow/dags/fhv_dag.py
[2022-08-03 04:18:54,816] {processor.py:654} INFO - DAG(s) dict_keys(['fhv_dag']) retrieved from /opt/airflow/dags/fhv_dag.py
[2022-08-03 04:18:54,847] {logging_mixin.py:109} INFO - [2022-08-03 04:18:54,844] {dag.py:2396} INFO - Sync 1 DAGs
[2022-08-03 04:18:54,892] {logging_mixin.py:109} INFO - [2022-08-03 04:18:54,892] {dag.py:2935} INFO - Setting next_dagrun for fhv_dag to None
[2022-08-03 04:18:54,917] {processor.py:171} INFO - Processing /opt/airflow/dags/fhv_dag.py took 0.299 seconds
[2022-08-03 04:19:25,386] {processor.py:163} INFO - Started process (PID=585) to work on /opt/airflow/dags/fhv_dag.py
[2022-08-03 04:19:25,389] {processor.py:642} INFO - Processing file /opt/airflow/dags/fhv_dag.py for tasks to queue
[2022-08-03 04:19:25,391] {logging_mixin.py:109} INFO - [2022-08-03 04:19:25,391] {dagbag.py:500} INFO - Filling up the DagBag from /opt/airflow/dags/fhv_dag.py
[2022-08-03 04:19:25,557] {processor.py:654} INFO - DAG(s) dict_keys(['fhv_dag']) retrieved from /opt/airflow/dags/fhv_dag.py
[2022-08-03 04:19:25,577] {logging_mixin.py:109} INFO - [2022-08-03 04:19:25,575] {dag.py:2396} INFO - Sync 1 DAGs
[2022-08-03 04:19:25,611] {logging_mixin.py:109} INFO - [2022-08-03 04:19:25,610] {dag.py:2935} INFO - Setting next_dagrun for fhv_dag to None
[2022-08-03 04:19:25,632] {processor.py:171} INFO - Processing /opt/airflow/dags/fhv_dag.py took 0.252 seconds
[2022-08-03 04:19:55,875] {processor.py:163} INFO - Started process (PID=619) to work on /opt/airflow/dags/fhv_dag.py
[2022-08-03 04:19:55,877] {processor.py:642} INFO - Processing file /opt/airflow/dags/fhv_dag.py for tasks to queue
[2022-08-03 04:19:55,878] {logging_mixin.py:109} INFO - [2022-08-03 04:19:55,878] {dagbag.py:500} INFO - Filling up the DagBag from /opt/airflow/dags/fhv_dag.py
[2022-08-03 04:19:55,999] {processor.py:654} INFO - DAG(s) dict_keys(['fhv_dag']) retrieved from /opt/airflow/dags/fhv_dag.py
[2022-08-03 04:19:56,014] {logging_mixin.py:109} INFO - [2022-08-03 04:19:56,012] {dag.py:2396} INFO - Sync 1 DAGs
[2022-08-03 04:19:56,035] {logging_mixin.py:109} INFO - [2022-08-03 04:19:56,035] {dag.py:2935} INFO - Setting next_dagrun for fhv_dag to None
[2022-08-03 04:19:56,049] {processor.py:171} INFO - Processing /opt/airflow/dags/fhv_dag.py took 0.178 seconds
[2022-08-03 04:20:26,171] {processor.py:163} INFO - Started process (PID=651) to work on /opt/airflow/dags/fhv_dag.py
[2022-08-03 04:20:26,174] {processor.py:642} INFO - Processing file /opt/airflow/dags/fhv_dag.py for tasks to queue
[2022-08-03 04:20:26,176] {logging_mixin.py:109} INFO - [2022-08-03 04:20:26,176] {dagbag.py:500} INFO - Filling up the DagBag from /opt/airflow/dags/fhv_dag.py
[2022-08-03 04:20:26,292] {processor.py:654} INFO - DAG(s) dict_keys(['fhv_dag']) retrieved from /opt/airflow/dags/fhv_dag.py
[2022-08-03 04:20:26,306] {logging_mixin.py:109} INFO - [2022-08-03 04:20:26,305] {dag.py:2396} INFO - Sync 1 DAGs
[2022-08-03 04:20:26,327] {logging_mixin.py:109} INFO - [2022-08-03 04:20:26,327] {dag.py:2935} INFO - Setting next_dagrun for fhv_dag to None
[2022-08-03 04:20:26,339] {processor.py:171} INFO - Processing /opt/airflow/dags/fhv_dag.py took 0.173 seconds
[2022-08-03 04:20:56,866] {processor.py:163} INFO - Started process (PID=694) to work on /opt/airflow/dags/fhv_dag.py
[2022-08-03 04:20:56,879] {processor.py:642} INFO - Processing file /opt/airflow/dags/fhv_dag.py for tasks to queue
[2022-08-03 04:20:56,885] {logging_mixin.py:109} INFO - [2022-08-03 04:20:56,884] {dagbag.py:500} INFO - Filling up the DagBag from /opt/airflow/dags/fhv_dag.py
[2022-08-03 04:20:57,135] {processor.py:654} INFO - DAG(s) dict_keys(['fhv_dag']) retrieved from /opt/airflow/dags/fhv_dag.py
[2022-08-03 04:20:57,152] {logging_mixin.py:109} INFO - [2022-08-03 04:20:57,150] {dag.py:2396} INFO - Sync 1 DAGs
[2022-08-03 04:20:57,177] {logging_mixin.py:109} INFO - [2022-08-03 04:20:57,177] {dag.py:2935} INFO - Setting next_dagrun for fhv_dag to None
[2022-08-03 04:20:57,190] {processor.py:171} INFO - Processing /opt/airflow/dags/fhv_dag.py took 0.333 seconds
[2022-08-03 04:21:27,473] {processor.py:163} INFO - Started process (PID=727) to work on /opt/airflow/dags/fhv_dag.py
[2022-08-03 04:21:27,477] {processor.py:642} INFO - Processing file /opt/airflow/dags/fhv_dag.py for tasks to queue
[2022-08-03 04:21:27,482] {logging_mixin.py:109} INFO - [2022-08-03 04:21:27,482] {dagbag.py:500} INFO - Filling up the DagBag from /opt/airflow/dags/fhv_dag.py
[2022-08-03 04:21:27,678] {processor.py:654} INFO - DAG(s) dict_keys(['fhv_dag']) retrieved from /opt/airflow/dags/fhv_dag.py
[2022-08-03 04:21:27,708] {logging_mixin.py:109} INFO - [2022-08-03 04:21:27,706] {dag.py:2396} INFO - Sync 1 DAGs
[2022-08-03 04:21:27,742] {logging_mixin.py:109} INFO - [2022-08-03 04:21:27,742] {dag.py:2935} INFO - Setting next_dagrun for fhv_dag to None
[2022-08-03 04:21:27,754] {processor.py:171} INFO - Processing /opt/airflow/dags/fhv_dag.py took 0.291 seconds
[2022-08-03 04:21:58,010] {processor.py:163} INFO - Started process (PID=761) to work on /opt/airflow/dags/fhv_dag.py
[2022-08-03 04:21:58,012] {processor.py:642} INFO - Processing file /opt/airflow/dags/fhv_dag.py for tasks to queue
[2022-08-03 04:21:58,014] {logging_mixin.py:109} INFO - [2022-08-03 04:21:58,013] {dagbag.py:500} INFO - Filling up the DagBag from /opt/airflow/dags/fhv_dag.py
[2022-08-03 04:21:58,161] {processor.py:654} INFO - DAG(s) dict_keys(['fhv_dag']) retrieved from /opt/airflow/dags/fhv_dag.py
[2022-08-03 04:21:58,176] {logging_mixin.py:109} INFO - [2022-08-03 04:21:58,174] {dag.py:2396} INFO - Sync 1 DAGs
[2022-08-03 04:21:58,204] {logging_mixin.py:109} INFO - [2022-08-03 04:21:58,204] {dag.py:2935} INFO - Setting next_dagrun for fhv_dag to None
[2022-08-03 04:21:58,214] {processor.py:171} INFO - Processing /opt/airflow/dags/fhv_dag.py took 0.211 seconds
[2022-08-03 04:22:28,477] {processor.py:163} INFO - Started process (PID=806) to work on /opt/airflow/dags/fhv_dag.py
[2022-08-03 04:22:28,479] {processor.py:642} INFO - Processing file /opt/airflow/dags/fhv_dag.py for tasks to queue
[2022-08-03 04:22:28,480] {logging_mixin.py:109} INFO - [2022-08-03 04:22:28,480] {dagbag.py:500} INFO - Filling up the DagBag from /opt/airflow/dags/fhv_dag.py
[2022-08-03 04:22:28,595] {processor.py:654} INFO - DAG(s) dict_keys(['fhv_dag']) retrieved from /opt/airflow/dags/fhv_dag.py
[2022-08-03 04:22:28,610] {logging_mixin.py:109} INFO - [2022-08-03 04:22:28,609] {dag.py:2396} INFO - Sync 1 DAGs
[2022-08-03 04:22:28,639] {logging_mixin.py:109} INFO - [2022-08-03 04:22:28,639] {dag.py:2935} INFO - Setting next_dagrun for fhv_dag to None
[2022-08-03 04:22:28,650] {processor.py:171} INFO - Processing /opt/airflow/dags/fhv_dag.py took 0.178 seconds
[2022-08-03 04:22:58,921] {processor.py:163} INFO - Started process (PID=839) to work on /opt/airflow/dags/fhv_dag.py
[2022-08-03 04:22:58,923] {processor.py:642} INFO - Processing file /opt/airflow/dags/fhv_dag.py for tasks to queue
[2022-08-03 04:22:58,924] {logging_mixin.py:109} INFO - [2022-08-03 04:22:58,924] {dagbag.py:500} INFO - Filling up the DagBag from /opt/airflow/dags/fhv_dag.py
[2022-08-03 04:22:59,039] {processor.py:654} INFO - DAG(s) dict_keys(['fhv_dag']) retrieved from /opt/airflow/dags/fhv_dag.py
[2022-08-03 04:22:59,054] {logging_mixin.py:109} INFO - [2022-08-03 04:22:59,052] {dag.py:2396} INFO - Sync 1 DAGs
[2022-08-03 04:22:59,075] {logging_mixin.py:109} INFO - [2022-08-03 04:22:59,075] {dag.py:2935} INFO - Setting next_dagrun for fhv_dag to None
[2022-08-03 04:22:59,086] {processor.py:171} INFO - Processing /opt/airflow/dags/fhv_dag.py took 0.170 seconds
[2022-08-03 04:23:29,892] {processor.py:163} INFO - Started process (PID=872) to work on /opt/airflow/dags/fhv_dag.py
[2022-08-03 04:23:29,894] {processor.py:642} INFO - Processing file /opt/airflow/dags/fhv_dag.py for tasks to queue
[2022-08-03 04:23:29,897] {logging_mixin.py:109} INFO - [2022-08-03 04:23:29,896] {dagbag.py:500} INFO - Filling up the DagBag from /opt/airflow/dags/fhv_dag.py
[2022-08-03 04:23:30,033] {processor.py:654} INFO - DAG(s) dict_keys(['fhv_dag']) retrieved from /opt/airflow/dags/fhv_dag.py
[2022-08-03 04:23:30,052] {logging_mixin.py:109} INFO - [2022-08-03 04:23:30,049] {dag.py:2396} INFO - Sync 1 DAGs
[2022-08-03 04:23:30,077] {logging_mixin.py:109} INFO - [2022-08-03 04:23:30,077] {dag.py:2935} INFO - Setting next_dagrun for fhv_dag to None
[2022-08-03 04:23:30,088] {processor.py:171} INFO - Processing /opt/airflow/dags/fhv_dag.py took 0.202 seconds
[2022-08-03 04:24:00,867] {processor.py:163} INFO - Started process (PID=916) to work on /opt/airflow/dags/fhv_dag.py
[2022-08-03 04:24:00,869] {processor.py:642} INFO - Processing file /opt/airflow/dags/fhv_dag.py for tasks to queue
[2022-08-03 04:24:00,870] {logging_mixin.py:109} INFO - [2022-08-03 04:24:00,870] {dagbag.py:500} INFO - Filling up the DagBag from /opt/airflow/dags/fhv_dag.py
[2022-08-03 04:24:01,004] {processor.py:654} INFO - DAG(s) dict_keys(['fhv_dag']) retrieved from /opt/airflow/dags/fhv_dag.py
[2022-08-03 04:24:01,025] {logging_mixin.py:109} INFO - [2022-08-03 04:24:01,023] {dag.py:2396} INFO - Sync 1 DAGs
[2022-08-03 04:24:01,053] {logging_mixin.py:109} INFO - [2022-08-03 04:24:01,053] {dag.py:2935} INFO - Setting next_dagrun for fhv_dag to None
[2022-08-03 04:24:01,068] {processor.py:171} INFO - Processing /opt/airflow/dags/fhv_dag.py took 0.206 seconds
[2022-08-03 04:24:31,577] {processor.py:163} INFO - Started process (PID=948) to work on /opt/airflow/dags/fhv_dag.py
[2022-08-03 04:24:31,579] {processor.py:642} INFO - Processing file /opt/airflow/dags/fhv_dag.py for tasks to queue
[2022-08-03 04:24:31,580] {logging_mixin.py:109} INFO - [2022-08-03 04:24:31,580] {dagbag.py:500} INFO - Filling up the DagBag from /opt/airflow/dags/fhv_dag.py
[2022-08-03 04:24:31,709] {processor.py:654} INFO - DAG(s) dict_keys(['fhv_dag']) retrieved from /opt/airflow/dags/fhv_dag.py
[2022-08-03 04:24:31,724] {logging_mixin.py:109} INFO - [2022-08-03 04:24:31,722] {dag.py:2396} INFO - Sync 1 DAGs
[2022-08-03 04:24:31,762] {logging_mixin.py:109} INFO - [2022-08-03 04:24:31,762] {dag.py:2935} INFO - Setting next_dagrun for fhv_dag to None
[2022-08-03 04:24:31,774] {processor.py:171} INFO - Processing /opt/airflow/dags/fhv_dag.py took 0.201 seconds
[2022-08-03 04:25:02,307] {processor.py:163} INFO - Started process (PID=980) to work on /opt/airflow/dags/fhv_dag.py
[2022-08-03 04:25:02,309] {processor.py:642} INFO - Processing file /opt/airflow/dags/fhv_dag.py for tasks to queue
[2022-08-03 04:25:02,311] {logging_mixin.py:109} INFO - [2022-08-03 04:25:02,310] {dagbag.py:500} INFO - Filling up the DagBag from /opt/airflow/dags/fhv_dag.py
[2022-08-03 04:25:02,435] {processor.py:654} INFO - DAG(s) dict_keys(['fhv_dag']) retrieved from /opt/airflow/dags/fhv_dag.py
[2022-08-03 04:25:02,450] {logging_mixin.py:109} INFO - [2022-08-03 04:25:02,448] {dag.py:2396} INFO - Sync 1 DAGs
[2022-08-03 04:25:02,471] {logging_mixin.py:109} INFO - [2022-08-03 04:25:02,471] {dag.py:2935} INFO - Setting next_dagrun for fhv_dag to None
[2022-08-03 04:25:02,482] {processor.py:171} INFO - Processing /opt/airflow/dags/fhv_dag.py took 0.181 seconds
[2022-08-03 04:25:32,898] {processor.py:163} INFO - Started process (PID=1024) to work on /opt/airflow/dags/fhv_dag.py
[2022-08-03 04:25:32,901] {processor.py:642} INFO - Processing file /opt/airflow/dags/fhv_dag.py for tasks to queue
[2022-08-03 04:25:32,902] {logging_mixin.py:109} INFO - [2022-08-03 04:25:32,902] {dagbag.py:500} INFO - Filling up the DagBag from /opt/airflow/dags/fhv_dag.py
[2022-08-03 04:25:33,042] {processor.py:654} INFO - DAG(s) dict_keys(['fhv_dag']) retrieved from /opt/airflow/dags/fhv_dag.py
[2022-08-03 04:25:33,057] {logging_mixin.py:109} INFO - [2022-08-03 04:25:33,055] {dag.py:2396} INFO - Sync 1 DAGs
[2022-08-03 04:25:33,078] {logging_mixin.py:109} INFO - [2022-08-03 04:25:33,078] {dag.py:2935} INFO - Setting next_dagrun for fhv_dag to None
[2022-08-03 04:25:33,087] {processor.py:171} INFO - Processing /opt/airflow/dags/fhv_dag.py took 0.196 seconds
[2022-08-03 04:26:03,495] {processor.py:163} INFO - Started process (PID=1059) to work on /opt/airflow/dags/fhv_dag.py
[2022-08-03 04:26:03,497] {processor.py:642} INFO - Processing file /opt/airflow/dags/fhv_dag.py for tasks to queue
[2022-08-03 04:26:03,499] {logging_mixin.py:109} INFO - [2022-08-03 04:26:03,498] {dagbag.py:500} INFO - Filling up the DagBag from /opt/airflow/dags/fhv_dag.py
[2022-08-03 04:26:03,621] {processor.py:654} INFO - DAG(s) dict_keys(['fhv_dag']) retrieved from /opt/airflow/dags/fhv_dag.py
[2022-08-03 04:26:03,637] {logging_mixin.py:109} INFO - [2022-08-03 04:26:03,635] {dag.py:2396} INFO - Sync 1 DAGs
[2022-08-03 04:26:03,661] {logging_mixin.py:109} INFO - [2022-08-03 04:26:03,661] {dag.py:2935} INFO - Setting next_dagrun for fhv_dag to None
[2022-08-03 04:26:03,671] {processor.py:171} INFO - Processing /opt/airflow/dags/fhv_dag.py took 0.180 seconds
