[2022-08-03 04:10:29,854] {processor.py:163} INFO - Started process (PID=66) to work on /opt/airflow/dags/green_taxi_dag.py
[2022-08-03 04:10:29,859] {processor.py:642} INFO - Processing file /opt/airflow/dags/green_taxi_dag.py for tasks to queue
[2022-08-03 04:10:29,861] {logging_mixin.py:109} INFO - [2022-08-03 04:10:29,861] {dagbag.py:500} INFO - Filling up the DagBag from /opt/airflow/dags/green_taxi_dag.py
[2022-08-03 04:10:32,144] {processor.py:654} INFO - DAG(s) dict_keys(['gt_dag']) retrieved from /opt/airflow/dags/green_taxi_dag.py
[2022-08-03 04:10:32,307] {logging_mixin.py:109} INFO - [2022-08-03 04:10:32,269] {dag.py:2396} INFO - Sync 1 DAGs
[2022-08-03 04:10:32,502] {logging_mixin.py:109} INFO - [2022-08-03 04:10:32,497] {dag.py:2935} INFO - Setting next_dagrun for gt_dag to None
[2022-08-03 04:10:32,574] {processor.py:171} INFO - Processing /opt/airflow/dags/green_taxi_dag.py took 2.735 seconds
[2022-08-03 04:11:03,158] {processor.py:163} INFO - Started process (PID=89) to work on /opt/airflow/dags/green_taxi_dag.py
[2022-08-03 04:11:03,162] {processor.py:642} INFO - Processing file /opt/airflow/dags/green_taxi_dag.py for tasks to queue
[2022-08-03 04:11:03,175] {logging_mixin.py:109} INFO - [2022-08-03 04:11:03,174] {dagbag.py:500} INFO - Filling up the DagBag from /opt/airflow/dags/green_taxi_dag.py
[2022-08-03 04:11:03,630] {processor.py:654} INFO - DAG(s) dict_keys(['gt_dag']) retrieved from /opt/airflow/dags/green_taxi_dag.py
[2022-08-03 04:11:03,684] {logging_mixin.py:109} INFO - [2022-08-03 04:11:03,676] {dag.py:2396} INFO - Sync 1 DAGs
[2022-08-03 04:11:03,758] {logging_mixin.py:109} INFO - [2022-08-03 04:11:03,758] {dag.py:2935} INFO - Setting next_dagrun for gt_dag to None
[2022-08-03 04:11:03,798] {processor.py:171} INFO - Processing /opt/airflow/dags/green_taxi_dag.py took 0.666 seconds
[2022-08-03 04:11:34,109] {processor.py:163} INFO - Started process (PID=122) to work on /opt/airflow/dags/green_taxi_dag.py
[2022-08-03 04:11:34,112] {processor.py:642} INFO - Processing file /opt/airflow/dags/green_taxi_dag.py for tasks to queue
[2022-08-03 04:11:34,114] {logging_mixin.py:109} INFO - [2022-08-03 04:11:34,114] {dagbag.py:500} INFO - Filling up the DagBag from /opt/airflow/dags/green_taxi_dag.py
[2022-08-03 04:11:34,689] {processor.py:654} INFO - DAG(s) dict_keys(['gt_dag']) retrieved from /opt/airflow/dags/green_taxi_dag.py
[2022-08-03 04:11:34,725] {logging_mixin.py:109} INFO - [2022-08-03 04:11:34,721] {dag.py:2396} INFO - Sync 1 DAGs
[2022-08-03 04:11:34,802] {logging_mixin.py:109} INFO - [2022-08-03 04:11:34,801] {dag.py:2935} INFO - Setting next_dagrun for gt_dag to None
[2022-08-03 04:11:34,859] {processor.py:171} INFO - Processing /opt/airflow/dags/green_taxi_dag.py took 0.762 seconds
[2022-08-03 04:12:06,412] {processor.py:163} INFO - Started process (PID=152) to work on /opt/airflow/dags/green_taxi_dag.py
[2022-08-03 04:12:06,488] {processor.py:642} INFO - Processing file /opt/airflow/dags/green_taxi_dag.py for tasks to queue
[2022-08-03 04:12:06,736] {logging_mixin.py:109} INFO - [2022-08-03 04:12:06,722] {dagbag.py:500} INFO - Filling up the DagBag from /opt/airflow/dags/green_taxi_dag.py
[2022-08-03 04:12:10,859] {processor.py:654} INFO - DAG(s) dict_keys(['gt_dag']) retrieved from /opt/airflow/dags/green_taxi_dag.py
[2022-08-03 04:12:11,186] {logging_mixin.py:109} INFO - [2022-08-03 04:12:11,150] {dag.py:2396} INFO - Sync 1 DAGs
[2022-08-03 04:12:11,803] {logging_mixin.py:109} INFO - [2022-08-03 04:12:11,803] {dag.py:2935} INFO - Setting next_dagrun for gt_dag to None
[2022-08-03 04:12:11,851] {processor.py:171} INFO - Processing /opt/airflow/dags/green_taxi_dag.py took 5.555 seconds
[2022-08-03 04:12:46,005] {processor.py:163} INFO - Started process (PID=183) to work on /opt/airflow/dags/green_taxi_dag.py
[2022-08-03 04:12:46,065] {processor.py:642} INFO - Processing file /opt/airflow/dags/green_taxi_dag.py for tasks to queue
[2022-08-03 04:12:46,082] {logging_mixin.py:109} INFO - [2022-08-03 04:12:46,079] {dagbag.py:500} INFO - Filling up the DagBag from /opt/airflow/dags/green_taxi_dag.py
[2022-08-03 04:12:48,670] {processor.py:654} INFO - DAG(s) dict_keys(['gt_dag']) retrieved from /opt/airflow/dags/green_taxi_dag.py
[2022-08-03 04:12:49,103] {logging_mixin.py:109} INFO - [2022-08-03 04:12:49,088] {dag.py:2396} INFO - Sync 1 DAGs
[2022-08-03 04:12:50,028] {logging_mixin.py:109} INFO - [2022-08-03 04:12:50,028] {dag.py:2935} INFO - Setting next_dagrun for gt_dag to None
[2022-08-03 04:12:50,189] {processor.py:171} INFO - Processing /opt/airflow/dags/green_taxi_dag.py took 4.257 seconds
[2022-08-03 04:13:29,558] {processor.py:163} INFO - Started process (PID=217) to work on /opt/airflow/dags/green_taxi_dag.py
[2022-08-03 04:13:29,620] {processor.py:642} INFO - Processing file /opt/airflow/dags/green_taxi_dag.py for tasks to queue
[2022-08-03 04:13:29,630] {logging_mixin.py:109} INFO - [2022-08-03 04:13:29,629] {dagbag.py:500} INFO - Filling up the DagBag from /opt/airflow/dags/green_taxi_dag.py
[2022-08-03 04:13:34,235] {processor.py:654} INFO - DAG(s) dict_keys(['gt_dag']) retrieved from /opt/airflow/dags/green_taxi_dag.py
[2022-08-03 04:13:34,580] {logging_mixin.py:109} INFO - [2022-08-03 04:13:34,537] {dag.py:2396} INFO - Sync 1 DAGs
[2022-08-03 04:13:35,022] {logging_mixin.py:109} INFO - [2022-08-03 04:13:35,022] {dag.py:2935} INFO - Setting next_dagrun for gt_dag to None
[2022-08-03 04:13:35,177] {processor.py:171} INFO - Processing /opt/airflow/dags/green_taxi_dag.py took 5.756 seconds
[2022-08-03 04:14:05,548] {processor.py:163} INFO - Started process (PID=246) to work on /opt/airflow/dags/green_taxi_dag.py
[2022-08-03 04:14:05,554] {processor.py:642} INFO - Processing file /opt/airflow/dags/green_taxi_dag.py for tasks to queue
[2022-08-03 04:14:05,557] {logging_mixin.py:109} INFO - [2022-08-03 04:14:05,557] {dagbag.py:500} INFO - Filling up the DagBag from /opt/airflow/dags/green_taxi_dag.py
[2022-08-03 04:14:06,195] {processor.py:654} INFO - DAG(s) dict_keys(['gt_dag']) retrieved from /opt/airflow/dags/green_taxi_dag.py
[2022-08-03 04:14:06,256] {logging_mixin.py:109} INFO - [2022-08-03 04:14:06,239] {dag.py:2396} INFO - Sync 1 DAGs
[2022-08-03 04:14:06,354] {logging_mixin.py:109} INFO - [2022-08-03 04:14:06,353] {dag.py:2935} INFO - Setting next_dagrun for gt_dag to None
[2022-08-03 04:14:06,388] {processor.py:171} INFO - Processing /opt/airflow/dags/green_taxi_dag.py took 0.859 seconds
[2022-08-03 04:14:36,477] {processor.py:163} INFO - Started process (PID=268) to work on /opt/airflow/dags/green_taxi_dag.py
[2022-08-03 04:14:36,482] {processor.py:642} INFO - Processing file /opt/airflow/dags/green_taxi_dag.py for tasks to queue
[2022-08-03 04:14:36,488] {logging_mixin.py:109} INFO - [2022-08-03 04:14:36,487] {dagbag.py:500} INFO - Filling up the DagBag from /opt/airflow/dags/green_taxi_dag.py
[2022-08-03 04:14:36,764] {processor.py:654} INFO - DAG(s) dict_keys(['gt_dag']) retrieved from /opt/airflow/dags/green_taxi_dag.py
[2022-08-03 04:14:36,788] {logging_mixin.py:109} INFO - [2022-08-03 04:14:36,785] {dag.py:2396} INFO - Sync 1 DAGs
[2022-08-03 04:14:36,856] {logging_mixin.py:109} INFO - [2022-08-03 04:14:36,855] {dag.py:2935} INFO - Setting next_dagrun for gt_dag to None
[2022-08-03 04:14:36,875] {processor.py:171} INFO - Processing /opt/airflow/dags/green_taxi_dag.py took 0.407 seconds
[2022-08-03 04:15:06,980] {processor.py:163} INFO - Started process (PID=299) to work on /opt/airflow/dags/green_taxi_dag.py
[2022-08-03 04:15:06,983] {processor.py:642} INFO - Processing file /opt/airflow/dags/green_taxi_dag.py for tasks to queue
[2022-08-03 04:15:06,986] {logging_mixin.py:109} INFO - [2022-08-03 04:15:06,986] {dagbag.py:500} INFO - Filling up the DagBag from /opt/airflow/dags/green_taxi_dag.py
[2022-08-03 04:15:07,550] {processor.py:654} INFO - DAG(s) dict_keys(['gt_dag']) retrieved from /opt/airflow/dags/green_taxi_dag.py
[2022-08-03 04:15:07,614] {logging_mixin.py:109} INFO - [2022-08-03 04:15:07,611] {dag.py:2396} INFO - Sync 1 DAGs
[2022-08-03 04:15:07,664] {logging_mixin.py:109} INFO - [2022-08-03 04:15:07,664] {dag.py:2935} INFO - Setting next_dagrun for gt_dag to None
[2022-08-03 04:15:07,690] {processor.py:171} INFO - Processing /opt/airflow/dags/green_taxi_dag.py took 0.727 seconds
[2022-08-03 04:15:37,946] {processor.py:163} INFO - Started process (PID=331) to work on /opt/airflow/dags/green_taxi_dag.py
[2022-08-03 04:15:37,950] {processor.py:642} INFO - Processing file /opt/airflow/dags/green_taxi_dag.py for tasks to queue
[2022-08-03 04:15:37,952] {logging_mixin.py:109} INFO - [2022-08-03 04:15:37,952] {dagbag.py:500} INFO - Filling up the DagBag from /opt/airflow/dags/green_taxi_dag.py
[2022-08-03 04:15:38,108] {processor.py:654} INFO - DAG(s) dict_keys(['gt_dag']) retrieved from /opt/airflow/dags/green_taxi_dag.py
[2022-08-03 04:15:38,129] {logging_mixin.py:109} INFO - [2022-08-03 04:15:38,126] {dag.py:2396} INFO - Sync 1 DAGs
[2022-08-03 04:15:38,159] {logging_mixin.py:109} INFO - [2022-08-03 04:15:38,159] {dag.py:2935} INFO - Setting next_dagrun for gt_dag to None
[2022-08-03 04:15:38,178] {processor.py:171} INFO - Processing /opt/airflow/dags/green_taxi_dag.py took 0.240 seconds
[2022-08-03 04:16:08,751] {processor.py:163} INFO - Started process (PID=364) to work on /opt/airflow/dags/green_taxi_dag.py
[2022-08-03 04:16:08,755] {processor.py:642} INFO - Processing file /opt/airflow/dags/green_taxi_dag.py for tasks to queue
[2022-08-03 04:16:08,758] {logging_mixin.py:109} INFO - [2022-08-03 04:16:08,757] {dagbag.py:500} INFO - Filling up the DagBag from /opt/airflow/dags/green_taxi_dag.py
[2022-08-03 04:16:08,978] {processor.py:654} INFO - DAG(s) dict_keys(['gt_dag']) retrieved from /opt/airflow/dags/green_taxi_dag.py
[2022-08-03 04:16:09,008] {logging_mixin.py:109} INFO - [2022-08-03 04:16:09,006] {dag.py:2396} INFO - Sync 1 DAGs
[2022-08-03 04:16:09,039] {logging_mixin.py:109} INFO - [2022-08-03 04:16:09,038] {dag.py:2935} INFO - Setting next_dagrun for gt_dag to None
[2022-08-03 04:16:09,056] {processor.py:171} INFO - Processing /opt/airflow/dags/green_taxi_dag.py took 0.315 seconds
[2022-08-03 04:16:39,386] {processor.py:163} INFO - Started process (PID=394) to work on /opt/airflow/dags/green_taxi_dag.py
[2022-08-03 04:16:39,392] {processor.py:642} INFO - Processing file /opt/airflow/dags/green_taxi_dag.py for tasks to queue
[2022-08-03 04:16:39,399] {logging_mixin.py:109} INFO - [2022-08-03 04:16:39,398] {dagbag.py:500} INFO - Filling up the DagBag from /opt/airflow/dags/green_taxi_dag.py
[2022-08-03 04:16:39,645] {processor.py:654} INFO - DAG(s) dict_keys(['gt_dag']) retrieved from /opt/airflow/dags/green_taxi_dag.py
[2022-08-03 04:16:39,677] {logging_mixin.py:109} INFO - [2022-08-03 04:16:39,674] {dag.py:2396} INFO - Sync 1 DAGs
[2022-08-03 04:16:39,741] {logging_mixin.py:109} INFO - [2022-08-03 04:16:39,741] {dag.py:2935} INFO - Setting next_dagrun for gt_dag to None
[2022-08-03 04:16:39,763] {processor.py:171} INFO - Processing /opt/airflow/dags/green_taxi_dag.py took 0.393 seconds
[2022-08-03 04:17:10,285] {processor.py:163} INFO - Started process (PID=428) to work on /opt/airflow/dags/green_taxi_dag.py
[2022-08-03 04:17:10,287] {processor.py:642} INFO - Processing file /opt/airflow/dags/green_taxi_dag.py for tasks to queue
[2022-08-03 04:17:10,289] {logging_mixin.py:109} INFO - [2022-08-03 04:17:10,289] {dagbag.py:500} INFO - Filling up the DagBag from /opt/airflow/dags/green_taxi_dag.py
[2022-08-03 04:17:10,420] {processor.py:654} INFO - DAG(s) dict_keys(['gt_dag']) retrieved from /opt/airflow/dags/green_taxi_dag.py
[2022-08-03 04:17:10,446] {logging_mixin.py:109} INFO - [2022-08-03 04:17:10,443] {dag.py:2396} INFO - Sync 1 DAGs
[2022-08-03 04:17:10,481] {logging_mixin.py:109} INFO - [2022-08-03 04:17:10,481] {dag.py:2935} INFO - Setting next_dagrun for gt_dag to None
[2022-08-03 04:17:10,493] {processor.py:171} INFO - Processing /opt/airflow/dags/green_taxi_dag.py took 0.213 seconds
[2022-08-03 04:17:41,049] {processor.py:163} INFO - Started process (PID=460) to work on /opt/airflow/dags/green_taxi_dag.py
[2022-08-03 04:17:41,053] {processor.py:642} INFO - Processing file /opt/airflow/dags/green_taxi_dag.py for tasks to queue
[2022-08-03 04:17:41,055] {logging_mixin.py:109} INFO - [2022-08-03 04:17:41,054] {dagbag.py:500} INFO - Filling up the DagBag from /opt/airflow/dags/green_taxi_dag.py
[2022-08-03 04:17:41,196] {processor.py:654} INFO - DAG(s) dict_keys(['gt_dag']) retrieved from /opt/airflow/dags/green_taxi_dag.py
[2022-08-03 04:17:41,220] {logging_mixin.py:109} INFO - [2022-08-03 04:17:41,217] {dag.py:2396} INFO - Sync 1 DAGs
[2022-08-03 04:17:41,258] {logging_mixin.py:109} INFO - [2022-08-03 04:17:41,258] {dag.py:2935} INFO - Setting next_dagrun for gt_dag to None
[2022-08-03 04:17:41,285] {processor.py:171} INFO - Processing /opt/airflow/dags/green_taxi_dag.py took 0.241 seconds
[2022-08-03 04:18:11,715] {processor.py:163} INFO - Started process (PID=493) to work on /opt/airflow/dags/green_taxi_dag.py
[2022-08-03 04:18:11,718] {processor.py:642} INFO - Processing file /opt/airflow/dags/green_taxi_dag.py for tasks to queue
[2022-08-03 04:18:11,721] {logging_mixin.py:109} INFO - [2022-08-03 04:18:11,721] {dagbag.py:500} INFO - Filling up the DagBag from /opt/airflow/dags/green_taxi_dag.py
[2022-08-03 04:18:11,885] {processor.py:654} INFO - DAG(s) dict_keys(['gt_dag']) retrieved from /opt/airflow/dags/green_taxi_dag.py
[2022-08-03 04:18:11,906] {logging_mixin.py:109} INFO - [2022-08-03 04:18:11,904] {dag.py:2396} INFO - Sync 1 DAGs
[2022-08-03 04:18:11,930] {logging_mixin.py:109} INFO - [2022-08-03 04:18:11,930] {dag.py:2935} INFO - Setting next_dagrun for gt_dag to None
[2022-08-03 04:18:11,944] {processor.py:171} INFO - Processing /opt/airflow/dags/green_taxi_dag.py took 0.235 seconds
[2022-08-03 04:18:42,016] {processor.py:163} INFO - Started process (PID=538) to work on /opt/airflow/dags/green_taxi_dag.py
[2022-08-03 04:18:42,020] {processor.py:642} INFO - Processing file /opt/airflow/dags/green_taxi_dag.py for tasks to queue
[2022-08-03 04:18:42,022] {logging_mixin.py:109} INFO - [2022-08-03 04:18:42,022] {dagbag.py:500} INFO - Filling up the DagBag from /opt/airflow/dags/green_taxi_dag.py
[2022-08-03 04:18:42,239] {processor.py:654} INFO - DAG(s) dict_keys(['gt_dag']) retrieved from /opt/airflow/dags/green_taxi_dag.py
[2022-08-03 04:18:42,261] {logging_mixin.py:109} INFO - [2022-08-03 04:18:42,258] {dag.py:2396} INFO - Sync 1 DAGs
[2022-08-03 04:18:42,299] {logging_mixin.py:109} INFO - [2022-08-03 04:18:42,299] {dag.py:2935} INFO - Setting next_dagrun for gt_dag to None
[2022-08-03 04:18:42,317] {processor.py:171} INFO - Processing /opt/airflow/dags/green_taxi_dag.py took 0.309 seconds
[2022-08-03 04:19:12,841] {processor.py:163} INFO - Started process (PID=571) to work on /opt/airflow/dags/green_taxi_dag.py
[2022-08-03 04:19:12,845] {processor.py:642} INFO - Processing file /opt/airflow/dags/green_taxi_dag.py for tasks to queue
[2022-08-03 04:19:12,847] {logging_mixin.py:109} INFO - [2022-08-03 04:19:12,847] {dagbag.py:500} INFO - Filling up the DagBag from /opt/airflow/dags/green_taxi_dag.py
[2022-08-03 04:19:13,002] {processor.py:654} INFO - DAG(s) dict_keys(['gt_dag']) retrieved from /opt/airflow/dags/green_taxi_dag.py
[2022-08-03 04:19:13,019] {logging_mixin.py:109} INFO - [2022-08-03 04:19:13,017] {dag.py:2396} INFO - Sync 1 DAGs
[2022-08-03 04:19:13,042] {logging_mixin.py:109} INFO - [2022-08-03 04:19:13,042] {dag.py:2935} INFO - Setting next_dagrun for gt_dag to None
[2022-08-03 04:19:13,055] {processor.py:171} INFO - Processing /opt/airflow/dags/green_taxi_dag.py took 0.222 seconds
[2022-08-03 04:19:43,695] {processor.py:163} INFO - Started process (PID=605) to work on /opt/airflow/dags/green_taxi_dag.py
[2022-08-03 04:19:43,703] {processor.py:642} INFO - Processing file /opt/airflow/dags/green_taxi_dag.py for tasks to queue
[2022-08-03 04:19:43,711] {logging_mixin.py:109} INFO - [2022-08-03 04:19:43,711] {dagbag.py:500} INFO - Filling up the DagBag from /opt/airflow/dags/green_taxi_dag.py
[2022-08-03 04:19:44,022] {processor.py:654} INFO - DAG(s) dict_keys(['gt_dag']) retrieved from /opt/airflow/dags/green_taxi_dag.py
[2022-08-03 04:19:44,068] {logging_mixin.py:109} INFO - [2022-08-03 04:19:44,061] {dag.py:2396} INFO - Sync 1 DAGs
[2022-08-03 04:19:44,137] {logging_mixin.py:109} INFO - [2022-08-03 04:19:44,136] {dag.py:2935} INFO - Setting next_dagrun for gt_dag to None
[2022-08-03 04:19:44,168] {processor.py:171} INFO - Processing /opt/airflow/dags/green_taxi_dag.py took 0.483 seconds
[2022-08-03 04:20:14,891] {processor.py:163} INFO - Started process (PID=638) to work on /opt/airflow/dags/green_taxi_dag.py
[2022-08-03 04:20:14,894] {processor.py:642} INFO - Processing file /opt/airflow/dags/green_taxi_dag.py for tasks to queue
[2022-08-03 04:20:14,895] {logging_mixin.py:109} INFO - [2022-08-03 04:20:14,895] {dagbag.py:500} INFO - Filling up the DagBag from /opt/airflow/dags/green_taxi_dag.py
[2022-08-03 04:20:15,020] {processor.py:654} INFO - DAG(s) dict_keys(['gt_dag']) retrieved from /opt/airflow/dags/green_taxi_dag.py
[2022-08-03 04:20:15,037] {logging_mixin.py:109} INFO - [2022-08-03 04:20:15,035] {dag.py:2396} INFO - Sync 1 DAGs
[2022-08-03 04:20:15,065] {logging_mixin.py:109} INFO - [2022-08-03 04:20:15,065] {dag.py:2935} INFO - Setting next_dagrun for gt_dag to None
[2022-08-03 04:20:15,074] {processor.py:171} INFO - Processing /opt/airflow/dags/green_taxi_dag.py took 0.191 seconds
[2022-08-03 04:20:45,399] {processor.py:163} INFO - Started process (PID=680) to work on /opt/airflow/dags/green_taxi_dag.py
[2022-08-03 04:20:45,405] {processor.py:642} INFO - Processing file /opt/airflow/dags/green_taxi_dag.py for tasks to queue
[2022-08-03 04:20:45,408] {logging_mixin.py:109} INFO - [2022-08-03 04:20:45,408] {dagbag.py:500} INFO - Filling up the DagBag from /opt/airflow/dags/green_taxi_dag.py
[2022-08-03 04:20:45,548] {processor.py:654} INFO - DAG(s) dict_keys(['gt_dag']) retrieved from /opt/airflow/dags/green_taxi_dag.py
[2022-08-03 04:20:45,562] {logging_mixin.py:109} INFO - [2022-08-03 04:20:45,560] {dag.py:2396} INFO - Sync 1 DAGs
[2022-08-03 04:20:45,585] {logging_mixin.py:109} INFO - [2022-08-03 04:20:45,585] {dag.py:2935} INFO - Setting next_dagrun for gt_dag to None
[2022-08-03 04:20:45,596] {processor.py:171} INFO - Processing /opt/airflow/dags/green_taxi_dag.py took 0.202 seconds
[2022-08-03 04:21:16,031] {processor.py:163} INFO - Started process (PID=713) to work on /opt/airflow/dags/green_taxi_dag.py
[2022-08-03 04:21:16,034] {processor.py:642} INFO - Processing file /opt/airflow/dags/green_taxi_dag.py for tasks to queue
[2022-08-03 04:21:16,036] {logging_mixin.py:109} INFO - [2022-08-03 04:21:16,036] {dagbag.py:500} INFO - Filling up the DagBag from /opt/airflow/dags/green_taxi_dag.py
[2022-08-03 04:21:16,158] {processor.py:654} INFO - DAG(s) dict_keys(['gt_dag']) retrieved from /opt/airflow/dags/green_taxi_dag.py
[2022-08-03 04:21:16,175] {logging_mixin.py:109} INFO - [2022-08-03 04:21:16,173] {dag.py:2396} INFO - Sync 1 DAGs
[2022-08-03 04:21:16,199] {logging_mixin.py:109} INFO - [2022-08-03 04:21:16,199] {dag.py:2935} INFO - Setting next_dagrun for gt_dag to None
[2022-08-03 04:21:16,209] {processor.py:171} INFO - Processing /opt/airflow/dags/green_taxi_dag.py took 0.186 seconds
[2022-08-03 04:21:46,633] {processor.py:163} INFO - Started process (PID=748) to work on /opt/airflow/dags/green_taxi_dag.py
[2022-08-03 04:21:46,635] {processor.py:642} INFO - Processing file /opt/airflow/dags/green_taxi_dag.py for tasks to queue
[2022-08-03 04:21:46,636] {logging_mixin.py:109} INFO - [2022-08-03 04:21:46,636] {dagbag.py:500} INFO - Filling up the DagBag from /opt/airflow/dags/green_taxi_dag.py
[2022-08-03 04:21:46,770] {processor.py:654} INFO - DAG(s) dict_keys(['gt_dag']) retrieved from /opt/airflow/dags/green_taxi_dag.py
[2022-08-03 04:21:46,787] {logging_mixin.py:109} INFO - [2022-08-03 04:21:46,784] {dag.py:2396} INFO - Sync 1 DAGs
[2022-08-03 04:21:46,810] {logging_mixin.py:109} INFO - [2022-08-03 04:21:46,810] {dag.py:2935} INFO - Setting next_dagrun for gt_dag to None
[2022-08-03 04:21:46,819] {processor.py:171} INFO - Processing /opt/airflow/dags/green_taxi_dag.py took 0.190 seconds
[2022-08-03 04:22:17,155] {processor.py:163} INFO - Started process (PID=791) to work on /opt/airflow/dags/green_taxi_dag.py
[2022-08-03 04:22:17,157] {processor.py:642} INFO - Processing file /opt/airflow/dags/green_taxi_dag.py for tasks to queue
[2022-08-03 04:22:17,158] {logging_mixin.py:109} INFO - [2022-08-03 04:22:17,158] {dagbag.py:500} INFO - Filling up the DagBag from /opt/airflow/dags/green_taxi_dag.py
[2022-08-03 04:22:17,292] {processor.py:654} INFO - DAG(s) dict_keys(['gt_dag']) retrieved from /opt/airflow/dags/green_taxi_dag.py
[2022-08-03 04:22:17,308] {logging_mixin.py:109} INFO - [2022-08-03 04:22:17,306] {dag.py:2396} INFO - Sync 1 DAGs
[2022-08-03 04:22:17,331] {logging_mixin.py:109} INFO - [2022-08-03 04:22:17,331] {dag.py:2935} INFO - Setting next_dagrun for gt_dag to None
[2022-08-03 04:22:17,343] {processor.py:171} INFO - Processing /opt/airflow/dags/green_taxi_dag.py took 0.193 seconds
[2022-08-03 04:22:47,654] {processor.py:163} INFO - Started process (PID=825) to work on /opt/airflow/dags/green_taxi_dag.py
[2022-08-03 04:22:47,656] {processor.py:642} INFO - Processing file /opt/airflow/dags/green_taxi_dag.py for tasks to queue
[2022-08-03 04:22:47,658] {logging_mixin.py:109} INFO - [2022-08-03 04:22:47,658] {dagbag.py:500} INFO - Filling up the DagBag from /opt/airflow/dags/green_taxi_dag.py
[2022-08-03 04:22:47,819] {processor.py:654} INFO - DAG(s) dict_keys(['gt_dag']) retrieved from /opt/airflow/dags/green_taxi_dag.py
[2022-08-03 04:22:47,834] {logging_mixin.py:109} INFO - [2022-08-03 04:22:47,832] {dag.py:2396} INFO - Sync 1 DAGs
[2022-08-03 04:22:47,860] {logging_mixin.py:109} INFO - [2022-08-03 04:22:47,860] {dag.py:2935} INFO - Setting next_dagrun for gt_dag to None
[2022-08-03 04:22:47,872] {processor.py:171} INFO - Processing /opt/airflow/dags/green_taxi_dag.py took 0.224 seconds
[2022-08-03 04:23:18,608] {processor.py:163} INFO - Started process (PID=858) to work on /opt/airflow/dags/green_taxi_dag.py
[2022-08-03 04:23:18,610] {processor.py:642} INFO - Processing file /opt/airflow/dags/green_taxi_dag.py for tasks to queue
[2022-08-03 04:23:18,611] {logging_mixin.py:109} INFO - [2022-08-03 04:23:18,611] {dagbag.py:500} INFO - Filling up the DagBag from /opt/airflow/dags/green_taxi_dag.py
[2022-08-03 04:23:18,744] {processor.py:654} INFO - DAG(s) dict_keys(['gt_dag']) retrieved from /opt/airflow/dags/green_taxi_dag.py
[2022-08-03 04:23:18,764] {logging_mixin.py:109} INFO - [2022-08-03 04:23:18,762] {dag.py:2396} INFO - Sync 1 DAGs
[2022-08-03 04:23:18,811] {logging_mixin.py:109} INFO - [2022-08-03 04:23:18,811] {dag.py:2935} INFO - Setting next_dagrun for gt_dag to None
[2022-08-03 04:23:18,826] {processor.py:171} INFO - Processing /opt/airflow/dags/green_taxi_dag.py took 0.223 seconds
[2022-08-03 04:23:49,464] {processor.py:163} INFO - Started process (PID=903) to work on /opt/airflow/dags/green_taxi_dag.py
[2022-08-03 04:23:49,467] {processor.py:642} INFO - Processing file /opt/airflow/dags/green_taxi_dag.py for tasks to queue
[2022-08-03 04:23:49,470] {logging_mixin.py:109} INFO - [2022-08-03 04:23:49,470] {dagbag.py:500} INFO - Filling up the DagBag from /opt/airflow/dags/green_taxi_dag.py
[2022-08-03 04:23:49,615] {processor.py:654} INFO - DAG(s) dict_keys(['gt_dag']) retrieved from /opt/airflow/dags/green_taxi_dag.py
[2022-08-03 04:23:49,631] {logging_mixin.py:109} INFO - [2022-08-03 04:23:49,629] {dag.py:2396} INFO - Sync 1 DAGs
[2022-08-03 04:23:49,655] {logging_mixin.py:109} INFO - [2022-08-03 04:23:49,655] {dag.py:2935} INFO - Setting next_dagrun for gt_dag to None
[2022-08-03 04:23:49,666] {processor.py:171} INFO - Processing /opt/airflow/dags/green_taxi_dag.py took 0.211 seconds
[2022-08-03 04:24:20,242] {processor.py:163} INFO - Started process (PID=935) to work on /opt/airflow/dags/green_taxi_dag.py
[2022-08-03 04:24:20,246] {processor.py:642} INFO - Processing file /opt/airflow/dags/green_taxi_dag.py for tasks to queue
[2022-08-03 04:24:20,248] {logging_mixin.py:109} INFO - [2022-08-03 04:24:20,248] {dagbag.py:500} INFO - Filling up the DagBag from /opt/airflow/dags/green_taxi_dag.py
[2022-08-03 04:24:20,386] {processor.py:654} INFO - DAG(s) dict_keys(['gt_dag']) retrieved from /opt/airflow/dags/green_taxi_dag.py
[2022-08-03 04:24:20,400] {logging_mixin.py:109} INFO - [2022-08-03 04:24:20,398] {dag.py:2396} INFO - Sync 1 DAGs
[2022-08-03 04:24:20,423] {logging_mixin.py:109} INFO - [2022-08-03 04:24:20,423] {dag.py:2935} INFO - Setting next_dagrun for gt_dag to None
[2022-08-03 04:24:20,437] {processor.py:171} INFO - Processing /opt/airflow/dags/green_taxi_dag.py took 0.201 seconds
[2022-08-03 04:24:50,964] {processor.py:163} INFO - Started process (PID=966) to work on /opt/airflow/dags/green_taxi_dag.py
[2022-08-03 04:24:50,968] {processor.py:642} INFO - Processing file /opt/airflow/dags/green_taxi_dag.py for tasks to queue
[2022-08-03 04:24:50,970] {logging_mixin.py:109} INFO - [2022-08-03 04:24:50,970] {dagbag.py:500} INFO - Filling up the DagBag from /opt/airflow/dags/green_taxi_dag.py
[2022-08-03 04:24:51,129] {processor.py:654} INFO - DAG(s) dict_keys(['gt_dag']) retrieved from /opt/airflow/dags/green_taxi_dag.py
[2022-08-03 04:24:51,148] {logging_mixin.py:109} INFO - [2022-08-03 04:24:51,146] {dag.py:2396} INFO - Sync 1 DAGs
[2022-08-03 04:24:51,190] {logging_mixin.py:109} INFO - [2022-08-03 04:24:51,190] {dag.py:2935} INFO - Setting next_dagrun for gt_dag to None
[2022-08-03 04:24:51,207] {processor.py:171} INFO - Processing /opt/airflow/dags/green_taxi_dag.py took 0.251 seconds
[2022-08-03 04:25:21,406] {processor.py:163} INFO - Started process (PID=1009) to work on /opt/airflow/dags/green_taxi_dag.py
[2022-08-03 04:25:21,421] {processor.py:642} INFO - Processing file /opt/airflow/dags/green_taxi_dag.py for tasks to queue
[2022-08-03 04:25:21,424] {logging_mixin.py:109} INFO - [2022-08-03 04:25:21,424] {dagbag.py:500} INFO - Filling up the DagBag from /opt/airflow/dags/green_taxi_dag.py
[2022-08-03 04:25:21,603] {processor.py:654} INFO - DAG(s) dict_keys(['gt_dag']) retrieved from /opt/airflow/dags/green_taxi_dag.py
[2022-08-03 04:25:21,619] {logging_mixin.py:109} INFO - [2022-08-03 04:25:21,617] {dag.py:2396} INFO - Sync 1 DAGs
[2022-08-03 04:25:21,645] {logging_mixin.py:109} INFO - [2022-08-03 04:25:21,645] {dag.py:2935} INFO - Setting next_dagrun for gt_dag to None
[2022-08-03 04:25:21,657] {processor.py:171} INFO - Processing /opt/airflow/dags/green_taxi_dag.py took 0.266 seconds
[2022-08-03 04:25:52,161] {processor.py:163} INFO - Started process (PID=1044) to work on /opt/airflow/dags/green_taxi_dag.py
[2022-08-03 04:25:52,163] {processor.py:642} INFO - Processing file /opt/airflow/dags/green_taxi_dag.py for tasks to queue
[2022-08-03 04:25:52,165] {logging_mixin.py:109} INFO - [2022-08-03 04:25:52,165] {dagbag.py:500} INFO - Filling up the DagBag from /opt/airflow/dags/green_taxi_dag.py
[2022-08-03 04:25:52,317] {processor.py:654} INFO - DAG(s) dict_keys(['gt_dag']) retrieved from /opt/airflow/dags/green_taxi_dag.py
[2022-08-03 04:25:52,341] {logging_mixin.py:109} INFO - [2022-08-03 04:25:52,339] {dag.py:2396} INFO - Sync 1 DAGs
[2022-08-03 04:25:52,365] {logging_mixin.py:109} INFO - [2022-08-03 04:25:52,365] {dag.py:2935} INFO - Setting next_dagrun for gt_dag to None
[2022-08-03 04:25:52,378] {processor.py:171} INFO - Processing /opt/airflow/dags/green_taxi_dag.py took 0.224 seconds
