[2022-08-03 04:10:29,963] {processor.py:163} INFO - Started process (PID=67) to work on /opt/airflow/dags/zones_dag.py
[2022-08-03 04:10:29,968] {processor.py:642} INFO - Processing file /opt/airflow/dags/zones_dag.py for tasks to queue
[2022-08-03 04:10:29,980] {logging_mixin.py:109} INFO - [2022-08-03 04:10:29,980] {dagbag.py:500} INFO - Filling up the DagBag from /opt/airflow/dags/zones_dag.py
[2022-08-03 04:10:31,923] {processor.py:654} INFO - DAG(s) dict_keys(['zones_dag3']) retrieved from /opt/airflow/dags/zones_dag.py
[2022-08-03 04:10:32,015] {logging_mixin.py:109} INFO - [2022-08-03 04:10:32,003] {dag.py:2396} INFO - Sync 1 DAGs
[2022-08-03 04:10:32,188] {logging_mixin.py:109} INFO - [2022-08-03 04:10:32,188] {dag.py:2935} INFO - Setting next_dagrun for zones_dag3 to None
[2022-08-03 04:10:32,283] {processor.py:171} INFO - Processing /opt/airflow/dags/zones_dag.py took 2.358 seconds
[2022-08-03 04:11:02,677] {processor.py:163} INFO - Started process (PID=88) to work on /opt/airflow/dags/zones_dag.py
[2022-08-03 04:11:02,680] {processor.py:642} INFO - Processing file /opt/airflow/dags/zones_dag.py for tasks to queue
[2022-08-03 04:11:02,684] {logging_mixin.py:109} INFO - [2022-08-03 04:11:02,683] {dagbag.py:500} INFO - Filling up the DagBag from /opt/airflow/dags/zones_dag.py
[2022-08-03 04:11:03,043] {processor.py:654} INFO - DAG(s) dict_keys(['zones_dag3']) retrieved from /opt/airflow/dags/zones_dag.py
[2022-08-03 04:11:03,080] {logging_mixin.py:109} INFO - [2022-08-03 04:11:03,078] {dag.py:2396} INFO - Sync 1 DAGs
[2022-08-03 04:11:03,141] {logging_mixin.py:109} INFO - [2022-08-03 04:11:03,140] {dag.py:2935} INFO - Setting next_dagrun for zones_dag3 to None
[2022-08-03 04:11:03,164] {processor.py:171} INFO - Processing /opt/airflow/dags/zones_dag.py took 0.497 seconds
[2022-08-03 04:11:33,766] {processor.py:163} INFO - Started process (PID=121) to work on /opt/airflow/dags/zones_dag.py
[2022-08-03 04:11:33,797] {processor.py:642} INFO - Processing file /opt/airflow/dags/zones_dag.py for tasks to queue
[2022-08-03 04:11:33,810] {logging_mixin.py:109} INFO - [2022-08-03 04:11:33,810] {dagbag.py:500} INFO - Filling up the DagBag from /opt/airflow/dags/zones_dag.py
[2022-08-03 04:11:34,483] {processor.py:654} INFO - DAG(s) dict_keys(['zones_dag3']) retrieved from /opt/airflow/dags/zones_dag.py
[2022-08-03 04:11:34,546] {logging_mixin.py:109} INFO - [2022-08-03 04:11:34,529] {dag.py:2396} INFO - Sync 1 DAGs
[2022-08-03 04:11:34,635] {logging_mixin.py:109} INFO - [2022-08-03 04:11:34,635] {dag.py:2935} INFO - Setting next_dagrun for zones_dag3 to None
[2022-08-03 04:11:34,706] {processor.py:171} INFO - Processing /opt/airflow/dags/zones_dag.py took 0.955 seconds
[2022-08-03 04:12:11,167] {processor.py:163} INFO - Started process (PID=153) to work on /opt/airflow/dags/zones_dag.py
[2022-08-03 04:12:11,172] {processor.py:642} INFO - Processing file /opt/airflow/dags/zones_dag.py for tasks to queue
[2022-08-03 04:12:11,188] {logging_mixin.py:109} INFO - [2022-08-03 04:12:11,187] {dagbag.py:500} INFO - Filling up the DagBag from /opt/airflow/dags/zones_dag.py
[2022-08-03 04:12:14,025] {processor.py:654} INFO - DAG(s) dict_keys(['zones_dag3']) retrieved from /opt/airflow/dags/zones_dag.py
[2022-08-03 04:12:14,679] {logging_mixin.py:109} INFO - [2022-08-03 04:12:14,585] {dag.py:2396} INFO - Sync 1 DAGs
[2022-08-03 04:12:15,572] {logging_mixin.py:109} INFO - [2022-08-03 04:12:15,572] {dag.py:2935} INFO - Setting next_dagrun for zones_dag3 to None
[2022-08-03 04:12:15,948] {processor.py:171} INFO - Processing /opt/airflow/dags/zones_dag.py took 4.812 seconds
[2022-08-03 04:12:50,573] {processor.py:163} INFO - Started process (PID=186) to work on /opt/airflow/dags/zones_dag.py
[2022-08-03 04:12:50,587] {processor.py:642} INFO - Processing file /opt/airflow/dags/zones_dag.py for tasks to queue
[2022-08-03 04:12:50,605] {logging_mixin.py:109} INFO - [2022-08-03 04:12:50,604] {dagbag.py:500} INFO - Filling up the DagBag from /opt/airflow/dags/zones_dag.py
[2022-08-03 04:12:53,170] {processor.py:654} INFO - DAG(s) dict_keys(['zones_dag3']) retrieved from /opt/airflow/dags/zones_dag.py
[2022-08-03 04:12:53,277] {logging_mixin.py:109} INFO - [2022-08-03 04:12:53,262] {dag.py:2396} INFO - Sync 1 DAGs
[2022-08-03 04:12:53,431] {logging_mixin.py:109} INFO - [2022-08-03 04:12:53,431] {dag.py:2935} INFO - Setting next_dagrun for zones_dag3 to None
[2022-08-03 04:12:53,497] {processor.py:171} INFO - Processing /opt/airflow/dags/zones_dag.py took 2.988 seconds
[2022-08-03 04:13:37,671] {processor.py:163} INFO - Started process (PID=220) to work on /opt/airflow/dags/zones_dag.py
[2022-08-03 04:13:37,705] {processor.py:642} INFO - Processing file /opt/airflow/dags/zones_dag.py for tasks to queue
[2022-08-03 04:13:37,712] {logging_mixin.py:109} INFO - [2022-08-03 04:13:37,711] {dagbag.py:500} INFO - Filling up the DagBag from /opt/airflow/dags/zones_dag.py
[2022-08-03 04:13:42,206] {processor.py:654} INFO - DAG(s) dict_keys(['zones_dag3']) retrieved from /opt/airflow/dags/zones_dag.py
[2022-08-03 04:13:42,611] {logging_mixin.py:109} INFO - [2022-08-03 04:13:42,593] {dag.py:2396} INFO - Sync 1 DAGs
[2022-08-03 04:13:43,084] {logging_mixin.py:109} INFO - [2022-08-03 04:13:43,084] {dag.py:2935} INFO - Setting next_dagrun for zones_dag3 to None
[2022-08-03 04:13:43,170] {processor.py:171} INFO - Processing /opt/airflow/dags/zones_dag.py took 5.628 seconds
[2022-08-03 04:14:13,525] {processor.py:163} INFO - Started process (PID=251) to work on /opt/airflow/dags/zones_dag.py
[2022-08-03 04:14:13,533] {processor.py:642} INFO - Processing file /opt/airflow/dags/zones_dag.py for tasks to queue
[2022-08-03 04:14:13,536] {logging_mixin.py:109} INFO - [2022-08-03 04:14:13,536] {dagbag.py:500} INFO - Filling up the DagBag from /opt/airflow/dags/zones_dag.py
[2022-08-03 04:14:14,322] {processor.py:654} INFO - DAG(s) dict_keys(['zones_dag3']) retrieved from /opt/airflow/dags/zones_dag.py
[2022-08-03 04:14:14,351] {logging_mixin.py:109} INFO - [2022-08-03 04:14:14,346] {dag.py:2396} INFO - Sync 1 DAGs
[2022-08-03 04:14:14,437] {logging_mixin.py:109} INFO - [2022-08-03 04:14:14,437] {dag.py:2935} INFO - Setting next_dagrun for zones_dag3 to None
[2022-08-03 04:14:14,473] {processor.py:171} INFO - Processing /opt/airflow/dags/zones_dag.py took 0.955 seconds
[2022-08-03 04:14:45,214] {processor.py:163} INFO - Started process (PID=285) to work on /opt/airflow/dags/zones_dag.py
[2022-08-03 04:14:45,261] {processor.py:642} INFO - Processing file /opt/airflow/dags/zones_dag.py for tasks to queue
[2022-08-03 04:14:45,272] {logging_mixin.py:109} INFO - [2022-08-03 04:14:45,269] {dagbag.py:500} INFO - Filling up the DagBag from /opt/airflow/dags/zones_dag.py
[2022-08-03 04:14:46,281] {processor.py:654} INFO - DAG(s) dict_keys(['zones_dag3']) retrieved from /opt/airflow/dags/zones_dag.py
[2022-08-03 04:14:46,371] {logging_mixin.py:109} INFO - [2022-08-03 04:14:46,358] {dag.py:2396} INFO - Sync 1 DAGs
[2022-08-03 04:14:46,450] {logging_mixin.py:109} INFO - [2022-08-03 04:14:46,450] {dag.py:2935} INFO - Setting next_dagrun for zones_dag3 to None
[2022-08-03 04:14:46,512] {processor.py:171} INFO - Processing /opt/airflow/dags/zones_dag.py took 1.327 seconds
[2022-08-03 04:15:16,969] {processor.py:163} INFO - Started process (PID=316) to work on /opt/airflow/dags/zones_dag.py
[2022-08-03 04:15:16,984] {processor.py:642} INFO - Processing file /opt/airflow/dags/zones_dag.py for tasks to queue
[2022-08-03 04:15:16,988] {logging_mixin.py:109} INFO - [2022-08-03 04:15:16,988] {dagbag.py:500} INFO - Filling up the DagBag from /opt/airflow/dags/zones_dag.py
[2022-08-03 04:15:18,236] {processor.py:654} INFO - DAG(s) dict_keys(['zones_dag3']) retrieved from /opt/airflow/dags/zones_dag.py
[2022-08-03 04:15:18,286] {logging_mixin.py:109} INFO - [2022-08-03 04:15:18,283] {dag.py:2396} INFO - Sync 1 DAGs
[2022-08-03 04:15:18,381] {logging_mixin.py:109} INFO - [2022-08-03 04:15:18,380] {dag.py:2935} INFO - Setting next_dagrun for zones_dag3 to None
[2022-08-03 04:15:18,416] {processor.py:171} INFO - Processing /opt/airflow/dags/zones_dag.py took 1.473 seconds
[2022-08-03 04:15:48,778] {processor.py:163} INFO - Started process (PID=348) to work on /opt/airflow/dags/zones_dag.py
[2022-08-03 04:15:48,792] {processor.py:642} INFO - Processing file /opt/airflow/dags/zones_dag.py for tasks to queue
[2022-08-03 04:15:48,795] {logging_mixin.py:109} INFO - [2022-08-03 04:15:48,794] {dagbag.py:500} INFO - Filling up the DagBag from /opt/airflow/dags/zones_dag.py
[2022-08-03 04:15:49,173] {processor.py:654} INFO - DAG(s) dict_keys(['zones_dag3']) retrieved from /opt/airflow/dags/zones_dag.py
[2022-08-03 04:15:49,196] {logging_mixin.py:109} INFO - [2022-08-03 04:15:49,194] {dag.py:2396} INFO - Sync 1 DAGs
[2022-08-03 04:15:49,293] {logging_mixin.py:109} INFO - [2022-08-03 04:15:49,293] {dag.py:2935} INFO - Setting next_dagrun for zones_dag3 to None
[2022-08-03 04:15:49,363] {processor.py:171} INFO - Processing /opt/airflow/dags/zones_dag.py took 0.591 seconds
[2022-08-03 04:16:19,605] {processor.py:163} INFO - Started process (PID=380) to work on /opt/airflow/dags/zones_dag.py
[2022-08-03 04:16:19,616] {processor.py:642} INFO - Processing file /opt/airflow/dags/zones_dag.py for tasks to queue
[2022-08-03 04:16:19,626] {logging_mixin.py:109} INFO - [2022-08-03 04:16:19,626] {dagbag.py:500} INFO - Filling up the DagBag from /opt/airflow/dags/zones_dag.py
[2022-08-03 04:16:20,491] {processor.py:654} INFO - DAG(s) dict_keys(['zones_dag3']) retrieved from /opt/airflow/dags/zones_dag.py
[2022-08-03 04:16:20,578] {logging_mixin.py:109} INFO - [2022-08-03 04:16:20,575] {dag.py:2396} INFO - Sync 1 DAGs
[2022-08-03 04:16:20,712] {logging_mixin.py:109} INFO - [2022-08-03 04:16:20,712] {dag.py:2935} INFO - Setting next_dagrun for zones_dag3 to None
[2022-08-03 04:16:20,746] {processor.py:171} INFO - Processing /opt/airflow/dags/zones_dag.py took 1.172 seconds
[2022-08-03 04:16:50,835] {processor.py:163} INFO - Started process (PID=396) to work on /opt/airflow/dags/zones_dag.py
[2022-08-03 04:16:50,840] {processor.py:642} INFO - Processing file /opt/airflow/dags/zones_dag.py for tasks to queue
[2022-08-03 04:16:50,846] {logging_mixin.py:109} INFO - [2022-08-03 04:16:50,846] {dagbag.py:500} INFO - Filling up the DagBag from /opt/airflow/dags/zones_dag.py
[2022-08-03 04:16:51,064] {processor.py:654} INFO - DAG(s) dict_keys(['zones_dag3']) retrieved from /opt/airflow/dags/zones_dag.py
[2022-08-03 04:16:51,087] {logging_mixin.py:109} INFO - [2022-08-03 04:16:51,083] {dag.py:2396} INFO - Sync 1 DAGs
[2022-08-03 04:16:51,113] {logging_mixin.py:109} INFO - [2022-08-03 04:16:51,112] {dag.py:2935} INFO - Setting next_dagrun for zones_dag3 to None
[2022-08-03 04:16:51,129] {processor.py:171} INFO - Processing /opt/airflow/dags/zones_dag.py took 0.311 seconds
[2022-08-03 04:17:21,564] {processor.py:163} INFO - Started process (PID=441) to work on /opt/airflow/dags/zones_dag.py
[2022-08-03 04:17:21,567] {processor.py:642} INFO - Processing file /opt/airflow/dags/zones_dag.py for tasks to queue
[2022-08-03 04:17:21,572] {logging_mixin.py:109} INFO - [2022-08-03 04:17:21,572] {dagbag.py:500} INFO - Filling up the DagBag from /opt/airflow/dags/zones_dag.py
[2022-08-03 04:17:21,723] {processor.py:654} INFO - DAG(s) dict_keys(['zones_dag3']) retrieved from /opt/airflow/dags/zones_dag.py
[2022-08-03 04:17:21,744] {logging_mixin.py:109} INFO - [2022-08-03 04:17:21,742] {dag.py:2396} INFO - Sync 1 DAGs
[2022-08-03 04:17:21,772] {logging_mixin.py:109} INFO - [2022-08-03 04:17:21,772] {dag.py:2935} INFO - Setting next_dagrun for zones_dag3 to None
[2022-08-03 04:17:21,784] {processor.py:171} INFO - Processing /opt/airflow/dags/zones_dag.py took 0.226 seconds
[2022-08-03 04:17:52,379] {processor.py:163} INFO - Started process (PID=472) to work on /opt/airflow/dags/zones_dag.py
[2022-08-03 04:17:52,381] {processor.py:642} INFO - Processing file /opt/airflow/dags/zones_dag.py for tasks to queue
[2022-08-03 04:17:52,386] {logging_mixin.py:109} INFO - [2022-08-03 04:17:52,386] {dagbag.py:500} INFO - Filling up the DagBag from /opt/airflow/dags/zones_dag.py
[2022-08-03 04:17:52,576] {processor.py:654} INFO - DAG(s) dict_keys(['zones_dag3']) retrieved from /opt/airflow/dags/zones_dag.py
[2022-08-03 04:17:52,607] {logging_mixin.py:109} INFO - [2022-08-03 04:17:52,603] {dag.py:2396} INFO - Sync 1 DAGs
[2022-08-03 04:17:52,657] {logging_mixin.py:109} INFO - [2022-08-03 04:17:52,657] {dag.py:2935} INFO - Setting next_dagrun for zones_dag3 to None
[2022-08-03 04:17:52,676] {processor.py:171} INFO - Processing /opt/airflow/dags/zones_dag.py took 0.303 seconds
[2022-08-03 04:18:22,983] {processor.py:163} INFO - Started process (PID=505) to work on /opt/airflow/dags/zones_dag.py
[2022-08-03 04:18:22,985] {processor.py:642} INFO - Processing file /opt/airflow/dags/zones_dag.py for tasks to queue
[2022-08-03 04:18:22,987] {logging_mixin.py:109} INFO - [2022-08-03 04:18:22,987] {dagbag.py:500} INFO - Filling up the DagBag from /opt/airflow/dags/zones_dag.py
[2022-08-03 04:18:23,156] {processor.py:654} INFO - DAG(s) dict_keys(['zones_dag3']) retrieved from /opt/airflow/dags/zones_dag.py
[2022-08-03 04:18:23,182] {logging_mixin.py:109} INFO - [2022-08-03 04:18:23,180] {dag.py:2396} INFO - Sync 1 DAGs
[2022-08-03 04:18:23,223] {logging_mixin.py:109} INFO - [2022-08-03 04:18:23,223] {dag.py:2935} INFO - Setting next_dagrun for zones_dag3 to None
[2022-08-03 04:18:23,243] {processor.py:171} INFO - Processing /opt/airflow/dags/zones_dag.py took 0.265 seconds
[2022-08-03 04:18:53,356] {processor.py:163} INFO - Started process (PID=540) to work on /opt/airflow/dags/zones_dag.py
[2022-08-03 04:18:53,358] {processor.py:642} INFO - Processing file /opt/airflow/dags/zones_dag.py for tasks to queue
[2022-08-03 04:18:53,362] {logging_mixin.py:109} INFO - [2022-08-03 04:18:53,361] {dagbag.py:500} INFO - Filling up the DagBag from /opt/airflow/dags/zones_dag.py
[2022-08-03 04:18:53,503] {processor.py:654} INFO - DAG(s) dict_keys(['zones_dag3']) retrieved from /opt/airflow/dags/zones_dag.py
[2022-08-03 04:18:53,530] {logging_mixin.py:109} INFO - [2022-08-03 04:18:53,519] {dag.py:2396} INFO - Sync 1 DAGs
[2022-08-03 04:18:53,559] {logging_mixin.py:109} INFO - [2022-08-03 04:18:53,559] {dag.py:2935} INFO - Setting next_dagrun for zones_dag3 to None
[2022-08-03 04:18:53,577] {processor.py:171} INFO - Processing /opt/airflow/dags/zones_dag.py took 0.228 seconds
[2022-08-03 04:19:24,102] {processor.py:163} INFO - Started process (PID=584) to work on /opt/airflow/dags/zones_dag.py
[2022-08-03 04:19:24,106] {processor.py:642} INFO - Processing file /opt/airflow/dags/zones_dag.py for tasks to queue
[2022-08-03 04:19:24,108] {logging_mixin.py:109} INFO - [2022-08-03 04:19:24,108] {dagbag.py:500} INFO - Filling up the DagBag from /opt/airflow/dags/zones_dag.py
[2022-08-03 04:19:24,297] {processor.py:654} INFO - DAG(s) dict_keys(['zones_dag3']) retrieved from /opt/airflow/dags/zones_dag.py
[2022-08-03 04:19:24,320] {logging_mixin.py:109} INFO - [2022-08-03 04:19:24,318] {dag.py:2396} INFO - Sync 1 DAGs
[2022-08-03 04:19:24,353] {logging_mixin.py:109} INFO - [2022-08-03 04:19:24,353] {dag.py:2935} INFO - Setting next_dagrun for zones_dag3 to None
[2022-08-03 04:19:24,366] {processor.py:171} INFO - Processing /opt/airflow/dags/zones_dag.py took 0.274 seconds
[2022-08-03 04:19:54,551] {processor.py:163} INFO - Started process (PID=618) to work on /opt/airflow/dags/zones_dag.py
[2022-08-03 04:19:54,553] {processor.py:642} INFO - Processing file /opt/airflow/dags/zones_dag.py for tasks to queue
[2022-08-03 04:19:54,555] {logging_mixin.py:109} INFO - [2022-08-03 04:19:54,554] {dagbag.py:500} INFO - Filling up the DagBag from /opt/airflow/dags/zones_dag.py
[2022-08-03 04:19:54,737] {processor.py:654} INFO - DAG(s) dict_keys(['zones_dag3']) retrieved from /opt/airflow/dags/zones_dag.py
[2022-08-03 04:19:54,764] {logging_mixin.py:109} INFO - [2022-08-03 04:19:54,762] {dag.py:2396} INFO - Sync 1 DAGs
[2022-08-03 04:19:54,801] {logging_mixin.py:109} INFO - [2022-08-03 04:19:54,801] {dag.py:2935} INFO - Setting next_dagrun for zones_dag3 to None
[2022-08-03 04:19:54,825] {processor.py:171} INFO - Processing /opt/airflow/dags/zones_dag.py took 0.279 seconds
[2022-08-03 04:20:25,104] {processor.py:163} INFO - Started process (PID=650) to work on /opt/airflow/dags/zones_dag.py
[2022-08-03 04:20:25,106] {processor.py:642} INFO - Processing file /opt/airflow/dags/zones_dag.py for tasks to queue
[2022-08-03 04:20:25,107] {logging_mixin.py:109} INFO - [2022-08-03 04:20:25,107] {dagbag.py:500} INFO - Filling up the DagBag from /opt/airflow/dags/zones_dag.py
[2022-08-03 04:20:25,230] {processor.py:654} INFO - DAG(s) dict_keys(['zones_dag3']) retrieved from /opt/airflow/dags/zones_dag.py
[2022-08-03 04:20:25,245] {logging_mixin.py:109} INFO - [2022-08-03 04:20:25,243] {dag.py:2396} INFO - Sync 1 DAGs
[2022-08-03 04:20:25,266] {logging_mixin.py:109} INFO - [2022-08-03 04:20:25,265] {dag.py:2935} INFO - Setting next_dagrun for zones_dag3 to None
[2022-08-03 04:20:25,277] {processor.py:171} INFO - Processing /opt/airflow/dags/zones_dag.py took 0.180 seconds
[2022-08-03 04:20:55,628] {processor.py:163} INFO - Started process (PID=682) to work on /opt/airflow/dags/zones_dag.py
[2022-08-03 04:20:55,630] {processor.py:642} INFO - Processing file /opt/airflow/dags/zones_dag.py for tasks to queue
[2022-08-03 04:20:55,632] {logging_mixin.py:109} INFO - [2022-08-03 04:20:55,632] {dagbag.py:500} INFO - Filling up the DagBag from /opt/airflow/dags/zones_dag.py
[2022-08-03 04:20:55,833] {processor.py:654} INFO - DAG(s) dict_keys(['zones_dag3']) retrieved from /opt/airflow/dags/zones_dag.py
[2022-08-03 04:20:55,846] {logging_mixin.py:109} INFO - [2022-08-03 04:20:55,845] {dag.py:2396} INFO - Sync 1 DAGs
[2022-08-03 04:20:55,868] {logging_mixin.py:109} INFO - [2022-08-03 04:20:55,868] {dag.py:2935} INFO - Setting next_dagrun for zones_dag3 to None
[2022-08-03 04:20:55,880] {processor.py:171} INFO - Processing /opt/airflow/dags/zones_dag.py took 0.259 seconds
[2022-08-03 04:21:26,272] {processor.py:163} INFO - Started process (PID=726) to work on /opt/airflow/dags/zones_dag.py
[2022-08-03 04:21:26,288] {processor.py:642} INFO - Processing file /opt/airflow/dags/zones_dag.py for tasks to queue
[2022-08-03 04:21:26,291] {logging_mixin.py:109} INFO - [2022-08-03 04:21:26,291] {dagbag.py:500} INFO - Filling up the DagBag from /opt/airflow/dags/zones_dag.py
[2022-08-03 04:21:26,493] {processor.py:654} INFO - DAG(s) dict_keys(['zones_dag3']) retrieved from /opt/airflow/dags/zones_dag.py
[2022-08-03 04:21:26,513] {logging_mixin.py:109} INFO - [2022-08-03 04:21:26,511] {dag.py:2396} INFO - Sync 1 DAGs
[2022-08-03 04:21:26,536] {logging_mixin.py:109} INFO - [2022-08-03 04:21:26,536] {dag.py:2935} INFO - Setting next_dagrun for zones_dag3 to None
[2022-08-03 04:21:26,548] {processor.py:171} INFO - Processing /opt/airflow/dags/zones_dag.py took 0.281 seconds
[2022-08-03 04:21:56,872] {processor.py:163} INFO - Started process (PID=760) to work on /opt/airflow/dags/zones_dag.py
[2022-08-03 04:21:56,875] {processor.py:642} INFO - Processing file /opt/airflow/dags/zones_dag.py for tasks to queue
[2022-08-03 04:21:56,877] {logging_mixin.py:109} INFO - [2022-08-03 04:21:56,876] {dagbag.py:500} INFO - Filling up the DagBag from /opt/airflow/dags/zones_dag.py
[2022-08-03 04:21:57,035] {processor.py:654} INFO - DAG(s) dict_keys(['zones_dag3']) retrieved from /opt/airflow/dags/zones_dag.py
[2022-08-03 04:21:57,056] {logging_mixin.py:109} INFO - [2022-08-03 04:21:57,053] {dag.py:2396} INFO - Sync 1 DAGs
[2022-08-03 04:21:57,085] {logging_mixin.py:109} INFO - [2022-08-03 04:21:57,085] {dag.py:2935} INFO - Setting next_dagrun for zones_dag3 to None
[2022-08-03 04:21:57,098] {processor.py:171} INFO - Processing /opt/airflow/dags/zones_dag.py took 0.233 seconds
[2022-08-03 04:22:27,396] {processor.py:163} INFO - Started process (PID=805) to work on /opt/airflow/dags/zones_dag.py
[2022-08-03 04:22:27,399] {processor.py:642} INFO - Processing file /opt/airflow/dags/zones_dag.py for tasks to queue
[2022-08-03 04:22:27,401] {logging_mixin.py:109} INFO - [2022-08-03 04:22:27,400] {dagbag.py:500} INFO - Filling up the DagBag from /opt/airflow/dags/zones_dag.py
[2022-08-03 04:22:27,528] {processor.py:654} INFO - DAG(s) dict_keys(['zones_dag3']) retrieved from /opt/airflow/dags/zones_dag.py
[2022-08-03 04:22:27,543] {logging_mixin.py:109} INFO - [2022-08-03 04:22:27,541] {dag.py:2396} INFO - Sync 1 DAGs
[2022-08-03 04:22:27,565] {logging_mixin.py:109} INFO - [2022-08-03 04:22:27,565] {dag.py:2935} INFO - Setting next_dagrun for zones_dag3 to None
[2022-08-03 04:22:27,577] {processor.py:171} INFO - Processing /opt/airflow/dags/zones_dag.py took 0.186 seconds
[2022-08-03 04:22:57,914] {processor.py:163} INFO - Started process (PID=838) to work on /opt/airflow/dags/zones_dag.py
[2022-08-03 04:22:57,917] {processor.py:642} INFO - Processing file /opt/airflow/dags/zones_dag.py for tasks to queue
[2022-08-03 04:22:57,918] {logging_mixin.py:109} INFO - [2022-08-03 04:22:57,918] {dagbag.py:500} INFO - Filling up the DagBag from /opt/airflow/dags/zones_dag.py
[2022-08-03 04:22:58,036] {processor.py:654} INFO - DAG(s) dict_keys(['zones_dag3']) retrieved from /opt/airflow/dags/zones_dag.py
[2022-08-03 04:22:58,052] {logging_mixin.py:109} INFO - [2022-08-03 04:22:58,050] {dag.py:2396} INFO - Sync 1 DAGs
[2022-08-03 04:22:58,073] {logging_mixin.py:109} INFO - [2022-08-03 04:22:58,072] {dag.py:2935} INFO - Setting next_dagrun for zones_dag3 to None
[2022-08-03 04:22:58,084] {processor.py:171} INFO - Processing /opt/airflow/dags/zones_dag.py took 0.174 seconds
[2022-08-03 04:23:28,883] {processor.py:163} INFO - Started process (PID=871) to work on /opt/airflow/dags/zones_dag.py
[2022-08-03 04:23:28,885] {processor.py:642} INFO - Processing file /opt/airflow/dags/zones_dag.py for tasks to queue
[2022-08-03 04:23:28,886] {logging_mixin.py:109} INFO - [2022-08-03 04:23:28,886] {dagbag.py:500} INFO - Filling up the DagBag from /opt/airflow/dags/zones_dag.py
[2022-08-03 04:23:29,004] {processor.py:654} INFO - DAG(s) dict_keys(['zones_dag3']) retrieved from /opt/airflow/dags/zones_dag.py
[2022-08-03 04:23:29,018] {logging_mixin.py:109} INFO - [2022-08-03 04:23:29,016] {dag.py:2396} INFO - Sync 1 DAGs
[2022-08-03 04:23:29,041] {logging_mixin.py:109} INFO - [2022-08-03 04:23:29,041] {dag.py:2935} INFO - Setting next_dagrun for zones_dag3 to None
[2022-08-03 04:23:29,052] {processor.py:171} INFO - Processing /opt/airflow/dags/zones_dag.py took 0.174 seconds
[2022-08-03 04:23:59,725] {processor.py:163} INFO - Started process (PID=914) to work on /opt/airflow/dags/zones_dag.py
[2022-08-03 04:23:59,727] {processor.py:642} INFO - Processing file /opt/airflow/dags/zones_dag.py for tasks to queue
[2022-08-03 04:23:59,729] {logging_mixin.py:109} INFO - [2022-08-03 04:23:59,728] {dagbag.py:500} INFO - Filling up the DagBag from /opt/airflow/dags/zones_dag.py
[2022-08-03 04:23:59,902] {processor.py:654} INFO - DAG(s) dict_keys(['zones_dag3']) retrieved from /opt/airflow/dags/zones_dag.py
[2022-08-03 04:23:59,922] {logging_mixin.py:109} INFO - [2022-08-03 04:23:59,921] {dag.py:2396} INFO - Sync 1 DAGs
[2022-08-03 04:23:59,949] {logging_mixin.py:109} INFO - [2022-08-03 04:23:59,948] {dag.py:2935} INFO - Setting next_dagrun for zones_dag3 to None
[2022-08-03 04:23:59,962] {processor.py:171} INFO - Processing /opt/airflow/dags/zones_dag.py took 0.242 seconds
[2022-08-03 04:24:30,485] {processor.py:163} INFO - Started process (PID=947) to work on /opt/airflow/dags/zones_dag.py
[2022-08-03 04:24:30,488] {processor.py:642} INFO - Processing file /opt/airflow/dags/zones_dag.py for tasks to queue
[2022-08-03 04:24:30,490] {logging_mixin.py:109} INFO - [2022-08-03 04:24:30,489] {dagbag.py:500} INFO - Filling up the DagBag from /opt/airflow/dags/zones_dag.py
[2022-08-03 04:24:30,625] {processor.py:654} INFO - DAG(s) dict_keys(['zones_dag3']) retrieved from /opt/airflow/dags/zones_dag.py
[2022-08-03 04:24:30,641] {logging_mixin.py:109} INFO - [2022-08-03 04:24:30,639] {dag.py:2396} INFO - Sync 1 DAGs
[2022-08-03 04:24:30,662] {logging_mixin.py:109} INFO - [2022-08-03 04:24:30,662] {dag.py:2935} INFO - Setting next_dagrun for zones_dag3 to None
[2022-08-03 04:24:30,676] {processor.py:171} INFO - Processing /opt/airflow/dags/zones_dag.py took 0.196 seconds
[2022-08-03 04:25:01,259] {processor.py:163} INFO - Started process (PID=979) to work on /opt/airflow/dags/zones_dag.py
[2022-08-03 04:25:01,261] {processor.py:642} INFO - Processing file /opt/airflow/dags/zones_dag.py for tasks to queue
[2022-08-03 04:25:01,262] {logging_mixin.py:109} INFO - [2022-08-03 04:25:01,262] {dagbag.py:500} INFO - Filling up the DagBag from /opt/airflow/dags/zones_dag.py
[2022-08-03 04:25:01,396] {processor.py:654} INFO - DAG(s) dict_keys(['zones_dag3']) retrieved from /opt/airflow/dags/zones_dag.py
[2022-08-03 04:25:01,413] {logging_mixin.py:109} INFO - [2022-08-03 04:25:01,411] {dag.py:2396} INFO - Sync 1 DAGs
[2022-08-03 04:25:01,438] {logging_mixin.py:109} INFO - [2022-08-03 04:25:01,437] {dag.py:2935} INFO - Setting next_dagrun for zones_dag3 to None
[2022-08-03 04:25:01,450] {processor.py:171} INFO - Processing /opt/airflow/dags/zones_dag.py took 0.196 seconds
[2022-08-03 04:25:31,710] {processor.py:163} INFO - Started process (PID=1023) to work on /opt/airflow/dags/zones_dag.py
[2022-08-03 04:25:31,712] {processor.py:642} INFO - Processing file /opt/airflow/dags/zones_dag.py for tasks to queue
[2022-08-03 04:25:31,714] {logging_mixin.py:109} INFO - [2022-08-03 04:25:31,713] {dagbag.py:500} INFO - Filling up the DagBag from /opt/airflow/dags/zones_dag.py
[2022-08-03 04:25:31,878] {processor.py:654} INFO - DAG(s) dict_keys(['zones_dag3']) retrieved from /opt/airflow/dags/zones_dag.py
[2022-08-03 04:25:31,895] {logging_mixin.py:109} INFO - [2022-08-03 04:25:31,893] {dag.py:2396} INFO - Sync 1 DAGs
[2022-08-03 04:25:31,917] {logging_mixin.py:109} INFO - [2022-08-03 04:25:31,917] {dag.py:2935} INFO - Setting next_dagrun for zones_dag3 to None
[2022-08-03 04:25:31,927] {processor.py:171} INFO - Processing /opt/airflow/dags/zones_dag.py took 0.223 seconds
[2022-08-03 04:26:02,440] {processor.py:163} INFO - Started process (PID=1058) to work on /opt/airflow/dags/zones_dag.py
[2022-08-03 04:26:02,442] {processor.py:642} INFO - Processing file /opt/airflow/dags/zones_dag.py for tasks to queue
[2022-08-03 04:26:02,446] {logging_mixin.py:109} INFO - [2022-08-03 04:26:02,446] {dagbag.py:500} INFO - Filling up the DagBag from /opt/airflow/dags/zones_dag.py
[2022-08-03 04:26:02,588] {processor.py:654} INFO - DAG(s) dict_keys(['zones_dag3']) retrieved from /opt/airflow/dags/zones_dag.py
[2022-08-03 04:26:02,603] {logging_mixin.py:109} INFO - [2022-08-03 04:26:02,601] {dag.py:2396} INFO - Sync 1 DAGs
[2022-08-03 04:26:02,625] {logging_mixin.py:109} INFO - [2022-08-03 04:26:02,625] {dag.py:2935} INFO - Setting next_dagrun for zones_dag3 to None
[2022-08-03 04:26:02,635] {processor.py:171} INFO - Processing /opt/airflow/dags/zones_dag.py took 0.203 seconds
