[2022-07-08 14:57:47,554] {taskinstance.py:1032} INFO - Dependencies all met for <TaskInstance: fhv_dag.download_data_task scheduled__2019-02-02T06:00:00+00:00 [queued]>
[2022-07-08 14:57:47,600] {taskinstance.py:1032} INFO - Dependencies all met for <TaskInstance: fhv_dag.download_data_task scheduled__2019-02-02T06:00:00+00:00 [queued]>
[2022-07-08 14:57:47,603] {taskinstance.py:1238} INFO - 
--------------------------------------------------------------------------------
[2022-07-08 14:57:47,605] {taskinstance.py:1239} INFO - Starting attempt 1 of 1
[2022-07-08 14:57:47,606] {taskinstance.py:1240} INFO - 
--------------------------------------------------------------------------------
[2022-07-08 14:57:47,663] {taskinstance.py:1259} INFO - Executing <Task(BashOperator): download_data_task> on 2019-02-02 06:00:00+00:00
[2022-07-08 14:57:47,694] {standard_task_runner.py:52} INFO - Started process 887 to run task
[2022-07-08 14:57:47,716] {standard_task_runner.py:76} INFO - Running: ['***', 'tasks', 'run', 'fhv_dag', 'download_data_task', 'scheduled__2019-02-02T06:00:00+00:00', '--job-id', '372', '--raw', '--subdir', 'DAGS_FOLDER/fhv_dag.py', '--cfg-path', '/tmp/tmpji20p6jt', '--error-file', '/tmp/tmp_c4sfses']
[2022-07-08 14:57:47,739] {standard_task_runner.py:77} INFO - Job 372: Subtask download_data_task
[2022-07-08 14:57:47,843] {logging_mixin.py:109} INFO - Running <TaskInstance: fhv_dag.download_data_task scheduled__2019-02-02T06:00:00+00:00 [running]> on host 2b856f2081be
[2022-07-08 14:57:47,928] {warnings.py:99} WARNING - /home/***/.local/lib/python3.6/site-packages/***/utils/context.py:152: AirflowContextDeprecationWarning: Accessing 'execution_date' from the template is deprecated and will be removed in a future version. Please use 'data_interval_start' or 'logical_date' instead.
  warnings.warn(_create_deprecation_warning(key, self._deprecation_replacements[key]))

[2022-07-08 14:57:47,979] {taskinstance.py:1426} INFO - Exporting the following env vars:
AIRFLOW_CTX_DAG_OWNER=***
AIRFLOW_CTX_DAG_ID=fhv_dag
AIRFLOW_CTX_TASK_ID=download_data_task
AIRFLOW_CTX_EXECUTION_DATE=2019-02-02T06:00:00+00:00
AIRFLOW_CTX_DAG_RUN_ID=scheduled__2019-02-02T06:00:00+00:00
[2022-07-08 14:57:47,985] {subprocess.py:62} INFO - Tmp dir root location: 
 /tmp
[2022-07-08 14:57:47,996] {subprocess.py:74} INFO - Running command: ['bash', '-c', 'curl -sSL https://d37ci6vzurychx.cloudfront.net/trip-data/fhv_tripdata_2019-02.parquet > /opt/***/fhv_tripdata_2019-02.parquet']
[2022-07-08 14:57:48,069] {subprocess.py:85} INFO - Output:
[2022-07-08 14:57:48,267] {subprocess.py:93} INFO - Command exited with return code 0
[2022-07-08 14:57:48,431] {taskinstance.py:1277} INFO - Marking task as SUCCESS. dag_id=fhv_dag, task_id=download_data_task, execution_date=20190202T060000, start_date=20220708T145747, end_date=20220708T145748
[2022-07-08 14:57:48,508] {local_task_job.py:154} INFO - Task exited with return code 0
[2022-07-08 14:57:48,633] {local_task_job.py:264} INFO - 1 downstream tasks scheduled from follow-on schedule check
