[2022-07-08 05:56:28,746] {taskinstance.py:1032} INFO - Dependencies all met for <TaskInstance: yt_dag7.download_data_task scheduled__2020-12-02T06:00:00+00:00 [queued]>
[2022-07-08 05:56:29,723] {taskinstance.py:1032} INFO - Dependencies all met for <TaskInstance: yt_dag7.download_data_task scheduled__2020-12-02T06:00:00+00:00 [queued]>
[2022-07-08 05:56:29,789] {taskinstance.py:1238} INFO - 
--------------------------------------------------------------------------------
[2022-07-08 05:56:29,794] {taskinstance.py:1239} INFO - Starting attempt 1 of 1
[2022-07-08 05:56:29,799] {taskinstance.py:1240} INFO - 
--------------------------------------------------------------------------------
[2022-07-08 05:56:30,982] {taskinstance.py:1259} INFO - Executing <Task(BashOperator): download_data_task> on 2020-12-02 06:00:00+00:00
[2022-07-08 05:56:31,138] {standard_task_runner.py:76} INFO - Running: ['***', 'tasks', 'run', 'yt_dag7', 'download_data_task', 'scheduled__2020-12-02T06:00:00+00:00', '--job-id', '351', '--raw', '--subdir', 'DAGS_FOLDER/yellow_taxi_dag.py', '--cfg-path', '/tmp/tmpam1byhns', '--error-file', '/tmp/tmp1b67zmbt']
[2022-07-08 05:56:31,319] {standard_task_runner.py:77} INFO - Job 351: Subtask download_data_task
[2022-07-08 05:56:31,054] {standard_task_runner.py:52} INFO - Started process 797 to run task
[2022-07-08 05:56:36,745] {logging_mixin.py:109} INFO - Running <TaskInstance: yt_dag7.download_data_task scheduled__2020-12-02T06:00:00+00:00 [running]> on host 2b856f2081be
[2022-07-08 05:56:39,336] {warnings.py:99} WARNING - /home/***/.local/lib/python3.6/site-packages/***/utils/context.py:152: AirflowContextDeprecationWarning: Accessing 'execution_date' from the template is deprecated and will be removed in a future version. Please use 'data_interval_start' or 'logical_date' instead.
  warnings.warn(_create_deprecation_warning(key, self._deprecation_replacements[key]))

[2022-07-08 05:56:39,476] {taskinstance.py:1426} INFO - Exporting the following env vars:
AIRFLOW_CTX_DAG_OWNER=***
AIRFLOW_CTX_DAG_ID=yt_dag7
AIRFLOW_CTX_TASK_ID=download_data_task
AIRFLOW_CTX_EXECUTION_DATE=2020-12-02T06:00:00+00:00
AIRFLOW_CTX_DAG_RUN_ID=scheduled__2020-12-02T06:00:00+00:00
[2022-07-08 05:56:39,488] {subprocess.py:62} INFO - Tmp dir root location: 
 /tmp
[2022-07-08 05:56:39,500] {subprocess.py:74} INFO - Running command: ['bash', '-c', 'curl -sSL https://d37ci6vzurychx.cloudfront.net/trip-data/yellow_tripdata_2020-12.parquet > /opt/***/yellow_tripdata_2020-12.parquet']
[2022-07-08 05:56:39,887] {subprocess.py:85} INFO - Output:
[2022-07-08 05:58:20,430] {subprocess.py:93} INFO - Command exited with return code 0
[2022-07-08 05:58:20,865] {taskinstance.py:1277} INFO - Marking task as SUCCESS. dag_id=yt_dag7, task_id=download_data_task, execution_date=20201202T060000, start_date=20220708T055628, end_date=20220708T055820
[2022-07-08 05:58:22,187] {local_task_job.py:154} INFO - Task exited with return code 0
[2022-07-08 05:58:23,615] {local_task_job.py:264} INFO - 1 downstream tasks scheduled from follow-on schedule check
