[2022-07-08 05:30:23,118] {taskinstance.py:1032} INFO - Dependencies all met for <TaskInstance: yellow_taxi_dag5.download_data_task scheduled__2020-05-02T06:00:00+00:00 [queued]>
[2022-07-08 05:30:25,935] {taskinstance.py:1032} INFO - Dependencies all met for <TaskInstance: yellow_taxi_dag5.download_data_task scheduled__2020-05-02T06:00:00+00:00 [queued]>
[2022-07-08 05:30:26,146] {taskinstance.py:1238} INFO - 
--------------------------------------------------------------------------------
[2022-07-08 05:30:26,172] {taskinstance.py:1239} INFO - Starting attempt 1 of 1
[2022-07-08 05:30:26,197] {taskinstance.py:1240} INFO - 
--------------------------------------------------------------------------------
[2022-07-08 05:30:28,867] {taskinstance.py:1259} INFO - Executing <Task(BashOperator): download_data_task> on 2020-05-02 06:00:00+00:00
[2022-07-08 05:30:28,929] {standard_task_runner.py:52} INFO - Started process 2632 to run task
[2022-07-08 05:30:30,016] {standard_task_runner.py:76} INFO - Running: ['***', 'tasks', 'run', 'yellow_taxi_dag5', 'download_data_task', 'scheduled__2020-05-02T06:00:00+00:00', '--job-id', '307', '--raw', '--subdir', 'DAGS_FOLDER/yellow_taxi_dag.py', '--cfg-path', '/tmp/tmp0e5knsns', '--error-file', '/tmp/tmpxaia45vn']
[2022-07-08 05:30:30,146] {standard_task_runner.py:77} INFO - Job 307: Subtask download_data_task
[2022-07-08 05:30:37,946] {logging_mixin.py:109} INFO - Running <TaskInstance: yellow_taxi_dag5.download_data_task scheduled__2020-05-02T06:00:00+00:00 [running]> on host 2b856f2081be
[2022-07-08 05:30:40,993] {warnings.py:99} WARNING - /home/***/.local/lib/python3.6/site-packages/***/utils/context.py:152: AirflowContextDeprecationWarning: Accessing 'execution_date' from the template is deprecated and will be removed in a future version. Please use 'data_interval_start' or 'logical_date' instead.
  warnings.warn(_create_deprecation_warning(key, self._deprecation_replacements[key]))

[2022-07-08 05:30:42,123] {taskinstance.py:1426} INFO - Exporting the following env vars:
AIRFLOW_CTX_DAG_OWNER=***
AIRFLOW_CTX_DAG_ID=yellow_taxi_dag5
AIRFLOW_CTX_TASK_ID=download_data_task
AIRFLOW_CTX_EXECUTION_DATE=2020-05-02T06:00:00+00:00
AIRFLOW_CTX_DAG_RUN_ID=scheduled__2020-05-02T06:00:00+00:00
[2022-07-08 05:30:42,233] {subprocess.py:62} INFO - Tmp dir root location: 
 /tmp
[2022-07-08 05:30:42,426] {subprocess.py:74} INFO - Running command: ['bash', '-c', 'curl -sSL https://d37ci6vzurychx.cloudfront.net/trip-data/yellow_tripdata_2020-05.parquet > /opt/***/yellow_tripdata_2020-05.parquet']
[2022-07-08 05:30:43,386] {subprocess.py:85} INFO - Output:
[2022-07-08 05:30:53,838] {subprocess.py:93} INFO - Command exited with return code 0
[2022-07-08 05:31:01,373] {taskinstance.py:1277} INFO - Marking task as SUCCESS. dag_id=yellow_taxi_dag5, task_id=download_data_task, execution_date=20200502T060000, start_date=20220708T053023, end_date=20220708T053101
[2022-07-08 05:31:03,406] {local_task_job.py:154} INFO - Task exited with return code 0
[2022-07-08 05:31:04,775] {local_task_job.py:264} INFO - 1 downstream tasks scheduled from follow-on schedule check
