[2022-07-08 04:01:13,984] {taskinstance.py:1032} INFO - Dependencies all met for <TaskInstance: LocalIngestionDag2.wget scheduled__2020-02-02T06:00:00+00:00 [queued]>
[2022-07-08 04:01:14,057] {taskinstance.py:1032} INFO - Dependencies all met for <TaskInstance: LocalIngestionDag2.wget scheduled__2020-02-02T06:00:00+00:00 [queued]>
[2022-07-08 04:01:14,062] {taskinstance.py:1238} INFO - 
--------------------------------------------------------------------------------
[2022-07-08 04:01:14,066] {taskinstance.py:1239} INFO - Starting attempt 1 of 1
[2022-07-08 04:01:14,071] {taskinstance.py:1240} INFO - 
--------------------------------------------------------------------------------
[2022-07-08 04:01:14,123] {taskinstance.py:1259} INFO - Executing <Task(BashOperator): wget> on 2020-02-02 06:00:00+00:00
[2022-07-08 04:01:14,150] {standard_task_runner.py:52} INFO - Started process 6828 to run task
[2022-07-08 04:01:14,163] {standard_task_runner.py:76} INFO - Running: ['***', 'tasks', 'run', 'LocalIngestionDag2', 'wget', 'scheduled__2020-02-02T06:00:00+00:00', '--job-id', '161', '--raw', '--subdir', 'DAGS_FOLDER/data_ingestion_gcs_full_yt.py', '--cfg-path', '/tmp/tmpjigfpvxs', '--error-file', '/tmp/tmptxpz8rgx']
[2022-07-08 04:01:14,192] {standard_task_runner.py:77} INFO - Job 161: Subtask wget
[2022-07-08 04:01:14,470] {logging_mixin.py:109} INFO - Running <TaskInstance: LocalIngestionDag2.wget scheduled__2020-02-02T06:00:00+00:00 [running]> on host 2b856f2081be
[2022-07-08 04:01:14,645] {warnings.py:99} WARNING - /home/***/.local/lib/python3.6/site-packages/***/utils/context.py:152: AirflowContextDeprecationWarning: Accessing 'execution_date' from the template is deprecated and will be removed in a future version. Please use 'data_interval_start' or 'logical_date' instead.
  warnings.warn(_create_deprecation_warning(key, self._deprecation_replacements[key]))

[2022-07-08 04:01:14,694] {taskinstance.py:1426} INFO - Exporting the following env vars:
AIRFLOW_CTX_DAG_OWNER=***
AIRFLOW_CTX_DAG_ID=LocalIngestionDag2
AIRFLOW_CTX_TASK_ID=wget
AIRFLOW_CTX_EXECUTION_DATE=2020-02-02T06:00:00+00:00
AIRFLOW_CTX_DAG_RUN_ID=scheduled__2020-02-02T06:00:00+00:00
[2022-07-08 04:01:14,700] {subprocess.py:62} INFO - Tmp dir root location: 
 /tmp
[2022-07-08 04:01:14,702] {subprocess.py:74} INFO - Running command: ['bash', '-c', 'echo "2020_02" ']
[2022-07-08 04:01:14,739] {subprocess.py:85} INFO - Output:
[2022-07-08 04:01:14,751] {subprocess.py:89} INFO - 2020_02
[2022-07-08 04:01:14,760] {subprocess.py:93} INFO - Command exited with return code 0
[2022-07-08 04:01:14,917] {taskinstance.py:1277} INFO - Marking task as SUCCESS. dag_id=LocalIngestionDag2, task_id=wget, execution_date=20200202T060000, start_date=20220708T040114, end_date=20220708T040114
[2022-07-08 04:01:15,088] {local_task_job.py:154} INFO - Task exited with return code 0
[2022-07-08 04:01:15,240] {local_task_job.py:264} INFO - 0 downstream tasks scheduled from follow-on schedule check
