[2022-07-08 14:57:48,516] {taskinstance.py:1032} INFO - Dependencies all met for <TaskInstance: fhv_dag.download_data_task scheduled__2019-04-02T06:00:00+00:00 [queued]>
[2022-07-08 14:57:48,556] {taskinstance.py:1032} INFO - Dependencies all met for <TaskInstance: fhv_dag.download_data_task scheduled__2019-04-02T06:00:00+00:00 [queued]>
[2022-07-08 14:57:48,562] {taskinstance.py:1238} INFO - 
--------------------------------------------------------------------------------
[2022-07-08 14:57:48,563] {taskinstance.py:1239} INFO - Starting attempt 1 of 1
[2022-07-08 14:57:48,564] {taskinstance.py:1240} INFO - 
--------------------------------------------------------------------------------
[2022-07-08 14:57:48,627] {taskinstance.py:1259} INFO - Executing <Task(BashOperator): download_data_task> on 2019-04-02 06:00:00+00:00
[2022-07-08 14:57:48,635] {standard_task_runner.py:52} INFO - Started process 897 to run task
[2022-07-08 14:57:48,660] {standard_task_runner.py:76} INFO - Running: ['***', 'tasks', 'run', 'fhv_dag', 'download_data_task', 'scheduled__2019-04-02T06:00:00+00:00', '--job-id', '374', '--raw', '--subdir', 'DAGS_FOLDER/fhv_dag.py', '--cfg-path', '/tmp/tmpe7dymnh7', '--error-file', '/tmp/tmpg1n1bs0x']
[2022-07-08 14:57:48,673] {standard_task_runner.py:77} INFO - Job 374: Subtask download_data_task
[2022-07-08 14:57:48,812] {logging_mixin.py:109} INFO - Running <TaskInstance: fhv_dag.download_data_task scheduled__2019-04-02T06:00:00+00:00 [running]> on host 2b856f2081be
[2022-07-08 14:57:48,895] {warnings.py:99} WARNING - /home/***/.local/lib/python3.6/site-packages/***/utils/context.py:152: AirflowContextDeprecationWarning: Accessing 'execution_date' from the template is deprecated and will be removed in a future version. Please use 'data_interval_start' or 'logical_date' instead.
  warnings.warn(_create_deprecation_warning(key, self._deprecation_replacements[key]))

[2022-07-08 14:57:48,984] {taskinstance.py:1426} INFO - Exporting the following env vars:
AIRFLOW_CTX_DAG_OWNER=***
AIRFLOW_CTX_DAG_ID=fhv_dag
AIRFLOW_CTX_TASK_ID=download_data_task
AIRFLOW_CTX_EXECUTION_DATE=2019-04-02T06:00:00+00:00
AIRFLOW_CTX_DAG_RUN_ID=scheduled__2019-04-02T06:00:00+00:00
[2022-07-08 14:57:48,990] {subprocess.py:62} INFO - Tmp dir root location: 
 /tmp
[2022-07-08 14:57:48,994] {subprocess.py:74} INFO - Running command: ['bash', '-c', 'curl -sSL https://d37ci6vzurychx.cloudfront.net/trip-data/fhv_tripdata_2019-04.parquet > /opt/***/fhv_tripdata_2019-04.parquet']
[2022-07-08 14:57:49,014] {subprocess.py:85} INFO - Output:
[2022-07-08 14:57:49,194] {subprocess.py:93} INFO - Command exited with return code 0
[2022-07-08 14:57:49,283] {taskinstance.py:1277} INFO - Marking task as SUCCESS. dag_id=fhv_dag, task_id=download_data_task, execution_date=20190402T060000, start_date=20220708T145748, end_date=20220708T145749
[2022-07-08 14:57:49,372] {local_task_job.py:154} INFO - Task exited with return code 0
[2022-07-08 14:57:49,469] {local_task_job.py:264} INFO - 1 downstream tasks scheduled from follow-on schedule check
