[2022-07-08 20:02:13,831] {taskinstance.py:1032} INFO - Dependencies all met for <TaskInstance: gt_dag.download_data_task scheduled__2019-12-02T06:00:00+00:00 [queued]>
[2022-07-08 20:02:14,289] {taskinstance.py:1032} INFO - Dependencies all met for <TaskInstance: gt_dag.download_data_task scheduled__2019-12-02T06:00:00+00:00 [queued]>
[2022-07-08 20:02:14,296] {taskinstance.py:1238} INFO - 
--------------------------------------------------------------------------------
[2022-07-08 20:02:14,319] {taskinstance.py:1239} INFO - Starting attempt 1 of 1
[2022-07-08 20:02:14,338] {taskinstance.py:1240} INFO - 
--------------------------------------------------------------------------------
[2022-07-08 20:02:14,895] {taskinstance.py:1259} INFO - Executing <Task(BashOperator): download_data_task> on 2019-12-02 06:00:00+00:00
[2022-07-08 20:02:15,111] {standard_task_runner.py:52} INFO - Started process 15102 to run task
[2022-07-08 20:02:15,347] {standard_task_runner.py:76} INFO - Running: ['***', 'tasks', 'run', 'gt_dag', 'download_data_task', 'scheduled__2019-12-02T06:00:00+00:00', '--job-id', '417', '--raw', '--subdir', 'DAGS_FOLDER/green_taxi_dag.py', '--cfg-path', '/tmp/tmpxg09zfbs', '--error-file', '/tmp/tmp24ly7dbw']
[2022-07-08 20:02:15,806] {standard_task_runner.py:77} INFO - Job 417: Subtask download_data_task
[2022-07-08 20:02:20,421] {logging_mixin.py:109} INFO - Running <TaskInstance: gt_dag.download_data_task scheduled__2019-12-02T06:00:00+00:00 [running]> on host 2b856f2081be
[2022-07-08 20:02:22,806] {warnings.py:99} WARNING - /home/***/.local/lib/python3.6/site-packages/***/utils/context.py:152: AirflowContextDeprecationWarning: Accessing 'execution_date' from the template is deprecated and will be removed in a future version. Please use 'data_interval_start' or 'logical_date' instead.
  warnings.warn(_create_deprecation_warning(key, self._deprecation_replacements[key]))

[2022-07-08 20:02:23,472] {taskinstance.py:1426} INFO - Exporting the following env vars:
AIRFLOW_CTX_DAG_OWNER=***
AIRFLOW_CTX_DAG_ID=gt_dag
AIRFLOW_CTX_TASK_ID=download_data_task
AIRFLOW_CTX_EXECUTION_DATE=2019-12-02T06:00:00+00:00
AIRFLOW_CTX_DAG_RUN_ID=scheduled__2019-12-02T06:00:00+00:00
[2022-07-08 20:02:23,537] {subprocess.py:62} INFO - Tmp dir root location: 
 /tmp
[2022-07-08 20:02:23,592] {subprocess.py:74} INFO - Running command: ['bash', '-c', 'curl -sSL https://d37ci6vzurychx.cloudfront.net/trip-data/green_tripdata_2019-12.parquet > /opt/***/green_tripdata_2019-12.parquet']
[2022-07-08 20:02:24,902] {subprocess.py:85} INFO - Output:
[2022-07-08 20:02:38,759] {subprocess.py:93} INFO - Command exited with return code 0
[2022-07-08 20:02:42,268] {taskinstance.py:1277} INFO - Marking task as SUCCESS. dag_id=gt_dag, task_id=download_data_task, execution_date=20191202T060000, start_date=20220708T200213, end_date=20220708T200241
[2022-07-08 20:02:43,623] {local_task_job.py:212} WARNING - State of this instance has been externally set to success. Terminating instance.
[2022-07-08 20:02:43,968] {process_utils.py:124} INFO - Sending Signals.SIGTERM to group 15102. PIDs of all processes in the group: [15102]
[2022-07-08 20:02:43,972] {process_utils.py:75} INFO - Sending the signal Signals.SIGTERM to group 15102
[2022-07-08 20:02:45,145] {process_utils.py:70} INFO - Process psutil.Process(pid=15102, status='terminated', exitcode=0, started='20:02:14') (15102) terminated with exit code 0
