[2022-07-03 05:55:59,004] {taskinstance.py:1032} INFO - Dependencies all met for <TaskInstance: data_ingestion_gcs_dag.download_dataset_task manual__2022-07-03T05:55:57.081420+00:00 [queued]>
[2022-07-03 05:55:59,030] {taskinstance.py:1032} INFO - Dependencies all met for <TaskInstance: data_ingestion_gcs_dag.download_dataset_task manual__2022-07-03T05:55:57.081420+00:00 [queued]>
[2022-07-03 05:55:59,031] {taskinstance.py:1238} INFO - 
--------------------------------------------------------------------------------
[2022-07-03 05:55:59,032] {taskinstance.py:1239} INFO - Starting attempt 1 of 2
[2022-07-03 05:55:59,033] {taskinstance.py:1240} INFO - 
--------------------------------------------------------------------------------
[2022-07-03 05:55:59,047] {taskinstance.py:1259} INFO - Executing <Task(BashOperator): download_dataset_task> on 2022-07-03 05:55:57.081420+00:00
[2022-07-03 05:55:59,058] {standard_task_runner.py:76} INFO - Running: ['***', 'tasks', 'run', 'data_ingestion_gcs_dag', 'download_dataset_task', 'manual__2022-07-03T05:55:57.081420+00:00', '--job-id', '20', '--raw', '--subdir', 'DAGS_FOLDER/data_ingestion_gcs_dag.py', '--cfg-path', '/tmp/tmp17ur9kqv', '--error-file', '/tmp/tmp062mtday']
[2022-07-03 05:55:59,054] {standard_task_runner.py:52} INFO - Started process 120 to run task
[2022-07-03 05:55:59,064] {standard_task_runner.py:77} INFO - Job 20: Subtask download_dataset_task
[2022-07-03 05:55:59,138] {logging_mixin.py:109} INFO - Running <TaskInstance: data_ingestion_gcs_dag.download_dataset_task manual__2022-07-03T05:55:57.081420+00:00 [running]> on host 4f9aea8f6e54
[2022-07-03 05:55:59,201] {taskinstance.py:1426} INFO - Exporting the following env vars:
AIRFLOW_CTX_DAG_OWNER=***
AIRFLOW_CTX_DAG_ID=data_ingestion_gcs_dag
AIRFLOW_CTX_TASK_ID=download_dataset_task
AIRFLOW_CTX_EXECUTION_DATE=2022-07-03T05:55:57.081420+00:00
AIRFLOW_CTX_DAG_RUN_ID=manual__2022-07-03T05:55:57.081420+00:00
[2022-07-03 05:55:59,205] {subprocess.py:62} INFO - Tmp dir root location: 
 /tmp
[2022-07-03 05:55:59,207] {subprocess.py:74} INFO - Running command: ['bash', '-c', 'curl -sSL https://s3.amazonaws.com/nyc-tlc/trip+data/yellow_tripdata_2021-01.csv > /opt/***/yellow_tripdata_2021-01.csv']
[2022-07-03 05:55:59,221] {subprocess.py:85} INFO - Output:
[2022-07-03 05:55:59,448] {subprocess.py:93} INFO - Command exited with return code 0
[2022-07-03 05:55:59,489] {taskinstance.py:1277} INFO - Marking task as SUCCESS. dag_id=data_ingestion_gcs_dag, task_id=download_dataset_task, execution_date=20220703T055557, start_date=20220703T055559, end_date=20220703T055559
[2022-07-03 05:55:59,523] {local_task_job.py:154} INFO - Task exited with return code 0
[2022-07-03 05:55:59,571] {local_task_job.py:264} INFO - 1 downstream tasks scheduled from follow-on schedule check
