[2022-07-08 05:00:03,018] {taskinstance.py:1032} INFO - Dependencies all met for <TaskInstance: yellow_taxi_dag2.curl scheduled__2020-03-02T06:00:00+00:00 [queued]>
[2022-07-08 05:00:03,100] {taskinstance.py:1032} INFO - Dependencies all met for <TaskInstance: yellow_taxi_dag2.curl scheduled__2020-03-02T06:00:00+00:00 [queued]>
[2022-07-08 05:00:03,103] {taskinstance.py:1238} INFO - 
--------------------------------------------------------------------------------
[2022-07-08 05:00:03,104] {taskinstance.py:1239} INFO - Starting attempt 1 of 1
[2022-07-08 05:00:03,113] {taskinstance.py:1240} INFO - 
--------------------------------------------------------------------------------
[2022-07-08 05:00:03,175] {taskinstance.py:1259} INFO - Executing <Task(BashOperator): curl> on 2020-03-02 06:00:00+00:00
[2022-07-08 05:00:03,240] {standard_task_runner.py:76} INFO - Running: ['***', 'tasks', 'run', 'yellow_taxi_dag2', 'curl', 'scheduled__2020-03-02T06:00:00+00:00', '--job-id', '232', '--raw', '--subdir', 'DAGS_FOLDER/yellow_taxi_dag.py', '--cfg-path', '/tmp/tmpo_mhrj1i', '--error-file', '/tmp/tmphqz4hcev']
[2022-07-08 05:00:03,246] {standard_task_runner.py:77} INFO - Job 232: Subtask curl
[2022-07-08 05:00:03,207] {standard_task_runner.py:52} INFO - Started process 1199 to run task
[2022-07-08 05:00:03,618] {logging_mixin.py:109} INFO - Running <TaskInstance: yellow_taxi_dag2.curl scheduled__2020-03-02T06:00:00+00:00 [running]> on host 2b856f2081be
[2022-07-08 05:00:03,741] {warnings.py:99} WARNING - /home/***/.local/lib/python3.6/site-packages/***/utils/context.py:152: AirflowContextDeprecationWarning: Accessing 'execution_date' from the template is deprecated and will be removed in a future version. Please use 'data_interval_start' or 'logical_date' instead.
  warnings.warn(_create_deprecation_warning(key, self._deprecation_replacements[key]))

[2022-07-08 05:00:03,828] {taskinstance.py:1426} INFO - Exporting the following env vars:
AIRFLOW_CTX_DAG_OWNER=***
AIRFLOW_CTX_DAG_ID=yellow_taxi_dag2
AIRFLOW_CTX_TASK_ID=curl
AIRFLOW_CTX_EXECUTION_DATE=2020-03-02T06:00:00+00:00
AIRFLOW_CTX_DAG_RUN_ID=scheduled__2020-03-02T06:00:00+00:00
[2022-07-08 05:00:03,835] {subprocess.py:62} INFO - Tmp dir root location: 
 /tmp
[2022-07-08 05:00:03,839] {subprocess.py:74} INFO - Running command: ['bash', '-c', 'echo "2020_03" ']
[2022-07-08 05:00:03,867] {subprocess.py:85} INFO - Output:
[2022-07-08 05:00:03,873] {subprocess.py:89} INFO - 2020_03
[2022-07-08 05:00:03,875] {subprocess.py:93} INFO - Command exited with return code 0
[2022-07-08 05:00:03,940] {taskinstance.py:1277} INFO - Marking task as SUCCESS. dag_id=yellow_taxi_dag2, task_id=curl, execution_date=20200302T060000, start_date=20220708T050003, end_date=20220708T050003
[2022-07-08 05:00:03,991] {local_task_job.py:154} INFO - Task exited with return code 0
[2022-07-08 05:00:04,062] {local_task_job.py:264} INFO - 0 downstream tasks scheduled from follow-on schedule check
