[2022-07-05 16:04:26,615] {taskinstance.py:1032} INFO - Dependencies all met for <TaskInstance: LocalIngestionDag.wget manual__2022-07-05T16:04:25.545580+00:00 [queued]>
[2022-07-05 16:04:26,637] {taskinstance.py:1032} INFO - Dependencies all met for <TaskInstance: LocalIngestionDag.wget manual__2022-07-05T16:04:25.545580+00:00 [queued]>
[2022-07-05 16:04:26,639] {taskinstance.py:1238} INFO - 
--------------------------------------------------------------------------------
[2022-07-05 16:04:26,640] {taskinstance.py:1239} INFO - Starting attempt 1 of 1
[2022-07-05 16:04:26,641] {taskinstance.py:1240} INFO - 
--------------------------------------------------------------------------------
[2022-07-05 16:04:26,671] {taskinstance.py:1259} INFO - Executing <Task(BashOperator): wget> on 2022-07-05 16:04:25.545580+00:00
[2022-07-05 16:04:26,690] {standard_task_runner.py:76} INFO - Running: ['***', 'tasks', 'run', 'LocalIngestionDag', 'wget', 'manual__2022-07-05T16:04:25.545580+00:00', '--job-id', '61', '--raw', '--subdir', 'DAGS_FOLDER/data_ingestion_local.py', '--cfg-path', '/tmp/tmp5tkbcxze', '--error-file', '/tmp/tmpk1951k2f']
[2022-07-05 16:04:26,677] {standard_task_runner.py:52} INFO - Started process 1897 to run task
[2022-07-05 16:04:26,692] {standard_task_runner.py:77} INFO - Job 61: Subtask wget
[2022-07-05 16:04:26,804] {logging_mixin.py:109} INFO - Running <TaskInstance: LocalIngestionDag.wget manual__2022-07-05T16:04:25.545580+00:00 [running]> on host 730d3c67d882
[2022-07-05 16:04:26,940] {warnings.py:99} WARNING - /home/***/.local/lib/python3.6/site-packages/***/utils/context.py:152: AirflowContextDeprecationWarning: Accessing 'execution_date' from the template is deprecated and will be removed in a future version. Please use 'data_interval_start' or 'logical_date' instead.
  warnings.warn(_create_deprecation_warning(key, self._deprecation_replacements[key]))

[2022-07-05 16:04:27,101] {taskinstance.py:1426} INFO - Exporting the following env vars:
AIRFLOW_CTX_DAG_OWNER=***
AIRFLOW_CTX_DAG_ID=LocalIngestionDag
AIRFLOW_CTX_TASK_ID=wget
AIRFLOW_CTX_EXECUTION_DATE=2022-07-05T16:04:25.545580+00:00
AIRFLOW_CTX_DAG_RUN_ID=manual__2022-07-05T16:04:25.545580+00:00
[2022-07-05 16:04:27,104] {subprocess.py:62} INFO - Tmp dir root location: 
 /tmp
[2022-07-05 16:04:27,109] {subprocess.py:74} INFO - Running command: ['bash', '-c', 'echo "2022-07-05" "2022-07"']
[2022-07-05 16:04:27,158] {subprocess.py:85} INFO - Output:
[2022-07-05 16:04:27,176] {subprocess.py:89} INFO - 2022-07-05 2022-07
[2022-07-05 16:04:27,178] {subprocess.py:93} INFO - Command exited with return code 0
[2022-07-05 16:04:27,258] {taskinstance.py:1277} INFO - Marking task as SUCCESS. dag_id=LocalIngestionDag, task_id=wget, execution_date=20220705T160425, start_date=20220705T160426, end_date=20220705T160427
[2022-07-05 16:04:27,343] {local_task_job.py:154} INFO - Task exited with return code 0
[2022-07-05 16:04:27,459] {local_task_job.py:264} INFO - 1 downstream tasks scheduled from follow-on schedule check
