[2022-08-05 17:19:49,381] {taskinstance.py:1032} INFO - Dependencies all met for <TaskInstance: move_gcs_trip_data_to_bq_workflow2.bigquery_external_table_task_fhv scheduled__2022-08-04T00:00:00+00:00 [queued]>
[2022-08-05 17:19:49,396] {taskinstance.py:1032} INFO - Dependencies all met for <TaskInstance: move_gcs_trip_data_to_bq_workflow2.bigquery_external_table_task_fhv scheduled__2022-08-04T00:00:00+00:00 [queued]>
[2022-08-05 17:19:49,397] {taskinstance.py:1238} INFO - 
--------------------------------------------------------------------------------
[2022-08-05 17:19:49,398] {taskinstance.py:1239} INFO - Starting attempt 5 of 6
[2022-08-05 17:19:49,399] {taskinstance.py:1240} INFO - 
--------------------------------------------------------------------------------
[2022-08-05 17:19:49,415] {taskinstance.py:1259} INFO - Executing <Task(BigQueryCreateExternalTableOperator): bigquery_external_table_task_fhv> on 2022-08-04 00:00:00+00:00
[2022-08-05 17:19:49,423] {standard_task_runner.py:52} INFO - Started process 7224 to run task
[2022-08-05 17:19:49,427] {standard_task_runner.py:76} INFO - Running: ['***', 'tasks', 'run', 'move_gcs_trip_data_to_bq_workflow2', 'bigquery_external_table_task_fhv', 'scheduled__2022-08-04T00:00:00+00:00', '--job-id', '123', '--raw', '--subdir', 'DAGS_FOLDER/gcs_to_bq.py', '--cfg-path', '/tmp/tmp4herbzlm', '--error-file', '/tmp/tmpqrekqqw7']
[2022-08-05 17:19:49,429] {standard_task_runner.py:77} INFO - Job 123: Subtask bigquery_external_table_task_fhv
[2022-08-05 17:19:49,504] {logging_mixin.py:109} INFO - Running <TaskInstance: move_gcs_trip_data_to_bq_workflow2.bigquery_external_table_task_fhv scheduled__2022-08-04T00:00:00+00:00 [running]> on host a02ae1da6c7b
[2022-08-05 17:19:49,570] {taskinstance.py:1426} INFO - Exporting the following env vars:
AIRFLOW_CTX_DAG_OWNER=***
AIRFLOW_CTX_DAG_ID=move_gcs_trip_data_to_bq_workflow2
AIRFLOW_CTX_TASK_ID=bigquery_external_table_task_fhv
AIRFLOW_CTX_EXECUTION_DATE=2022-08-04T00:00:00+00:00
AIRFLOW_CTX_DAG_RUN_ID=scheduled__2022-08-04T00:00:00+00:00
[2022-08-05 17:19:49,573] {crypto.py:82} WARNING - empty cryptography key - values will not be stored encrypted.
[2022-08-05 17:19:50,244] {taskinstance.py:1277} INFO - Marking task as SUCCESS. dag_id=move_gcs_trip_data_to_bq_workflow2, task_id=bigquery_external_table_task_fhv, execution_date=20220804T000000, start_date=20220805T171949, end_date=20220805T171950
[2022-08-05 17:19:50,308] {local_task_job.py:154} INFO - Task exited with return code 0
[2022-08-05 17:19:50,355] {local_task_job.py:264} INFO - 1 downstream tasks scheduled from follow-on schedule check
