[2022-07-08 05:00:10,085] {taskinstance.py:1032} INFO - Dependencies all met for <TaskInstance: yellow_taxi_dag2.curl scheduled__2020-09-02T06:00:00+00:00 [queued]>
[2022-07-08 05:00:10,123] {taskinstance.py:1032} INFO - Dependencies all met for <TaskInstance: yellow_taxi_dag2.curl scheduled__2020-09-02T06:00:00+00:00 [queued]>
[2022-07-08 05:00:10,131] {taskinstance.py:1238} INFO - 
--------------------------------------------------------------------------------
[2022-07-08 05:00:10,142] {taskinstance.py:1239} INFO - Starting attempt 1 of 1
[2022-07-08 05:00:10,144] {taskinstance.py:1240} INFO - 
--------------------------------------------------------------------------------
[2022-07-08 05:00:10,202] {taskinstance.py:1259} INFO - Executing <Task(BashOperator): curl> on 2020-09-02 06:00:00+00:00
[2022-07-08 05:00:10,257] {standard_task_runner.py:76} INFO - Running: ['***', 'tasks', 'run', 'yellow_taxi_dag2', 'curl', 'scheduled__2020-09-02T06:00:00+00:00', '--job-id', '238', '--raw', '--subdir', 'DAGS_FOLDER/yellow_taxi_dag.py', '--cfg-path', '/tmp/tmpm7_z706z', '--error-file', '/tmp/tmp34bld84u']
[2022-07-08 05:00:10,249] {standard_task_runner.py:52} INFO - Started process 1218 to run task
[2022-07-08 05:00:10,283] {standard_task_runner.py:77} INFO - Job 238: Subtask curl
[2022-07-08 05:00:10,545] {logging_mixin.py:109} INFO - Running <TaskInstance: yellow_taxi_dag2.curl scheduled__2020-09-02T06:00:00+00:00 [running]> on host 2b856f2081be
[2022-07-08 05:00:10,655] {warnings.py:99} WARNING - /home/***/.local/lib/python3.6/site-packages/***/utils/context.py:152: AirflowContextDeprecationWarning: Accessing 'execution_date' from the template is deprecated and will be removed in a future version. Please use 'data_interval_start' or 'logical_date' instead.
  warnings.warn(_create_deprecation_warning(key, self._deprecation_replacements[key]))

[2022-07-08 05:00:10,712] {taskinstance.py:1426} INFO - Exporting the following env vars:
AIRFLOW_CTX_DAG_OWNER=***
AIRFLOW_CTX_DAG_ID=yellow_taxi_dag2
AIRFLOW_CTX_TASK_ID=curl
AIRFLOW_CTX_EXECUTION_DATE=2020-09-02T06:00:00+00:00
AIRFLOW_CTX_DAG_RUN_ID=scheduled__2020-09-02T06:00:00+00:00
[2022-07-08 05:00:10,718] {subprocess.py:62} INFO - Tmp dir root location: 
 /tmp
[2022-07-08 05:00:10,723] {subprocess.py:74} INFO - Running command: ['bash', '-c', 'echo "2020_09" ']
[2022-07-08 05:00:10,737] {subprocess.py:85} INFO - Output:
[2022-07-08 05:00:10,749] {subprocess.py:89} INFO - 2020_09
[2022-07-08 05:00:10,753] {subprocess.py:93} INFO - Command exited with return code 0
[2022-07-08 05:00:10,833] {taskinstance.py:1277} INFO - Marking task as SUCCESS. dag_id=yellow_taxi_dag2, task_id=curl, execution_date=20200902T060000, start_date=20220708T050010, end_date=20220708T050010
[2022-07-08 05:00:10,931] {local_task_job.py:154} INFO - Task exited with return code 0
[2022-07-08 05:00:11,060] {local_task_job.py:264} INFO - 0 downstream tasks scheduled from follow-on schedule check
