[2022-08-05 15:38:31,557] {taskinstance.py:1032} INFO - Dependencies all met for <TaskInstance: move_gcs_trip_data_to_bq_workflow.gcs_to_gcs_task scheduled__2022-08-04T00:00:00+00:00 [queued]>
[2022-08-05 15:38:31,570] {taskinstance.py:1032} INFO - Dependencies all met for <TaskInstance: move_gcs_trip_data_to_bq_workflow.gcs_to_gcs_task scheduled__2022-08-04T00:00:00+00:00 [queued]>
[2022-08-05 15:38:31,571] {taskinstance.py:1238} INFO - 
--------------------------------------------------------------------------------
[2022-08-05 15:38:31,572] {taskinstance.py:1239} INFO - Starting attempt 1 of 2
[2022-08-05 15:38:31,573] {taskinstance.py:1240} INFO - 
--------------------------------------------------------------------------------
[2022-08-05 15:38:31,587] {taskinstance.py:1259} INFO - Executing <Task(GCSToGCSOperator): gcs_to_gcs_task> on 2022-08-04 00:00:00+00:00
[2022-08-05 15:38:31,595] {standard_task_runner.py:52} INFO - Started process 2566 to run task
[2022-08-05 15:38:31,599] {standard_task_runner.py:76} INFO - Running: ['***', 'tasks', 'run', 'move_gcs_trip_data_to_bq_workflow', 'gcs_to_gcs_task', 'scheduled__2022-08-04T00:00:00+00:00', '--job-id', '44', '--raw', '--subdir', 'DAGS_FOLDER/gcs_to_bq.py', '--cfg-path', '/tmp/tmpbjpojx3o', '--error-file', '/tmp/tmpa1yx7yp5']
[2022-08-05 15:38:31,601] {standard_task_runner.py:77} INFO - Job 44: Subtask gcs_to_gcs_task
[2022-08-05 15:38:31,678] {logging_mixin.py:109} INFO - Running <TaskInstance: move_gcs_trip_data_to_bq_workflow.gcs_to_gcs_task scheduled__2022-08-04T00:00:00+00:00 [running]> on host a02ae1da6c7b
[2022-08-05 15:38:31,747] {taskinstance.py:1426} INFO - Exporting the following env vars:
AIRFLOW_CTX_DAG_OWNER=***
AIRFLOW_CTX_DAG_ID=move_gcs_trip_data_to_bq_workflow
AIRFLOW_CTX_TASK_ID=gcs_to_gcs_task
AIRFLOW_CTX_EXECUTION_DATE=2022-08-04T00:00:00+00:00
AIRFLOW_CTX_DAG_RUN_ID=scheduled__2022-08-04T00:00:00+00:00
[2022-08-05 15:38:31,750] {crypto.py:82} WARNING - empty cryptography key - values will not be stored encrypted.
[2022-08-05 15:38:31,751] {gcs_to_gcs.py:346} INFO - Delimiter ignored because wildcard is in prefix
[2022-08-05 15:38:32,203] {taskinstance.py:1277} INFO - Marking task as SUCCESS. dag_id=move_gcs_trip_data_to_bq_workflow, task_id=gcs_to_gcs_task, execution_date=20220804T000000, start_date=20220805T153831, end_date=20220805T153832
[2022-08-05 15:38:32,259] {local_task_job.py:154} INFO - Task exited with return code 0
[2022-08-05 15:38:32,323] {local_task_job.py:264} INFO - 1 downstream tasks scheduled from follow-on schedule check
