[2022-07-08 05:21:41,369] {taskinstance.py:1032} INFO - Dependencies all met for <TaskInstance: yellow_taxi_dag3.download_data_task scheduled__2019-07-02T06:00:00+00:00 [queued]>
[2022-07-08 05:21:41,426] {taskinstance.py:1032} INFO - Dependencies all met for <TaskInstance: yellow_taxi_dag3.download_data_task scheduled__2019-07-02T06:00:00+00:00 [queued]>
[2022-07-08 05:21:41,437] {taskinstance.py:1238} INFO - 
--------------------------------------------------------------------------------
[2022-07-08 05:21:41,463] {taskinstance.py:1239} INFO - Starting attempt 1 of 1
[2022-07-08 05:21:41,469] {taskinstance.py:1240} INFO - 
--------------------------------------------------------------------------------
[2022-07-08 05:21:41,555] {taskinstance.py:1259} INFO - Executing <Task(BashOperator): download_data_task> on 2019-07-02 06:00:00+00:00
[2022-07-08 05:21:41,606] {standard_task_runner.py:76} INFO - Running: ['***', 'tasks', 'run', 'yellow_taxi_dag3', 'download_data_task', 'scheduled__2019-07-02T06:00:00+00:00', '--job-id', '249', '--raw', '--subdir', 'DAGS_FOLDER/yellow_taxi_dag.py', '--cfg-path', '/tmp/tmp7snthson', '--error-file', '/tmp/tmp1ii2zfs6']
[2022-07-08 05:21:41,611] {standard_task_runner.py:77} INFO - Job 249: Subtask download_data_task
[2022-07-08 05:21:41,576] {standard_task_runner.py:52} INFO - Started process 2125 to run task
[2022-07-08 05:21:41,949] {logging_mixin.py:109} INFO - Running <TaskInstance: yellow_taxi_dag3.download_data_task scheduled__2019-07-02T06:00:00+00:00 [running]> on host 2b856f2081be
[2022-07-08 05:21:42,294] {warnings.py:99} WARNING - /home/***/.local/lib/python3.6/site-packages/***/utils/context.py:152: AirflowContextDeprecationWarning: Accessing 'execution_date' from the template is deprecated and will be removed in a future version. Please use 'data_interval_start' or 'logical_date' instead.
  warnings.warn(_create_deprecation_warning(key, self._deprecation_replacements[key]))

[2022-07-08 05:21:42,438] {taskinstance.py:1426} INFO - Exporting the following env vars:
AIRFLOW_CTX_DAG_OWNER=***
AIRFLOW_CTX_DAG_ID=yellow_taxi_dag3
AIRFLOW_CTX_TASK_ID=download_data_task
AIRFLOW_CTX_EXECUTION_DATE=2019-07-02T06:00:00+00:00
AIRFLOW_CTX_DAG_RUN_ID=scheduled__2019-07-02T06:00:00+00:00
[2022-07-08 05:21:42,450] {subprocess.py:62} INFO - Tmp dir root location: 
 /tmp
[2022-07-08 05:21:42,465] {subprocess.py:74} INFO - Running command: ['bash', '-c', 'echo "2019_07" ']
[2022-07-08 05:21:42,543] {subprocess.py:85} INFO - Output:
[2022-07-08 05:21:42,557] {subprocess.py:89} INFO - 2019_07
[2022-07-08 05:21:42,571] {subprocess.py:93} INFO - Command exited with return code 0
[2022-07-08 05:21:42,897] {taskinstance.py:1277} INFO - Marking task as SUCCESS. dag_id=yellow_taxi_dag3, task_id=download_data_task, execution_date=20190702T060000, start_date=20220708T052141, end_date=20220708T052142
[2022-07-08 05:21:43,019] {local_task_job.py:154} INFO - Task exited with return code 0
[2022-07-08 05:21:43,314] {local_task_job.py:264} INFO - 0 downstream tasks scheduled from follow-on schedule check
