[2022-07-08 05:39:57,518] {taskinstance.py:1032} INFO - Dependencies all met for <TaskInstance: yt_dag7.download_data_task scheduled__2019-04-02T06:00:00+00:00 [queued]>
[2022-07-08 05:39:57,812] {taskinstance.py:1032} INFO - Dependencies all met for <TaskInstance: yt_dag7.download_data_task scheduled__2019-04-02T06:00:00+00:00 [queued]>
[2022-07-08 05:39:57,834] {taskinstance.py:1238} INFO - 
--------------------------------------------------------------------------------
[2022-07-08 05:39:57,840] {taskinstance.py:1239} INFO - Starting attempt 1 of 1
[2022-07-08 05:39:57,842] {taskinstance.py:1240} INFO - 
--------------------------------------------------------------------------------
[2022-07-08 05:39:58,441] {taskinstance.py:1259} INFO - Executing <Task(BashOperator): download_data_task> on 2019-04-02 06:00:00+00:00
[2022-07-08 05:39:58,548] {standard_task_runner.py:76} INFO - Running: ['***', 'tasks', 'run', 'yt_dag7', 'download_data_task', 'scheduled__2019-04-02T06:00:00+00:00', '--job-id', '316', '--raw', '--subdir', 'DAGS_FOLDER/yellow_taxi_dag.py', '--cfg-path', '/tmp/tmp2vb75diq', '--error-file', '/tmp/tmpaxldtcpx']
[2022-07-08 05:39:58,563] {standard_task_runner.py:77} INFO - Job 316: Subtask download_data_task
[2022-07-08 05:39:58,509] {standard_task_runner.py:52} INFO - Started process 129 to run task
[2022-07-08 05:39:59,537] {logging_mixin.py:109} INFO - Running <TaskInstance: yt_dag7.download_data_task scheduled__2019-04-02T06:00:00+00:00 [running]> on host 2b856f2081be
[2022-07-08 05:40:00,075] {warnings.py:99} WARNING - /home/***/.local/lib/python3.6/site-packages/***/utils/context.py:152: AirflowContextDeprecationWarning: Accessing 'execution_date' from the template is deprecated and will be removed in a future version. Please use 'data_interval_start' or 'logical_date' instead.
  warnings.warn(_create_deprecation_warning(key, self._deprecation_replacements[key]))

[2022-07-08 05:40:00,649] {taskinstance.py:1426} INFO - Exporting the following env vars:
AIRFLOW_CTX_DAG_OWNER=***
AIRFLOW_CTX_DAG_ID=yt_dag7
AIRFLOW_CTX_TASK_ID=download_data_task
AIRFLOW_CTX_EXECUTION_DATE=2019-04-02T06:00:00+00:00
AIRFLOW_CTX_DAG_RUN_ID=scheduled__2019-04-02T06:00:00+00:00
[2022-07-08 05:40:00,659] {subprocess.py:62} INFO - Tmp dir root location: 
 /tmp
[2022-07-08 05:40:00,675] {subprocess.py:74} INFO - Running command: ['bash', '-c', 'curl -sSL https://d37ci6vzurychx.cloudfront.net/trip-data/yellow_tripdata_2019-04.parquet > /opt/***/yellow_tripdata_2019-04.parquet']
[2022-07-08 05:40:00,808] {subprocess.py:85} INFO - Output:
[2022-07-08 05:55:01,878] {subprocess.py:93} INFO - Command exited with return code 0
[2022-07-08 05:55:04,392] {taskinstance.py:1277} INFO - Marking task as SUCCESS. dag_id=yt_dag7, task_id=download_data_task, execution_date=20190402T060000, start_date=20220708T053957, end_date=20220708T055504
[2022-07-08 05:55:07,871] {local_task_job.py:212} WARNING - State of this instance has been externally set to success. Terminating instance.
[2022-07-08 05:55:08,133] {process_utils.py:124} INFO - Sending Signals.SIGTERM to group 129. PIDs of all processes in the group: [129]
[2022-07-08 05:55:08,139] {process_utils.py:75} INFO - Sending the signal Signals.SIGTERM to group 129
[2022-07-08 05:55:08,207] {process_utils.py:70} INFO - Process psutil.Process(pid=129, status='terminated', exitcode=0, started='05:39:57') (129) terminated with exit code 0
