[2022-08-05 16:14:39,221] {taskinstance.py:1032} INFO - Dependencies all met for <TaskInstance: move_gcs_trip_data_to_bq_workflow.insert_query_job scheduled__2022-08-04T00:00:00+00:00 [queued]>
[2022-08-05 16:14:39,249] {taskinstance.py:1032} INFO - Dependencies all met for <TaskInstance: move_gcs_trip_data_to_bq_workflow.insert_query_job scheduled__2022-08-04T00:00:00+00:00 [queued]>
[2022-08-05 16:14:39,251] {taskinstance.py:1238} INFO - 
--------------------------------------------------------------------------------
[2022-08-05 16:14:39,253] {taskinstance.py:1239} INFO - Starting attempt 9 of 10
[2022-08-05 16:14:39,254] {taskinstance.py:1240} INFO - 
--------------------------------------------------------------------------------
[2022-08-05 16:14:39,288] {taskinstance.py:1259} INFO - Executing <Task(BigQueryInsertJobOperator): insert_query_job> on 2022-08-04 00:00:00+00:00
[2022-08-05 16:14:39,303] {standard_task_runner.py:52} INFO - Started process 4188 to run task
[2022-08-05 16:14:39,320] {standard_task_runner.py:76} INFO - Running: ['***', 'tasks', 'run', 'move_gcs_trip_data_to_bq_workflow', 'insert_query_job', 'scheduled__2022-08-04T00:00:00+00:00', '--job-id', '61', '--raw', '--subdir', 'DAGS_FOLDER/gcs_to_bq.py', '--cfg-path', '/tmp/tmpgt9t8oxz', '--error-file', '/tmp/tmp3thsyund']
[2022-08-05 16:14:39,323] {standard_task_runner.py:77} INFO - Job 61: Subtask insert_query_job
[2022-08-05 16:14:39,410] {logging_mixin.py:109} INFO - Running <TaskInstance: move_gcs_trip_data_to_bq_workflow.insert_query_job scheduled__2022-08-04T00:00:00+00:00 [running]> on host a02ae1da6c7b
[2022-08-05 16:14:39,490] {taskinstance.py:1426} INFO - Exporting the following env vars:
AIRFLOW_CTX_DAG_OWNER=***
AIRFLOW_CTX_DAG_ID=move_gcs_trip_data_to_bq_workflow
AIRFLOW_CTX_TASK_ID=insert_query_job
AIRFLOW_CTX_EXECUTION_DATE=2022-08-04T00:00:00+00:00
AIRFLOW_CTX_DAG_RUN_ID=scheduled__2022-08-04T00:00:00+00:00
[2022-08-05 16:14:39,493] {crypto.py:82} WARNING - empty cryptography key - values will not be stored encrypted.
[2022-08-05 16:14:39,496] {warnings.py:110} WARNING - /home/***/.local/lib/python3.7/site-packages/***/utils/context.py:152: AirflowContextDeprecationWarning: Accessing 'execution_date' from the template is deprecated and will be removed in a future version. Please use 'data_interval_start' or 'logical_date' instead.
  warnings.warn(_create_deprecation_warning(key, self._deprecation_replacements[key]))

[2022-08-05 16:14:39,507] {bigquery.py:1637} INFO - Inserting job ***_move_gcs_trip_data_to_bq_workflow_insert_query_job_2022_08_04T00_00_00_00_00_63c5834ce0ac804115842de2202aa564
[2022-08-05 16:15:04,969] {taskinstance.py:1277} INFO - Marking task as SUCCESS. dag_id=move_gcs_trip_data_to_bq_workflow, task_id=insert_query_job, execution_date=20220804T000000, start_date=20220805T161439, end_date=20220805T161504
[2022-08-05 16:15:05,038] {local_task_job.py:154} INFO - Task exited with return code 0
[2022-08-05 16:15:05,110] {local_task_job.py:264} INFO - 0 downstream tasks scheduled from follow-on schedule check
