[2022-07-08 14:57:59,279] {taskinstance.py:1032} INFO - Dependencies all met for <TaskInstance: fhv_dag.download_data_task scheduled__2019-10-02T06:00:00+00:00 [queued]>
[2022-07-08 14:57:59,343] {taskinstance.py:1032} INFO - Dependencies all met for <TaskInstance: fhv_dag.download_data_task scheduled__2019-10-02T06:00:00+00:00 [queued]>
[2022-07-08 14:57:59,346] {taskinstance.py:1238} INFO - 
--------------------------------------------------------------------------------
[2022-07-08 14:57:59,349] {taskinstance.py:1239} INFO - Starting attempt 1 of 1
[2022-07-08 14:57:59,351] {taskinstance.py:1240} INFO - 
--------------------------------------------------------------------------------
[2022-07-08 14:57:59,398] {taskinstance.py:1259} INFO - Executing <Task(BashOperator): download_data_task> on 2019-10-02 06:00:00+00:00
[2022-07-08 14:57:59,453] {standard_task_runner.py:52} INFO - Started process 944 to run task
[2022-07-08 14:57:59,532] {standard_task_runner.py:76} INFO - Running: ['***', 'tasks', 'run', 'fhv_dag', 'download_data_task', 'scheduled__2019-10-02T06:00:00+00:00', '--job-id', '385', '--raw', '--subdir', 'DAGS_FOLDER/fhv_dag.py', '--cfg-path', '/tmp/tmph6wdiu7y', '--error-file', '/tmp/tmppg4dryxh']
[2022-07-08 14:57:59,563] {standard_task_runner.py:77} INFO - Job 385: Subtask download_data_task
[2022-07-08 14:58:00,732] {logging_mixin.py:109} INFO - Running <TaskInstance: fhv_dag.download_data_task scheduled__2019-10-02T06:00:00+00:00 [running]> on host 2b856f2081be
[2022-07-08 14:58:01,176] {warnings.py:99} WARNING - /home/***/.local/lib/python3.6/site-packages/***/utils/context.py:152: AirflowContextDeprecationWarning: Accessing 'execution_date' from the template is deprecated and will be removed in a future version. Please use 'data_interval_start' or 'logical_date' instead.
  warnings.warn(_create_deprecation_warning(key, self._deprecation_replacements[key]))

[2022-07-08 14:58:01,340] {taskinstance.py:1426} INFO - Exporting the following env vars:
AIRFLOW_CTX_DAG_OWNER=***
AIRFLOW_CTX_DAG_ID=fhv_dag
AIRFLOW_CTX_TASK_ID=download_data_task
AIRFLOW_CTX_EXECUTION_DATE=2019-10-02T06:00:00+00:00
AIRFLOW_CTX_DAG_RUN_ID=scheduled__2019-10-02T06:00:00+00:00
[2022-07-08 14:58:01,344] {subprocess.py:62} INFO - Tmp dir root location: 
 /tmp
[2022-07-08 14:58:01,348] {subprocess.py:74} INFO - Running command: ['bash', '-c', 'curl -sSL https://d37ci6vzurychx.cloudfront.net/trip-data/fhv_tripdata_2019-10.parquet > /opt/***/fhv_tripdata_2019-10.parquet']
[2022-07-08 14:58:01,430] {subprocess.py:85} INFO - Output:
[2022-07-08 14:58:02,635] {subprocess.py:93} INFO - Command exited with return code 0
[2022-07-08 14:58:02,734] {taskinstance.py:1277} INFO - Marking task as SUCCESS. dag_id=fhv_dag, task_id=download_data_task, execution_date=20191002T060000, start_date=20220708T145759, end_date=20220708T145802
[2022-07-08 14:58:02,834] {local_task_job.py:154} INFO - Task exited with return code 0
[2022-07-08 14:58:03,306] {local_task_job.py:264} INFO - 0 downstream tasks scheduled from follow-on schedule check
[2022-08-04 21:02:46,440] {taskinstance.py:1032} INFO - Dependencies all met for <TaskInstance: fhv_dag.download_data_task scheduled__2019-10-02T06:00:00+00:00 [queued]>
[2022-08-04 21:02:46,643] {taskinstance.py:1032} INFO - Dependencies all met for <TaskInstance: fhv_dag.download_data_task scheduled__2019-10-02T06:00:00+00:00 [queued]>
[2022-08-04 21:02:46,644] {taskinstance.py:1238} INFO - 
--------------------------------------------------------------------------------
[2022-08-04 21:02:46,645] {taskinstance.py:1239} INFO - Starting attempt 1 of 1
[2022-08-04 21:02:46,646] {taskinstance.py:1240} INFO - 
--------------------------------------------------------------------------------
[2022-08-04 21:02:46,693] {taskinstance.py:1259} INFO - Executing <Task(BashOperator): download_data_task> on 2019-10-02 06:00:00+00:00
[2022-08-04 21:02:46,724] {standard_task_runner.py:52} INFO - Started process 84 to run task
[2022-08-04 21:02:46,760] {standard_task_runner.py:76} INFO - Running: ['***', 'tasks', 'run', 'fhv_dag', 'download_data_task', 'scheduled__2019-10-02T06:00:00+00:00', '--job-id', '6', '--raw', '--subdir', 'DAGS_FOLDER/fhv_dag.py', '--cfg-path', '/tmp/tmpqacgenwc', '--error-file', '/tmp/tmpl999jv4x']
[2022-08-04 21:02:46,770] {standard_task_runner.py:77} INFO - Job 6: Subtask download_data_task
[2022-08-04 21:02:47,035] {logging_mixin.py:109} INFO - Running <TaskInstance: fhv_dag.download_data_task scheduled__2019-10-02T06:00:00+00:00 [running]> on host b20bc6ac5db7
[2022-08-04 21:02:47,653] {warnings.py:110} WARNING - /home/***/.local/lib/python3.7/site-packages/***/utils/context.py:152: AirflowContextDeprecationWarning: Accessing 'execution_date' from the template is deprecated and will be removed in a future version. Please use 'data_interval_start' or 'logical_date' instead.
  warnings.warn(_create_deprecation_warning(key, self._deprecation_replacements[key]))

[2022-08-04 21:02:47,903] {taskinstance.py:1426} INFO - Exporting the following env vars:
AIRFLOW_CTX_DAG_OWNER=***
AIRFLOW_CTX_DAG_ID=fhv_dag
AIRFLOW_CTX_TASK_ID=download_data_task
AIRFLOW_CTX_EXECUTION_DATE=2019-10-02T06:00:00+00:00
AIRFLOW_CTX_DAG_RUN_ID=scheduled__2019-10-02T06:00:00+00:00
[2022-08-04 21:02:47,910] {subprocess.py:62} INFO - Tmp dir root location: 
 /tmp
[2022-08-04 21:02:47,950] {subprocess.py:74} INFO - Running command: ['bash', '-c', 'curl -sSL https://d37ci6vzurychx.cloudfront.net/trip-data/fhv_tripdata_2019-10.parquet > /opt/***/fhv_tripdata_2019-10.parquet']
[2022-08-04 21:02:48,241] {subprocess.py:85} INFO - Output:
[2022-08-04 21:04:53,744] {subprocess.py:93} INFO - Command exited with return code 0
[2022-08-04 21:04:53,799] {taskinstance.py:1277} INFO - Marking task as SUCCESS. dag_id=fhv_dag, task_id=download_data_task, execution_date=20191002T060000, start_date=20220804T210246, end_date=20220804T210453
[2022-08-04 21:04:53,851] {local_task_job.py:154} INFO - Task exited with return code 0
[2022-08-04 21:04:53,924] {local_task_job.py:264} INFO - 1 downstream tasks scheduled from follow-on schedule check
