[2022-07-08 20:04:16,722] {taskinstance.py:1032} INFO - Dependencies all met for <TaskInstance: gt_dag.local_to_gcs_task scheduled__2020-06-02T06:00:00+00:00 [queued]>
[2022-07-08 20:04:17,789] {taskinstance.py:1032} INFO - Dependencies all met for <TaskInstance: gt_dag.local_to_gcs_task scheduled__2020-06-02T06:00:00+00:00 [queued]>
[2022-07-08 20:04:17,835] {taskinstance.py:1238} INFO - 
--------------------------------------------------------------------------------
[2022-07-08 20:04:17,862] {taskinstance.py:1239} INFO - Starting attempt 1 of 1
[2022-07-08 20:04:17,941] {taskinstance.py:1240} INFO - 
--------------------------------------------------------------------------------
[2022-07-08 20:04:18,871] {taskinstance.py:1259} INFO - Executing <Task(PythonOperator): local_to_gcs_task> on 2020-06-02 06:00:00+00:00
[2022-07-08 20:04:18,947] {standard_task_runner.py:52} INFO - Started process 15243 to run task
[2022-07-08 20:04:18,996] {standard_task_runner.py:76} INFO - Running: ['***', 'tasks', 'run', 'gt_dag', 'local_to_gcs_task', 'scheduled__2020-06-02T06:00:00+00:00', '--job-id', '438', '--raw', '--subdir', 'DAGS_FOLDER/green_taxi_dag.py', '--cfg-path', '/tmp/tmp8c4d668a', '--error-file', '/tmp/tmp7q1lihtj']
[2022-07-08 20:04:19,105] {standard_task_runner.py:77} INFO - Job 438: Subtask local_to_gcs_task
[2022-07-08 20:04:21,914] {logging_mixin.py:109} INFO - Running <TaskInstance: gt_dag.local_to_gcs_task scheduled__2020-06-02T06:00:00+00:00 [running]> on host 2b856f2081be
[2022-07-08 20:04:23,775] {warnings.py:99} WARNING - /home/***/.local/lib/python3.6/site-packages/***/utils/context.py:152: AirflowContextDeprecationWarning: Accessing 'execution_date' from the template is deprecated and will be removed in a future version. Please use 'data_interval_start' or 'logical_date' instead.
  warnings.warn(_create_deprecation_warning(key, self._deprecation_replacements[key]))

[2022-07-08 20:04:24,854] {taskinstance.py:1426} INFO - Exporting the following env vars:
AIRFLOW_CTX_DAG_OWNER=***
AIRFLOW_CTX_DAG_ID=gt_dag
AIRFLOW_CTX_TASK_ID=local_to_gcs_task
AIRFLOW_CTX_EXECUTION_DATE=2020-06-02T06:00:00+00:00
AIRFLOW_CTX_DAG_RUN_ID=scheduled__2020-06-02T06:00:00+00:00
[2022-07-08 20:04:30,554] {python.py:175} INFO - Done. Returned value was: None
[2022-07-08 20:04:31,182] {taskinstance.py:1277} INFO - Marking task as SUCCESS. dag_id=gt_dag, task_id=local_to_gcs_task, execution_date=20200602T060000, start_date=20220708T200416, end_date=20220708T200431
[2022-07-08 20:04:31,784] {local_task_job.py:154} INFO - Task exited with return code 0
[2022-07-08 20:04:32,809] {local_task_job.py:264} INFO - 0 downstream tasks scheduled from follow-on schedule check
