[2022-07-03 06:20:16,408] {taskinstance.py:1032} INFO - Dependencies all met for <TaskInstance: data_ingestion_gcs_dag.local_to_gcs_task manual__2022-07-03T06:18:57.505942+00:00 [queued]>
[2022-07-03 06:20:16,492] {taskinstance.py:1032} INFO - Dependencies all met for <TaskInstance: data_ingestion_gcs_dag.local_to_gcs_task manual__2022-07-03T06:18:57.505942+00:00 [queued]>
[2022-07-03 06:20:16,506] {taskinstance.py:1238} INFO - 
--------------------------------------------------------------------------------
[2022-07-03 06:20:16,508] {taskinstance.py:1239} INFO - Starting attempt 1 of 2
[2022-07-03 06:20:16,513] {taskinstance.py:1240} INFO - 
--------------------------------------------------------------------------------
[2022-07-03 06:20:16,630] {taskinstance.py:1259} INFO - Executing <Task(PythonOperator): local_to_gcs_task> on 2022-07-03 06:18:57.505942+00:00
[2022-07-03 06:20:16,677] {standard_task_runner.py:76} INFO - Running: ['***', 'tasks', 'run', 'data_ingestion_gcs_dag', 'local_to_gcs_task', 'manual__2022-07-03T06:18:57.505942+00:00', '--job-id', '28', '--raw', '--subdir', 'DAGS_FOLDER/data_ingestion_gcs_dag.py', '--cfg-path', '/tmp/tmpvsdw1tfc', '--error-file', '/tmp/tmpov60bh2g']
[2022-07-03 06:20:16,702] {standard_task_runner.py:77} INFO - Job 28: Subtask local_to_gcs_task
[2022-07-03 06:20:16,671] {standard_task_runner.py:52} INFO - Started process 852 to run task
[2022-07-03 06:20:17,029] {logging_mixin.py:109} INFO - Running <TaskInstance: data_ingestion_gcs_dag.local_to_gcs_task manual__2022-07-03T06:18:57.505942+00:00 [running]> on host 04e296ede4ca
[2022-07-03 06:20:17,414] {taskinstance.py:1426} INFO - Exporting the following env vars:
AIRFLOW_CTX_DAG_OWNER=***
AIRFLOW_CTX_DAG_ID=data_ingestion_gcs_dag
AIRFLOW_CTX_TASK_ID=local_to_gcs_task
AIRFLOW_CTX_EXECUTION_DATE=2022-07-03T06:18:57.505942+00:00
AIRFLOW_CTX_DAG_RUN_ID=manual__2022-07-03T06:18:57.505942+00:00
[2022-07-03 06:20:44,849] {python.py:175} INFO - Done. Returned value was: None
[2022-07-03 06:20:44,886] {taskinstance.py:1277} INFO - Marking task as SUCCESS. dag_id=data_ingestion_gcs_dag, task_id=local_to_gcs_task, execution_date=20220703T061857, start_date=20220703T062016, end_date=20220703T062044
[2022-07-03 06:20:44,981] {local_task_job.py:154} INFO - Task exited with return code 0
[2022-07-03 06:20:45,036] {local_task_job.py:264} INFO - 1 downstream tasks scheduled from follow-on schedule check
