[2022-07-08 14:57:51,467] {taskinstance.py:1032} INFO - Dependencies all met for <TaskInstance: fhv_dag.local_to_gcs_task scheduled__2019-02-02T06:00:00+00:00 [queued]>
[2022-07-08 14:57:51,520] {taskinstance.py:1032} INFO - Dependencies all met for <TaskInstance: fhv_dag.local_to_gcs_task scheduled__2019-02-02T06:00:00+00:00 [queued]>
[2022-07-08 14:57:51,526] {taskinstance.py:1238} INFO - 
--------------------------------------------------------------------------------
[2022-07-08 14:57:51,527] {taskinstance.py:1239} INFO - Starting attempt 1 of 1
[2022-07-08 14:57:51,537] {taskinstance.py:1240} INFO - 
--------------------------------------------------------------------------------
[2022-07-08 14:57:51,597] {taskinstance.py:1259} INFO - Executing <Task(PythonOperator): local_to_gcs_task> on 2019-02-02 06:00:00+00:00
[2022-07-08 14:57:51,646] {standard_task_runner.py:52} INFO - Started process 917 to run task
[2022-07-08 14:57:51,668] {standard_task_runner.py:76} INFO - Running: ['***', 'tasks', 'run', 'fhv_dag', 'local_to_gcs_task', 'scheduled__2019-02-02T06:00:00+00:00', '--job-id', '377', '--raw', '--subdir', 'DAGS_FOLDER/fhv_dag.py', '--cfg-path', '/tmp/tmp55mhogkp', '--error-file', '/tmp/tmpo79qoaxb']
[2022-07-08 14:57:51,695] {standard_task_runner.py:77} INFO - Job 377: Subtask local_to_gcs_task
[2022-07-08 14:57:51,976] {logging_mixin.py:109} INFO - Running <TaskInstance: fhv_dag.local_to_gcs_task scheduled__2019-02-02T06:00:00+00:00 [running]> on host 2b856f2081be
[2022-07-08 14:57:52,073] {warnings.py:99} WARNING - /home/***/.local/lib/python3.6/site-packages/***/utils/context.py:152: AirflowContextDeprecationWarning: Accessing 'execution_date' from the template is deprecated and will be removed in a future version. Please use 'data_interval_start' or 'logical_date' instead.
  warnings.warn(_create_deprecation_warning(key, self._deprecation_replacements[key]))

[2022-07-08 14:57:52,137] {taskinstance.py:1426} INFO - Exporting the following env vars:
AIRFLOW_CTX_DAG_OWNER=***
AIRFLOW_CTX_DAG_ID=fhv_dag
AIRFLOW_CTX_TASK_ID=local_to_gcs_task
AIRFLOW_CTX_EXECUTION_DATE=2019-02-02T06:00:00+00:00
AIRFLOW_CTX_DAG_RUN_ID=scheduled__2019-02-02T06:00:00+00:00
[2022-07-08 14:57:52,662] {python.py:175} INFO - Done. Returned value was: None
[2022-07-08 14:57:52,739] {taskinstance.py:1277} INFO - Marking task as SUCCESS. dag_id=fhv_dag, task_id=local_to_gcs_task, execution_date=20190202T060000, start_date=20220708T145751, end_date=20220708T145752
[2022-07-08 14:57:52,866] {local_task_job.py:154} INFO - Task exited with return code 0
[2022-07-08 14:57:52,986] {local_task_job.py:264} INFO - 0 downstream tasks scheduled from follow-on schedule check
[2022-08-04 21:11:46,920] {taskinstance.py:1032} INFO - Dependencies all met for <TaskInstance: fhv_dag.local_to_gcs_task scheduled__2019-02-02T06:00:00+00:00 [queued]>
[2022-08-04 21:11:46,955] {taskinstance.py:1032} INFO - Dependencies all met for <TaskInstance: fhv_dag.local_to_gcs_task scheduled__2019-02-02T06:00:00+00:00 [queued]>
[2022-08-04 21:11:46,964] {taskinstance.py:1238} INFO - 
--------------------------------------------------------------------------------
[2022-08-04 21:11:46,965] {taskinstance.py:1239} INFO - Starting attempt 1 of 1
[2022-08-04 21:11:46,967] {taskinstance.py:1240} INFO - 
--------------------------------------------------------------------------------
[2022-08-04 21:11:47,041] {taskinstance.py:1259} INFO - Executing <Task(PythonOperator): local_to_gcs_task> on 2019-02-02 06:00:00+00:00
[2022-08-04 21:11:47,076] {standard_task_runner.py:52} INFO - Started process 536 to run task
[2022-08-04 21:11:47,121] {standard_task_runner.py:76} INFO - Running: ['***', 'tasks', 'run', 'fhv_dag', 'local_to_gcs_task', 'scheduled__2019-02-02T06:00:00+00:00', '--job-id', '32', '--raw', '--subdir', 'DAGS_FOLDER/fhv_dag.py', '--cfg-path', '/tmp/tmpvw8uzlsi', '--error-file', '/tmp/tmpmiflrs_6']
[2022-08-04 21:11:47,141] {standard_task_runner.py:77} INFO - Job 32: Subtask local_to_gcs_task
[2022-08-04 21:11:47,421] {logging_mixin.py:109} INFO - Running <TaskInstance: fhv_dag.local_to_gcs_task scheduled__2019-02-02T06:00:00+00:00 [running]> on host b20bc6ac5db7
[2022-08-04 21:11:47,673] {warnings.py:110} WARNING - /home/***/.local/lib/python3.7/site-packages/***/utils/context.py:152: AirflowContextDeprecationWarning: Accessing 'execution_date' from the template is deprecated and will be removed in a future version. Please use 'data_interval_start' or 'logical_date' instead.
  warnings.warn(_create_deprecation_warning(key, self._deprecation_replacements[key]))

[2022-08-04 21:11:47,893] {taskinstance.py:1426} INFO - Exporting the following env vars:
AIRFLOW_CTX_DAG_OWNER=***
AIRFLOW_CTX_DAG_ID=fhv_dag
AIRFLOW_CTX_TASK_ID=local_to_gcs_task
AIRFLOW_CTX_EXECUTION_DATE=2019-02-02T06:00:00+00:00
AIRFLOW_CTX_DAG_RUN_ID=scheduled__2019-02-02T06:00:00+00:00
[2022-08-04 21:14:05,063] {python.py:175} INFO - Done. Returned value was: None
[2022-08-04 21:14:05,078] {taskinstance.py:1277} INFO - Marking task as SUCCESS. dag_id=fhv_dag, task_id=local_to_gcs_task, execution_date=20190202T060000, start_date=20220804T211146, end_date=20220804T211405
[2022-08-04 21:14:05,136] {local_task_job.py:154} INFO - Task exited with return code 0
[2022-08-04 21:14:05,170] {local_task_job.py:264} INFO - 0 downstream tasks scheduled from follow-on schedule check
