[2022-07-08 20:01:39,915] {taskinstance.py:1032} INFO - Dependencies all met for <TaskInstance: gt_dag.local_to_gcs_task scheduled__2019-04-02T06:00:00+00:00 [queued]>
[2022-07-08 20:01:40,755] {taskinstance.py:1032} INFO - Dependencies all met for <TaskInstance: gt_dag.local_to_gcs_task scheduled__2019-04-02T06:00:00+00:00 [queued]>
[2022-07-08 20:01:40,811] {taskinstance.py:1238} INFO - 
--------------------------------------------------------------------------------
[2022-07-08 20:01:40,823] {taskinstance.py:1239} INFO - Starting attempt 1 of 1
[2022-07-08 20:01:40,858] {taskinstance.py:1240} INFO - 
--------------------------------------------------------------------------------
[2022-07-08 20:01:41,586] {taskinstance.py:1259} INFO - Executing <Task(PythonOperator): local_to_gcs_task> on 2019-04-02 06:00:00+00:00
[2022-07-08 20:01:41,710] {standard_task_runner.py:52} INFO - Started process 15071 to run task
[2022-07-08 20:01:42,084] {standard_task_runner.py:76} INFO - Running: ['***', 'tasks', 'run', 'gt_dag', 'local_to_gcs_task', 'scheduled__2019-04-02T06:00:00+00:00', '--job-id', '410', '--raw', '--subdir', 'DAGS_FOLDER/green_taxi_dag.py', '--cfg-path', '/tmp/tmp_n05t1xa', '--error-file', '/tmp/tmp6bl8tf65']
[2022-07-08 20:01:42,210] {standard_task_runner.py:77} INFO - Job 410: Subtask local_to_gcs_task
[2022-07-08 20:01:44,854] {logging_mixin.py:109} INFO - Running <TaskInstance: gt_dag.local_to_gcs_task scheduled__2019-04-02T06:00:00+00:00 [running]> on host 2b856f2081be
[2022-07-08 20:01:47,731] {warnings.py:99} WARNING - /home/***/.local/lib/python3.6/site-packages/***/utils/context.py:152: AirflowContextDeprecationWarning: Accessing 'execution_date' from the template is deprecated and will be removed in a future version. Please use 'data_interval_start' or 'logical_date' instead.
  warnings.warn(_create_deprecation_warning(key, self._deprecation_replacements[key]))

[2022-07-08 20:01:49,828] {taskinstance.py:1426} INFO - Exporting the following env vars:
AIRFLOW_CTX_DAG_OWNER=***
AIRFLOW_CTX_DAG_ID=gt_dag
AIRFLOW_CTX_TASK_ID=local_to_gcs_task
AIRFLOW_CTX_EXECUTION_DATE=2019-04-02T06:00:00+00:00
AIRFLOW_CTX_DAG_RUN_ID=scheduled__2019-04-02T06:00:00+00:00
[2022-07-08 20:02:29,328] {python.py:175} INFO - Done. Returned value was: None
[2022-07-08 20:02:39,990] {taskinstance.py:1277} INFO - Marking task as SUCCESS. dag_id=gt_dag, task_id=local_to_gcs_task, execution_date=20190402T060000, start_date=20220708T200139, end_date=20220708T200239
[2022-07-08 20:02:45,904] {local_task_job.py:154} INFO - Task exited with return code 0
[2022-07-08 20:02:50,259] {local_task_job.py:264} INFO - 0 downstream tasks scheduled from follow-on schedule check
