[2022-08-05 16:40:11,039] {taskinstance.py:1032} INFO - Dependencies all met for <TaskInstance: move_gcs_trip_data_to_bq_workflow2.bigquery_external_table_task_green manual__2022-08-05T16:34:36.878533+00:00 [queued]>
[2022-08-05 16:40:11,099] {taskinstance.py:1032} INFO - Dependencies all met for <TaskInstance: move_gcs_trip_data_to_bq_workflow2.bigquery_external_table_task_green manual__2022-08-05T16:34:36.878533+00:00 [queued]>
[2022-08-05 16:40:11,101] {taskinstance.py:1238} INFO - 
--------------------------------------------------------------------------------
[2022-08-05 16:40:11,102] {taskinstance.py:1239} INFO - Starting attempt 1 of 2
[2022-08-05 16:40:11,103] {taskinstance.py:1240} INFO - 
--------------------------------------------------------------------------------
[2022-08-05 16:40:11,166] {taskinstance.py:1259} INFO - Executing <Task(BigQueryCreateExternalTableOperator): bigquery_external_table_task_green> on 2022-08-05 16:34:36.878533+00:00
[2022-08-05 16:40:11,191] {standard_task_runner.py:52} INFO - Started process 5340 to run task
[2022-08-05 16:40:11,208] {standard_task_runner.py:76} INFO - Running: ['***', 'tasks', 'run', 'move_gcs_trip_data_to_bq_workflow2', 'bigquery_external_table_task_green', 'manual__2022-08-05T16:34:36.878533+00:00', '--job-id', '72', '--raw', '--subdir', 'DAGS_FOLDER/gcs_to_bq.py', '--cfg-path', '/tmp/tmp6a9r_s1t', '--error-file', '/tmp/tmpvjtulm62']
[2022-08-05 16:40:11,215] {standard_task_runner.py:77} INFO - Job 72: Subtask bigquery_external_table_task_green
[2022-08-05 16:40:11,635] {logging_mixin.py:109} INFO - Running <TaskInstance: move_gcs_trip_data_to_bq_workflow2.bigquery_external_table_task_green manual__2022-08-05T16:34:36.878533+00:00 [running]> on host a02ae1da6c7b
[2022-08-05 16:40:12,156] {taskinstance.py:1426} INFO - Exporting the following env vars:
AIRFLOW_CTX_DAG_OWNER=***
AIRFLOW_CTX_DAG_ID=move_gcs_trip_data_to_bq_workflow2
AIRFLOW_CTX_TASK_ID=bigquery_external_table_task_green
AIRFLOW_CTX_EXECUTION_DATE=2022-08-05T16:34:36.878533+00:00
AIRFLOW_CTX_DAG_RUN_ID=manual__2022-08-05T16:34:36.878533+00:00
[2022-08-05 16:40:12,171] {crypto.py:82} WARNING - empty cryptography key - values will not be stored encrypted.
[2022-08-05 16:40:13,116] {taskinstance.py:1277} INFO - Marking task as SUCCESS. dag_id=move_gcs_trip_data_to_bq_workflow2, task_id=bigquery_external_table_task_green, execution_date=20220805T163436, start_date=20220805T164011, end_date=20220805T164013
[2022-08-05 16:40:13,386] {local_task_job.py:154} INFO - Task exited with return code 0
[2022-08-05 16:40:13,563] {local_task_job.py:264} INFO - 1 downstream tasks scheduled from follow-on schedule check
