[2022-07-08 20:01:55,417] {taskinstance.py:1032} INFO - Dependencies all met for <TaskInstance: gt_dag.local_to_gcs_task scheduled__2019-07-02T06:00:00+00:00 [queued]>
[2022-07-08 20:01:55,946] {taskinstance.py:1032} INFO - Dependencies all met for <TaskInstance: gt_dag.local_to_gcs_task scheduled__2019-07-02T06:00:00+00:00 [queued]>
[2022-07-08 20:01:55,953] {taskinstance.py:1238} INFO - 
--------------------------------------------------------------------------------
[2022-07-08 20:01:55,956] {taskinstance.py:1239} INFO - Starting attempt 1 of 1
[2022-07-08 20:01:55,972] {taskinstance.py:1240} INFO - 
--------------------------------------------------------------------------------
[2022-07-08 20:01:56,729] {taskinstance.py:1259} INFO - Executing <Task(PythonOperator): local_to_gcs_task> on 2019-07-02 06:00:00+00:00
[2022-07-08 20:01:57,338] {standard_task_runner.py:76} INFO - Running: ['***', 'tasks', 'run', 'gt_dag', 'local_to_gcs_task', 'scheduled__2019-07-02T06:00:00+00:00', '--job-id', '414', '--raw', '--subdir', 'DAGS_FOLDER/green_taxi_dag.py', '--cfg-path', '/tmp/tmp7mm_k3ih', '--error-file', '/tmp/tmp67j4g4t0']
[2022-07-08 20:01:57,136] {standard_task_runner.py:52} INFO - Started process 15083 to run task
[2022-07-08 20:01:57,419] {standard_task_runner.py:77} INFO - Job 414: Subtask local_to_gcs_task
[2022-07-08 20:01:59,583] {logging_mixin.py:109} INFO - Running <TaskInstance: gt_dag.local_to_gcs_task scheduled__2019-07-02T06:00:00+00:00 [running]> on host 2b856f2081be
[2022-07-08 20:02:01,448] {warnings.py:99} WARNING - /home/***/.local/lib/python3.6/site-packages/***/utils/context.py:152: AirflowContextDeprecationWarning: Accessing 'execution_date' from the template is deprecated and will be removed in a future version. Please use 'data_interval_start' or 'logical_date' instead.
  warnings.warn(_create_deprecation_warning(key, self._deprecation_replacements[key]))

[2022-07-08 20:02:03,749] {taskinstance.py:1426} INFO - Exporting the following env vars:
AIRFLOW_CTX_DAG_OWNER=***
AIRFLOW_CTX_DAG_ID=gt_dag
AIRFLOW_CTX_TASK_ID=local_to_gcs_task
AIRFLOW_CTX_EXECUTION_DATE=2019-07-02T06:00:00+00:00
AIRFLOW_CTX_DAG_RUN_ID=scheduled__2019-07-02T06:00:00+00:00
[2022-07-08 20:02:25,437] {python.py:175} INFO - Done. Returned value was: None
[2022-07-08 20:02:39,731] {taskinstance.py:1277} INFO - Marking task as SUCCESS. dag_id=gt_dag, task_id=local_to_gcs_task, execution_date=20190702T060000, start_date=20220708T200155, end_date=20220708T200239
[2022-07-08 20:02:43,688] {local_task_job.py:154} INFO - Task exited with return code 0
[2022-07-08 20:02:49,922] {local_task_job.py:264} INFO - 0 downstream tasks scheduled from follow-on schedule check
