[2022-07-07 21:19:35,630] {taskinstance.py:1032} INFO - Dependencies all met for <TaskInstance: data_ingestion_gcs_full_yt.download_dataset_task manual__2022-07-07T21:17:26.839761+00:00 [queued]>
[2022-07-07 21:19:35,662] {taskinstance.py:1032} INFO - Dependencies all met for <TaskInstance: data_ingestion_gcs_full_yt.download_dataset_task manual__2022-07-07T21:17:26.839761+00:00 [queued]>
[2022-07-07 21:19:35,664] {taskinstance.py:1238} INFO - 
--------------------------------------------------------------------------------
[2022-07-07 21:19:35,666] {taskinstance.py:1239} INFO - Starting attempt 1 of 2
[2022-07-07 21:19:35,668] {taskinstance.py:1240} INFO - 
--------------------------------------------------------------------------------
[2022-07-07 21:19:35,705] {taskinstance.py:1259} INFO - Executing <Task(BashOperator): download_dataset_task> on 2022-07-07 21:17:26.839761+00:00
[2022-07-07 21:19:35,725] {standard_task_runner.py:52} INFO - Started process 2431 to run task
[2022-07-07 21:19:35,751] {standard_task_runner.py:76} INFO - Running: ['***', 'tasks', 'run', 'data_ingestion_gcs_full_yt', 'download_dataset_task', 'manual__2022-07-07T21:17:26.839761+00:00', '--job-id', '117', '--raw', '--subdir', 'DAGS_FOLDER/data_ingestion_gcs_full_yt.py', '--cfg-path', '/tmp/tmpzhzwdti9', '--error-file', '/tmp/tmplc0vyhpx']
[2022-07-07 21:19:35,769] {standard_task_runner.py:77} INFO - Job 117: Subtask download_dataset_task
[2022-07-07 21:19:35,928] {logging_mixin.py:109} INFO - Running <TaskInstance: data_ingestion_gcs_full_yt.download_dataset_task manual__2022-07-07T21:17:26.839761+00:00 [running]> on host 2b856f2081be
[2022-07-07 21:19:36,038] {taskinstance.py:1426} INFO - Exporting the following env vars:
AIRFLOW_CTX_DAG_OWNER=***
AIRFLOW_CTX_DAG_ID=data_ingestion_gcs_full_yt
AIRFLOW_CTX_TASK_ID=download_dataset_task
AIRFLOW_CTX_EXECUTION_DATE=2022-07-07T21:17:26.839761+00:00
AIRFLOW_CTX_DAG_RUN_ID=manual__2022-07-07T21:17:26.839761+00:00
[2022-07-07 21:19:36,047] {subprocess.py:62} INFO - Tmp dir root location: 
 /tmp
[2022-07-07 21:19:36,052] {subprocess.py:74} INFO - Running command: ['bash', '-c', 'curl -sSL https://d37ci6vzurychx.cloudfront.net/trip-data/yellow_tripdata_2019-01-01.parquet > /opt/***/output_2019-01-01.parquet']
[2022-07-07 21:19:36,079] {subprocess.py:85} INFO - Output:
[2022-07-07 21:19:36,643] {subprocess.py:93} INFO - Command exited with return code 0
[2022-07-07 21:19:36,695] {taskinstance.py:1277} INFO - Marking task as SUCCESS. dag_id=data_ingestion_gcs_full_yt, task_id=download_dataset_task, execution_date=20220707T211726, start_date=20220707T211935, end_date=20220707T211936
[2022-07-07 21:19:36,785] {local_task_job.py:154} INFO - Task exited with return code 0
[2022-07-07 21:19:36,881] {local_task_job.py:264} INFO - 1 downstream tasks scheduled from follow-on schedule check
