[2022-07-07 21:38:31,560] {taskinstance.py:1032} INFO - Dependencies all met for <TaskInstance: data_ingestion_gcs_full_yt.download_dataset_task manual__2022-07-07T21:17:26.839761+00:00 [queued]>
[2022-07-07 21:38:31,582] {taskinstance.py:1032} INFO - Dependencies all met for <TaskInstance: data_ingestion_gcs_full_yt.download_dataset_task manual__2022-07-07T21:17:26.839761+00:00 [queued]>
[2022-07-07 21:38:31,585] {taskinstance.py:1238} INFO - 
--------------------------------------------------------------------------------
[2022-07-07 21:38:31,586] {taskinstance.py:1239} INFO - Starting attempt 2 of 3
[2022-07-07 21:38:31,587] {taskinstance.py:1240} INFO - 
--------------------------------------------------------------------------------
[2022-07-07 21:38:31,622] {taskinstance.py:1259} INFO - Executing <Task(BashOperator): download_dataset_task> on 2022-07-07 21:17:26.839761+00:00
[2022-07-07 21:38:31,631] {standard_task_runner.py:52} INFO - Started process 3365 to run task
[2022-07-07 21:38:31,636] {standard_task_runner.py:76} INFO - Running: ['***', 'tasks', 'run', 'data_ingestion_gcs_full_yt', 'download_dataset_task', 'manual__2022-07-07T21:17:26.839761+00:00', '--job-id', '132', '--raw', '--subdir', 'DAGS_FOLDER/data_ingestion_gcs_full_yt.py', '--cfg-path', '/tmp/tmpaou2xu84', '--error-file', '/tmp/tmp5s8vb6ou']
[2022-07-07 21:38:31,645] {standard_task_runner.py:77} INFO - Job 132: Subtask download_dataset_task
[2022-07-07 21:38:31,725] {logging_mixin.py:109} INFO - Running <TaskInstance: data_ingestion_gcs_full_yt.download_dataset_task manual__2022-07-07T21:17:26.839761+00:00 [running]> on host 2b856f2081be
[2022-07-07 21:38:31,769] {warnings.py:99} WARNING - /home/***/.local/lib/python3.6/site-packages/***/utils/context.py:152: AirflowContextDeprecationWarning: Accessing 'execution_date' from the template is deprecated and will be removed in a future version. Please use 'data_interval_start' or 'logical_date' instead.
  warnings.warn(_create_deprecation_warning(key, self._deprecation_replacements[key]))

[2022-07-07 21:38:31,801] {taskinstance.py:1426} INFO - Exporting the following env vars:
AIRFLOW_CTX_DAG_OWNER=***
AIRFLOW_CTX_DAG_ID=data_ingestion_gcs_full_yt
AIRFLOW_CTX_TASK_ID=download_dataset_task
AIRFLOW_CTX_EXECUTION_DATE=2022-07-07T21:17:26.839761+00:00
AIRFLOW_CTX_DAG_RUN_ID=manual__2022-07-07T21:17:26.839761+00:00
[2022-07-07 21:38:31,804] {subprocess.py:62} INFO - Tmp dir root location: 
 /tmp
[2022-07-07 21:38:31,805] {subprocess.py:74} INFO - Running command: ['bash', '-c', 'echo "2022-07-07"']
[2022-07-07 21:38:31,817] {subprocess.py:85} INFO - Output:
[2022-07-07 21:38:31,820] {subprocess.py:89} INFO - 2022-07-07
[2022-07-07 21:38:31,821] {subprocess.py:93} INFO - Command exited with return code 0
[2022-07-07 21:38:31,856] {taskinstance.py:1277} INFO - Marking task as SUCCESS. dag_id=data_ingestion_gcs_full_yt, task_id=download_dataset_task, execution_date=20220707T211726, start_date=20220707T213831, end_date=20220707T213831
[2022-07-07 21:38:31,909] {local_task_job.py:154} INFO - Task exited with return code 0
[2022-07-07 21:38:31,945] {local_task_job.py:264} INFO - 0 downstream tasks scheduled from follow-on schedule check
