[2022-07-08 05:35:33,348] {taskinstance.py:1032} INFO - Dependencies all met for <TaskInstance: yellow_taxi_dag5.local_to_gcs_task scheduled__2020-03-02T06:00:00+00:00 [queued]>
[2022-07-08 05:35:33,535] {taskinstance.py:1032} INFO - Dependencies all met for <TaskInstance: yellow_taxi_dag5.local_to_gcs_task scheduled__2020-03-02T06:00:00+00:00 [queued]>
[2022-07-08 05:35:33,539] {taskinstance.py:1238} INFO - 
--------------------------------------------------------------------------------
[2022-07-08 05:35:33,541] {taskinstance.py:1239} INFO - Starting attempt 1 of 1
[2022-07-08 05:35:33,545] {taskinstance.py:1240} INFO - 
--------------------------------------------------------------------------------
[2022-07-08 05:35:36,331] {taskinstance.py:1259} INFO - Executing <Task(PythonOperator): local_to_gcs_task> on 2020-03-02 06:00:00+00:00
[2022-07-08 05:35:36,587] {standard_task_runner.py:52} INFO - Started process 2799 to run task
[2022-07-08 05:35:37,556] {standard_task_runner.py:76} INFO - Running: ['***', 'tasks', 'run', 'yellow_taxi_dag5', 'local_to_gcs_task', 'scheduled__2020-03-02T06:00:00+00:00', '--job-id', '310', '--raw', '--subdir', 'DAGS_FOLDER/yellow_taxi_dag.py', '--cfg-path', '/tmp/tmpuo755jug', '--error-file', '/tmp/tmpndbfo0mo']
[2022-07-08 05:35:38,518] {standard_task_runner.py:77} INFO - Job 310: Subtask local_to_gcs_task
[2022-07-08 05:35:57,164] {logging_mixin.py:109} INFO - Running <TaskInstance: yellow_taxi_dag5.local_to_gcs_task scheduled__2020-03-02T06:00:00+00:00 [running]> on host 2b856f2081be
[2022-07-08 05:36:11,098] {warnings.py:99} WARNING - /home/***/.local/lib/python3.6/site-packages/***/utils/context.py:152: AirflowContextDeprecationWarning: Accessing 'execution_date' from the template is deprecated and will be removed in a future version. Please use 'data_interval_start' or 'logical_date' instead.
  warnings.warn(_create_deprecation_warning(key, self._deprecation_replacements[key]))

[2022-07-08 05:36:17,361] {taskinstance.py:1426} INFO - Exporting the following env vars:
AIRFLOW_CTX_DAG_OWNER=***
AIRFLOW_CTX_DAG_ID=yellow_taxi_dag5
AIRFLOW_CTX_TASK_ID=local_to_gcs_task
AIRFLOW_CTX_EXECUTION_DATE=2020-03-02T06:00:00+00:00
AIRFLOW_CTX_DAG_RUN_ID=scheduled__2020-03-02T06:00:00+00:00
