[2022-07-03 05:48:43,701] {taskinstance.py:1032} INFO - Dependencies all met for <TaskInstance: data_ingestion_gcs_dag.format_to_parquet_task manual__2022-07-03T05:48:38.969864+00:00 [queued]>
[2022-07-03 05:48:43,718] {taskinstance.py:1032} INFO - Dependencies all met for <TaskInstance: data_ingestion_gcs_dag.format_to_parquet_task manual__2022-07-03T05:48:38.969864+00:00 [queued]>
[2022-07-03 05:48:43,719] {taskinstance.py:1238} INFO - 
--------------------------------------------------------------------------------
[2022-07-03 05:48:43,720] {taskinstance.py:1239} INFO - Starting attempt 1 of 2
[2022-07-03 05:48:43,721] {taskinstance.py:1240} INFO - 
--------------------------------------------------------------------------------
[2022-07-03 05:48:43,736] {taskinstance.py:1259} INFO - Executing <Task(PythonOperator): format_to_parquet_task> on 2022-07-03 05:48:38.969864+00:00
[2022-07-03 05:48:43,748] {standard_task_runner.py:76} INFO - Running: ['***', 'tasks', 'run', 'data_ingestion_gcs_dag', 'format_to_parquet_task', 'manual__2022-07-03T05:48:38.969864+00:00', '--job-id', '16', '--raw', '--subdir', 'DAGS_FOLDER/data_ingestion_gcs_dag.py', '--cfg-path', '/tmp/tmpmsi0gr1e', '--error-file', '/tmp/tmp45lwbs6f']
[2022-07-03 05:48:43,744] {standard_task_runner.py:52} INFO - Started process 704 to run task
[2022-07-03 05:48:43,754] {standard_task_runner.py:77} INFO - Job 16: Subtask format_to_parquet_task
[2022-07-03 05:48:43,834] {logging_mixin.py:109} INFO - Running <TaskInstance: data_ingestion_gcs_dag.format_to_parquet_task manual__2022-07-03T05:48:38.969864+00:00 [running]> on host 8672fe23567f
[2022-07-03 05:48:43,925] {taskinstance.py:1426} INFO - Exporting the following env vars:
AIRFLOW_CTX_DAG_OWNER=***
AIRFLOW_CTX_DAG_ID=data_ingestion_gcs_dag
AIRFLOW_CTX_TASK_ID=format_to_parquet_task
AIRFLOW_CTX_EXECUTION_DATE=2022-07-03T05:48:38.969864+00:00
AIRFLOW_CTX_DAG_RUN_ID=manual__2022-07-03T05:48:38.969864+00:00
[2022-07-03 05:48:43,971] {python.py:175} INFO - Done. Returned value was: None
[2022-07-03 05:48:43,989] {taskinstance.py:1277} INFO - Marking task as SUCCESS. dag_id=data_ingestion_gcs_dag, task_id=format_to_parquet_task, execution_date=20220703T054838, start_date=20220703T054843, end_date=20220703T054843
[2022-07-03 05:48:44,056] {local_task_job.py:154} INFO - Task exited with return code 0
[2022-07-03 05:48:44,107] {local_task_job.py:264} INFO - 1 downstream tasks scheduled from follow-on schedule check
