[2022-07-08 04:01:09,204] {taskinstance.py:1032} INFO - Dependencies all met for <TaskInstance: LocalIngestionDag2.wget scheduled__2019-12-02T06:00:00+00:00 [queued]>
[2022-07-08 04:01:09,269] {taskinstance.py:1032} INFO - Dependencies all met for <TaskInstance: LocalIngestionDag2.wget scheduled__2019-12-02T06:00:00+00:00 [queued]>
[2022-07-08 04:01:09,275] {taskinstance.py:1238} INFO - 
--------------------------------------------------------------------------------
[2022-07-08 04:01:09,281] {taskinstance.py:1239} INFO - Starting attempt 1 of 1
[2022-07-08 04:01:09,283] {taskinstance.py:1240} INFO - 
--------------------------------------------------------------------------------
[2022-07-08 04:01:09,321] {taskinstance.py:1259} INFO - Executing <Task(BashOperator): wget> on 2019-12-02 06:00:00+00:00
[2022-07-08 04:01:09,334] {standard_task_runner.py:52} INFO - Started process 6820 to run task
[2022-07-08 04:01:09,355] {standard_task_runner.py:76} INFO - Running: ['***', 'tasks', 'run', 'LocalIngestionDag2', 'wget', 'scheduled__2019-12-02T06:00:00+00:00', '--job-id', '159', '--raw', '--subdir', 'DAGS_FOLDER/data_ingestion_gcs_full_yt.py', '--cfg-path', '/tmp/tmp4asc4zq8', '--error-file', '/tmp/tmpc9v0f_9r']
[2022-07-08 04:01:09,371] {standard_task_runner.py:77} INFO - Job 159: Subtask wget
[2022-07-08 04:01:09,652] {logging_mixin.py:109} INFO - Running <TaskInstance: LocalIngestionDag2.wget scheduled__2019-12-02T06:00:00+00:00 [running]> on host 2b856f2081be
[2022-07-08 04:01:09,847] {warnings.py:99} WARNING - /home/***/.local/lib/python3.6/site-packages/***/utils/context.py:152: AirflowContextDeprecationWarning: Accessing 'execution_date' from the template is deprecated and will be removed in a future version. Please use 'data_interval_start' or 'logical_date' instead.
  warnings.warn(_create_deprecation_warning(key, self._deprecation_replacements[key]))

[2022-07-08 04:01:09,919] {taskinstance.py:1426} INFO - Exporting the following env vars:
AIRFLOW_CTX_DAG_OWNER=***
AIRFLOW_CTX_DAG_ID=LocalIngestionDag2
AIRFLOW_CTX_TASK_ID=wget
AIRFLOW_CTX_EXECUTION_DATE=2019-12-02T06:00:00+00:00
AIRFLOW_CTX_DAG_RUN_ID=scheduled__2019-12-02T06:00:00+00:00
[2022-07-08 04:01:09,921] {subprocess.py:62} INFO - Tmp dir root location: 
 /tmp
[2022-07-08 04:01:09,923] {subprocess.py:74} INFO - Running command: ['bash', '-c', 'echo "2019_12" ']
[2022-07-08 04:01:09,948] {subprocess.py:85} INFO - Output:
[2022-07-08 04:01:09,956] {subprocess.py:89} INFO - 2019_12
[2022-07-08 04:01:09,963] {subprocess.py:93} INFO - Command exited with return code 0
[2022-07-08 04:01:10,059] {taskinstance.py:1277} INFO - Marking task as SUCCESS. dag_id=LocalIngestionDag2, task_id=wget, execution_date=20191202T060000, start_date=20220708T040109, end_date=20220708T040110
[2022-07-08 04:01:10,165] {local_task_job.py:154} INFO - Task exited with return code 0
[2022-07-08 04:01:10,240] {local_task_job.py:264} INFO - 0 downstream tasks scheduled from follow-on schedule check
