[2022-07-08 05:22:03,579] {taskinstance.py:1032} INFO - Dependencies all met for <TaskInstance: yellow_taxi_dag3.download_data_task scheduled__2020-08-02T06:00:00+00:00 [queued]>
[2022-07-08 05:22:04,631] {taskinstance.py:1032} INFO - Dependencies all met for <TaskInstance: yellow_taxi_dag3.download_data_task scheduled__2020-08-02T06:00:00+00:00 [queued]>
[2022-07-08 05:22:04,665] {taskinstance.py:1238} INFO - 
--------------------------------------------------------------------------------
[2022-07-08 05:22:04,680] {taskinstance.py:1239} INFO - Starting attempt 1 of 1
[2022-07-08 05:22:04,689] {taskinstance.py:1240} INFO - 
--------------------------------------------------------------------------------
[2022-07-08 05:22:05,428] {taskinstance.py:1259} INFO - Executing <Task(BashOperator): download_data_task> on 2020-08-02 06:00:00+00:00
[2022-07-08 05:22:05,783] {standard_task_runner.py:76} INFO - Running: ['***', 'tasks', 'run', 'yellow_taxi_dag3', 'download_data_task', 'scheduled__2020-08-02T06:00:00+00:00', '--job-id', '262', '--raw', '--subdir', 'DAGS_FOLDER/yellow_taxi_dag.py', '--cfg-path', '/tmp/tmp85sybz_o', '--error-file', '/tmp/tmphr58mei4']
[2022-07-08 05:22:05,802] {standard_task_runner.py:77} INFO - Job 262: Subtask download_data_task
[2022-07-08 05:22:05,532] {standard_task_runner.py:52} INFO - Started process 2173 to run task
[2022-07-08 05:22:07,007] {logging_mixin.py:109} INFO - Running <TaskInstance: yellow_taxi_dag3.download_data_task scheduled__2020-08-02T06:00:00+00:00 [running]> on host 2b856f2081be
[2022-07-08 05:22:07,541] {warnings.py:99} WARNING - /home/***/.local/lib/python3.6/site-packages/***/utils/context.py:152: AirflowContextDeprecationWarning: Accessing 'execution_date' from the template is deprecated and will be removed in a future version. Please use 'data_interval_start' or 'logical_date' instead.
  warnings.warn(_create_deprecation_warning(key, self._deprecation_replacements[key]))

[2022-07-08 05:22:07,651] {taskinstance.py:1426} INFO - Exporting the following env vars:
AIRFLOW_CTX_DAG_OWNER=***
AIRFLOW_CTX_DAG_ID=yellow_taxi_dag3
AIRFLOW_CTX_TASK_ID=download_data_task
AIRFLOW_CTX_EXECUTION_DATE=2020-08-02T06:00:00+00:00
AIRFLOW_CTX_DAG_RUN_ID=scheduled__2020-08-02T06:00:00+00:00
[2022-07-08 05:22:07,658] {subprocess.py:62} INFO - Tmp dir root location: 
 /tmp
[2022-07-08 05:22:07,662] {subprocess.py:74} INFO - Running command: ['bash', '-c', 'echo "2020_08" ']
[2022-07-08 05:22:07,745] {subprocess.py:85} INFO - Output:
[2022-07-08 05:22:07,759] {subprocess.py:89} INFO - 2020_08
[2022-07-08 05:22:07,767] {subprocess.py:93} INFO - Command exited with return code 0
[2022-07-08 05:22:08,036] {taskinstance.py:1277} INFO - Marking task as SUCCESS. dag_id=yellow_taxi_dag3, task_id=download_data_task, execution_date=20200802T060000, start_date=20220708T052203, end_date=20220708T052208
[2022-07-08 05:22:08,431] {local_task_job.py:154} INFO - Task exited with return code 0
[2022-07-08 05:22:08,861] {local_task_job.py:264} INFO - 0 downstream tasks scheduled from follow-on schedule check
[2022-07-08 05:22:09,004] {dagrun.py:545} INFO - Marking run <DagRun yellow_taxi_dag3 @ 2020-08-02 06:00:00+00:00: scheduled__2020-08-02T06:00:00+00:00, externally triggered: False> successful
[2022-07-08 05:22:09,015] {dagrun.py:605} INFO - DagRun Finished: dag_id=yellow_taxi_dag3, execution_date=2020-08-02 06:00:00+00:00, run_id=scheduled__2020-08-02T06:00:00+00:00, run_start_date=2022-07-08 05:22:00.761886+00:00, run_end_date=2022-07-08 05:22:09.015800+00:00, run_duration=8.253914, state=success, external_trigger=False, run_type=scheduled, data_interval_start=2020-08-02 06:00:00+00:00, data_interval_end=2020-09-02 06:00:00+00:00, dag_hash=7fd1e8df8730df07d5b823638cbdecee
