[2022-07-08 05:23:11,582] {taskinstance.py:1032} INFO - Dependencies all met for <TaskInstance: yellow_taxi_dag4.download_data_task scheduled__2020-08-02T06:00:00+00:00 [queued]>
[2022-07-08 05:23:11,629] {taskinstance.py:1032} INFO - Dependencies all met for <TaskInstance: yellow_taxi_dag4.download_data_task scheduled__2020-08-02T06:00:00+00:00 [queued]>
[2022-07-08 05:23:11,631] {taskinstance.py:1238} INFO - 
--------------------------------------------------------------------------------
[2022-07-08 05:23:11,633] {taskinstance.py:1239} INFO - Starting attempt 1 of 1
[2022-07-08 05:23:11,635] {taskinstance.py:1240} INFO - 
--------------------------------------------------------------------------------
[2022-07-08 05:23:11,671] {taskinstance.py:1259} INFO - Executing <Task(BashOperator): download_data_task> on 2020-08-02 06:00:00+00:00
[2022-07-08 05:23:11,691] {standard_task_runner.py:52} INFO - Started process 2267 to run task
[2022-07-08 05:23:11,713] {standard_task_runner.py:76} INFO - Running: ['***', 'tasks', 'run', 'yellow_taxi_dag4', 'download_data_task', 'scheduled__2020-08-02T06:00:00+00:00', '--job-id', '284', '--raw', '--subdir', 'DAGS_FOLDER/yellow_taxi_dag.py', '--cfg-path', '/tmp/tmpp2_3s71i', '--error-file', '/tmp/tmp41zbn3t4']
[2022-07-08 05:23:11,719] {standard_task_runner.py:77} INFO - Job 284: Subtask download_data_task
[2022-07-08 05:23:11,932] {logging_mixin.py:109} INFO - Running <TaskInstance: yellow_taxi_dag4.download_data_task scheduled__2020-08-02T06:00:00+00:00 [running]> on host 2b856f2081be
[2022-07-08 05:23:12,021] {warnings.py:99} WARNING - /home/***/.local/lib/python3.6/site-packages/***/utils/context.py:152: AirflowContextDeprecationWarning: Accessing 'execution_date' from the template is deprecated and will be removed in a future version. Please use 'data_interval_start' or 'logical_date' instead.
  warnings.warn(_create_deprecation_warning(key, self._deprecation_replacements[key]))

[2022-07-08 05:23:12,106] {taskinstance.py:1426} INFO - Exporting the following env vars:
AIRFLOW_CTX_DAG_OWNER=***
AIRFLOW_CTX_DAG_ID=yellow_taxi_dag4
AIRFLOW_CTX_TASK_ID=download_data_task
AIRFLOW_CTX_EXECUTION_DATE=2020-08-02T06:00:00+00:00
AIRFLOW_CTX_DAG_RUN_ID=scheduled__2020-08-02T06:00:00+00:00
[2022-07-08 05:23:12,119] {subprocess.py:62} INFO - Tmp dir root location: 
 /tmp
[2022-07-08 05:23:12,132] {subprocess.py:74} INFO - Running command: ['bash', '-c', 'echo "https://d37ci6vzurychx.cloudfront.net/trip-data/yellow_tripdata_2020-08.parquet<-->/opt/***/OUTPUT_FILE_2020-08.parquet"']
[2022-07-08 05:23:12,155] {subprocess.py:85} INFO - Output:
[2022-07-08 05:23:12,162] {subprocess.py:89} INFO - https://d37ci6vzurychx.cloudfront.net/trip-data/yellow_tripdata_2020-08.parquet<-->/opt/***/OUTPUT_FILE_2020-08.parquet
[2022-07-08 05:23:12,165] {subprocess.py:93} INFO - Command exited with return code 0
[2022-07-08 05:23:12,224] {taskinstance.py:1277} INFO - Marking task as SUCCESS. dag_id=yellow_taxi_dag4, task_id=download_data_task, execution_date=20200802T060000, start_date=20220708T052311, end_date=20220708T052312
[2022-07-08 05:23:12,300] {local_task_job.py:154} INFO - Task exited with return code 0
[2022-07-08 05:23:12,375] {local_task_job.py:264} INFO - 0 downstream tasks scheduled from follow-on schedule check
