[2022-07-08 05:22:00,794] {taskinstance.py:1032} INFO - Dependencies all met for <TaskInstance: yellow_taxi_dag3.download_data_task scheduled__2020-05-02T06:00:00+00:00 [queued]>
[2022-07-08 05:22:00,885] {taskinstance.py:1032} INFO - Dependencies all met for <TaskInstance: yellow_taxi_dag3.download_data_task scheduled__2020-05-02T06:00:00+00:00 [queued]>
[2022-07-08 05:22:00,892] {taskinstance.py:1238} INFO - 
--------------------------------------------------------------------------------
[2022-07-08 05:22:00,901] {taskinstance.py:1239} INFO - Starting attempt 1 of 1
[2022-07-08 05:22:00,903] {taskinstance.py:1240} INFO - 
--------------------------------------------------------------------------------
[2022-07-08 05:22:01,019] {taskinstance.py:1259} INFO - Executing <Task(BashOperator): download_data_task> on 2020-05-02 06:00:00+00:00
[2022-07-08 05:22:01,126] {standard_task_runner.py:76} INFO - Running: ['***', 'tasks', 'run', 'yellow_taxi_dag3', 'download_data_task', 'scheduled__2020-05-02T06:00:00+00:00', '--job-id', '259', '--raw', '--subdir', 'DAGS_FOLDER/yellow_taxi_dag.py', '--cfg-path', '/tmp/tmpai615jj9', '--error-file', '/tmp/tmpk54oqrcf']
[2022-07-08 05:22:01,132] {standard_task_runner.py:77} INFO - Job 259: Subtask download_data_task
[2022-07-08 05:22:01,102] {standard_task_runner.py:52} INFO - Started process 2166 to run task
[2022-07-08 05:22:01,887] {logging_mixin.py:109} INFO - Running <TaskInstance: yellow_taxi_dag3.download_data_task scheduled__2020-05-02T06:00:00+00:00 [running]> on host 2b856f2081be
[2022-07-08 05:22:02,244] {warnings.py:99} WARNING - /home/***/.local/lib/python3.6/site-packages/***/utils/context.py:152: AirflowContextDeprecationWarning: Accessing 'execution_date' from the template is deprecated and will be removed in a future version. Please use 'data_interval_start' or 'logical_date' instead.
  warnings.warn(_create_deprecation_warning(key, self._deprecation_replacements[key]))

[2022-07-08 05:22:02,391] {taskinstance.py:1426} INFO - Exporting the following env vars:
AIRFLOW_CTX_DAG_OWNER=***
AIRFLOW_CTX_DAG_ID=yellow_taxi_dag3
AIRFLOW_CTX_TASK_ID=download_data_task
AIRFLOW_CTX_EXECUTION_DATE=2020-05-02T06:00:00+00:00
AIRFLOW_CTX_DAG_RUN_ID=scheduled__2020-05-02T06:00:00+00:00
[2022-07-08 05:22:02,404] {subprocess.py:62} INFO - Tmp dir root location: 
 /tmp
[2022-07-08 05:22:02,414] {subprocess.py:74} INFO - Running command: ['bash', '-c', 'echo "2020_05" ']
[2022-07-08 05:22:02,568] {subprocess.py:85} INFO - Output:
[2022-07-08 05:22:02,582] {subprocess.py:89} INFO - 2020_05
[2022-07-08 05:22:02,585] {subprocess.py:93} INFO - Command exited with return code 0
[2022-07-08 05:22:02,783] {taskinstance.py:1277} INFO - Marking task as SUCCESS. dag_id=yellow_taxi_dag3, task_id=download_data_task, execution_date=20200502T060000, start_date=20220708T052200, end_date=20220708T052202
[2022-07-08 05:22:03,114] {local_task_job.py:154} INFO - Task exited with return code 0
[2022-07-08 05:22:03,370] {local_task_job.py:264} INFO - 0 downstream tasks scheduled from follow-on schedule check
