[2022-08-05 16:47:23,021] {taskinstance.py:1032} INFO - Dependencies all met for <TaskInstance: move_gcs_trip_data_to_bq_workflow2.gcs_to_gcs_task_green scheduled__2022-08-04T00:00:00+00:00 [queued]>
[2022-08-05 16:47:23,042] {taskinstance.py:1032} INFO - Dependencies all met for <TaskInstance: move_gcs_trip_data_to_bq_workflow2.gcs_to_gcs_task_green scheduled__2022-08-04T00:00:00+00:00 [queued]>
[2022-08-05 16:47:23,043] {taskinstance.py:1238} INFO - 
--------------------------------------------------------------------------------
[2022-08-05 16:47:23,045] {taskinstance.py:1239} INFO - Starting attempt 4 of 5
[2022-08-05 16:47:23,046] {taskinstance.py:1240} INFO - 
--------------------------------------------------------------------------------
[2022-08-05 16:47:23,064] {taskinstance.py:1259} INFO - Executing <Task(GCSToGCSOperator): gcs_to_gcs_task_green> on 2022-08-04 00:00:00+00:00
[2022-08-05 16:47:23,073] {standard_task_runner.py:52} INFO - Started process 5687 to run task
[2022-08-05 16:47:23,083] {standard_task_runner.py:76} INFO - Running: ['***', 'tasks', 'run', 'move_gcs_trip_data_to_bq_workflow2', 'gcs_to_gcs_task_green', 'scheduled__2022-08-04T00:00:00+00:00', '--job-id', '88', '--raw', '--subdir', 'DAGS_FOLDER/gcs_to_bq.py', '--cfg-path', '/tmp/tmpm25an8zf', '--error-file', '/tmp/tmp1ancm572']
[2022-08-05 16:47:23,085] {standard_task_runner.py:77} INFO - Job 88: Subtask gcs_to_gcs_task_green
[2022-08-05 16:47:23,170] {logging_mixin.py:109} INFO - Running <TaskInstance: move_gcs_trip_data_to_bq_workflow2.gcs_to_gcs_task_green scheduled__2022-08-04T00:00:00+00:00 [running]> on host a02ae1da6c7b
[2022-08-05 16:47:23,260] {taskinstance.py:1426} INFO - Exporting the following env vars:
AIRFLOW_CTX_DAG_OWNER=***
AIRFLOW_CTX_DAG_ID=move_gcs_trip_data_to_bq_workflow2
AIRFLOW_CTX_TASK_ID=gcs_to_gcs_task_green
AIRFLOW_CTX_EXECUTION_DATE=2022-08-04T00:00:00+00:00
AIRFLOW_CTX_DAG_RUN_ID=scheduled__2022-08-04T00:00:00+00:00
[2022-08-05 16:47:23,263] {crypto.py:82} WARNING - empty cryptography key - values will not be stored encrypted.
[2022-08-05 16:47:23,265] {gcs_to_gcs.py:346} INFO - Delimiter ignored because wildcard is in prefix
[2022-08-05 16:47:23,736] {taskinstance.py:1277} INFO - Marking task as SUCCESS. dag_id=move_gcs_trip_data_to_bq_workflow2, task_id=gcs_to_gcs_task_green, execution_date=20220804T000000, start_date=20220805T164723, end_date=20220805T164723
[2022-08-05 16:47:23,794] {local_task_job.py:154} INFO - Task exited with return code 0
[2022-08-05 16:47:23,860] {local_task_job.py:264} INFO - 1 downstream tasks scheduled from follow-on schedule check
