[2022-07-08 20:03:42,035] {taskinstance.py:1032} INFO - Dependencies all met for <TaskInstance: gt_dag.download_data_task scheduled__2020-04-02T06:00:00+00:00 [queued]>
[2022-07-08 20:03:42,477] {taskinstance.py:1032} INFO - Dependencies all met for <TaskInstance: gt_dag.download_data_task scheduled__2020-04-02T06:00:00+00:00 [queued]>
[2022-07-08 20:03:42,495] {taskinstance.py:1238} INFO - 
--------------------------------------------------------------------------------
[2022-07-08 20:03:42,497] {taskinstance.py:1239} INFO - Starting attempt 1 of 1
[2022-07-08 20:03:42,501] {taskinstance.py:1240} INFO - 
--------------------------------------------------------------------------------
[2022-07-08 20:03:42,698] {taskinstance.py:1259} INFO - Executing <Task(BashOperator): download_data_task> on 2020-04-02 06:00:00+00:00
[2022-07-08 20:03:42,747] {standard_task_runner.py:52} INFO - Started process 15190 to run task
[2022-07-08 20:03:42,857] {standard_task_runner.py:76} INFO - Running: ['***', 'tasks', 'run', 'gt_dag', 'download_data_task', 'scheduled__2020-04-02T06:00:00+00:00', '--job-id', '429', '--raw', '--subdir', 'DAGS_FOLDER/green_taxi_dag.py', '--cfg-path', '/tmp/tmp9uzluiu_', '--error-file', '/tmp/tmpt7z87c_8']
[2022-07-08 20:03:42,961] {standard_task_runner.py:77} INFO - Job 429: Subtask download_data_task
[2022-07-08 20:03:44,651] {logging_mixin.py:109} INFO - Running <TaskInstance: gt_dag.download_data_task scheduled__2020-04-02T06:00:00+00:00 [running]> on host 2b856f2081be
[2022-07-08 20:03:46,120] {warnings.py:99} WARNING - /home/***/.local/lib/python3.6/site-packages/***/utils/context.py:152: AirflowContextDeprecationWarning: Accessing 'execution_date' from the template is deprecated and will be removed in a future version. Please use 'data_interval_start' or 'logical_date' instead.
  warnings.warn(_create_deprecation_warning(key, self._deprecation_replacements[key]))

[2022-07-08 20:03:46,362] {taskinstance.py:1426} INFO - Exporting the following env vars:
AIRFLOW_CTX_DAG_OWNER=***
AIRFLOW_CTX_DAG_ID=gt_dag
AIRFLOW_CTX_TASK_ID=download_data_task
AIRFLOW_CTX_EXECUTION_DATE=2020-04-02T06:00:00+00:00
AIRFLOW_CTX_DAG_RUN_ID=scheduled__2020-04-02T06:00:00+00:00
[2022-07-08 20:03:46,365] {subprocess.py:62} INFO - Tmp dir root location: 
 /tmp
[2022-07-08 20:03:46,420] {subprocess.py:74} INFO - Running command: ['bash', '-c', 'curl -sSL https://d37ci6vzurychx.cloudfront.net/trip-data/green_tripdata_2020-04.parquet > /opt/***/green_tripdata_2020-04.parquet']
[2022-07-08 20:03:46,616] {subprocess.py:85} INFO - Output:
[2022-07-08 20:03:47,539] {subprocess.py:93} INFO - Command exited with return code 0
[2022-07-08 20:03:47,942] {taskinstance.py:1277} INFO - Marking task as SUCCESS. dag_id=gt_dag, task_id=download_data_task, execution_date=20200402T060000, start_date=20220708T200342, end_date=20220708T200347
[2022-07-08 20:03:48,398] {local_task_job.py:154} INFO - Task exited with return code 0
[2022-07-08 20:03:48,999] {local_task_job.py:264} INFO - 1 downstream tasks scheduled from follow-on schedule check
