[2022-07-08 20:03:18,299] {taskinstance.py:1032} INFO - Dependencies all met for <TaskInstance: gt_dag.local_to_gcs_task scheduled__2020-02-02T06:00:00+00:00 [queued]>
[2022-07-08 20:03:18,690] {taskinstance.py:1032} INFO - Dependencies all met for <TaskInstance: gt_dag.local_to_gcs_task scheduled__2020-02-02T06:00:00+00:00 [queued]>
[2022-07-08 20:03:18,692] {taskinstance.py:1238} INFO - 
--------------------------------------------------------------------------------
[2022-07-08 20:03:18,699] {taskinstance.py:1239} INFO - Starting attempt 1 of 1
[2022-07-08 20:03:18,702] {taskinstance.py:1240} INFO - 
--------------------------------------------------------------------------------
[2022-07-08 20:03:18,836] {taskinstance.py:1259} INFO - Executing <Task(PythonOperator): local_to_gcs_task> on 2020-02-02 06:00:00+00:00
[2022-07-08 20:03:18,991] {standard_task_runner.py:76} INFO - Running: ['***', 'tasks', 'run', 'gt_dag', 'local_to_gcs_task', 'scheduled__2020-02-02T06:00:00+00:00', '--job-id', '427', '--raw', '--subdir', 'DAGS_FOLDER/green_taxi_dag.py', '--cfg-path', '/tmp/tmpizrx9i2_', '--error-file', '/tmp/tmpgayhpzc_']
[2022-07-08 20:03:18,878] {standard_task_runner.py:52} INFO - Started process 15167 to run task
[2022-07-08 20:03:19,092] {standard_task_runner.py:77} INFO - Job 427: Subtask local_to_gcs_task
[2022-07-08 20:03:22,384] {logging_mixin.py:109} INFO - Running <TaskInstance: gt_dag.local_to_gcs_task scheduled__2020-02-02T06:00:00+00:00 [running]> on host 2b856f2081be
[2022-07-08 20:03:23,598] {warnings.py:99} WARNING - /home/***/.local/lib/python3.6/site-packages/***/utils/context.py:152: AirflowContextDeprecationWarning: Accessing 'execution_date' from the template is deprecated and will be removed in a future version. Please use 'data_interval_start' or 'logical_date' instead.
  warnings.warn(_create_deprecation_warning(key, self._deprecation_replacements[key]))

[2022-07-08 20:03:23,962] {taskinstance.py:1426} INFO - Exporting the following env vars:
AIRFLOW_CTX_DAG_OWNER=***
AIRFLOW_CTX_DAG_ID=gt_dag
AIRFLOW_CTX_TASK_ID=local_to_gcs_task
AIRFLOW_CTX_EXECUTION_DATE=2020-02-02T06:00:00+00:00
AIRFLOW_CTX_DAG_RUN_ID=scheduled__2020-02-02T06:00:00+00:00
[2022-07-08 20:03:33,115] {python.py:175} INFO - Done. Returned value was: None
[2022-07-08 20:03:34,278] {taskinstance.py:1277} INFO - Marking task as SUCCESS. dag_id=gt_dag, task_id=local_to_gcs_task, execution_date=20200202T060000, start_date=20220708T200318, end_date=20220708T200334
[2022-07-08 20:03:34,951] {local_task_job.py:154} INFO - Task exited with return code 0
[2022-07-08 20:03:35,466] {local_task_job.py:264} INFO - 0 downstream tasks scheduled from follow-on schedule check
