[2022-07-05 13:32:06,077] {taskinstance.py:1032} INFO - Dependencies all met for <TaskInstance: data_ingestion_gcs_dag.bigquery_external_table_task scheduled__2022-07-03T00:00:00+00:00 [queued]>
[2022-07-05 13:32:06,109] {taskinstance.py:1032} INFO - Dependencies all met for <TaskInstance: data_ingestion_gcs_dag.bigquery_external_table_task scheduled__2022-07-03T00:00:00+00:00 [queued]>
[2022-07-05 13:32:06,114] {taskinstance.py:1238} INFO - 
--------------------------------------------------------------------------------
[2022-07-05 13:32:06,115] {taskinstance.py:1239} INFO - Starting attempt 1 of 2
[2022-07-05 13:32:06,116] {taskinstance.py:1240} INFO - 
--------------------------------------------------------------------------------
[2022-07-05 13:32:06,154] {taskinstance.py:1259} INFO - Executing <Task(BigQueryCreateExternalTableOperator): bigquery_external_table_task> on 2022-07-03 00:00:00+00:00
[2022-07-05 13:32:06,187] {standard_task_runner.py:52} INFO - Started process 3528 to run task
[2022-07-05 13:32:06,216] {standard_task_runner.py:76} INFO - Running: ['***', 'tasks', 'run', 'data_ingestion_gcs_dag', 'bigquery_external_table_task', 'scheduled__2022-07-03T00:00:00+00:00', '--job-id', '37', '--raw', '--subdir', 'DAGS_FOLDER/data_ingestion_gcs_dag.py', '--cfg-path', '/tmp/tmp0qa_pm_g', '--error-file', '/tmp/tmpb8ju0xq3']
[2022-07-05 13:32:06,232] {standard_task_runner.py:77} INFO - Job 37: Subtask bigquery_external_table_task
[2022-07-05 13:32:06,452] {logging_mixin.py:109} INFO - Running <TaskInstance: data_ingestion_gcs_dag.bigquery_external_table_task scheduled__2022-07-03T00:00:00+00:00 [running]> on host 04e296ede4ca
[2022-07-05 13:32:06,613] {taskinstance.py:1426} INFO - Exporting the following env vars:
AIRFLOW_CTX_DAG_OWNER=***
AIRFLOW_CTX_DAG_ID=data_ingestion_gcs_dag
AIRFLOW_CTX_TASK_ID=bigquery_external_table_task
AIRFLOW_CTX_EXECUTION_DATE=2022-07-03T00:00:00+00:00
AIRFLOW_CTX_DAG_RUN_ID=scheduled__2022-07-03T00:00:00+00:00
[2022-07-05 13:32:06,623] {crypto.py:82} WARNING - empty cryptography key - values will not be stored encrypted.
[2022-07-05 13:32:08,834] {taskinstance.py:1277} INFO - Marking task as SUCCESS. dag_id=data_ingestion_gcs_dag, task_id=bigquery_external_table_task, execution_date=20220703T000000, start_date=20220705T133206, end_date=20220705T133208
[2022-07-05 13:32:08,910] {local_task_job.py:154} INFO - Task exited with return code 0
[2022-07-05 13:32:08,961] {local_task_job.py:264} INFO - 0 downstream tasks scheduled from follow-on schedule check
