[2022-07-08 05:39:56,344] {taskinstance.py:1032} INFO - Dependencies all met for <TaskInstance: yt_dag7.download_data_task scheduled__2019-03-02T06:00:00+00:00 [queued]>
[2022-07-08 05:39:56,481] {taskinstance.py:1032} INFO - Dependencies all met for <TaskInstance: yt_dag7.download_data_task scheduled__2019-03-02T06:00:00+00:00 [queued]>
[2022-07-08 05:39:56,484] {taskinstance.py:1238} INFO - 
--------------------------------------------------------------------------------
[2022-07-08 05:39:56,491] {taskinstance.py:1239} INFO - Starting attempt 1 of 1
[2022-07-08 05:39:56,494] {taskinstance.py:1240} INFO - 
--------------------------------------------------------------------------------
[2022-07-08 05:39:56,571] {taskinstance.py:1259} INFO - Executing <Task(BashOperator): download_data_task> on 2019-03-02 06:00:00+00:00
[2022-07-08 05:39:56,665] {standard_task_runner.py:76} INFO - Running: ['***', 'tasks', 'run', 'yt_dag7', 'download_data_task', 'scheduled__2019-03-02T06:00:00+00:00', '--job-id', '315', '--raw', '--subdir', 'DAGS_FOLDER/yellow_taxi_dag.py', '--cfg-path', '/tmp/tmpi1a55you', '--error-file', '/tmp/tmp326oinrc']
[2022-07-08 05:39:56,698] {standard_task_runner.py:77} INFO - Job 315: Subtask download_data_task
[2022-07-08 05:39:56,592] {standard_task_runner.py:52} INFO - Started process 128 to run task
[2022-07-08 05:39:57,267] {logging_mixin.py:109} INFO - Running <TaskInstance: yt_dag7.download_data_task scheduled__2019-03-02T06:00:00+00:00 [running]> on host 2b856f2081be
[2022-07-08 05:39:58,073] {warnings.py:99} WARNING - /home/***/.local/lib/python3.6/site-packages/***/utils/context.py:152: AirflowContextDeprecationWarning: Accessing 'execution_date' from the template is deprecated and will be removed in a future version. Please use 'data_interval_start' or 'logical_date' instead.
  warnings.warn(_create_deprecation_warning(key, self._deprecation_replacements[key]))

[2022-07-08 05:39:58,506] {taskinstance.py:1426} INFO - Exporting the following env vars:
AIRFLOW_CTX_DAG_OWNER=***
AIRFLOW_CTX_DAG_ID=yt_dag7
AIRFLOW_CTX_TASK_ID=download_data_task
AIRFLOW_CTX_EXECUTION_DATE=2019-03-02T06:00:00+00:00
AIRFLOW_CTX_DAG_RUN_ID=scheduled__2019-03-02T06:00:00+00:00
[2022-07-08 05:39:58,513] {subprocess.py:62} INFO - Tmp dir root location: 
 /tmp
[2022-07-08 05:39:58,522] {subprocess.py:74} INFO - Running command: ['bash', '-c', 'curl -sSL https://d37ci6vzurychx.cloudfront.net/trip-data/yellow_tripdata_2019-03.parquet > /opt/***/yellow_tripdata_2019-03.parquet']
[2022-07-08 05:39:58,612] {subprocess.py:85} INFO - Output:
[2022-07-08 05:55:47,717] {subprocess.py:93} INFO - Command exited with return code 0
[2022-07-08 05:55:49,429] {taskinstance.py:1277} INFO - Marking task as SUCCESS. dag_id=yt_dag7, task_id=download_data_task, execution_date=20190302T060000, start_date=20220708T053956, end_date=20220708T055549
[2022-07-08 05:55:50,108] {local_task_job.py:154} INFO - Task exited with return code 0
[2022-07-08 05:55:52,810] {local_task_job.py:264} INFO - 1 downstream tasks scheduled from follow-on schedule check
