[2022-07-08 05:21:39,199] {taskinstance.py:1032} INFO - Dependencies all met for <TaskInstance: yellow_taxi_dag3.download_data_task scheduled__2019-05-02T06:00:00+00:00 [queued]>
[2022-07-08 05:21:39,246] {taskinstance.py:1032} INFO - Dependencies all met for <TaskInstance: yellow_taxi_dag3.download_data_task scheduled__2019-05-02T06:00:00+00:00 [queued]>
[2022-07-08 05:21:39,250] {taskinstance.py:1238} INFO - 
--------------------------------------------------------------------------------
[2022-07-08 05:21:39,256] {taskinstance.py:1239} INFO - Starting attempt 1 of 1
[2022-07-08 05:21:39,267] {taskinstance.py:1240} INFO - 
--------------------------------------------------------------------------------
[2022-07-08 05:21:39,353] {taskinstance.py:1259} INFO - Executing <Task(BashOperator): download_data_task> on 2019-05-02 06:00:00+00:00
[2022-07-08 05:21:39,375] {standard_task_runner.py:52} INFO - Started process 2120 to run task
[2022-07-08 05:21:39,403] {standard_task_runner.py:76} INFO - Running: ['***', 'tasks', 'run', 'yellow_taxi_dag3', 'download_data_task', 'scheduled__2019-05-02T06:00:00+00:00', '--job-id', '247', '--raw', '--subdir', 'DAGS_FOLDER/yellow_taxi_dag.py', '--cfg-path', '/tmp/tmp25tb2c2i', '--error-file', '/tmp/tmpbb5ikh3_']
[2022-07-08 05:21:39,407] {standard_task_runner.py:77} INFO - Job 247: Subtask download_data_task
[2022-07-08 05:21:39,800] {logging_mixin.py:109} INFO - Running <TaskInstance: yellow_taxi_dag3.download_data_task scheduled__2019-05-02T06:00:00+00:00 [running]> on host 2b856f2081be
[2022-07-08 05:21:40,340] {warnings.py:99} WARNING - /home/***/.local/lib/python3.6/site-packages/***/utils/context.py:152: AirflowContextDeprecationWarning: Accessing 'execution_date' from the template is deprecated and will be removed in a future version. Please use 'data_interval_start' or 'logical_date' instead.
  warnings.warn(_create_deprecation_warning(key, self._deprecation_replacements[key]))

[2022-07-08 05:21:40,517] {taskinstance.py:1426} INFO - Exporting the following env vars:
AIRFLOW_CTX_DAG_OWNER=***
AIRFLOW_CTX_DAG_ID=yellow_taxi_dag3
AIRFLOW_CTX_TASK_ID=download_data_task
AIRFLOW_CTX_EXECUTION_DATE=2019-05-02T06:00:00+00:00
AIRFLOW_CTX_DAG_RUN_ID=scheduled__2019-05-02T06:00:00+00:00
[2022-07-08 05:21:40,525] {subprocess.py:62} INFO - Tmp dir root location: 
 /tmp
[2022-07-08 05:21:40,528] {subprocess.py:74} INFO - Running command: ['bash', '-c', 'echo "2019_05" ']
[2022-07-08 05:21:40,628] {subprocess.py:85} INFO - Output:
[2022-07-08 05:21:40,651] {subprocess.py:89} INFO - 2019_05
[2022-07-08 05:21:40,664] {subprocess.py:93} INFO - Command exited with return code 0
[2022-07-08 05:21:41,219] {taskinstance.py:1277} INFO - Marking task as SUCCESS. dag_id=yellow_taxi_dag3, task_id=download_data_task, execution_date=20190502T060000, start_date=20220708T052139, end_date=20220708T052141
[2022-07-08 05:21:41,431] {local_task_job.py:154} INFO - Task exited with return code 0
[2022-07-08 05:21:41,662] {local_task_job.py:264} INFO - 0 downstream tasks scheduled from follow-on schedule check
