[2022-07-08 05:00:01,842] {taskinstance.py:1032} INFO - Dependencies all met for <TaskInstance: yellow_taxi_dag2.curl scheduled__2020-02-02T06:00:00+00:00 [queued]>
[2022-07-08 05:00:01,972] {taskinstance.py:1032} INFO - Dependencies all met for <TaskInstance: yellow_taxi_dag2.curl scheduled__2020-02-02T06:00:00+00:00 [queued]>
[2022-07-08 05:00:01,981] {taskinstance.py:1238} INFO - 
--------------------------------------------------------------------------------
[2022-07-08 05:00:01,984] {taskinstance.py:1239} INFO - Starting attempt 1 of 1
[2022-07-08 05:00:01,986] {taskinstance.py:1240} INFO - 
--------------------------------------------------------------------------------
[2022-07-08 05:00:02,205] {taskinstance.py:1259} INFO - Executing <Task(BashOperator): curl> on 2020-02-02 06:00:00+00:00
[2022-07-08 05:00:02,321] {standard_task_runner.py:76} INFO - Running: ['***', 'tasks', 'run', 'yellow_taxi_dag2', 'curl', 'scheduled__2020-02-02T06:00:00+00:00', '--job-id', '231', '--raw', '--subdir', 'DAGS_FOLDER/yellow_taxi_dag.py', '--cfg-path', '/tmp/tmp4gps0n_k', '--error-file', '/tmp/tmpqs257g6z']
[2022-07-08 05:00:02,247] {standard_task_runner.py:52} INFO - Started process 1196 to run task
[2022-07-08 05:00:02,330] {standard_task_runner.py:77} INFO - Job 231: Subtask curl
[2022-07-08 05:00:02,979] {logging_mixin.py:109} INFO - Running <TaskInstance: yellow_taxi_dag2.curl scheduled__2020-02-02T06:00:00+00:00 [running]> on host 2b856f2081be
[2022-07-08 05:00:03,231] {warnings.py:99} WARNING - /home/***/.local/lib/python3.6/site-packages/***/utils/context.py:152: AirflowContextDeprecationWarning: Accessing 'execution_date' from the template is deprecated and will be removed in a future version. Please use 'data_interval_start' or 'logical_date' instead.
  warnings.warn(_create_deprecation_warning(key, self._deprecation_replacements[key]))

[2022-07-08 05:00:03,319] {taskinstance.py:1426} INFO - Exporting the following env vars:
AIRFLOW_CTX_DAG_OWNER=***
AIRFLOW_CTX_DAG_ID=yellow_taxi_dag2
AIRFLOW_CTX_TASK_ID=curl
AIRFLOW_CTX_EXECUTION_DATE=2020-02-02T06:00:00+00:00
AIRFLOW_CTX_DAG_RUN_ID=scheduled__2020-02-02T06:00:00+00:00
[2022-07-08 05:00:03,334] {subprocess.py:62} INFO - Tmp dir root location: 
 /tmp
[2022-07-08 05:00:03,337] {subprocess.py:74} INFO - Running command: ['bash', '-c', 'echo "2020_02" ']
[2022-07-08 05:00:03,373] {subprocess.py:85} INFO - Output:
[2022-07-08 05:00:03,385] {subprocess.py:89} INFO - 2020_02
[2022-07-08 05:00:03,396] {subprocess.py:93} INFO - Command exited with return code 0
[2022-07-08 05:00:03,521] {taskinstance.py:1277} INFO - Marking task as SUCCESS. dag_id=yellow_taxi_dag2, task_id=curl, execution_date=20200202T060000, start_date=20220708T050001, end_date=20220708T050003
[2022-07-08 05:00:03,611] {local_task_job.py:154} INFO - Task exited with return code 0
[2022-07-08 05:00:03,747] {local_task_job.py:264} INFO - 0 downstream tasks scheduled from follow-on schedule check
