[2022-07-08 20:01:41,679] {taskinstance.py:1032} INFO - Dependencies all met for <TaskInstance: gt_dag.local_to_gcs_task scheduled__2019-02-02T06:00:00+00:00 [queued]>
[2022-07-08 20:01:42,438] {taskinstance.py:1032} INFO - Dependencies all met for <TaskInstance: gt_dag.local_to_gcs_task scheduled__2019-02-02T06:00:00+00:00 [queued]>
[2022-07-08 20:01:42,503] {taskinstance.py:1238} INFO - 
--------------------------------------------------------------------------------
[2022-07-08 20:01:42,527] {taskinstance.py:1239} INFO - Starting attempt 1 of 1
[2022-07-08 20:01:42,551] {taskinstance.py:1240} INFO - 
--------------------------------------------------------------------------------
[2022-07-08 20:01:43,355] {taskinstance.py:1259} INFO - Executing <Task(PythonOperator): local_to_gcs_task> on 2019-02-02 06:00:00+00:00
[2022-07-08 20:01:43,854] {standard_task_runner.py:52} INFO - Started process 15072 to run task
[2022-07-08 20:01:44,040] {standard_task_runner.py:76} INFO - Running: ['***', 'tasks', 'run', 'gt_dag', 'local_to_gcs_task', 'scheduled__2019-02-02T06:00:00+00:00', '--job-id', '411', '--raw', '--subdir', 'DAGS_FOLDER/green_taxi_dag.py', '--cfg-path', '/tmp/tmp678ag_qx', '--error-file', '/tmp/tmpo9i8lg3p']
[2022-07-08 20:01:44,486] {standard_task_runner.py:77} INFO - Job 411: Subtask local_to_gcs_task
[2022-07-08 20:01:48,743] {logging_mixin.py:109} INFO - Running <TaskInstance: gt_dag.local_to_gcs_task scheduled__2019-02-02T06:00:00+00:00 [running]> on host 2b856f2081be
[2022-07-08 20:01:50,556] {warnings.py:99} WARNING - /home/***/.local/lib/python3.6/site-packages/***/utils/context.py:152: AirflowContextDeprecationWarning: Accessing 'execution_date' from the template is deprecated and will be removed in a future version. Please use 'data_interval_start' or 'logical_date' instead.
  warnings.warn(_create_deprecation_warning(key, self._deprecation_replacements[key]))

[2022-07-08 20:01:51,384] {taskinstance.py:1426} INFO - Exporting the following env vars:
AIRFLOW_CTX_DAG_OWNER=***
AIRFLOW_CTX_DAG_ID=gt_dag
AIRFLOW_CTX_TASK_ID=local_to_gcs_task
AIRFLOW_CTX_EXECUTION_DATE=2019-02-02T06:00:00+00:00
AIRFLOW_CTX_DAG_RUN_ID=scheduled__2019-02-02T06:00:00+00:00
[2022-07-08 20:02:13,791] {python.py:175} INFO - Done. Returned value was: None
[2022-07-08 20:02:16,227] {taskinstance.py:1277} INFO - Marking task as SUCCESS. dag_id=gt_dag, task_id=local_to_gcs_task, execution_date=20190202T060000, start_date=20220708T200141, end_date=20220708T200216
[2022-07-08 20:02:18,156] {local_task_job.py:212} WARNING - State of this instance has been externally set to success. Terminating instance.
[2022-07-08 20:02:18,511] {process_utils.py:124} INFO - Sending Signals.SIGTERM to group 15072. PIDs of all processes in the group: [15072]
[2022-07-08 20:02:18,616] {process_utils.py:75} INFO - Sending the signal Signals.SIGTERM to group 15072
[2022-07-08 20:02:18,898] {process_utils.py:70} INFO - Process psutil.Process(pid=15072, status='terminated', exitcode=0, started='20:01:42') (15072) terminated with exit code 0
