[2022-08-05 17:11:30,015] {taskinstance.py:1032} INFO - Dependencies all met for <TaskInstance: move_gcs_trip_data_to_bq_workflow2.gcs_to_gcs_task_fhv scheduled__2022-08-04T00:00:00+00:00 [queued]>
[2022-08-05 17:11:30,054] {taskinstance.py:1032} INFO - Dependencies all met for <TaskInstance: move_gcs_trip_data_to_bq_workflow2.gcs_to_gcs_task_fhv scheduled__2022-08-04T00:00:00+00:00 [queued]>
[2022-08-05 17:11:30,055] {taskinstance.py:1238} INFO - 
--------------------------------------------------------------------------------
[2022-08-05 17:11:30,057] {taskinstance.py:1239} INFO - Starting attempt 1 of 2
[2022-08-05 17:11:30,058] {taskinstance.py:1240} INFO - 
--------------------------------------------------------------------------------
[2022-08-05 17:11:30,100] {taskinstance.py:1259} INFO - Executing <Task(GCSToGCSOperator): gcs_to_gcs_task_fhv> on 2022-08-04 00:00:00+00:00
[2022-08-05 17:11:30,109] {standard_task_runner.py:52} INFO - Started process 6800 to run task
[2022-08-05 17:11:30,116] {standard_task_runner.py:76} INFO - Running: ['***', 'tasks', 'run', 'move_gcs_trip_data_to_bq_workflow2', 'gcs_to_gcs_task_fhv', 'scheduled__2022-08-04T00:00:00+00:00', '--job-id', '99', '--raw', '--subdir', 'DAGS_FOLDER/gcs_to_bq.py', '--cfg-path', '/tmp/tmpgizqsg27', '--error-file', '/tmp/tmp2abymekr']
[2022-08-05 17:11:30,125] {standard_task_runner.py:77} INFO - Job 99: Subtask gcs_to_gcs_task_fhv
[2022-08-05 17:11:30,304] {logging_mixin.py:109} INFO - Running <TaskInstance: move_gcs_trip_data_to_bq_workflow2.gcs_to_gcs_task_fhv scheduled__2022-08-04T00:00:00+00:00 [running]> on host a02ae1da6c7b
[2022-08-05 17:11:30,453] {taskinstance.py:1426} INFO - Exporting the following env vars:
AIRFLOW_CTX_DAG_OWNER=***
AIRFLOW_CTX_DAG_ID=move_gcs_trip_data_to_bq_workflow2
AIRFLOW_CTX_TASK_ID=gcs_to_gcs_task_fhv
AIRFLOW_CTX_EXECUTION_DATE=2022-08-04T00:00:00+00:00
AIRFLOW_CTX_DAG_RUN_ID=scheduled__2022-08-04T00:00:00+00:00
[2022-08-05 17:11:30,459] {crypto.py:82} WARNING - empty cryptography key - values will not be stored encrypted.
[2022-08-05 17:11:30,462] {gcs_to_gcs.py:346} INFO - Delimiter ignored because wildcard is in prefix
[2022-08-05 17:11:30,882] {gcs_to_gcs.py:431} INFO - Executing copy of gs://dtc_data_lake_wise-logic-354820/raw/fhv_tripdata_2019-05.parquet to gs://dtc_data_lake_wise-logic-354820/fhv/_2019-05.parquet
[2022-08-05 17:11:30,981] {gcs.py:251} INFO - Total Bytes: 18204679 | Bytes Written: 18204679
[2022-08-05 17:11:30,984] {gcs.py:264} INFO - Object raw/fhv_tripdata_2019-05.parquet in bucket dtc_data_lake_wise-logic-354820 rewritten to object fhv/_2019-05.parquet in bucket dtc_data_lake_wise-logic-354820
[2022-08-05 17:11:31,068] {gcs.py:645} INFO - Blob raw/fhv_tripdata_2019-05.parquet deleted.
[2022-08-05 17:11:31,072] {gcs_to_gcs.py:431} INFO - Executing copy of gs://dtc_data_lake_wise-logic-354820/raw/fhv_tripdata_2019-03.parquet to gs://dtc_data_lake_wise-logic-354820/fhv/_2019-03.parquet
[2022-08-05 17:11:31,177] {gcs.py:251} INFO - Total Bytes: 13576299 | Bytes Written: 13576299
[2022-08-05 17:11:31,179] {gcs.py:264} INFO - Object raw/fhv_tripdata_2019-03.parquet in bucket dtc_data_lake_wise-logic-354820 rewritten to object fhv/_2019-03.parquet in bucket dtc_data_lake_wise-logic-354820
[2022-08-05 17:11:31,242] {gcs.py:645} INFO - Blob raw/fhv_tripdata_2019-03.parquet deleted.
[2022-08-05 17:11:31,244] {gcs_to_gcs.py:431} INFO - Executing copy of gs://dtc_data_lake_wise-logic-354820/raw/fhv_tripdata_2019-11.parquet to gs://dtc_data_lake_wise-logic-354820/fhv/_2019-11.parquet
[2022-08-05 17:11:31,329] {gcs.py:251} INFO - Total Bytes: 255 | Bytes Written: 255
[2022-08-05 17:11:31,330] {gcs.py:264} INFO - Object raw/fhv_tripdata_2019-11.parquet in bucket dtc_data_lake_wise-logic-354820 rewritten to object fhv/_2019-11.parquet in bucket dtc_data_lake_wise-logic-354820
[2022-08-05 17:11:31,395] {gcs.py:645} INFO - Blob raw/fhv_tripdata_2019-11.parquet deleted.
[2022-08-05 17:11:31,397] {gcs_to_gcs.py:431} INFO - Executing copy of gs://dtc_data_lake_wise-logic-354820/raw/fhv_tripdata_2019-09.parquet to gs://dtc_data_lake_wise-logic-354820/fhv/_2019-09.parquet
[2022-08-05 17:11:31,496] {gcs.py:251} INFO - Total Bytes: 12256014 | Bytes Written: 12256014
[2022-08-05 17:11:31,497] {gcs.py:264} INFO - Object raw/fhv_tripdata_2019-09.parquet in bucket dtc_data_lake_wise-logic-354820 rewritten to object fhv/_2019-09.parquet in bucket dtc_data_lake_wise-logic-354820
[2022-08-05 17:11:31,568] {gcs.py:645} INFO - Blob raw/fhv_tripdata_2019-09.parquet deleted.
[2022-08-05 17:11:31,569] {gcs_to_gcs.py:431} INFO - Executing copy of gs://dtc_data_lake_wise-logic-354820/raw/fhv_tripdata_2019-02.parquet to gs://dtc_data_lake_wise-logic-354820/fhv/_2019-02.parquet
[2022-08-05 17:11:31,726] {gcs.py:251} INFO - Total Bytes: 15282636 | Bytes Written: 15282636
[2022-08-05 17:11:31,729] {gcs.py:264} INFO - Object raw/fhv_tripdata_2019-02.parquet in bucket dtc_data_lake_wise-logic-354820 rewritten to object fhv/_2019-02.parquet in bucket dtc_data_lake_wise-logic-354820
[2022-08-05 17:11:31,803] {gcs.py:645} INFO - Blob raw/fhv_tripdata_2019-02.parquet deleted.
[2022-08-05 17:11:31,806] {gcs_to_gcs.py:431} INFO - Executing copy of gs://dtc_data_lake_wise-logic-354820/raw/fhv_tripdata_2019-06.parquet to gs://dtc_data_lake_wise-logic-354820/fhv/_2019-06.parquet
[2022-08-05 17:11:31,893] {gcs.py:251} INFO - Total Bytes: 17769396 | Bytes Written: 17769396
[2022-08-05 17:11:31,894] {gcs.py:264} INFO - Object raw/fhv_tripdata_2019-06.parquet in bucket dtc_data_lake_wise-logic-354820 rewritten to object fhv/_2019-06.parquet in bucket dtc_data_lake_wise-logic-354820
[2022-08-05 17:11:31,961] {gcs.py:645} INFO - Blob raw/fhv_tripdata_2019-06.parquet deleted.
[2022-08-05 17:11:31,965] {gcs_to_gcs.py:431} INFO - Executing copy of gs://dtc_data_lake_wise-logic-354820/raw/fhv_tripdata_2019-07.parquet to gs://dtc_data_lake_wise-logic-354820/fhv/_2019-07.parquet
[2022-08-05 17:11:32,054] {gcs.py:251} INFO - Total Bytes: 243 | Bytes Written: 243
[2022-08-05 17:11:32,056] {gcs.py:264} INFO - Object raw/fhv_tripdata_2019-07.parquet in bucket dtc_data_lake_wise-logic-354820 rewritten to object fhv/_2019-07.parquet in bucket dtc_data_lake_wise-logic-354820
[2022-08-05 17:11:32,131] {gcs.py:645} INFO - Blob raw/fhv_tripdata_2019-07.parquet deleted.
[2022-08-05 17:11:32,137] {gcs_to_gcs.py:431} INFO - Executing copy of gs://dtc_data_lake_wise-logic-354820/raw/fhv_tripdata_2019-10.parquet to gs://dtc_data_lake_wise-logic-354820/fhv/_2019-10.parquet
[2022-08-05 17:11:32,290] {gcs.py:251} INFO - Total Bytes: 18344035 | Bytes Written: 18344035
[2022-08-05 17:11:32,301] {gcs.py:264} INFO - Object raw/fhv_tripdata_2019-10.parquet in bucket dtc_data_lake_wise-logic-354820 rewritten to object fhv/_2019-10.parquet in bucket dtc_data_lake_wise-logic-354820
[2022-08-05 17:11:32,390] {gcs.py:645} INFO - Blob raw/fhv_tripdata_2019-10.parquet deleted.
[2022-08-05 17:11:32,393] {gcs_to_gcs.py:431} INFO - Executing copy of gs://dtc_data_lake_wise-logic-354820/raw/fhv_tripdata_2019-12.parquet to gs://dtc_data_lake_wise-logic-354820/fhv/_2019-12.parquet
[2022-08-05 17:11:32,542] {gcs.py:251} INFO - Total Bytes: 255 | Bytes Written: 255
[2022-08-05 17:11:32,549] {gcs.py:264} INFO - Object raw/fhv_tripdata_2019-12.parquet in bucket dtc_data_lake_wise-logic-354820 rewritten to object fhv/_2019-12.parquet in bucket dtc_data_lake_wise-logic-354820
[2022-08-05 17:11:32,755] {gcs.py:645} INFO - Blob raw/fhv_tripdata_2019-12.parquet deleted.
[2022-08-05 17:11:32,766] {gcs_to_gcs.py:431} INFO - Executing copy of gs://dtc_data_lake_wise-logic-354820/raw/fhv_tripdata_2019-04.parquet to gs://dtc_data_lake_wise-logic-354820/fhv/_2019-04.parquet
[2022-08-05 17:11:32,885] {gcs.py:251} INFO - Total Bytes: 17074503 | Bytes Written: 17074503
[2022-08-05 17:11:32,892] {gcs.py:264} INFO - Object raw/fhv_tripdata_2019-04.parquet in bucket dtc_data_lake_wise-logic-354820 rewritten to object fhv/_2019-04.parquet in bucket dtc_data_lake_wise-logic-354820
[2022-08-05 17:11:33,140] {gcs.py:645} INFO - Blob raw/fhv_tripdata_2019-04.parquet deleted.
[2022-08-05 17:11:33,143] {gcs_to_gcs.py:431} INFO - Executing copy of gs://dtc_data_lake_wise-logic-354820/raw/fhv_tripdata_2019-08.parquet to gs://dtc_data_lake_wise-logic-354820/fhv/_2019-08.parquet
[2022-08-05 17:11:33,279] {gcs.py:251} INFO - Total Bytes: 17309069 | Bytes Written: 17309069
[2022-08-05 17:11:33,282] {gcs.py:264} INFO - Object raw/fhv_tripdata_2019-08.parquet in bucket dtc_data_lake_wise-logic-354820 rewritten to object fhv/_2019-08.parquet in bucket dtc_data_lake_wise-logic-354820
[2022-08-05 17:11:33,397] {gcs.py:645} INFO - Blob raw/fhv_tripdata_2019-08.parquet deleted.
[2022-08-05 17:11:33,405] {gcs_to_gcs.py:431} INFO - Executing copy of gs://dtc_data_lake_wise-logic-354820/raw/fhv_tripdata_2019-01.parquet to gs://dtc_data_lake_wise-logic-354820/fhv/_2019-01.parquet
[2022-08-05 17:11:33,690] {gcs.py:251} INFO - Total Bytes: 210707424 | Bytes Written: 210707424
[2022-08-05 17:11:33,693] {gcs.py:264} INFO - Object raw/fhv_tripdata_2019-01.parquet in bucket dtc_data_lake_wise-logic-354820 rewritten to object fhv/_2019-01.parquet in bucket dtc_data_lake_wise-logic-354820
[2022-08-05 17:11:33,830] {gcs.py:645} INFO - Blob raw/fhv_tripdata_2019-01.parquet deleted.
[2022-08-05 17:11:33,926] {taskinstance.py:1277} INFO - Marking task as SUCCESS. dag_id=move_gcs_trip_data_to_bq_workflow2, task_id=gcs_to_gcs_task_fhv, execution_date=20220804T000000, start_date=20220805T171130, end_date=20220805T171133
[2022-08-05 17:11:34,117] {local_task_job.py:154} INFO - Task exited with return code 0
[2022-08-05 17:11:34,496] {local_task_job.py:264} INFO - 1 downstream tasks scheduled from follow-on schedule check
