[2022-08-05 17:19:12,187] {taskinstance.py:1032} INFO - Dependencies all met for <TaskInstance: move_gcs_trip_data_to_bq_workflow2.gcs_to_gcs_task_fhv scheduled__2022-08-04T00:00:00+00:00 [queued]>
[2022-08-05 17:19:12,203] {taskinstance.py:1032} INFO - Dependencies all met for <TaskInstance: move_gcs_trip_data_to_bq_workflow2.gcs_to_gcs_task_fhv scheduled__2022-08-04T00:00:00+00:00 [queued]>
[2022-08-05 17:19:12,204] {taskinstance.py:1238} INFO - 
--------------------------------------------------------------------------------
[2022-08-05 17:19:12,205] {taskinstance.py:1239} INFO - Starting attempt 3 of 4
[2022-08-05 17:19:12,205] {taskinstance.py:1240} INFO - 
--------------------------------------------------------------------------------
[2022-08-05 17:19:12,221] {taskinstance.py:1259} INFO - Executing <Task(GCSToGCSOperator): gcs_to_gcs_task_fhv> on 2022-08-04 00:00:00+00:00
[2022-08-05 17:19:12,232] {standard_task_runner.py:52} INFO - Started process 7183 to run task
[2022-08-05 17:19:12,238] {standard_task_runner.py:76} INFO - Running: ['***', 'tasks', 'run', 'move_gcs_trip_data_to_bq_workflow2', 'gcs_to_gcs_task_fhv', 'scheduled__2022-08-04T00:00:00+00:00', '--job-id', '119', '--raw', '--subdir', 'DAGS_FOLDER/gcs_to_bq.py', '--cfg-path', '/tmp/tmp56exsfcu', '--error-file', '/tmp/tmpp4snpeml']
[2022-08-05 17:19:12,251] {standard_task_runner.py:77} INFO - Job 119: Subtask gcs_to_gcs_task_fhv
[2022-08-05 17:19:12,341] {logging_mixin.py:109} INFO - Running <TaskInstance: move_gcs_trip_data_to_bq_workflow2.gcs_to_gcs_task_fhv scheduled__2022-08-04T00:00:00+00:00 [running]> on host a02ae1da6c7b
[2022-08-05 17:19:12,437] {taskinstance.py:1426} INFO - Exporting the following env vars:
AIRFLOW_CTX_DAG_OWNER=***
AIRFLOW_CTX_DAG_ID=move_gcs_trip_data_to_bq_workflow2
AIRFLOW_CTX_TASK_ID=gcs_to_gcs_task_fhv
AIRFLOW_CTX_EXECUTION_DATE=2022-08-04T00:00:00+00:00
AIRFLOW_CTX_DAG_RUN_ID=scheduled__2022-08-04T00:00:00+00:00
[2022-08-05 17:19:12,440] {crypto.py:82} WARNING - empty cryptography key - values will not be stored encrypted.
[2022-08-05 17:19:12,442] {gcs_to_gcs.py:346} INFO - Delimiter ignored because wildcard is in prefix
[2022-08-05 17:19:12,867] {taskinstance.py:1277} INFO - Marking task as SUCCESS. dag_id=move_gcs_trip_data_to_bq_workflow2, task_id=gcs_to_gcs_task_fhv, execution_date=20220804T000000, start_date=20220805T171912, end_date=20220805T171912
[2022-08-05 17:19:12,945] {local_task_job.py:154} INFO - Task exited with return code 0
[2022-08-05 17:19:13,023] {local_task_job.py:264} INFO - 1 downstream tasks scheduled from follow-on schedule check
