[2022-08-05 15:38:34,566] {taskinstance.py:1032} INFO - Dependencies all met for <TaskInstance: move_gcs_trip_data_to_bq_workflow.bigquery_external_table_task scheduled__2022-08-04T00:00:00+00:00 [queued]>
[2022-08-05 15:38:34,590] {taskinstance.py:1032} INFO - Dependencies all met for <TaskInstance: move_gcs_trip_data_to_bq_workflow.bigquery_external_table_task scheduled__2022-08-04T00:00:00+00:00 [queued]>
[2022-08-05 15:38:34,592] {taskinstance.py:1238} INFO - 
--------------------------------------------------------------------------------
[2022-08-05 15:38:34,594] {taskinstance.py:1239} INFO - Starting attempt 1 of 2
[2022-08-05 15:38:34,595] {taskinstance.py:1240} INFO - 
--------------------------------------------------------------------------------
[2022-08-05 15:38:34,624] {taskinstance.py:1259} INFO - Executing <Task(BigQueryCreateExternalTableOperator): bigquery_external_table_task> on 2022-08-04 00:00:00+00:00
[2022-08-05 15:38:34,642] {standard_task_runner.py:52} INFO - Started process 2569 to run task
[2022-08-05 15:38:34,653] {standard_task_runner.py:76} INFO - Running: ['***', 'tasks', 'run', 'move_gcs_trip_data_to_bq_workflow', 'bigquery_external_table_task', 'scheduled__2022-08-04T00:00:00+00:00', '--job-id', '45', '--raw', '--subdir', 'DAGS_FOLDER/gcs_to_bq.py', '--cfg-path', '/tmp/tmpqzqaccbc', '--error-file', '/tmp/tmp92kmhnit']
[2022-08-05 15:38:34,657] {standard_task_runner.py:77} INFO - Job 45: Subtask bigquery_external_table_task
[2022-08-05 15:38:34,831] {logging_mixin.py:109} INFO - Running <TaskInstance: move_gcs_trip_data_to_bq_workflow.bigquery_external_table_task scheduled__2022-08-04T00:00:00+00:00 [running]> on host a02ae1da6c7b
[2022-08-05 15:38:35,100] {taskinstance.py:1426} INFO - Exporting the following env vars:
AIRFLOW_CTX_DAG_OWNER=***
AIRFLOW_CTX_DAG_ID=move_gcs_trip_data_to_bq_workflow
AIRFLOW_CTX_TASK_ID=bigquery_external_table_task
AIRFLOW_CTX_EXECUTION_DATE=2022-08-04T00:00:00+00:00
AIRFLOW_CTX_DAG_RUN_ID=scheduled__2022-08-04T00:00:00+00:00
[2022-08-05 15:38:35,109] {crypto.py:82} WARNING - empty cryptography key - values will not be stored encrypted.
[2022-08-05 15:38:36,410] {taskinstance.py:1277} INFO - Marking task as SUCCESS. dag_id=move_gcs_trip_data_to_bq_workflow, task_id=bigquery_external_table_task, execution_date=20220804T000000, start_date=20220805T153834, end_date=20220805T153836
[2022-08-05 15:38:36,520] {local_task_job.py:154} INFO - Task exited with return code 0
[2022-08-05 15:38:36,756] {local_task_job.py:264} INFO - 0 downstream tasks scheduled from follow-on schedule check
