[2022-07-05 16:07:49,159] {taskinstance.py:1032} INFO - Dependencies all met for <TaskInstance: LocalIngestionDag.ingest manual__2022-07-05T16:07:46.463428+00:00 [queued]>
[2022-07-05 16:07:49,175] {taskinstance.py:1032} INFO - Dependencies all met for <TaskInstance: LocalIngestionDag.ingest manual__2022-07-05T16:07:46.463428+00:00 [queued]>
[2022-07-05 16:07:49,176] {taskinstance.py:1238} INFO - 
--------------------------------------------------------------------------------
[2022-07-05 16:07:49,177] {taskinstance.py:1239} INFO - Starting attempt 1 of 1
[2022-07-05 16:07:49,179] {taskinstance.py:1240} INFO - 
--------------------------------------------------------------------------------
[2022-07-05 16:07:49,194] {taskinstance.py:1259} INFO - Executing <Task(BashOperator): ingest> on 2022-07-05 16:07:46.463428+00:00
[2022-07-05 16:07:49,207] {standard_task_runner.py:76} INFO - Running: ['***', 'tasks', 'run', 'LocalIngestionDag', 'ingest', 'manual__2022-07-05T16:07:46.463428+00:00', '--job-id', '66', '--raw', '--subdir', 'DAGS_FOLDER/data_ingestion_local.py', '--cfg-path', '/tmp/tmp_lqec4r0', '--error-file', '/tmp/tmpzkfjyc5p']
[2022-07-05 16:07:49,201] {standard_task_runner.py:52} INFO - Started process 2065 to run task
[2022-07-05 16:07:49,210] {standard_task_runner.py:77} INFO - Job 66: Subtask ingest
[2022-07-05 16:07:49,297] {logging_mixin.py:109} INFO - Running <TaskInstance: LocalIngestionDag.ingest manual__2022-07-05T16:07:46.463428+00:00 [running]> on host 730d3c67d882
[2022-07-05 16:07:49,367] {taskinstance.py:1426} INFO - Exporting the following env vars:
AIRFLOW_CTX_DAG_OWNER=***
AIRFLOW_CTX_DAG_ID=LocalIngestionDag
AIRFLOW_CTX_TASK_ID=ingest
AIRFLOW_CTX_EXECUTION_DATE=2022-07-05T16:07:46.463428+00:00
AIRFLOW_CTX_DAG_RUN_ID=manual__2022-07-05T16:07:46.463428+00:00
[2022-07-05 16:07:49,370] {subprocess.py:62} INFO - Tmp dir root location: 
 /tmp
[2022-07-05 16:07:49,372] {subprocess.py:74} INFO - Running command: ['bash', '-c', 'ls /opt/***']
[2022-07-05 16:07:49,387] {subprocess.py:85} INFO - Output:
[2022-07-05 16:07:49,392] {subprocess.py:89} INFO - ***-worker.pid
[2022-07-05 16:07:49,393] {subprocess.py:89} INFO - ***.cfg
[2022-07-05 16:07:49,394] {subprocess.py:89} INFO - dags
[2022-07-05 16:07:49,395] {subprocess.py:89} INFO - logs
[2022-07-05 16:07:49,396] {subprocess.py:89} INFO - output.csv
[2022-07-05 16:07:49,397] {subprocess.py:89} INFO - output_2022-02.csv
[2022-07-05 16:07:49,399] {subprocess.py:89} INFO - output_2022-07.csv
[2022-07-05 16:07:49,400] {subprocess.py:89} INFO - plugins
[2022-07-05 16:07:49,402] {subprocess.py:89} INFO - requirements.txt
[2022-07-05 16:07:49,403] {subprocess.py:89} INFO - scripts
[2022-07-05 16:07:49,404] {subprocess.py:89} INFO - webserver_config.py
[2022-07-05 16:07:49,405] {subprocess.py:93} INFO - Command exited with return code 0
[2022-07-05 16:07:49,440] {taskinstance.py:1277} INFO - Marking task as SUCCESS. dag_id=LocalIngestionDag, task_id=ingest, execution_date=20220705T160746, start_date=20220705T160749, end_date=20220705T160749
[2022-07-05 16:07:49,508] {local_task_job.py:154} INFO - Task exited with return code 0
[2022-07-05 16:07:49,573] {local_task_job.py:264} INFO - 0 downstream tasks scheduled from follow-on schedule check
