[2022-07-08 04:56:24,867] {taskinstance.py:1032} INFO - Dependencies all met for <TaskInstance: yellow_taxi_dag.curl scheduled__2022-03-02T06:00:00+00:00 [queued]>
[2022-07-08 04:56:25,005] {taskinstance.py:1032} INFO - Dependencies all met for <TaskInstance: yellow_taxi_dag.curl scheduled__2022-03-02T06:00:00+00:00 [queued]>
[2022-07-08 04:56:25,015] {taskinstance.py:1238} INFO - 
--------------------------------------------------------------------------------
[2022-07-08 04:56:25,028] {taskinstance.py:1239} INFO - Starting attempt 1 of 1
[2022-07-08 04:56:25,037] {taskinstance.py:1240} INFO - 
--------------------------------------------------------------------------------
[2022-07-08 04:56:25,087] {taskinstance.py:1259} INFO - Executing <Task(BashOperator): curl> on 2022-03-02 06:00:00+00:00
[2022-07-08 04:56:25,101] {standard_task_runner.py:52} INFO - Started process 993 to run task
[2022-07-08 04:56:25,134] {standard_task_runner.py:76} INFO - Running: ['***', 'tasks', 'run', 'yellow_taxi_dag', 'curl', 'scheduled__2022-03-02T06:00:00+00:00', '--job-id', '209', '--raw', '--subdir', 'DAGS_FOLDER/yellow_taxi_dag.py', '--cfg-path', '/tmp/tmp9e2nq3fx', '--error-file', '/tmp/tmpvxg97523']
[2022-07-08 04:56:25,154] {standard_task_runner.py:77} INFO - Job 209: Subtask curl
[2022-07-08 04:56:25,386] {logging_mixin.py:109} INFO - Running <TaskInstance: yellow_taxi_dag.curl scheduled__2022-03-02T06:00:00+00:00 [running]> on host 2b856f2081be
[2022-07-08 04:56:25,527] {warnings.py:99} WARNING - /home/***/.local/lib/python3.6/site-packages/***/utils/context.py:152: AirflowContextDeprecationWarning: Accessing 'execution_date' from the template is deprecated and will be removed in a future version. Please use 'data_interval_start' or 'logical_date' instead.
  warnings.warn(_create_deprecation_warning(key, self._deprecation_replacements[key]))

[2022-07-08 04:56:25,595] {taskinstance.py:1426} INFO - Exporting the following env vars:
AIRFLOW_CTX_DAG_OWNER=***
AIRFLOW_CTX_DAG_ID=yellow_taxi_dag
AIRFLOW_CTX_TASK_ID=curl
AIRFLOW_CTX_EXECUTION_DATE=2022-03-02T06:00:00+00:00
AIRFLOW_CTX_DAG_RUN_ID=scheduled__2022-03-02T06:00:00+00:00
[2022-07-08 04:56:25,602] {subprocess.py:62} INFO - Tmp dir root location: 
 /tmp
[2022-07-08 04:56:25,607] {subprocess.py:74} INFO - Running command: ['bash', '-c', 'echo "2022_03" ']
[2022-07-08 04:56:25,645] {subprocess.py:85} INFO - Output:
[2022-07-08 04:56:25,653] {subprocess.py:89} INFO - 2022_03
[2022-07-08 04:56:25,656] {subprocess.py:93} INFO - Command exited with return code 0
[2022-07-08 04:56:25,750] {taskinstance.py:1277} INFO - Marking task as SUCCESS. dag_id=yellow_taxi_dag, task_id=curl, execution_date=20220302T060000, start_date=20220708T045624, end_date=20220708T045625
[2022-07-08 04:56:25,804] {local_task_job.py:154} INFO - Task exited with return code 0
[2022-07-08 04:56:25,889] {local_task_job.py:264} INFO - 0 downstream tasks scheduled from follow-on schedule check
