[2022-07-07 20:52:35,170] {taskinstance.py:1032} INFO - Dependencies all met for <TaskInstance: data_ingestion_gcs_full_yt.local_to_gcs_task manual__2022-07-07T20:45:21.502035+00:00 [queued]>
[2022-07-07 20:52:35,185] {taskinstance.py:1032} INFO - Dependencies all met for <TaskInstance: data_ingestion_gcs_full_yt.local_to_gcs_task manual__2022-07-07T20:45:21.502035+00:00 [queued]>
[2022-07-07 20:52:35,186] {taskinstance.py:1238} INFO - 
--------------------------------------------------------------------------------
[2022-07-07 20:52:35,187] {taskinstance.py:1239} INFO - Starting attempt 1 of 2
[2022-07-07 20:52:35,188] {taskinstance.py:1240} INFO - 
--------------------------------------------------------------------------------
[2022-07-07 20:52:35,212] {taskinstance.py:1259} INFO - Executing <Task(BashOperator): local_to_gcs_task> on 2022-07-07 20:45:21.502035+00:00
[2022-07-07 20:52:35,224] {standard_task_runner.py:76} INFO - Running: ['***', 'tasks', 'run', 'data_ingestion_gcs_full_yt', 'local_to_gcs_task', 'manual__2022-07-07T20:45:21.502035+00:00', '--job-id', '102', '--raw', '--subdir', 'DAGS_FOLDER/data_ingestion_gcs_full_yt.py', '--cfg-path', '/tmp/tmpz7ihk0qs', '--error-file', '/tmp/tmp67jm3lko']
[2022-07-07 20:52:35,219] {standard_task_runner.py:52} INFO - Started process 1154 to run task
[2022-07-07 20:52:35,229] {standard_task_runner.py:77} INFO - Job 102: Subtask local_to_gcs_task
[2022-07-07 20:52:35,322] {logging_mixin.py:109} INFO - Running <TaskInstance: data_ingestion_gcs_full_yt.local_to_gcs_task manual__2022-07-07T20:45:21.502035+00:00 [running]> on host 2b856f2081be
[2022-07-07 20:52:35,372] {warnings.py:99} WARNING - /home/***/.local/lib/python3.6/site-packages/***/utils/context.py:152: AirflowContextDeprecationWarning: Accessing 'execution_date' from the template is deprecated and will be removed in a future version. Please use 'data_interval_start' or 'logical_date' instead.
  warnings.warn(_create_deprecation_warning(key, self._deprecation_replacements[key]))

[2022-07-07 20:52:35,400] {taskinstance.py:1426} INFO - Exporting the following env vars:
AIRFLOW_CTX_DAG_OWNER=***
AIRFLOW_CTX_DAG_ID=data_ingestion_gcs_full_yt
AIRFLOW_CTX_TASK_ID=local_to_gcs_task
AIRFLOW_CTX_EXECUTION_DATE=2022-07-07T20:45:21.502035+00:00
AIRFLOW_CTX_DAG_RUN_ID=manual__2022-07-07T20:45:21.502035+00:00
[2022-07-07 20:52:35,403] {subprocess.py:62} INFO - Tmp dir root location: 
 /tmp
[2022-07-07 20:52:35,404] {subprocess.py:74} INFO - Running command: ['bash', '-c', 'echo "2022-07"']
[2022-07-07 20:52:35,425] {subprocess.py:85} INFO - Output:
[2022-07-07 20:52:35,429] {subprocess.py:89} INFO - 2022-07
[2022-07-07 20:52:35,431] {subprocess.py:93} INFO - Command exited with return code 0
[2022-07-07 20:52:35,463] {taskinstance.py:1277} INFO - Marking task as SUCCESS. dag_id=data_ingestion_gcs_full_yt, task_id=local_to_gcs_task, execution_date=20220707T204521, start_date=20220707T205235, end_date=20220707T205235
[2022-07-07 20:52:35,528] {local_task_job.py:154} INFO - Task exited with return code 0
[2022-07-07 20:52:35,562] {local_task_job.py:264} INFO - 0 downstream tasks scheduled from follow-on schedule check
