[2022-07-07 21:19:15,776] {taskinstance.py:1032} INFO - Dependencies all met for <TaskInstance: data_ingestion_gcs_full_yt.local_to_gcs_task manual__2022-07-07T20:45:21.502035+00:00 [queued]>
[2022-07-07 21:19:15,823] {taskinstance.py:1032} INFO - Dependencies all met for <TaskInstance: data_ingestion_gcs_full_yt.local_to_gcs_task manual__2022-07-07T20:45:21.502035+00:00 [queued]>
[2022-07-07 21:19:15,825] {taskinstance.py:1238} INFO - 
--------------------------------------------------------------------------------
[2022-07-07 21:19:15,827] {taskinstance.py:1239} INFO - Starting attempt 2 of 3
[2022-07-07 21:19:15,829] {taskinstance.py:1240} INFO - 
--------------------------------------------------------------------------------
[2022-07-07 21:19:15,900] {taskinstance.py:1259} INFO - Executing <Task(PythonOperator): local_to_gcs_task> on 2022-07-07 20:45:21.502035+00:00
[2022-07-07 21:19:15,925] {standard_task_runner.py:52} INFO - Started process 2404 to run task
[2022-07-07 21:19:15,945] {standard_task_runner.py:76} INFO - Running: ['***', 'tasks', 'run', 'data_ingestion_gcs_full_yt', 'local_to_gcs_task', 'manual__2022-07-07T20:45:21.502035+00:00', '--job-id', '112', '--raw', '--subdir', 'DAGS_FOLDER/data_ingestion_gcs_full_yt.py', '--cfg-path', '/tmp/tmpsy57w68h', '--error-file', '/tmp/tmp11pqn6yq']
[2022-07-07 21:19:15,991] {standard_task_runner.py:77} INFO - Job 112: Subtask local_to_gcs_task
[2022-07-07 21:19:16,206] {logging_mixin.py:109} INFO - Running <TaskInstance: data_ingestion_gcs_full_yt.local_to_gcs_task manual__2022-07-07T20:45:21.502035+00:00 [running]> on host 2b856f2081be
[2022-07-07 21:19:16,499] {taskinstance.py:1426} INFO - Exporting the following env vars:
AIRFLOW_CTX_DAG_OWNER=***
AIRFLOW_CTX_DAG_ID=data_ingestion_gcs_full_yt
AIRFLOW_CTX_TASK_ID=local_to_gcs_task
AIRFLOW_CTX_EXECUTION_DATE=2022-07-07T20:45:21.502035+00:00
AIRFLOW_CTX_DAG_RUN_ID=manual__2022-07-07T20:45:21.502035+00:00
[2022-07-07 21:19:17,055] {python.py:175} INFO - Done. Returned value was: None
[2022-07-07 21:19:17,135] {taskinstance.py:1277} INFO - Marking task as SUCCESS. dag_id=data_ingestion_gcs_full_yt, task_id=local_to_gcs_task, execution_date=20220707T204521, start_date=20220707T211915, end_date=20220707T211917
[2022-07-07 21:19:17,242] {local_task_job.py:154} INFO - Task exited with return code 0
[2022-07-07 21:19:17,348] {local_task_job.py:264} INFO - 0 downstream tasks scheduled from follow-on schedule check
