[2022-07-05 13:39:48,893] {taskinstance.py:1032} INFO - Dependencies all met for <TaskInstance: data_ingestion_gcs_dag.local_to_gcs_task scheduled__2022-07-04T00:00:00+00:00 [queued]>
[2022-07-05 13:39:48,928] {taskinstance.py:1032} INFO - Dependencies all met for <TaskInstance: data_ingestion_gcs_dag.local_to_gcs_task scheduled__2022-07-04T00:00:00+00:00 [queued]>
[2022-07-05 13:39:48,933] {taskinstance.py:1238} INFO - 
--------------------------------------------------------------------------------
[2022-07-05 13:39:48,936] {taskinstance.py:1239} INFO - Starting attempt 2 of 2
[2022-07-05 13:39:48,939] {taskinstance.py:1240} INFO - 
--------------------------------------------------------------------------------
[2022-07-05 13:39:48,973] {taskinstance.py:1259} INFO - Executing <Task(PythonOperator): local_to_gcs_task> on 2022-07-04 00:00:00+00:00
[2022-07-05 13:39:48,986] {standard_task_runner.py:52} INFO - Started process 3848 to run task
[2022-07-05 13:39:48,993] {standard_task_runner.py:76} INFO - Running: ['***', 'tasks', 'run', 'data_ingestion_gcs_dag', 'local_to_gcs_task', 'scheduled__2022-07-04T00:00:00+00:00', '--job-id', '41', '--raw', '--subdir', 'DAGS_FOLDER/data_ingestion_gcs_dag.py', '--cfg-path', '/tmp/tmpxfwga3er', '--error-file', '/tmp/tmprdgp6ucu']
[2022-07-05 13:39:49,006] {standard_task_runner.py:77} INFO - Job 41: Subtask local_to_gcs_task
[2022-07-05 13:39:49,119] {logging_mixin.py:109} INFO - Running <TaskInstance: data_ingestion_gcs_dag.local_to_gcs_task scheduled__2022-07-04T00:00:00+00:00 [running]> on host 04e296ede4ca
[2022-07-05 13:39:49,210] {taskinstance.py:1426} INFO - Exporting the following env vars:
AIRFLOW_CTX_DAG_OWNER=***
AIRFLOW_CTX_DAG_ID=data_ingestion_gcs_dag
AIRFLOW_CTX_TASK_ID=local_to_gcs_task
AIRFLOW_CTX_EXECUTION_DATE=2022-07-04T00:00:00+00:00
AIRFLOW_CTX_DAG_RUN_ID=scheduled__2022-07-04T00:00:00+00:00
[2022-07-05 13:40:10,718] {python.py:175} INFO - Done. Returned value was: None
[2022-07-05 13:40:10,735] {taskinstance.py:1277} INFO - Marking task as SUCCESS. dag_id=data_ingestion_gcs_dag, task_id=local_to_gcs_task, execution_date=20220704T000000, start_date=20220705T133948, end_date=20220705T134010
[2022-07-05 13:40:10,799] {local_task_job.py:154} INFO - Task exited with return code 0
[2022-07-05 13:40:10,845] {local_task_job.py:264} INFO - 1 downstream tasks scheduled from follow-on schedule check
