[2022-07-03 05:25:55,668] {taskinstance.py:1032} INFO - Dependencies all met for <TaskInstance: data_ingestion_gcs_dag.format_to_parquet_task manual__2022-07-03T05:20:15.425819+00:00 [queued]>
[2022-07-03 05:25:55,728] {taskinstance.py:1032} INFO - Dependencies all met for <TaskInstance: data_ingestion_gcs_dag.format_to_parquet_task manual__2022-07-03T05:20:15.425819+00:00 [queued]>
[2022-07-03 05:25:55,731] {taskinstance.py:1238} INFO - 
--------------------------------------------------------------------------------
[2022-07-03 05:25:55,736] {taskinstance.py:1239} INFO - Starting attempt 1 of 2
[2022-07-03 05:25:55,739] {taskinstance.py:1240} INFO - 
--------------------------------------------------------------------------------
[2022-07-03 05:25:55,767] {taskinstance.py:1259} INFO - Executing <Task(PythonOperator): format_to_parquet_task> on 2022-07-03 05:20:15.425819+00:00
[2022-07-03 05:25:55,778] {standard_task_runner.py:52} INFO - Started process 7401 to run task
[2022-07-03 05:25:55,799] {standard_task_runner.py:76} INFO - Running: ['***', 'tasks', 'run', 'data_ingestion_gcs_dag', 'format_to_parquet_task', 'manual__2022-07-03T05:20:15.425819+00:00', '--job-id', '7', '--raw', '--subdir', 'DAGS_FOLDER/data_ingestion_gcs_dag.py', '--cfg-path', '/tmp/tmpznqehp0k', '--error-file', '/tmp/tmp_8mzfaju']
[2022-07-03 05:25:55,814] {standard_task_runner.py:77} INFO - Job 7: Subtask format_to_parquet_task
[2022-07-03 05:25:56,218] {logging_mixin.py:109} INFO - Running <TaskInstance: data_ingestion_gcs_dag.format_to_parquet_task manual__2022-07-03T05:20:15.425819+00:00 [running]> on host 45c6c6a6c8e1
[2022-07-03 05:25:56,617] {taskinstance.py:1426} INFO - Exporting the following env vars:
AIRFLOW_CTX_DAG_OWNER=***
AIRFLOW_CTX_DAG_ID=data_ingestion_gcs_dag
AIRFLOW_CTX_TASK_ID=format_to_parquet_task
AIRFLOW_CTX_EXECUTION_DATE=2022-07-03T05:20:15.425819+00:00
AIRFLOW_CTX_DAG_RUN_ID=manual__2022-07-03T05:20:15.425819+00:00
[2022-07-03 05:25:56,762] {python.py:175} INFO - Done. Returned value was: None
[2022-07-03 05:25:56,812] {taskinstance.py:1277} INFO - Marking task as SUCCESS. dag_id=data_ingestion_gcs_dag, task_id=format_to_parquet_task, execution_date=20220703T052015, start_date=20220703T052555, end_date=20220703T052556
[2022-07-03 05:25:56,984] {local_task_job.py:154} INFO - Task exited with return code 0
[2022-07-03 05:25:57,226] {local_task_job.py:264} INFO - 1 downstream tasks scheduled from follow-on schedule check
