[2022-07-07 21:19:07,187] {taskinstance.py:1032} INFO - Dependencies all met for <TaskInstance: data_ingestion_gcs_full_yt.local_to_gcs_task manual__2022-07-07T20:32:26.440044+00:00 [queued]>
[2022-07-07 21:19:07,203] {taskinstance.py:1032} INFO - Dependencies all met for <TaskInstance: data_ingestion_gcs_full_yt.local_to_gcs_task manual__2022-07-07T20:32:26.440044+00:00 [queued]>
[2022-07-07 21:19:07,205] {taskinstance.py:1238} INFO - 
--------------------------------------------------------------------------------
[2022-07-07 21:19:07,206] {taskinstance.py:1239} INFO - Starting attempt 2 of 3
[2022-07-07 21:19:07,206] {taskinstance.py:1240} INFO - 
--------------------------------------------------------------------------------
[2022-07-07 21:19:07,222] {taskinstance.py:1259} INFO - Executing <Task(PythonOperator): local_to_gcs_task> on 2022-07-07 20:32:26.440044+00:00
[2022-07-07 21:19:07,229] {standard_task_runner.py:52} INFO - Started process 2387 to run task
[2022-07-07 21:19:07,234] {standard_task_runner.py:76} INFO - Running: ['***', 'tasks', 'run', 'data_ingestion_gcs_full_yt', 'local_to_gcs_task', 'manual__2022-07-07T20:32:26.440044+00:00', '--job-id', '110', '--raw', '--subdir', 'DAGS_FOLDER/data_ingestion_gcs_full_yt.py', '--cfg-path', '/tmp/tmpnlvoyg4m', '--error-file', '/tmp/tmpmsc0zmg8']
[2022-07-07 21:19:07,239] {standard_task_runner.py:77} INFO - Job 110: Subtask local_to_gcs_task
[2022-07-07 21:19:07,321] {logging_mixin.py:109} INFO - Running <TaskInstance: data_ingestion_gcs_full_yt.local_to_gcs_task manual__2022-07-07T20:32:26.440044+00:00 [running]> on host 2b856f2081be
[2022-07-07 21:19:07,433] {taskinstance.py:1426} INFO - Exporting the following env vars:
AIRFLOW_CTX_DAG_OWNER=***
AIRFLOW_CTX_DAG_ID=data_ingestion_gcs_full_yt
AIRFLOW_CTX_TASK_ID=local_to_gcs_task
AIRFLOW_CTX_EXECUTION_DATE=2022-07-07T20:32:26.440044+00:00
AIRFLOW_CTX_DAG_RUN_ID=manual__2022-07-07T20:32:26.440044+00:00
[2022-07-07 21:19:07,781] {python.py:175} INFO - Done. Returned value was: None
[2022-07-07 21:19:07,827] {taskinstance.py:1277} INFO - Marking task as SUCCESS. dag_id=data_ingestion_gcs_full_yt, task_id=local_to_gcs_task, execution_date=20220707T203226, start_date=20220707T211907, end_date=20220707T211907
[2022-07-07 21:19:07,947] {local_task_job.py:154} INFO - Task exited with return code 0
[2022-07-07 21:19:08,104] {local_task_job.py:264} INFO - 0 downstream tasks scheduled from follow-on schedule check
