[2022-07-07 21:19:31,287] {taskinstance.py:1032} INFO - Dependencies all met for <TaskInstance: data_ingestion_gcs_full_yt.local_to_gcs_task manual__2022-07-07T21:14:35.719766+00:00 [queued]>
[2022-07-07 21:19:31,343] {taskinstance.py:1032} INFO - Dependencies all met for <TaskInstance: data_ingestion_gcs_full_yt.local_to_gcs_task manual__2022-07-07T21:14:35.719766+00:00 [queued]>
[2022-07-07 21:19:31,347] {taskinstance.py:1238} INFO - 
--------------------------------------------------------------------------------
[2022-07-07 21:19:31,348] {taskinstance.py:1239} INFO - Starting attempt 1 of 2
[2022-07-07 21:19:31,350] {taskinstance.py:1240} INFO - 
--------------------------------------------------------------------------------
[2022-07-07 21:19:31,390] {taskinstance.py:1259} INFO - Executing <Task(PythonOperator): local_to_gcs_task> on 2022-07-07 21:14:35.719766+00:00
[2022-07-07 21:19:31,401] {standard_task_runner.py:52} INFO - Started process 2429 to run task
[2022-07-07 21:19:31,409] {standard_task_runner.py:76} INFO - Running: ['***', 'tasks', 'run', 'data_ingestion_gcs_full_yt', 'local_to_gcs_task', 'manual__2022-07-07T21:14:35.719766+00:00', '--job-id', '116', '--raw', '--subdir', 'DAGS_FOLDER/data_ingestion_gcs_full_yt.py', '--cfg-path', '/tmp/tmpez_en72y', '--error-file', '/tmp/tmp_o9u77c1']
[2022-07-07 21:19:31,416] {standard_task_runner.py:77} INFO - Job 116: Subtask local_to_gcs_task
[2022-07-07 21:19:31,555] {logging_mixin.py:109} INFO - Running <TaskInstance: data_ingestion_gcs_full_yt.local_to_gcs_task manual__2022-07-07T21:14:35.719766+00:00 [running]> on host 2b856f2081be
[2022-07-07 21:19:31,671] {taskinstance.py:1426} INFO - Exporting the following env vars:
AIRFLOW_CTX_DAG_OWNER=***
AIRFLOW_CTX_DAG_ID=data_ingestion_gcs_full_yt
AIRFLOW_CTX_TASK_ID=local_to_gcs_task
AIRFLOW_CTX_EXECUTION_DATE=2022-07-07T21:14:35.719766+00:00
AIRFLOW_CTX_DAG_RUN_ID=manual__2022-07-07T21:14:35.719766+00:00
[2022-07-07 21:19:32,023] {python.py:175} INFO - Done. Returned value was: None
[2022-07-07 21:19:32,055] {taskinstance.py:1277} INFO - Marking task as SUCCESS. dag_id=data_ingestion_gcs_full_yt, task_id=local_to_gcs_task, execution_date=20220707T211435, start_date=20220707T211931, end_date=20220707T211932
[2022-07-07 21:19:32,126] {local_task_job.py:154} INFO - Task exited with return code 0
[2022-07-07 21:19:32,205] {local_task_job.py:264} INFO - 0 downstream tasks scheduled from follow-on schedule check
