[2022-08-05 15:47:42,831] {taskinstance.py:1032} INFO - Dependencies all met for <TaskInstance: move_gcs_trip_data_to_bq_workflow.gcs_to_gcs_task manual__2022-08-05T15:32:42.406312+00:00 [queued]>
[2022-08-05 15:47:42,848] {taskinstance.py:1032} INFO - Dependencies all met for <TaskInstance: move_gcs_trip_data_to_bq_workflow.gcs_to_gcs_task manual__2022-08-05T15:32:42.406312+00:00 [queued]>
[2022-08-05 15:47:42,849] {taskinstance.py:1238} INFO - 
--------------------------------------------------------------------------------
[2022-08-05 15:47:42,850] {taskinstance.py:1239} INFO - Starting attempt 2 of 3
[2022-08-05 15:47:42,851] {taskinstance.py:1240} INFO - 
--------------------------------------------------------------------------------
[2022-08-05 15:47:42,867] {taskinstance.py:1259} INFO - Executing <Task(GCSToGCSOperator): gcs_to_gcs_task> on 2022-08-05 15:32:42.406312+00:00
[2022-08-05 15:47:42,875] {standard_task_runner.py:52} INFO - Started process 2975 to run task
[2022-08-05 15:47:42,880] {standard_task_runner.py:76} INFO - Running: ['***', 'tasks', 'run', 'move_gcs_trip_data_to_bq_workflow', 'gcs_to_gcs_task', 'manual__2022-08-05T15:32:42.406312+00:00', '--job-id', '51', '--raw', '--subdir', 'DAGS_FOLDER/gcs_to_bq.py', '--cfg-path', '/tmp/tmpj9lvire3', '--error-file', '/tmp/tmpbv87p7hc']
[2022-08-05 15:47:42,882] {standard_task_runner.py:77} INFO - Job 51: Subtask gcs_to_gcs_task
[2022-08-05 15:47:42,955] {logging_mixin.py:109} INFO - Running <TaskInstance: move_gcs_trip_data_to_bq_workflow.gcs_to_gcs_task manual__2022-08-05T15:32:42.406312+00:00 [running]> on host a02ae1da6c7b
[2022-08-05 15:47:43,025] {taskinstance.py:1426} INFO - Exporting the following env vars:
AIRFLOW_CTX_DAG_OWNER=***
AIRFLOW_CTX_DAG_ID=move_gcs_trip_data_to_bq_workflow
AIRFLOW_CTX_TASK_ID=gcs_to_gcs_task
AIRFLOW_CTX_EXECUTION_DATE=2022-08-05T15:32:42.406312+00:00
AIRFLOW_CTX_DAG_RUN_ID=manual__2022-08-05T15:32:42.406312+00:00
[2022-08-05 15:47:43,029] {crypto.py:82} WARNING - empty cryptography key - values will not be stored encrypted.
[2022-08-05 15:47:43,030] {gcs_to_gcs.py:346} INFO - Delimiter ignored because wildcard is in prefix
[2022-08-05 15:47:43,344] {taskinstance.py:1277} INFO - Marking task as SUCCESS. dag_id=move_gcs_trip_data_to_bq_workflow, task_id=gcs_to_gcs_task, execution_date=20220805T153242, start_date=20220805T154742, end_date=20220805T154743
[2022-08-05 15:47:43,377] {local_task_job.py:154} INFO - Task exited with return code 0
[2022-08-05 15:47:43,441] {local_task_job.py:264} INFO - 1 downstream tasks scheduled from follow-on schedule check
