[2022-07-03 05:38:07,380] {taskinstance.py:1032} INFO - Dependencies all met for <TaskInstance: data_ingestion_gcs_dag.format_to_parquet_task manual__2022-07-03T05:38:01.292453+00:00 [queued]>
[2022-07-03 05:38:07,411] {taskinstance.py:1032} INFO - Dependencies all met for <TaskInstance: data_ingestion_gcs_dag.format_to_parquet_task manual__2022-07-03T05:38:01.292453+00:00 [queued]>
[2022-07-03 05:38:07,413] {taskinstance.py:1238} INFO - 
--------------------------------------------------------------------------------
[2022-07-03 05:38:07,415] {taskinstance.py:1239} INFO - Starting attempt 1 of 2
[2022-07-03 05:38:07,417] {taskinstance.py:1240} INFO - 
--------------------------------------------------------------------------------
[2022-07-03 05:38:07,443] {taskinstance.py:1259} INFO - Executing <Task(PythonOperator): format_to_parquet_task> on 2022-07-03 05:38:01.292453+00:00
[2022-07-03 05:38:07,458] {standard_task_runner.py:52} INFO - Started process 188 to run task
[2022-07-03 05:38:07,467] {standard_task_runner.py:76} INFO - Running: ['***', 'tasks', 'run', 'data_ingestion_gcs_dag', 'format_to_parquet_task', 'manual__2022-07-03T05:38:01.292453+00:00', '--job-id', '12', '--raw', '--subdir', 'DAGS_FOLDER/data_ingestion_gcs_dag.py', '--cfg-path', '/tmp/tmpluzh6oz_', '--error-file', '/tmp/tmp7slraifo']
[2022-07-03 05:38:07,476] {standard_task_runner.py:77} INFO - Job 12: Subtask format_to_parquet_task
[2022-07-03 05:38:07,631] {logging_mixin.py:109} INFO - Running <TaskInstance: data_ingestion_gcs_dag.format_to_parquet_task manual__2022-07-03T05:38:01.292453+00:00 [running]> on host 8672fe23567f
[2022-07-03 05:38:07,801] {taskinstance.py:1426} INFO - Exporting the following env vars:
AIRFLOW_CTX_DAG_OWNER=***
AIRFLOW_CTX_DAG_ID=data_ingestion_gcs_dag
AIRFLOW_CTX_TASK_ID=format_to_parquet_task
AIRFLOW_CTX_EXECUTION_DATE=2022-07-03T05:38:01.292453+00:00
AIRFLOW_CTX_DAG_RUN_ID=manual__2022-07-03T05:38:01.292453+00:00
[2022-07-03 05:38:07,901] {python.py:175} INFO - Done. Returned value was: None
[2022-07-03 05:38:07,960] {taskinstance.py:1277} INFO - Marking task as SUCCESS. dag_id=data_ingestion_gcs_dag, task_id=format_to_parquet_task, execution_date=20220703T053801, start_date=20220703T053807, end_date=20220703T053807
[2022-07-03 05:38:08,070] {local_task_job.py:154} INFO - Task exited with return code 0
[2022-07-03 05:38:08,178] {local_task_job.py:264} INFO - 1 downstream tasks scheduled from follow-on schedule check
