[2022-07-08 05:43:26,339] {taskinstance.py:1032} INFO - Dependencies all met for <TaskInstance: yt_dag7.download_data_task scheduled__2020-05-02T06:00:00+00:00 [queued]>
[2022-07-08 05:43:27,458] {taskinstance.py:1032} INFO - Dependencies all met for <TaskInstance: yt_dag7.download_data_task scheduled__2020-05-02T06:00:00+00:00 [queued]>
[2022-07-08 05:43:27,463] {taskinstance.py:1238} INFO - 
--------------------------------------------------------------------------------
[2022-07-08 05:43:27,470] {taskinstance.py:1239} INFO - Starting attempt 1 of 1
[2022-07-08 05:43:27,480] {taskinstance.py:1240} INFO - 
--------------------------------------------------------------------------------
[2022-07-08 05:43:27,694] {taskinstance.py:1259} INFO - Executing <Task(BashOperator): download_data_task> on 2020-05-02 06:00:00+00:00
[2022-07-08 05:43:27,773] {standard_task_runner.py:52} INFO - Started process 310 to run task
[2022-07-08 05:43:28,404] {standard_task_runner.py:76} INFO - Running: ['***', 'tasks', 'run', 'yt_dag7', 'download_data_task', 'scheduled__2020-05-02T06:00:00+00:00', '--job-id', '330', '--raw', '--subdir', 'DAGS_FOLDER/yellow_taxi_dag.py', '--cfg-path', '/tmp/tmpwc5rd1mp', '--error-file', '/tmp/tmpkeipgt05']
[2022-07-08 05:43:28,685] {standard_task_runner.py:77} INFO - Job 330: Subtask download_data_task
[2022-07-08 05:43:30,556] {logging_mixin.py:109} INFO - Running <TaskInstance: yt_dag7.download_data_task scheduled__2020-05-02T06:00:00+00:00 [running]> on host 2b856f2081be
[2022-07-08 05:43:32,874] {warnings.py:99} WARNING - /home/***/.local/lib/python3.6/site-packages/***/utils/context.py:152: AirflowContextDeprecationWarning: Accessing 'execution_date' from the template is deprecated and will be removed in a future version. Please use 'data_interval_start' or 'logical_date' instead.
  warnings.warn(_create_deprecation_warning(key, self._deprecation_replacements[key]))

[2022-07-08 05:43:33,945] {taskinstance.py:1426} INFO - Exporting the following env vars:
AIRFLOW_CTX_DAG_OWNER=***
AIRFLOW_CTX_DAG_ID=yt_dag7
AIRFLOW_CTX_TASK_ID=download_data_task
AIRFLOW_CTX_EXECUTION_DATE=2020-05-02T06:00:00+00:00
AIRFLOW_CTX_DAG_RUN_ID=scheduled__2020-05-02T06:00:00+00:00
[2022-07-08 05:43:34,018] {subprocess.py:62} INFO - Tmp dir root location: 
 /tmp
[2022-07-08 05:43:34,043] {subprocess.py:74} INFO - Running command: ['bash', '-c', 'curl -sSL https://d37ci6vzurychx.cloudfront.net/trip-data/yellow_tripdata_2020-05.parquet > /opt/***/yellow_tripdata_2020-05.parquet']
[2022-07-08 05:43:34,945] {subprocess.py:85} INFO - Output:
[2022-07-08 05:43:52,382] {subprocess.py:93} INFO - Command exited with return code 0
[2022-07-08 05:44:01,807] {taskinstance.py:1277} INFO - Marking task as SUCCESS. dag_id=yt_dag7, task_id=download_data_task, execution_date=20200502T060000, start_date=20220708T054326, end_date=20220708T054401
[2022-07-08 05:44:06,500] {local_task_job.py:154} INFO - Task exited with return code 0
[2022-07-08 05:44:15,788] {local_task_job.py:264} INFO - 0 downstream tasks scheduled from follow-on schedule check
