[2022-08-05 16:40:18,154] {taskinstance.py:1032} INFO - Dependencies all met for <TaskInstance: move_gcs_trip_data_to_bq_workflow2.insert_query_job_green manual__2022-08-05T16:34:36.878533+00:00 [queued]>
[2022-08-05 16:40:18,246] {taskinstance.py:1032} INFO - Dependencies all met for <TaskInstance: move_gcs_trip_data_to_bq_workflow2.insert_query_job_green manual__2022-08-05T16:34:36.878533+00:00 [queued]>
[2022-08-05 16:40:18,253] {taskinstance.py:1238} INFO - 
--------------------------------------------------------------------------------
[2022-08-05 16:40:18,254] {taskinstance.py:1239} INFO - Starting attempt 1 of 2
[2022-08-05 16:40:18,265] {taskinstance.py:1240} INFO - 
--------------------------------------------------------------------------------
[2022-08-05 16:40:18,309] {taskinstance.py:1259} INFO - Executing <Task(BigQueryInsertJobOperator): insert_query_job_green> on 2022-08-05 16:34:36.878533+00:00
[2022-08-05 16:40:18,330] {standard_task_runner.py:52} INFO - Started process 5345 to run task
[2022-08-05 16:40:18,356] {standard_task_runner.py:76} INFO - Running: ['***', 'tasks', 'run', 'move_gcs_trip_data_to_bq_workflow2', 'insert_query_job_green', 'manual__2022-08-05T16:34:36.878533+00:00', '--job-id', '73', '--raw', '--subdir', 'DAGS_FOLDER/gcs_to_bq.py', '--cfg-path', '/tmp/tmpfjmwrqed', '--error-file', '/tmp/tmph_c_ni3i']
[2022-08-05 16:40:18,365] {standard_task_runner.py:77} INFO - Job 73: Subtask insert_query_job_green
[2022-08-05 16:40:18,571] {logging_mixin.py:109} INFO - Running <TaskInstance: move_gcs_trip_data_to_bq_workflow2.insert_query_job_green manual__2022-08-05T16:34:36.878533+00:00 [running]> on host a02ae1da6c7b
[2022-08-05 16:40:18,803] {taskinstance.py:1426} INFO - Exporting the following env vars:
AIRFLOW_CTX_DAG_OWNER=***
AIRFLOW_CTX_DAG_ID=move_gcs_trip_data_to_bq_workflow2
AIRFLOW_CTX_TASK_ID=insert_query_job_green
AIRFLOW_CTX_EXECUTION_DATE=2022-08-05T16:34:36.878533+00:00
AIRFLOW_CTX_DAG_RUN_ID=manual__2022-08-05T16:34:36.878533+00:00
[2022-08-05 16:40:18,817] {crypto.py:82} WARNING - empty cryptography key - values will not be stored encrypted.
[2022-08-05 16:40:18,823] {warnings.py:110} WARNING - /home/***/.local/lib/python3.7/site-packages/***/utils/context.py:152: AirflowContextDeprecationWarning: Accessing 'execution_date' from the template is deprecated and will be removed in a future version. Please use 'data_interval_start' or 'logical_date' instead.
  warnings.warn(_create_deprecation_warning(key, self._deprecation_replacements[key]))

[2022-08-05 16:40:18,860] {bigquery.py:1637} INFO - Inserting job ***_move_gcs_trip_data_to_bq_workflow2_insert_query_job_green_2022_08_05T16_34_36_878533_00_00_f968ce97afe13f8b1988d192383b286c
[2022-08-05 16:40:19,758] {taskinstance.py:1700} ERROR - Task failed with exception
Traceback (most recent call last):
  File "/home/airflow/.local/lib/python3.7/site-packages/airflow/models/taskinstance.py", line 1329, in _run_raw_task
    self._execute_task_with_callbacks(context)
  File "/home/airflow/.local/lib/python3.7/site-packages/airflow/models/taskinstance.py", line 1455, in _execute_task_with_callbacks
    result = self._execute_task(context, self.task)
  File "/home/airflow/.local/lib/python3.7/site-packages/airflow/models/taskinstance.py", line 1511, in _execute_task
    result = execute_callable(context=context)
  File "/home/airflow/.local/lib/python3.7/site-packages/airflow/providers/google/cloud/operators/bigquery.py", line 2287, in execute
    job = self._submit_job(hook, job_id)
  File "/home/airflow/.local/lib/python3.7/site-packages/airflow/providers/google/cloud/operators/bigquery.py", line 2253, in _submit_job
    job_id=job_id,
  File "/home/airflow/.local/lib/python3.7/site-packages/airflow/providers/google/common/hooks/base_google.py", line 430, in inner_wrapper
    return func(self, *args, **kwargs)
  File "/home/airflow/.local/lib/python3.7/site-packages/airflow/providers/google/cloud/hooks/bigquery.py", line 1639, in insert_job
    job.result()
  File "/home/airflow/.local/lib/python3.7/site-packages/google/cloud/bigquery/job/query.py", line 1447, in result
    do_get_result()
  File "/home/airflow/.local/lib/python3.7/site-packages/google/cloud/bigquery/job/query.py", line 1437, in do_get_result
    super(QueryJob, self).result(retry=retry, timeout=timeout)
  File "/home/airflow/.local/lib/python3.7/site-packages/google/cloud/bigquery/job/base.py", line 727, in result
    return super(_AsyncJob, self).result(timeout=timeout, **kwargs)
  File "/home/airflow/.local/lib/python3.7/site-packages/google/api_core/future/polling.py", line 135, in result
    raise self._exception
google.api_core.exceptions.BadRequest: 400 Column airport_fee in SELECT * REPLACE list does not exist at [4:38]

(job ID: airflow_move_gcs_trip_data_to_bq_workflow2_insert_query_job_green_2022_08_05T16_34_36_878533_00_00_f968ce97afe13f8b1988d192383b286c)

                                  -----Query Job SQL Follows-----                                  

    |    .    |    .    |    .    |    .    |    .    |    .    |    .    |    .    |    .    |
   1:    
   2:            CREATE OR REPLACE TABLE trips_data_all.green_tripdata_partitoned
   3:            PARTITION BY DATE(tpep_pickup_datetime) AS
   4:            SELECT * REPLACE(NULL AS airport_fee) FROM trips_data_all.external_green_tripdata;
   5:        
    |    .    |    .    |    .    |    .    |    .    |    .    |    .    |    .    |    .    |
[2022-08-05 16:40:19,793] {taskinstance.py:1277} INFO - Marking task as UP_FOR_RETRY. dag_id=move_gcs_trip_data_to_bq_workflow2, task_id=insert_query_job_green, execution_date=20220805T163436, start_date=20220805T164018, end_date=20220805T164019
[2022-08-05 16:40:19,829] {standard_task_runner.py:92} ERROR - Failed to execute job 73 for task insert_query_job_green
Traceback (most recent call last):
  File "/home/airflow/.local/lib/python3.7/site-packages/airflow/task/task_runner/standard_task_runner.py", line 85, in _start_by_fork
    args.func(args, dag=self.dag)
  File "/home/airflow/.local/lib/python3.7/site-packages/airflow/cli/cli_parser.py", line 48, in command
    return func(*args, **kwargs)
  File "/home/airflow/.local/lib/python3.7/site-packages/airflow/utils/cli.py", line 92, in wrapper
    return f(*args, **kwargs)
  File "/home/airflow/.local/lib/python3.7/site-packages/airflow/cli/commands/task_command.py", line 298, in task_run
    _run_task_by_selected_method(args, dag, ti)
  File "/home/airflow/.local/lib/python3.7/site-packages/airflow/cli/commands/task_command.py", line 107, in _run_task_by_selected_method
    _run_raw_task(args, ti)
  File "/home/airflow/.local/lib/python3.7/site-packages/airflow/cli/commands/task_command.py", line 184, in _run_raw_task
    error_file=args.error_file,
  File "/home/airflow/.local/lib/python3.7/site-packages/airflow/utils/session.py", line 70, in wrapper
    return func(*args, session=session, **kwargs)
  File "/home/airflow/.local/lib/python3.7/site-packages/airflow/models/taskinstance.py", line 1329, in _run_raw_task
    self._execute_task_with_callbacks(context)
  File "/home/airflow/.local/lib/python3.7/site-packages/airflow/models/taskinstance.py", line 1455, in _execute_task_with_callbacks
    result = self._execute_task(context, self.task)
  File "/home/airflow/.local/lib/python3.7/site-packages/airflow/models/taskinstance.py", line 1511, in _execute_task
    result = execute_callable(context=context)
  File "/home/airflow/.local/lib/python3.7/site-packages/airflow/providers/google/cloud/operators/bigquery.py", line 2287, in execute
    job = self._submit_job(hook, job_id)
  File "/home/airflow/.local/lib/python3.7/site-packages/airflow/providers/google/cloud/operators/bigquery.py", line 2253, in _submit_job
    job_id=job_id,
  File "/home/airflow/.local/lib/python3.7/site-packages/airflow/providers/google/common/hooks/base_google.py", line 430, in inner_wrapper
    return func(self, *args, **kwargs)
  File "/home/airflow/.local/lib/python3.7/site-packages/airflow/providers/google/cloud/hooks/bigquery.py", line 1639, in insert_job
    job.result()
  File "/home/airflow/.local/lib/python3.7/site-packages/google/cloud/bigquery/job/query.py", line 1447, in result
    do_get_result()
  File "/home/airflow/.local/lib/python3.7/site-packages/google/cloud/bigquery/job/query.py", line 1437, in do_get_result
    super(QueryJob, self).result(retry=retry, timeout=timeout)
  File "/home/airflow/.local/lib/python3.7/site-packages/google/cloud/bigquery/job/base.py", line 727, in result
    return super(_AsyncJob, self).result(timeout=timeout, **kwargs)
  File "/home/airflow/.local/lib/python3.7/site-packages/google/api_core/future/polling.py", line 135, in result
    raise self._exception
google.api_core.exceptions.BadRequest: 400 Column airport_fee in SELECT * REPLACE list does not exist at [4:38]

(job ID: airflow_move_gcs_trip_data_to_bq_workflow2_insert_query_job_green_2022_08_05T16_34_36_878533_00_00_f968ce97afe13f8b1988d192383b286c)

                                  -----Query Job SQL Follows-----                                  

    |    .    |    .    |    .    |    .    |    .    |    .    |    .    |    .    |    .    |
   1:    
   2:            CREATE OR REPLACE TABLE trips_data_all.green_tripdata_partitoned
   3:            PARTITION BY DATE(tpep_pickup_datetime) AS
   4:            SELECT * REPLACE(NULL AS airport_fee) FROM trips_data_all.external_green_tripdata;
   5:        
    |    .    |    .    |    .    |    .    |    .    |    .    |    .    |    .    |    .    |
[2022-08-05 16:40:19,866] {local_task_job.py:154} INFO - Task exited with return code 1
[2022-08-05 16:40:19,954] {local_task_job.py:264} INFO - 0 downstream tasks scheduled from follow-on schedule check
