[2022-07-08 14:58:05,033] {taskinstance.py:1032} INFO - Dependencies all met for <TaskInstance: fhv_dag.local_to_gcs_task scheduled__2019-09-02T06:00:00+00:00 [queued]>
[2022-07-08 14:58:05,076] {taskinstance.py:1032} INFO - Dependencies all met for <TaskInstance: fhv_dag.local_to_gcs_task scheduled__2019-09-02T06:00:00+00:00 [queued]>
[2022-07-08 14:58:05,077] {taskinstance.py:1238} INFO - 
--------------------------------------------------------------------------------
[2022-07-08 14:58:05,078] {taskinstance.py:1239} INFO - Starting attempt 1 of 1
[2022-07-08 14:58:05,080] {taskinstance.py:1240} INFO - 
--------------------------------------------------------------------------------
[2022-07-08 14:58:05,113] {taskinstance.py:1259} INFO - Executing <Task(PythonOperator): local_to_gcs_task> on 2019-09-02 06:00:00+00:00
[2022-07-08 14:58:05,123] {standard_task_runner.py:52} INFO - Started process 970 to run task
[2022-07-08 14:58:05,148] {standard_task_runner.py:76} INFO - Running: ['***', 'tasks', 'run', 'fhv_dag', 'local_to_gcs_task', 'scheduled__2019-09-02T06:00:00+00:00', '--job-id', '393', '--raw', '--subdir', 'DAGS_FOLDER/fhv_dag.py', '--cfg-path', '/tmp/tmp0sj5u3s3', '--error-file', '/tmp/tmpj7rt3gb9']
[2022-07-08 14:58:05,156] {standard_task_runner.py:77} INFO - Job 393: Subtask local_to_gcs_task
[2022-07-08 14:58:05,315] {logging_mixin.py:109} INFO - Running <TaskInstance: fhv_dag.local_to_gcs_task scheduled__2019-09-02T06:00:00+00:00 [running]> on host 2b856f2081be
[2022-07-08 14:58:05,459] {warnings.py:99} WARNING - /home/***/.local/lib/python3.6/site-packages/***/utils/context.py:152: AirflowContextDeprecationWarning: Accessing 'execution_date' from the template is deprecated and will be removed in a future version. Please use 'data_interval_start' or 'logical_date' instead.
  warnings.warn(_create_deprecation_warning(key, self._deprecation_replacements[key]))

[2022-07-08 14:58:05,578] {taskinstance.py:1426} INFO - Exporting the following env vars:
AIRFLOW_CTX_DAG_OWNER=***
AIRFLOW_CTX_DAG_ID=fhv_dag
AIRFLOW_CTX_TASK_ID=local_to_gcs_task
AIRFLOW_CTX_EXECUTION_DATE=2019-09-02T06:00:00+00:00
AIRFLOW_CTX_DAG_RUN_ID=scheduled__2019-09-02T06:00:00+00:00
[2022-07-08 14:58:06,210] {python.py:175} INFO - Done. Returned value was: None
[2022-07-08 14:58:06,299] {taskinstance.py:1277} INFO - Marking task as SUCCESS. dag_id=fhv_dag, task_id=local_to_gcs_task, execution_date=20190902T060000, start_date=20220708T145805, end_date=20220708T145806
[2022-07-08 14:58:06,429] {local_task_job.py:154} INFO - Task exited with return code 0
[2022-07-08 14:58:06,533] {local_task_job.py:264} INFO - 0 downstream tasks scheduled from follow-on schedule check
[2022-08-04 21:11:47,179] {taskinstance.py:1032} INFO - Dependencies all met for <TaskInstance: fhv_dag.local_to_gcs_task scheduled__2019-09-02T06:00:00+00:00 [queued]>
[2022-08-04 21:11:47,454] {taskinstance.py:1032} INFO - Dependencies all met for <TaskInstance: fhv_dag.local_to_gcs_task scheduled__2019-09-02T06:00:00+00:00 [queued]>
[2022-08-04 21:11:47,457] {taskinstance.py:1238} INFO - 
--------------------------------------------------------------------------------
[2022-08-04 21:11:47,458] {taskinstance.py:1239} INFO - Starting attempt 1 of 1
[2022-08-04 21:11:47,459] {taskinstance.py:1240} INFO - 
--------------------------------------------------------------------------------
[2022-08-04 21:11:47,572] {taskinstance.py:1259} INFO - Executing <Task(PythonOperator): local_to_gcs_task> on 2019-09-02 06:00:00+00:00
[2022-08-04 21:11:47,597] {standard_task_runner.py:52} INFO - Started process 540 to run task
[2022-08-04 21:11:47,681] {standard_task_runner.py:76} INFO - Running: ['***', 'tasks', 'run', 'fhv_dag', 'local_to_gcs_task', 'scheduled__2019-09-02T06:00:00+00:00', '--job-id', '33', '--raw', '--subdir', 'DAGS_FOLDER/fhv_dag.py', '--cfg-path', '/tmp/tmp5us6bbt4', '--error-file', '/tmp/tmpd_uv_r4e']
[2022-08-04 21:11:47,693] {standard_task_runner.py:77} INFO - Job 33: Subtask local_to_gcs_task
[2022-08-04 21:11:48,714] {logging_mixin.py:109} INFO - Running <TaskInstance: fhv_dag.local_to_gcs_task scheduled__2019-09-02T06:00:00+00:00 [running]> on host b20bc6ac5db7
[2022-08-04 21:11:49,663] {warnings.py:110} WARNING - /home/***/.local/lib/python3.7/site-packages/***/utils/context.py:152: AirflowContextDeprecationWarning: Accessing 'execution_date' from the template is deprecated and will be removed in a future version. Please use 'data_interval_start' or 'logical_date' instead.
  warnings.warn(_create_deprecation_warning(key, self._deprecation_replacements[key]))

[2022-08-04 21:11:49,703] {taskinstance.py:1426} INFO - Exporting the following env vars:
AIRFLOW_CTX_DAG_OWNER=***
AIRFLOW_CTX_DAG_ID=fhv_dag
AIRFLOW_CTX_TASK_ID=local_to_gcs_task
AIRFLOW_CTX_EXECUTION_DATE=2019-09-02T06:00:00+00:00
AIRFLOW_CTX_DAG_RUN_ID=scheduled__2019-09-02T06:00:00+00:00
[2022-08-04 21:13:38,043] {python.py:175} INFO - Done. Returned value was: None
[2022-08-04 21:13:38,066] {taskinstance.py:1277} INFO - Marking task as SUCCESS. dag_id=fhv_dag, task_id=local_to_gcs_task, execution_date=20190902T060000, start_date=20220804T211147, end_date=20220804T211338
[2022-08-04 21:13:38,132] {local_task_job.py:154} INFO - Task exited with return code 0
[2022-08-04 21:13:38,175] {local_task_job.py:264} INFO - 0 downstream tasks scheduled from follow-on schedule check
