[2022-07-05 16:04:29,075] {taskinstance.py:1032} INFO - Dependencies all met for <TaskInstance: LocalIngestionDag.ingest manual__2022-07-05T16:04:25.545580+00:00 [queued]>
[2022-07-05 16:04:29,115] {taskinstance.py:1032} INFO - Dependencies all met for <TaskInstance: LocalIngestionDag.ingest manual__2022-07-05T16:04:25.545580+00:00 [queued]>
[2022-07-05 16:04:29,117] {taskinstance.py:1238} INFO - 
--------------------------------------------------------------------------------
[2022-07-05 16:04:29,119] {taskinstance.py:1239} INFO - Starting attempt 1 of 1
[2022-07-05 16:04:29,121] {taskinstance.py:1240} INFO - 
--------------------------------------------------------------------------------
[2022-07-05 16:04:29,162] {taskinstance.py:1259} INFO - Executing <Task(BashOperator): ingest> on 2022-07-05 16:04:25.545580+00:00
[2022-07-05 16:04:29,211] {standard_task_runner.py:76} INFO - Running: ['***', 'tasks', 'run', 'LocalIngestionDag', 'ingest', 'manual__2022-07-05T16:04:25.545580+00:00', '--job-id', '62', '--raw', '--subdir', 'DAGS_FOLDER/data_ingestion_local.py', '--cfg-path', '/tmp/tmplrww1hrk', '--error-file', '/tmp/tmplh9v2t92']
[2022-07-05 16:04:29,214] {standard_task_runner.py:77} INFO - Job 62: Subtask ingest
[2022-07-05 16:04:29,179] {standard_task_runner.py:52} INFO - Started process 1901 to run task
[2022-07-05 16:04:29,409] {logging_mixin.py:109} INFO - Running <TaskInstance: LocalIngestionDag.ingest manual__2022-07-05T16:04:25.545580+00:00 [running]> on host 730d3c67d882
[2022-07-05 16:04:29,588] {taskinstance.py:1426} INFO - Exporting the following env vars:
AIRFLOW_CTX_DAG_OWNER=***
AIRFLOW_CTX_DAG_ID=LocalIngestionDag
AIRFLOW_CTX_TASK_ID=ingest
AIRFLOW_CTX_EXECUTION_DATE=2022-07-05T16:04:25.545580+00:00
AIRFLOW_CTX_DAG_RUN_ID=manual__2022-07-05T16:04:25.545580+00:00
[2022-07-05 16:04:29,595] {subprocess.py:62} INFO - Tmp dir root location: 
 /tmp
[2022-07-05 16:04:29,601] {subprocess.py:74} INFO - Running command: ['bash', '-c', 'ls /opt/***']
[2022-07-05 16:04:29,670] {subprocess.py:85} INFO - Output:
[2022-07-05 16:04:29,705] {subprocess.py:89} INFO - ***-worker.pid
[2022-07-05 16:04:29,708] {subprocess.py:89} INFO - ***.cfg
[2022-07-05 16:04:29,716] {subprocess.py:89} INFO - dags
[2022-07-05 16:04:29,721] {subprocess.py:89} INFO - logs
[2022-07-05 16:04:29,728] {subprocess.py:89} INFO - output.csv
[2022-07-05 16:04:29,731] {subprocess.py:89} INFO - plugins
[2022-07-05 16:04:29,735] {subprocess.py:89} INFO - requirements.txt
[2022-07-05 16:04:29,738] {subprocess.py:89} INFO - scripts
[2022-07-05 16:04:29,748] {subprocess.py:89} INFO - webserver_config.py
[2022-07-05 16:04:29,808] {subprocess.py:93} INFO - Command exited with return code 0
[2022-07-05 16:04:30,032] {taskinstance.py:1277} INFO - Marking task as SUCCESS. dag_id=LocalIngestionDag, task_id=ingest, execution_date=20220705T160425, start_date=20220705T160429, end_date=20220705T160430
[2022-07-05 16:04:30,100] {local_task_job.py:154} INFO - Task exited with return code 0
[2022-07-05 16:04:30,182] {local_task_job.py:264} INFO - 0 downstream tasks scheduled from follow-on schedule check
