[2022-07-08 04:01:29,595] {taskinstance.py:1032} INFO - Dependencies all met for <TaskInstance: LocalIngestionDag2.wget scheduled__2021-06-02T06:00:00+00:00 [queued]>
[2022-07-08 04:01:29,697] {taskinstance.py:1032} INFO - Dependencies all met for <TaskInstance: LocalIngestionDag2.wget scheduled__2021-06-02T06:00:00+00:00 [queued]>
[2022-07-08 04:01:29,699] {taskinstance.py:1238} INFO - 
--------------------------------------------------------------------------------
[2022-07-08 04:01:29,700] {taskinstance.py:1239} INFO - Starting attempt 1 of 1
[2022-07-08 04:01:29,701] {taskinstance.py:1240} INFO - 
--------------------------------------------------------------------------------
[2022-07-08 04:01:29,793] {taskinstance.py:1259} INFO - Executing <Task(BashOperator): wget> on 2021-06-02 06:00:00+00:00
[2022-07-08 04:01:29,830] {standard_task_runner.py:52} INFO - Started process 6885 to run task
[2022-07-08 04:01:29,867] {standard_task_runner.py:76} INFO - Running: ['***', 'tasks', 'run', 'LocalIngestionDag2', 'wget', 'scheduled__2021-06-02T06:00:00+00:00', '--job-id', '177', '--raw', '--subdir', 'DAGS_FOLDER/data_ingestion_gcs_full_yt.py', '--cfg-path', '/tmp/tmpgyfcu2h1', '--error-file', '/tmp/tmp7cwj7sfx']
[2022-07-08 04:01:29,887] {standard_task_runner.py:77} INFO - Job 177: Subtask wget
[2022-07-08 04:01:30,379] {logging_mixin.py:109} INFO - Running <TaskInstance: LocalIngestionDag2.wget scheduled__2021-06-02T06:00:00+00:00 [running]> on host 2b856f2081be
[2022-07-08 04:01:30,563] {warnings.py:99} WARNING - /home/***/.local/lib/python3.6/site-packages/***/utils/context.py:152: AirflowContextDeprecationWarning: Accessing 'execution_date' from the template is deprecated and will be removed in a future version. Please use 'data_interval_start' or 'logical_date' instead.
  warnings.warn(_create_deprecation_warning(key, self._deprecation_replacements[key]))

[2022-07-08 04:01:30,668] {taskinstance.py:1426} INFO - Exporting the following env vars:
AIRFLOW_CTX_DAG_OWNER=***
AIRFLOW_CTX_DAG_ID=LocalIngestionDag2
AIRFLOW_CTX_TASK_ID=wget
AIRFLOW_CTX_EXECUTION_DATE=2021-06-02T06:00:00+00:00
AIRFLOW_CTX_DAG_RUN_ID=scheduled__2021-06-02T06:00:00+00:00
[2022-07-08 04:01:30,672] {subprocess.py:62} INFO - Tmp dir root location: 
 /tmp
[2022-07-08 04:01:30,677] {subprocess.py:74} INFO - Running command: ['bash', '-c', 'echo "2021_06" ']
[2022-07-08 04:01:30,705] {subprocess.py:85} INFO - Output:
[2022-07-08 04:01:30,709] {subprocess.py:89} INFO - 2021_06
[2022-07-08 04:01:30,713] {subprocess.py:93} INFO - Command exited with return code 0
[2022-07-08 04:01:30,769] {taskinstance.py:1277} INFO - Marking task as SUCCESS. dag_id=LocalIngestionDag2, task_id=wget, execution_date=20210602T060000, start_date=20220708T040129, end_date=20220708T040130
[2022-07-08 04:01:30,865] {local_task_job.py:154} INFO - Task exited with return code 0
[2022-07-08 04:01:31,040] {local_task_job.py:264} INFO - 0 downstream tasks scheduled from follow-on schedule check
