[2022-07-03 06:02:46,089] {taskinstance.py:1032} INFO - Dependencies all met for <TaskInstance: data_ingestion_gcs_dag.bigquery_external_table_task manual__2022-07-03T05:55:57.081420+00:00 [queued]>
[2022-07-03 06:02:46,130] {taskinstance.py:1032} INFO - Dependencies all met for <TaskInstance: data_ingestion_gcs_dag.bigquery_external_table_task manual__2022-07-03T05:55:57.081420+00:00 [queued]>
[2022-07-03 06:02:46,131] {taskinstance.py:1238} INFO - 
--------------------------------------------------------------------------------
[2022-07-03 06:02:46,132] {taskinstance.py:1239} INFO - Starting attempt 2 of 2
[2022-07-03 06:02:46,134] {taskinstance.py:1240} INFO - 
--------------------------------------------------------------------------------
[2022-07-03 06:02:46,162] {taskinstance.py:1259} INFO - Executing <Task(BigQueryCreateExternalTableOperator): bigquery_external_table_task> on 2022-07-03 05:55:57.081420+00:00
[2022-07-03 06:02:46,175] {standard_task_runner.py:76} INFO - Running: ['***', 'tasks', 'run', 'data_ingestion_gcs_dag', 'bigquery_external_table_task', 'manual__2022-07-03T05:55:57.081420+00:00', '--job-id', '25', '--raw', '--subdir', 'DAGS_FOLDER/data_ingestion_gcs_dag.py', '--cfg-path', '/tmp/tmpyk48ig58', '--error-file', '/tmp/tmp610u2vs4']
[2022-07-03 06:02:46,169] {standard_task_runner.py:52} INFO - Started process 84 to run task
[2022-07-03 06:02:46,188] {standard_task_runner.py:77} INFO - Job 25: Subtask bigquery_external_table_task
[2022-07-03 06:02:46,290] {logging_mixin.py:109} INFO - Running <TaskInstance: data_ingestion_gcs_dag.bigquery_external_table_task manual__2022-07-03T05:55:57.081420+00:00 [running]> on host 04e296ede4ca
[2022-07-03 06:02:46,388] {taskinstance.py:1426} INFO - Exporting the following env vars:
AIRFLOW_CTX_DAG_OWNER=***
AIRFLOW_CTX_DAG_ID=data_ingestion_gcs_dag
AIRFLOW_CTX_TASK_ID=bigquery_external_table_task
AIRFLOW_CTX_EXECUTION_DATE=2022-07-03T05:55:57.081420+00:00
AIRFLOW_CTX_DAG_RUN_ID=manual__2022-07-03T05:55:57.081420+00:00
[2022-07-03 06:02:46,397] {crypto.py:82} WARNING - empty cryptography key - values will not be stored encrypted.
[2022-07-03 06:02:47,371] {taskinstance.py:1277} INFO - Marking task as SUCCESS. dag_id=data_ingestion_gcs_dag, task_id=bigquery_external_table_task, execution_date=20220703T055557, start_date=20220703T060246, end_date=20220703T060247
[2022-07-03 06:02:47,456] {local_task_job.py:154} INFO - Task exited with return code 0
[2022-07-03 06:02:47,533] {local_task_job.py:264} INFO - 0 downstream tasks scheduled from follow-on schedule check
