[2022-08-05 16:47:30,058] {taskinstance.py:1032} INFO - Dependencies all met for <TaskInstance: move_gcs_trip_data_to_bq_workflow2.insert_query_job_green scheduled__2022-08-04T00:00:00+00:00 [queued]>
[2022-08-05 16:47:30,097] {taskinstance.py:1032} INFO - Dependencies all met for <TaskInstance: move_gcs_trip_data_to_bq_workflow2.insert_query_job_green scheduled__2022-08-04T00:00:00+00:00 [queued]>
[2022-08-05 16:47:30,099] {taskinstance.py:1238} INFO - 
--------------------------------------------------------------------------------
[2022-08-05 16:47:30,100] {taskinstance.py:1239} INFO - Starting attempt 5 of 6
[2022-08-05 16:47:30,101] {taskinstance.py:1240} INFO - 
--------------------------------------------------------------------------------
[2022-08-05 16:47:30,120] {taskinstance.py:1259} INFO - Executing <Task(BigQueryInsertJobOperator): insert_query_job_green> on 2022-08-04 00:00:00+00:00
[2022-08-05 16:47:30,129] {standard_task_runner.py:52} INFO - Started process 5707 to run task
[2022-08-05 16:47:30,137] {standard_task_runner.py:76} INFO - Running: ['***', 'tasks', 'run', 'move_gcs_trip_data_to_bq_workflow2', 'insert_query_job_green', 'scheduled__2022-08-04T00:00:00+00:00', '--job-id', '91', '--raw', '--subdir', 'DAGS_FOLDER/gcs_to_bq.py', '--cfg-path', '/tmp/tmpw2trkqjl', '--error-file', '/tmp/tmpz092c5l3']
[2022-08-05 16:47:30,139] {standard_task_runner.py:77} INFO - Job 91: Subtask insert_query_job_green
[2022-08-05 16:47:30,234] {logging_mixin.py:109} INFO - Running <TaskInstance: move_gcs_trip_data_to_bq_workflow2.insert_query_job_green scheduled__2022-08-04T00:00:00+00:00 [running]> on host a02ae1da6c7b
[2022-08-05 16:47:30,369] {taskinstance.py:1426} INFO - Exporting the following env vars:
AIRFLOW_CTX_DAG_OWNER=***
AIRFLOW_CTX_DAG_ID=move_gcs_trip_data_to_bq_workflow2
AIRFLOW_CTX_TASK_ID=insert_query_job_green
AIRFLOW_CTX_EXECUTION_DATE=2022-08-04T00:00:00+00:00
AIRFLOW_CTX_DAG_RUN_ID=scheduled__2022-08-04T00:00:00+00:00
[2022-08-05 16:47:30,373] {crypto.py:82} WARNING - empty cryptography key - values will not be stored encrypted.
[2022-08-05 16:47:30,375] {warnings.py:110} WARNING - /home/***/.local/lib/python3.7/site-packages/***/utils/context.py:152: AirflowContextDeprecationWarning: Accessing 'execution_date' from the template is deprecated and will be removed in a future version. Please use 'data_interval_start' or 'logical_date' instead.
  warnings.warn(_create_deprecation_warning(key, self._deprecation_replacements[key]))

[2022-08-05 16:47:30,388] {bigquery.py:1637} INFO - Inserting job ***_move_gcs_trip_data_to_bq_workflow2_insert_query_job_green_2022_08_04T00_00_00_00_00_a1d4ef347f5687559502cfdc744d3d96
[2022-08-05 16:47:38,518] {taskinstance.py:1277} INFO - Marking task as SUCCESS. dag_id=move_gcs_trip_data_to_bq_workflow2, task_id=insert_query_job_green, execution_date=20220804T000000, start_date=20220805T164730, end_date=20220805T164738
[2022-08-05 16:47:38,579] {local_task_job.py:154} INFO - Task exited with return code 0
[2022-08-05 16:47:38,632] {local_task_job.py:264} INFO - 0 downstream tasks scheduled from follow-on schedule check
