[2022-08-05 17:11:41,780] {taskinstance.py:1032} INFO - Dependencies all met for <TaskInstance: move_gcs_trip_data_to_bq_workflow2.insert_query_job_green scheduled__2022-08-04T00:00:00+00:00 [queued]>
[2022-08-05 17:11:41,903] {taskinstance.py:1032} INFO - Dependencies all met for <TaskInstance: move_gcs_trip_data_to_bq_workflow2.insert_query_job_green scheduled__2022-08-04T00:00:00+00:00 [queued]>
[2022-08-05 17:11:41,905] {taskinstance.py:1238} INFO - 
--------------------------------------------------------------------------------
[2022-08-05 17:11:41,907] {taskinstance.py:1239} INFO - Starting attempt 6 of 7
[2022-08-05 17:11:41,908] {taskinstance.py:1240} INFO - 
--------------------------------------------------------------------------------
[2022-08-05 17:11:41,951] {taskinstance.py:1259} INFO - Executing <Task(BigQueryInsertJobOperator): insert_query_job_green> on 2022-08-04 00:00:00+00:00
[2022-08-05 17:11:41,963] {standard_task_runner.py:52} INFO - Started process 6823 to run task
[2022-08-05 17:11:41,990] {standard_task_runner.py:76} INFO - Running: ['***', 'tasks', 'run', 'move_gcs_trip_data_to_bq_workflow2', 'insert_query_job_green', 'scheduled__2022-08-04T00:00:00+00:00', '--job-id', '106', '--raw', '--subdir', 'DAGS_FOLDER/gcs_to_bq.py', '--cfg-path', '/tmp/tmpa3uw49nf', '--error-file', '/tmp/tmpgcy7o_np']
[2022-08-05 17:11:41,992] {standard_task_runner.py:77} INFO - Job 106: Subtask insert_query_job_green
[2022-08-05 17:11:42,326] {logging_mixin.py:109} INFO - Running <TaskInstance: move_gcs_trip_data_to_bq_workflow2.insert_query_job_green scheduled__2022-08-04T00:00:00+00:00 [running]> on host a02ae1da6c7b
[2022-08-05 17:11:42,860] {taskinstance.py:1426} INFO - Exporting the following env vars:
AIRFLOW_CTX_DAG_OWNER=***
AIRFLOW_CTX_DAG_ID=move_gcs_trip_data_to_bq_workflow2
AIRFLOW_CTX_TASK_ID=insert_query_job_green
AIRFLOW_CTX_EXECUTION_DATE=2022-08-04T00:00:00+00:00
AIRFLOW_CTX_DAG_RUN_ID=scheduled__2022-08-04T00:00:00+00:00
[2022-08-05 17:11:42,889] {crypto.py:82} WARNING - empty cryptography key - values will not be stored encrypted.
[2022-08-05 17:11:42,912] {warnings.py:110} WARNING - /home/***/.local/lib/python3.7/site-packages/***/utils/context.py:152: AirflowContextDeprecationWarning: Accessing 'execution_date' from the template is deprecated and will be removed in a future version. Please use 'data_interval_start' or 'logical_date' instead.
  warnings.warn(_create_deprecation_warning(key, self._deprecation_replacements[key]))

[2022-08-05 17:11:43,012] {bigquery.py:1637} INFO - Inserting job ***_move_gcs_trip_data_to_bq_workflow2_insert_query_job_green_2022_08_04T00_00_00_00_00_8cf4adb972a68c55db8e0642ce38244c
[2022-08-05 17:11:51,111] {taskinstance.py:1277} INFO - Marking task as SUCCESS. dag_id=move_gcs_trip_data_to_bq_workflow2, task_id=insert_query_job_green, execution_date=20220804T000000, start_date=20220805T171141, end_date=20220805T171151
[2022-08-05 17:11:51,210] {local_task_job.py:154} INFO - Task exited with return code 0
[2022-08-05 17:11:51,287] {local_task_job.py:264} INFO - 0 downstream tasks scheduled from follow-on schedule check
