[2022-07-08 20:04:02,480] {taskinstance.py:1032} INFO - Dependencies all met for <TaskInstance: gt_dag.download_data_task scheduled__2020-08-02T06:00:00+00:00 [queued]>
[2022-07-08 20:04:03,453] {taskinstance.py:1032} INFO - Dependencies all met for <TaskInstance: gt_dag.download_data_task scheduled__2020-08-02T06:00:00+00:00 [queued]>
[2022-07-08 20:04:03,506] {taskinstance.py:1238} INFO - 
--------------------------------------------------------------------------------
[2022-07-08 20:04:03,514] {taskinstance.py:1239} INFO - Starting attempt 1 of 1
[2022-07-08 20:04:03,536] {taskinstance.py:1240} INFO - 
--------------------------------------------------------------------------------
[2022-07-08 20:04:03,804] {taskinstance.py:1259} INFO - Executing <Task(BashOperator): download_data_task> on 2020-08-02 06:00:00+00:00
[2022-07-08 20:04:03,848] {standard_task_runner.py:52} INFO - Started process 15228 to run task
[2022-07-08 20:04:04,017] {standard_task_runner.py:76} INFO - Running: ['***', 'tasks', 'run', 'gt_dag', 'download_data_task', 'scheduled__2020-08-02T06:00:00+00:00', '--job-id', '434', '--raw', '--subdir', 'DAGS_FOLDER/green_taxi_dag.py', '--cfg-path', '/tmp/tmp3r7q3rq1', '--error-file', '/tmp/tmpvcociblm']
[2022-07-08 20:04:04,158] {standard_task_runner.py:77} INFO - Job 434: Subtask download_data_task
[2022-07-08 20:04:05,579] {logging_mixin.py:109} INFO - Running <TaskInstance: gt_dag.download_data_task scheduled__2020-08-02T06:00:00+00:00 [running]> on host 2b856f2081be
[2022-07-08 20:04:05,766] {warnings.py:99} WARNING - /home/***/.local/lib/python3.6/site-packages/***/utils/context.py:152: AirflowContextDeprecationWarning: Accessing 'execution_date' from the template is deprecated and will be removed in a future version. Please use 'data_interval_start' or 'logical_date' instead.
  warnings.warn(_create_deprecation_warning(key, self._deprecation_replacements[key]))

[2022-07-08 20:04:06,133] {taskinstance.py:1426} INFO - Exporting the following env vars:
AIRFLOW_CTX_DAG_OWNER=***
AIRFLOW_CTX_DAG_ID=gt_dag
AIRFLOW_CTX_TASK_ID=download_data_task
AIRFLOW_CTX_EXECUTION_DATE=2020-08-02T06:00:00+00:00
AIRFLOW_CTX_DAG_RUN_ID=scheduled__2020-08-02T06:00:00+00:00
[2022-07-08 20:04:06,179] {subprocess.py:62} INFO - Tmp dir root location: 
 /tmp
[2022-07-08 20:04:06,203] {subprocess.py:74} INFO - Running command: ['bash', '-c', 'curl -sSL https://d37ci6vzurychx.cloudfront.net/trip-data/green_tripdata_2020-08.parquet > /opt/***/green_tripdata_2020-08.parquet']
[2022-07-08 20:04:06,742] {subprocess.py:85} INFO - Output:
[2022-07-08 20:04:07,775] {subprocess.py:93} INFO - Command exited with return code 0
[2022-07-08 20:04:08,882] {taskinstance.py:1277} INFO - Marking task as SUCCESS. dag_id=gt_dag, task_id=download_data_task, execution_date=20200802T060000, start_date=20220708T200402, end_date=20220708T200408
[2022-07-08 20:04:10,176] {local_task_job.py:154} INFO - Task exited with return code 0
[2022-07-08 20:04:10,656] {local_task_job.py:264} INFO - 1 downstream tasks scheduled from follow-on schedule check
