[2022-07-08 04:42:23,895] {taskinstance.py:1032} INFO - Dependencies all met for <TaskInstance: data_ingestion_gcs_full_yt2.download_dataset_task scheduled__2022-06-02T06:00:00+00:00 [queued]>
[2022-07-08 04:42:23,926] {taskinstance.py:1032} INFO - Dependencies all met for <TaskInstance: data_ingestion_gcs_full_yt2.download_dataset_task scheduled__2022-06-02T06:00:00+00:00 [queued]>
[2022-07-08 04:42:23,929] {taskinstance.py:1238} INFO - 
--------------------------------------------------------------------------------
[2022-07-08 04:42:23,931] {taskinstance.py:1239} INFO - Starting attempt 1 of 1
[2022-07-08 04:42:23,934] {taskinstance.py:1240} INFO - 
--------------------------------------------------------------------------------
[2022-07-08 04:42:23,972] {taskinstance.py:1259} INFO - Executing <Task(BashOperator): download_dataset_task> on 2022-06-02 06:00:00+00:00
[2022-07-08 04:42:23,994] {standard_task_runner.py:76} INFO - Running: ['***', 'tasks', 'run', 'data_ingestion_gcs_full_yt2', 'download_dataset_task', 'scheduled__2022-06-02T06:00:00+00:00', '--job-id', '188', '--raw', '--subdir', 'DAGS_FOLDER/data_ingestion_gcs_full_yt.py', '--cfg-path', '/tmp/tmpw5qpvyxz', '--error-file', '/tmp/tmpurw64qlv']
[2022-07-08 04:42:23,987] {standard_task_runner.py:52} INFO - Started process 361 to run task
[2022-07-08 04:42:24,005] {standard_task_runner.py:77} INFO - Job 188: Subtask download_dataset_task
[2022-07-08 04:42:24,143] {logging_mixin.py:109} INFO - Running <TaskInstance: data_ingestion_gcs_full_yt2.download_dataset_task scheduled__2022-06-02T06:00:00+00:00 [running]> on host 2b856f2081be
[2022-07-08 04:42:24,238] {warnings.py:99} WARNING - /home/***/.local/lib/python3.6/site-packages/***/utils/context.py:152: AirflowContextDeprecationWarning: Accessing 'execution_date' from the template is deprecated and will be removed in a future version. Please use 'data_interval_start' or 'logical_date' instead.
  warnings.warn(_create_deprecation_warning(key, self._deprecation_replacements[key]))

[2022-07-08 04:42:24,347] {taskinstance.py:1426} INFO - Exporting the following env vars:
AIRFLOW_CTX_DAG_OWNER=***
AIRFLOW_CTX_DAG_ID=data_ingestion_gcs_full_yt2
AIRFLOW_CTX_TASK_ID=download_dataset_task
AIRFLOW_CTX_EXECUTION_DATE=2022-06-02T06:00:00+00:00
AIRFLOW_CTX_DAG_RUN_ID=scheduled__2022-06-02T06:00:00+00:00
[2022-07-08 04:42:24,354] {subprocess.py:62} INFO - Tmp dir root location: 
 /tmp
[2022-07-08 04:42:24,357] {subprocess.py:74} INFO - Running command: ['bash', '-c', 'echo "2022-06-02"']
[2022-07-08 04:42:24,392] {subprocess.py:85} INFO - Output:
[2022-07-08 04:42:24,394] {subprocess.py:89} INFO - 2022-06-02
[2022-07-08 04:42:24,398] {subprocess.py:93} INFO - Command exited with return code 0
[2022-07-08 04:42:24,544] {taskinstance.py:1277} INFO - Marking task as SUCCESS. dag_id=data_ingestion_gcs_full_yt2, task_id=download_dataset_task, execution_date=20220602T060000, start_date=20220708T044223, end_date=20220708T044224
[2022-07-08 04:42:24,746] {local_task_job.py:154} INFO - Task exited with return code 0
[2022-07-08 04:42:24,860] {local_task_job.py:264} INFO - 0 downstream tasks scheduled from follow-on schedule check
