[2022-07-08 04:48:32,736] {taskinstance.py:1032} INFO - Dependencies all met for <TaskInstance: data_ingestion_gcs_full_yt2.download_dataset_task scheduled__2022-06-02T06:00:00+00:00 [queued]>
[2022-07-08 04:48:32,783] {taskinstance.py:1032} INFO - Dependencies all met for <TaskInstance: data_ingestion_gcs_full_yt2.download_dataset_task scheduled__2022-06-02T06:00:00+00:00 [queued]>
[2022-07-08 04:48:32,785] {taskinstance.py:1238} INFO - 
--------------------------------------------------------------------------------
[2022-07-08 04:48:32,787] {taskinstance.py:1239} INFO - Starting attempt 5 of 5
[2022-07-08 04:48:32,789] {taskinstance.py:1240} INFO - 
--------------------------------------------------------------------------------
[2022-07-08 04:48:32,826] {taskinstance.py:1259} INFO - Executing <Task(BashOperator): download_dataset_task> on 2022-06-02 06:00:00+00:00
[2022-07-08 04:48:32,841] {standard_task_runner.py:52} INFO - Started process 627 to run task
[2022-07-08 04:48:32,847] {standard_task_runner.py:76} INFO - Running: ['***', 'tasks', 'run', 'data_ingestion_gcs_full_yt2', 'download_dataset_task', 'scheduled__2022-06-02T06:00:00+00:00', '--job-id', '196', '--raw', '--subdir', 'DAGS_FOLDER/data_ingestion_gcs_full_yt.py', '--cfg-path', '/tmp/tmpwrjo9r79', '--error-file', '/tmp/tmpjiahrxml']
[2022-07-08 04:48:32,872] {standard_task_runner.py:77} INFO - Job 196: Subtask download_dataset_task
[2022-07-08 04:48:33,061] {logging_mixin.py:109} INFO - Running <TaskInstance: data_ingestion_gcs_full_yt2.download_dataset_task scheduled__2022-06-02T06:00:00+00:00 [running]> on host 2b856f2081be
[2022-07-08 04:48:33,274] {warnings.py:99} WARNING - /home/***/.local/lib/python3.6/site-packages/***/utils/context.py:152: AirflowContextDeprecationWarning: Accessing 'execution_date' from the template is deprecated and will be removed in a future version. Please use 'data_interval_start' or 'logical_date' instead.
  warnings.warn(_create_deprecation_warning(key, self._deprecation_replacements[key]))

[2022-07-08 04:48:33,354] {taskinstance.py:1426} INFO - Exporting the following env vars:
AIRFLOW_CTX_DAG_OWNER=***
AIRFLOW_CTX_DAG_ID=data_ingestion_gcs_full_yt2
AIRFLOW_CTX_TASK_ID=download_dataset_task
AIRFLOW_CTX_EXECUTION_DATE=2022-06-02T06:00:00+00:00
AIRFLOW_CTX_DAG_RUN_ID=scheduled__2022-06-02T06:00:00+00:00
[2022-07-08 04:48:33,367] {subprocess.py:62} INFO - Tmp dir root location: 
 /tmp
[2022-07-08 04:48:33,374] {subprocess.py:74} INFO - Running command: ['bash', '-c', 'echo "2022-06-02"']
[2022-07-08 04:48:33,408] {subprocess.py:85} INFO - Output:
[2022-07-08 04:48:33,416] {subprocess.py:89} INFO - 2022-06-02
[2022-07-08 04:48:33,419] {subprocess.py:93} INFO - Command exited with return code 0
[2022-07-08 04:48:33,483] {taskinstance.py:1277} INFO - Marking task as SUCCESS. dag_id=data_ingestion_gcs_full_yt2, task_id=download_dataset_task, execution_date=20220602T060000, start_date=20220708T044832, end_date=20220708T044833
[2022-07-08 04:48:33,528] {local_task_job.py:154} INFO - Task exited with return code 0
[2022-07-08 04:48:33,602] {local_task_job.py:264} INFO - 0 downstream tasks scheduled from follow-on schedule check
