[2022-07-08 04:50:24,523] {taskinstance.py:1032} INFO - Dependencies all met for <TaskInstance: data_ingestion_gcs_full_yt2.download_dataset_task scheduled__2022-06-02T06:00:00+00:00 [queued]>
[2022-07-08 04:50:24,561] {taskinstance.py:1032} INFO - Dependencies all met for <TaskInstance: data_ingestion_gcs_full_yt2.download_dataset_task scheduled__2022-06-02T06:00:00+00:00 [queued]>
[2022-07-08 04:50:24,564] {taskinstance.py:1238} INFO - 
--------------------------------------------------------------------------------
[2022-07-08 04:50:24,568] {taskinstance.py:1239} INFO - Starting attempt 7 of 7
[2022-07-08 04:50:24,572] {taskinstance.py:1240} INFO - 
--------------------------------------------------------------------------------
[2022-07-08 04:50:24,615] {taskinstance.py:1259} INFO - Executing <Task(BashOperator): download_dataset_task> on 2022-06-02 06:00:00+00:00
[2022-07-08 04:50:24,632] {standard_task_runner.py:52} INFO - Started process 714 to run task
[2022-07-08 04:50:24,668] {standard_task_runner.py:76} INFO - Running: ['***', 'tasks', 'run', 'data_ingestion_gcs_full_yt2', 'download_dataset_task', 'scheduled__2022-06-02T06:00:00+00:00', '--job-id', '201', '--raw', '--subdir', 'DAGS_FOLDER/data_ingestion_gcs_full_yt.py', '--cfg-path', '/tmp/tmpv2u6r_bo', '--error-file', '/tmp/tmpfq49fesy']
[2022-07-08 04:50:24,689] {standard_task_runner.py:77} INFO - Job 201: Subtask download_dataset_task
[2022-07-08 04:50:25,032] {logging_mixin.py:109} INFO - Running <TaskInstance: data_ingestion_gcs_full_yt2.download_dataset_task scheduled__2022-06-02T06:00:00+00:00 [running]> on host 2b856f2081be
[2022-07-08 04:50:25,262] {taskinstance.py:1426} INFO - Exporting the following env vars:
AIRFLOW_CTX_DAG_OWNER=***
AIRFLOW_CTX_DAG_ID=data_ingestion_gcs_full_yt2
AIRFLOW_CTX_TASK_ID=download_dataset_task
AIRFLOW_CTX_EXECUTION_DATE=2022-06-02T06:00:00+00:00
AIRFLOW_CTX_DAG_RUN_ID=scheduled__2022-06-02T06:00:00+00:00
[2022-07-08 04:50:25,272] {subprocess.py:62} INFO - Tmp dir root location: 
 /tmp
[2022-07-08 04:50:25,275] {subprocess.py:74} INFO - Running command: ['bash', '-c', 'echo hello']
[2022-07-08 04:50:25,301] {subprocess.py:85} INFO - Output:
[2022-07-08 04:50:25,306] {subprocess.py:89} INFO - hello
[2022-07-08 04:50:25,308] {subprocess.py:93} INFO - Command exited with return code 0
[2022-07-08 04:50:25,400] {taskinstance.py:1277} INFO - Marking task as SUCCESS. dag_id=data_ingestion_gcs_full_yt2, task_id=download_dataset_task, execution_date=20220602T060000, start_date=20220708T045024, end_date=20220708T045025
[2022-07-08 04:50:25,517] {local_task_job.py:154} INFO - Task exited with return code 0
[2022-07-08 04:50:25,611] {local_task_job.py:264} INFO - 0 downstream tasks scheduled from follow-on schedule check
