[2022-07-03 06:26:52,251] {taskinstance.py:1032} INFO - Dependencies all met for <TaskInstance: data_ingestion_gcs_dag.local_to_gcs_task manual__2022-07-03T06:25:47.341923+00:00 [queued]>
[2022-07-03 06:26:52,278] {taskinstance.py:1032} INFO - Dependencies all met for <TaskInstance: data_ingestion_gcs_dag.local_to_gcs_task manual__2022-07-03T06:25:47.341923+00:00 [queued]>
[2022-07-03 06:26:52,280] {taskinstance.py:1238} INFO - 
--------------------------------------------------------------------------------
[2022-07-03 06:26:52,282] {taskinstance.py:1239} INFO - Starting attempt 1 of 2
[2022-07-03 06:26:52,284] {taskinstance.py:1240} INFO - 
--------------------------------------------------------------------------------
[2022-07-03 06:26:52,308] {taskinstance.py:1259} INFO - Executing <Task(PythonOperator): local_to_gcs_task> on 2022-07-03 06:25:47.341923+00:00
[2022-07-03 06:26:52,328] {standard_task_runner.py:76} INFO - Running: ['***', 'tasks', 'run', 'data_ingestion_gcs_dag', 'local_to_gcs_task', 'manual__2022-07-03T06:25:47.341923+00:00', '--job-id', '32', '--raw', '--subdir', 'DAGS_FOLDER/data_ingestion_gcs_dag.py', '--cfg-path', '/tmp/tmpdsta1_7z', '--error-file', '/tmp/tmpw9sq4apl']
[2022-07-03 06:26:52,323] {standard_task_runner.py:52} INFO - Started process 1128 to run task
[2022-07-03 06:26:52,335] {standard_task_runner.py:77} INFO - Job 32: Subtask local_to_gcs_task
[2022-07-03 06:26:52,422] {logging_mixin.py:109} INFO - Running <TaskInstance: data_ingestion_gcs_dag.local_to_gcs_task manual__2022-07-03T06:25:47.341923+00:00 [running]> on host 04e296ede4ca
[2022-07-03 06:26:52,498] {taskinstance.py:1426} INFO - Exporting the following env vars:
AIRFLOW_CTX_DAG_OWNER=***
AIRFLOW_CTX_DAG_ID=data_ingestion_gcs_dag
AIRFLOW_CTX_TASK_ID=local_to_gcs_task
AIRFLOW_CTX_EXECUTION_DATE=2022-07-03T06:25:47.341923+00:00
AIRFLOW_CTX_DAG_RUN_ID=manual__2022-07-03T06:25:47.341923+00:00
[2022-07-03 06:27:18,650] {python.py:175} INFO - Done. Returned value was: None
[2022-07-03 06:27:18,673] {taskinstance.py:1277} INFO - Marking task as SUCCESS. dag_id=data_ingestion_gcs_dag, task_id=local_to_gcs_task, execution_date=20220703T062547, start_date=20220703T062652, end_date=20220703T062718
[2022-07-03 06:27:18,747] {local_task_job.py:154} INFO - Task exited with return code 0
[2022-07-03 06:27:18,808] {local_task_job.py:264} INFO - 1 downstream tasks scheduled from follow-on schedule check
