[2022-07-08 04:01:34,205] {taskinstance.py:1032} INFO - Dependencies all met for <TaskInstance: LocalIngestionDag2.wget scheduled__2021-10-02T06:00:00+00:00 [queued]>
[2022-07-08 04:01:34,327] {taskinstance.py:1032} INFO - Dependencies all met for <TaskInstance: LocalIngestionDag2.wget scheduled__2021-10-02T06:00:00+00:00 [queued]>
[2022-07-08 04:01:34,329] {taskinstance.py:1238} INFO - 
--------------------------------------------------------------------------------
[2022-07-08 04:01:34,330] {taskinstance.py:1239} INFO - Starting attempt 1 of 1
[2022-07-08 04:01:34,332] {taskinstance.py:1240} INFO - 
--------------------------------------------------------------------------------
[2022-07-08 04:01:34,376] {taskinstance.py:1259} INFO - Executing <Task(BashOperator): wget> on 2021-10-02 06:00:00+00:00
[2022-07-08 04:01:34,402] {standard_task_runner.py:52} INFO - Started process 6899 to run task
[2022-07-08 04:01:34,428] {standard_task_runner.py:76} INFO - Running: ['***', 'tasks', 'run', 'LocalIngestionDag2', 'wget', 'scheduled__2021-10-02T06:00:00+00:00', '--job-id', '181', '--raw', '--subdir', 'DAGS_FOLDER/data_ingestion_gcs_full_yt.py', '--cfg-path', '/tmp/tmpb3oq2kc7', '--error-file', '/tmp/tmp_kyfgr33']
[2022-07-08 04:01:34,433] {standard_task_runner.py:77} INFO - Job 181: Subtask wget
[2022-07-08 04:01:34,584] {logging_mixin.py:109} INFO - Running <TaskInstance: LocalIngestionDag2.wget scheduled__2021-10-02T06:00:00+00:00 [running]> on host 2b856f2081be
[2022-07-08 04:01:34,804] {warnings.py:99} WARNING - /home/***/.local/lib/python3.6/site-packages/***/utils/context.py:152: AirflowContextDeprecationWarning: Accessing 'execution_date' from the template is deprecated and will be removed in a future version. Please use 'data_interval_start' or 'logical_date' instead.
  warnings.warn(_create_deprecation_warning(key, self._deprecation_replacements[key]))

[2022-07-08 04:01:34,954] {taskinstance.py:1426} INFO - Exporting the following env vars:
AIRFLOW_CTX_DAG_OWNER=***
AIRFLOW_CTX_DAG_ID=LocalIngestionDag2
AIRFLOW_CTX_TASK_ID=wget
AIRFLOW_CTX_EXECUTION_DATE=2021-10-02T06:00:00+00:00
AIRFLOW_CTX_DAG_RUN_ID=scheduled__2021-10-02T06:00:00+00:00
[2022-07-08 04:01:34,959] {subprocess.py:62} INFO - Tmp dir root location: 
 /tmp
[2022-07-08 04:01:34,965] {subprocess.py:74} INFO - Running command: ['bash', '-c', 'echo "2021_10" ']
[2022-07-08 04:01:35,014] {subprocess.py:85} INFO - Output:
[2022-07-08 04:01:35,021] {subprocess.py:89} INFO - 2021_10
[2022-07-08 04:01:35,030] {subprocess.py:93} INFO - Command exited with return code 0
[2022-07-08 04:01:35,135] {taskinstance.py:1277} INFO - Marking task as SUCCESS. dag_id=LocalIngestionDag2, task_id=wget, execution_date=20211002T060000, start_date=20220708T040134, end_date=20220708T040135
[2022-07-08 04:01:35,264] {local_task_job.py:154} INFO - Task exited with return code 0
[2022-07-08 04:01:35,432] {local_task_job.py:264} INFO - 0 downstream tasks scheduled from follow-on schedule check
