[2022-07-08 05:51:12,218] {taskinstance.py:1032} INFO - Dependencies all met for <TaskInstance: yt_dag7.download_data_task scheduled__2020-08-02T06:00:00+00:00 [queued]>
[2022-07-08 05:51:13,912] {taskinstance.py:1032} INFO - Dependencies all met for <TaskInstance: yt_dag7.download_data_task scheduled__2020-08-02T06:00:00+00:00 [queued]>
[2022-07-08 05:51:13,935] {taskinstance.py:1238} INFO - 
--------------------------------------------------------------------------------
[2022-07-08 05:51:13,957] {taskinstance.py:1239} INFO - Starting attempt 1 of 1
[2022-07-08 05:51:13,985] {taskinstance.py:1240} INFO - 
--------------------------------------------------------------------------------
[2022-07-08 05:51:15,708] {taskinstance.py:1259} INFO - Executing <Task(BashOperator): download_data_task> on 2020-08-02 06:00:00+00:00
[2022-07-08 05:51:15,756] {standard_task_runner.py:52} INFO - Started process 573 to run task
[2022-07-08 05:51:16,444] {standard_task_runner.py:76} INFO - Running: ['***', 'tasks', 'run', 'yt_dag7', 'download_data_task', 'scheduled__2020-08-02T06:00:00+00:00', '--job-id', '336', '--raw', '--subdir', 'DAGS_FOLDER/yellow_taxi_dag.py', '--cfg-path', '/tmp/tmptekj6zhc', '--error-file', '/tmp/tmpgbqlekoh']
[2022-07-08 05:51:16,755] {standard_task_runner.py:77} INFO - Job 336: Subtask download_data_task
[2022-07-08 05:51:24,937] {logging_mixin.py:109} INFO - Running <TaskInstance: yt_dag7.download_data_task scheduled__2020-08-02T06:00:00+00:00 [running]> on host 2b856f2081be
[2022-07-08 05:51:31,932] {warnings.py:99} WARNING - /home/***/.local/lib/python3.6/site-packages/***/utils/context.py:152: AirflowContextDeprecationWarning: Accessing 'execution_date' from the template is deprecated and will be removed in a future version. Please use 'data_interval_start' or 'logical_date' instead.
  warnings.warn(_create_deprecation_warning(key, self._deprecation_replacements[key]))

[2022-07-08 05:51:34,864] {taskinstance.py:1426} INFO - Exporting the following env vars:
AIRFLOW_CTX_DAG_OWNER=***
AIRFLOW_CTX_DAG_ID=yt_dag7
AIRFLOW_CTX_TASK_ID=download_data_task
AIRFLOW_CTX_EXECUTION_DATE=2020-08-02T06:00:00+00:00
AIRFLOW_CTX_DAG_RUN_ID=scheduled__2020-08-02T06:00:00+00:00
[2022-07-08 05:51:35,516] {subprocess.py:62} INFO - Tmp dir root location: 
 /tmp
[2022-07-08 05:51:35,867] {subprocess.py:74} INFO - Running command: ['bash', '-c', 'curl -sSL https://d37ci6vzurychx.cloudfront.net/trip-data/yellow_tripdata_2020-08.parquet > /opt/***/yellow_tripdata_2020-08.parquet']
[2022-07-08 05:51:37,241] {subprocess.py:85} INFO - Output:
[2022-07-08 05:53:35,677] {subprocess.py:93} INFO - Command exited with return code 0
[2022-07-08 05:53:42,106] {taskinstance.py:1277} INFO - Marking task as SUCCESS. dag_id=yt_dag7, task_id=download_data_task, execution_date=20200802T060000, start_date=20220708T055112, end_date=20220708T055342
[2022-07-08 05:53:43,716] {local_task_job.py:154} INFO - Task exited with return code 0
[2022-07-08 05:53:49,175] {local_task_job.py:264} INFO - 0 downstream tasks scheduled from follow-on schedule check
