[2022-07-07 20:52:27,646] {taskinstance.py:1032} INFO - Dependencies all met for <TaskInstance: data_ingestion_gcs_full_yt.local_to_gcs_task scheduled__2022-06-02T06:00:00+00:00 [queued]>
[2022-07-07 20:52:27,659] {taskinstance.py:1032} INFO - Dependencies all met for <TaskInstance: data_ingestion_gcs_full_yt.local_to_gcs_task scheduled__2022-06-02T06:00:00+00:00 [queued]>
[2022-07-07 20:52:27,660] {taskinstance.py:1238} INFO - 
--------------------------------------------------------------------------------
[2022-07-07 20:52:27,661] {taskinstance.py:1239} INFO - Starting attempt 1 of 2
[2022-07-07 20:52:27,663] {taskinstance.py:1240} INFO - 
--------------------------------------------------------------------------------
[2022-07-07 20:52:27,678] {taskinstance.py:1259} INFO - Executing <Task(BashOperator): local_to_gcs_task> on 2022-06-02 06:00:00+00:00
[2022-07-07 20:52:27,689] {standard_task_runner.py:76} INFO - Running: ['***', 'tasks', 'run', 'data_ingestion_gcs_full_yt', 'local_to_gcs_task', 'scheduled__2022-06-02T06:00:00+00:00', '--job-id', '98', '--raw', '--subdir', 'DAGS_FOLDER/data_ingestion_gcs_full_yt.py', '--cfg-path', '/tmp/tmpvajngiu9', '--error-file', '/tmp/tmpwxxz55pg']
[2022-07-07 20:52:27,685] {standard_task_runner.py:52} INFO - Started process 1142 to run task
[2022-07-07 20:52:27,694] {standard_task_runner.py:77} INFO - Job 98: Subtask local_to_gcs_task
[2022-07-07 20:52:27,760] {logging_mixin.py:109} INFO - Running <TaskInstance: data_ingestion_gcs_full_yt.local_to_gcs_task scheduled__2022-06-02T06:00:00+00:00 [running]> on host 2b856f2081be
[2022-07-07 20:52:27,796] {warnings.py:99} WARNING - /home/***/.local/lib/python3.6/site-packages/***/utils/context.py:152: AirflowContextDeprecationWarning: Accessing 'execution_date' from the template is deprecated and will be removed in a future version. Please use 'data_interval_start' or 'logical_date' instead.
  warnings.warn(_create_deprecation_warning(key, self._deprecation_replacements[key]))

[2022-07-07 20:52:27,819] {taskinstance.py:1426} INFO - Exporting the following env vars:
AIRFLOW_CTX_DAG_OWNER=***
AIRFLOW_CTX_DAG_ID=data_ingestion_gcs_full_yt
AIRFLOW_CTX_TASK_ID=local_to_gcs_task
AIRFLOW_CTX_EXECUTION_DATE=2022-06-02T06:00:00+00:00
AIRFLOW_CTX_DAG_RUN_ID=scheduled__2022-06-02T06:00:00+00:00
[2022-07-07 20:52:27,821] {subprocess.py:62} INFO - Tmp dir root location: 
 /tmp
[2022-07-07 20:52:27,822] {subprocess.py:74} INFO - Running command: ['bash', '-c', 'echo "2022-06"']
[2022-07-07 20:52:27,832] {subprocess.py:85} INFO - Output:
[2022-07-07 20:52:27,835] {subprocess.py:89} INFO - 2022-06
[2022-07-07 20:52:27,836] {subprocess.py:93} INFO - Command exited with return code 0
[2022-07-07 20:52:27,868] {taskinstance.py:1277} INFO - Marking task as SUCCESS. dag_id=data_ingestion_gcs_full_yt, task_id=local_to_gcs_task, execution_date=20220602T060000, start_date=20220707T205227, end_date=20220707T205227
[2022-07-07 20:52:27,911] {local_task_job.py:154} INFO - Task exited with return code 0
[2022-07-07 20:52:27,945] {local_task_job.py:264} INFO - 0 downstream tasks scheduled from follow-on schedule check
