[2022-07-07 21:19:02,060] {taskinstance.py:1032} INFO - Dependencies all met for <TaskInstance: data_ingestion_gcs_full_yt.local_to_gcs_task scheduled__2022-06-02T06:00:00+00:00 [queued]>
[2022-07-07 21:19:02,093] {taskinstance.py:1032} INFO - Dependencies all met for <TaskInstance: data_ingestion_gcs_full_yt.local_to_gcs_task scheduled__2022-06-02T06:00:00+00:00 [queued]>
[2022-07-07 21:19:02,097] {taskinstance.py:1238} INFO - 
--------------------------------------------------------------------------------
[2022-07-07 21:19:02,098] {taskinstance.py:1239} INFO - Starting attempt 2 of 3
[2022-07-07 21:19:02,100] {taskinstance.py:1240} INFO - 
--------------------------------------------------------------------------------
[2022-07-07 21:19:02,146] {taskinstance.py:1259} INFO - Executing <Task(PythonOperator): local_to_gcs_task> on 2022-06-02 06:00:00+00:00
[2022-07-07 21:19:02,161] {standard_task_runner.py:52} INFO - Started process 2380 to run task
[2022-07-07 21:19:02,178] {standard_task_runner.py:76} INFO - Running: ['***', 'tasks', 'run', 'data_ingestion_gcs_full_yt', 'local_to_gcs_task', 'scheduled__2022-06-02T06:00:00+00:00', '--job-id', '108', '--raw', '--subdir', 'DAGS_FOLDER/data_ingestion_gcs_full_yt.py', '--cfg-path', '/tmp/tmp1kmoyhjm', '--error-file', '/tmp/tmp82mxubxj']
[2022-07-07 21:19:02,193] {standard_task_runner.py:77} INFO - Job 108: Subtask local_to_gcs_task
[2022-07-07 21:19:02,347] {logging_mixin.py:109} INFO - Running <TaskInstance: data_ingestion_gcs_full_yt.local_to_gcs_task scheduled__2022-06-02T06:00:00+00:00 [running]> on host 2b856f2081be
[2022-07-07 21:19:02,486] {taskinstance.py:1426} INFO - Exporting the following env vars:
AIRFLOW_CTX_DAG_OWNER=***
AIRFLOW_CTX_DAG_ID=data_ingestion_gcs_full_yt
AIRFLOW_CTX_TASK_ID=local_to_gcs_task
AIRFLOW_CTX_EXECUTION_DATE=2022-06-02T06:00:00+00:00
AIRFLOW_CTX_DAG_RUN_ID=scheduled__2022-06-02T06:00:00+00:00
[2022-07-07 21:19:03,050] {python.py:175} INFO - Done. Returned value was: None
[2022-07-07 21:19:03,093] {taskinstance.py:1277} INFO - Marking task as SUCCESS. dag_id=data_ingestion_gcs_full_yt, task_id=local_to_gcs_task, execution_date=20220602T060000, start_date=20220707T211902, end_date=20220707T211903
[2022-07-07 21:19:03,189] {local_task_job.py:154} INFO - Task exited with return code 0
[2022-07-07 21:19:03,348] {local_task_job.py:264} INFO - 0 downstream tasks scheduled from follow-on schedule check
