[2022-07-08 05:53:13,566] {taskinstance.py:1032} INFO - Dependencies all met for <TaskInstance: yt_dag7.local_to_gcs_task scheduled__2020-01-02T06:00:00+00:00 [queued]>
[2022-07-08 05:53:14,298] {taskinstance.py:1032} INFO - Dependencies all met for <TaskInstance: yt_dag7.local_to_gcs_task scheduled__2020-01-02T06:00:00+00:00 [queued]>
[2022-07-08 05:53:14,435] {taskinstance.py:1238} INFO - 
--------------------------------------------------------------------------------
[2022-07-08 05:53:14,509] {taskinstance.py:1239} INFO - Starting attempt 1 of 1
[2022-07-08 05:53:14,562] {taskinstance.py:1240} INFO - 
--------------------------------------------------------------------------------
[2022-07-08 05:53:15,975] {taskinstance.py:1259} INFO - Executing <Task(PythonOperator): local_to_gcs_task> on 2020-01-02 06:00:00+00:00
[2022-07-08 05:53:16,198] {standard_task_runner.py:52} INFO - Started process 651 to run task
[2022-07-08 05:53:16,465] {standard_task_runner.py:76} INFO - Running: ['***', 'tasks', 'run', 'yt_dag7', 'local_to_gcs_task', 'scheduled__2020-01-02T06:00:00+00:00', '--job-id', '341', '--raw', '--subdir', 'DAGS_FOLDER/yellow_taxi_dag.py', '--cfg-path', '/tmp/tmpb76tyqu2', '--error-file', '/tmp/tmprbhh3in1']
[2022-07-08 05:53:16,794] {standard_task_runner.py:77} INFO - Job 341: Subtask local_to_gcs_task
[2022-07-08 05:53:22,361] {logging_mixin.py:109} INFO - Running <TaskInstance: yt_dag7.local_to_gcs_task scheduled__2020-01-02T06:00:00+00:00 [running]> on host 2b856f2081be
[2022-07-08 05:53:26,059] {warnings.py:99} WARNING - /home/***/.local/lib/python3.6/site-packages/***/utils/context.py:152: AirflowContextDeprecationWarning: Accessing 'execution_date' from the template is deprecated and will be removed in a future version. Please use 'data_interval_start' or 'logical_date' instead.
  warnings.warn(_create_deprecation_warning(key, self._deprecation_replacements[key]))

[2022-07-08 05:53:30,014] {taskinstance.py:1426} INFO - Exporting the following env vars:
AIRFLOW_CTX_DAG_OWNER=***
AIRFLOW_CTX_DAG_ID=yt_dag7
AIRFLOW_CTX_TASK_ID=local_to_gcs_task
AIRFLOW_CTX_EXECUTION_DATE=2020-01-02T06:00:00+00:00
AIRFLOW_CTX_DAG_RUN_ID=scheduled__2020-01-02T06:00:00+00:00
[2022-07-08 06:03:00,390] {python.py:175} INFO - Done. Returned value was: None
[2022-07-08 06:03:00,434] {taskinstance.py:1277} INFO - Marking task as SUCCESS. dag_id=yt_dag7, task_id=local_to_gcs_task, execution_date=20200102T060000, start_date=20220708T055313, end_date=20220708T060300
[2022-07-08 06:03:00,489] {local_task_job.py:154} INFO - Task exited with return code 0
[2022-07-08 06:03:00,526] {local_task_job.py:264} INFO - 0 downstream tasks scheduled from follow-on schedule check
