[2022-07-05 16:04:23,772] {taskinstance.py:1032} INFO - Dependencies all met for <TaskInstance: LocalIngestionDag.wget scheduled__2022-02-02T06:00:00+00:00 [queued]>
[2022-07-05 16:04:23,804] {taskinstance.py:1032} INFO - Dependencies all met for <TaskInstance: LocalIngestionDag.wget scheduled__2022-02-02T06:00:00+00:00 [queued]>
[2022-07-05 16:04:23,807] {taskinstance.py:1238} INFO - 
--------------------------------------------------------------------------------
[2022-07-05 16:04:23,809] {taskinstance.py:1239} INFO - Starting attempt 2 of 2
[2022-07-05 16:04:23,811] {taskinstance.py:1240} INFO - 
--------------------------------------------------------------------------------
[2022-07-05 16:04:23,852] {taskinstance.py:1259} INFO - Executing <Task(BashOperator): wget> on 2022-02-02 06:00:00+00:00
[2022-07-05 16:04:23,875] {standard_task_runner.py:76} INFO - Running: ['***', 'tasks', 'run', 'LocalIngestionDag', 'wget', 'scheduled__2022-02-02T06:00:00+00:00', '--job-id', '59', '--raw', '--subdir', 'DAGS_FOLDER/data_ingestion_local.py', '--cfg-path', '/tmp/tmpsgjdlfff', '--error-file', '/tmp/tmpoa2g1l30']
[2022-07-05 16:04:23,878] {standard_task_runner.py:77} INFO - Job 59: Subtask wget
[2022-07-05 16:04:23,868] {standard_task_runner.py:52} INFO - Started process 1882 to run task
[2022-07-05 16:04:24,207] {logging_mixin.py:109} INFO - Running <TaskInstance: LocalIngestionDag.wget scheduled__2022-02-02T06:00:00+00:00 [running]> on host 730d3c67d882
[2022-07-05 16:04:24,325] {warnings.py:99} WARNING - /home/***/.local/lib/python3.6/site-packages/***/utils/context.py:152: AirflowContextDeprecationWarning: Accessing 'execution_date' from the template is deprecated and will be removed in a future version. Please use 'data_interval_start' or 'logical_date' instead.
  warnings.warn(_create_deprecation_warning(key, self._deprecation_replacements[key]))

[2022-07-05 16:04:24,418] {taskinstance.py:1426} INFO - Exporting the following env vars:
AIRFLOW_CTX_DAG_OWNER=***
AIRFLOW_CTX_DAG_ID=LocalIngestionDag
AIRFLOW_CTX_TASK_ID=wget
AIRFLOW_CTX_EXECUTION_DATE=2022-02-02T06:00:00+00:00
AIRFLOW_CTX_DAG_RUN_ID=scheduled__2022-02-02T06:00:00+00:00
[2022-07-05 16:04:24,422] {subprocess.py:62} INFO - Tmp dir root location: 
 /tmp
[2022-07-05 16:04:24,430] {subprocess.py:74} INFO - Running command: ['bash', '-c', 'echo "2022-02-02" "2022-02"']
[2022-07-05 16:04:24,454] {subprocess.py:85} INFO - Output:
[2022-07-05 16:04:24,458] {subprocess.py:89} INFO - 2022-02-02 2022-02
[2022-07-05 16:04:24,463] {subprocess.py:93} INFO - Command exited with return code 0
[2022-07-05 16:04:24,632] {taskinstance.py:1277} INFO - Marking task as SUCCESS. dag_id=LocalIngestionDag, task_id=wget, execution_date=20220202T060000, start_date=20220705T160423, end_date=20220705T160424
[2022-07-05 16:04:24,758] {local_task_job.py:154} INFO - Task exited with return code 0
[2022-07-05 16:04:24,888] {local_task_job.py:264} INFO - 1 downstream tasks scheduled from follow-on schedule check
