[2022-07-05 16:07:44,981] {taskinstance.py:1032} INFO - Dependencies all met for <TaskInstance: LocalIngestionDag.wget scheduled__2022-02-02T06:00:00+00:00 [queued]>
[2022-07-05 16:07:45,025] {taskinstance.py:1032} INFO - Dependencies all met for <TaskInstance: LocalIngestionDag.wget scheduled__2022-02-02T06:00:00+00:00 [queued]>
[2022-07-05 16:07:45,028] {taskinstance.py:1238} INFO - 
--------------------------------------------------------------------------------
[2022-07-05 16:07:45,030] {taskinstance.py:1239} INFO - Starting attempt 3 of 3
[2022-07-05 16:07:45,032] {taskinstance.py:1240} INFO - 
--------------------------------------------------------------------------------
[2022-07-05 16:07:45,059] {taskinstance.py:1259} INFO - Executing <Task(BashOperator): wget> on 2022-02-02 06:00:00+00:00
[2022-07-05 16:07:45,077] {standard_task_runner.py:76} INFO - Running: ['***', 'tasks', 'run', 'LocalIngestionDag', 'wget', 'scheduled__2022-02-02T06:00:00+00:00', '--job-id', '63', '--raw', '--subdir', 'DAGS_FOLDER/data_ingestion_local.py', '--cfg-path', '/tmp/tmpervtnb6k', '--error-file', '/tmp/tmppur0e7o9']
[2022-07-05 16:07:45,080] {standard_task_runner.py:77} INFO - Job 63: Subtask wget
[2022-07-05 16:07:45,070] {standard_task_runner.py:52} INFO - Started process 2052 to run task
[2022-07-05 16:07:45,206] {logging_mixin.py:109} INFO - Running <TaskInstance: LocalIngestionDag.wget scheduled__2022-02-02T06:00:00+00:00 [running]> on host 730d3c67d882
[2022-07-05 16:07:45,290] {warnings.py:99} WARNING - /home/***/.local/lib/python3.6/site-packages/***/utils/context.py:152: AirflowContextDeprecationWarning: Accessing 'execution_date' from the template is deprecated and will be removed in a future version. Please use 'data_interval_start' or 'logical_date' instead.
  warnings.warn(_create_deprecation_warning(key, self._deprecation_replacements[key]))

[2022-07-05 16:07:45,326] {taskinstance.py:1426} INFO - Exporting the following env vars:
AIRFLOW_CTX_DAG_OWNER=***
AIRFLOW_CTX_DAG_ID=LocalIngestionDag
AIRFLOW_CTX_TASK_ID=wget
AIRFLOW_CTX_EXECUTION_DATE=2022-02-02T06:00:00+00:00
AIRFLOW_CTX_DAG_RUN_ID=scheduled__2022-02-02T06:00:00+00:00
[2022-07-05 16:07:45,331] {subprocess.py:62} INFO - Tmp dir root location: 
 /tmp
[2022-07-05 16:07:45,335] {subprocess.py:74} INFO - Running command: ['bash', '-c', 'curl -sSL https://nyc-tlc.s3.amazonaws.com/csv_backup//yellow_tripdata_2022-02.csv > /opt/***/output_2022-02.csv']
[2022-07-05 16:07:45,360] {subprocess.py:85} INFO - Output:
[2022-07-05 16:07:45,643] {subprocess.py:93} INFO - Command exited with return code 0
[2022-07-05 16:07:45,694] {taskinstance.py:1277} INFO - Marking task as SUCCESS. dag_id=LocalIngestionDag, task_id=wget, execution_date=20220202T060000, start_date=20220705T160744, end_date=20220705T160745
[2022-07-05 16:07:45,793] {local_task_job.py:154} INFO - Task exited with return code 0
[2022-07-05 16:07:45,857] {local_task_job.py:264} INFO - 0 downstream tasks scheduled from follow-on schedule check
