[2022-07-05 17:36:46,252] {taskinstance.py:1032} INFO - Dependencies all met for <TaskInstance: LocalIngestionDag.wget scheduled__2022-02-02T06:00:00+00:00 [queued]>
[2022-07-05 17:36:46,284] {taskinstance.py:1032} INFO - Dependencies all met for <TaskInstance: LocalIngestionDag.wget scheduled__2022-02-02T06:00:00+00:00 [queued]>
[2022-07-05 17:36:46,286] {taskinstance.py:1238} INFO - 
--------------------------------------------------------------------------------
[2022-07-05 17:36:46,289] {taskinstance.py:1239} INFO - Starting attempt 4 of 4
[2022-07-05 17:36:46,291] {taskinstance.py:1240} INFO - 
--------------------------------------------------------------------------------
[2022-07-05 17:36:46,372] {taskinstance.py:1259} INFO - Executing <Task(BashOperator): wget> on 2022-02-02 06:00:00+00:00
[2022-07-05 17:36:46,397] {standard_task_runner.py:52} INFO - Started process 2820 to run task
[2022-07-05 17:36:46,418] {standard_task_runner.py:76} INFO - Running: ['***', 'tasks', 'run', 'LocalIngestionDag', 'wget', 'scheduled__2022-02-02T06:00:00+00:00', '--job-id', '68', '--raw', '--subdir', 'DAGS_FOLDER/data_ingestion_local.py', '--cfg-path', '/tmp/tmppr2_1pbv', '--error-file', '/tmp/tmpa8d430me']
[2022-07-05 17:36:46,446] {standard_task_runner.py:77} INFO - Job 68: Subtask wget
[2022-07-05 17:36:46,709] {logging_mixin.py:109} INFO - Running <TaskInstance: LocalIngestionDag.wget scheduled__2022-02-02T06:00:00+00:00 [running]> on host ec047ba4deb7
[2022-07-05 17:36:47,020] {warnings.py:99} WARNING - /home/***/.local/lib/python3.6/site-packages/***/utils/context.py:152: AirflowContextDeprecationWarning: Accessing 'execution_date' from the template is deprecated and will be removed in a future version. Please use 'data_interval_start' or 'logical_date' instead.
  warnings.warn(_create_deprecation_warning(key, self._deprecation_replacements[key]))

[2022-07-05 17:36:47,098] {taskinstance.py:1426} INFO - Exporting the following env vars:
AIRFLOW_CTX_DAG_OWNER=***
AIRFLOW_CTX_DAG_ID=LocalIngestionDag
AIRFLOW_CTX_TASK_ID=wget
AIRFLOW_CTX_EXECUTION_DATE=2022-02-02T06:00:00+00:00
AIRFLOW_CTX_DAG_RUN_ID=scheduled__2022-02-02T06:00:00+00:00
[2022-07-05 17:36:47,111] {subprocess.py:62} INFO - Tmp dir root location: 
 /tmp
[2022-07-05 17:36:47,118] {subprocess.py:74} INFO - Running command: ['bash', '-c', 'curl -sSL https://nyc-tlc.s3.amazonaws.com/csv_backup//yellow_tripdata_2022-02.csv > /opt/***/output_2022-02.csv']
[2022-07-05 17:36:47,163] {subprocess.py:85} INFO - Output:
[2022-07-05 17:36:47,658] {subprocess.py:93} INFO - Command exited with return code 0
[2022-07-05 17:36:47,842] {taskinstance.py:1277} INFO - Marking task as SUCCESS. dag_id=LocalIngestionDag, task_id=wget, execution_date=20220202T060000, start_date=20220705T173646, end_date=20220705T173647
[2022-07-05 17:36:47,991] {local_task_job.py:154} INFO - Task exited with return code 0
[2022-07-05 17:36:48,275] {local_task_job.py:264} INFO - 1 downstream tasks scheduled from follow-on schedule check
