[2022-07-08 03:52:49,024] {taskinstance.py:1032} INFO - Dependencies all met for <TaskInstance: LocalIngestionDag.wget scheduled__2022-02-02T06:00:00+00:00 [queued]>
[2022-07-08 03:52:49,070] {taskinstance.py:1032} INFO - Dependencies all met for <TaskInstance: LocalIngestionDag.wget scheduled__2022-02-02T06:00:00+00:00 [queued]>
[2022-07-08 03:52:49,072] {taskinstance.py:1238} INFO - 
--------------------------------------------------------------------------------
[2022-07-08 03:52:49,078] {taskinstance.py:1239} INFO - Starting attempt 6 of 6
[2022-07-08 03:52:49,079] {taskinstance.py:1240} INFO - 
--------------------------------------------------------------------------------
[2022-07-08 03:52:49,105] {taskinstance.py:1259} INFO - Executing <Task(BashOperator): wget> on 2022-02-02 06:00:00+00:00
[2022-07-08 03:52:49,119] {standard_task_runner.py:52} INFO - Started process 6371 to run task
[2022-07-08 03:52:49,133] {standard_task_runner.py:76} INFO - Running: ['***', 'tasks', 'run', 'LocalIngestionDag', 'wget', 'scheduled__2022-02-02T06:00:00+00:00', '--job-id', '137', '--raw', '--subdir', 'DAGS_FOLDER/data_ingestion_local.py', '--cfg-path', '/tmp/tmphz6ufokb', '--error-file', '/tmp/tmp22oh02om']
[2022-07-08 03:52:49,135] {standard_task_runner.py:77} INFO - Job 137: Subtask wget
[2022-07-08 03:52:49,323] {logging_mixin.py:109} INFO - Running <TaskInstance: LocalIngestionDag.wget scheduled__2022-02-02T06:00:00+00:00 [running]> on host 2b856f2081be
[2022-07-08 03:52:49,405] {warnings.py:99} WARNING - /home/***/.local/lib/python3.6/site-packages/***/utils/context.py:152: AirflowContextDeprecationWarning: Accessing 'execution_date' from the template is deprecated and will be removed in a future version. Please use 'data_interval_start' or 'logical_date' instead.
  warnings.warn(_create_deprecation_warning(key, self._deprecation_replacements[key]))

[2022-07-08 03:52:49,456] {taskinstance.py:1426} INFO - Exporting the following env vars:
AIRFLOW_CTX_DAG_OWNER=***
AIRFLOW_CTX_DAG_ID=LocalIngestionDag
AIRFLOW_CTX_TASK_ID=wget
AIRFLOW_CTX_EXECUTION_DATE=2022-02-02T06:00:00+00:00
AIRFLOW_CTX_DAG_RUN_ID=scheduled__2022-02-02T06:00:00+00:00
[2022-07-08 03:52:49,459] {subprocess.py:62} INFO - Tmp dir root location: 
 /tmp
[2022-07-08 03:52:49,461] {subprocess.py:74} INFO - Running command: ['bash', '-c', 'echo "2022_02" ']
[2022-07-08 03:52:49,479] {subprocess.py:85} INFO - Output:
[2022-07-08 03:52:49,484] {subprocess.py:89} INFO - 2022_02
[2022-07-08 03:52:49,485] {subprocess.py:93} INFO - Command exited with return code 0
[2022-07-08 03:52:49,650] {taskinstance.py:1277} INFO - Marking task as SUCCESS. dag_id=LocalIngestionDag, task_id=wget, execution_date=20220202T060000, start_date=20220708T035249, end_date=20220708T035249
[2022-07-08 03:52:49,766] {local_task_job.py:154} INFO - Task exited with return code 0
[2022-07-08 03:52:49,869] {local_task_job.py:264} INFO - 0 downstream tasks scheduled from follow-on schedule check
