[2022-08-05 17:19:51,834] {taskinstance.py:1032} INFO - Dependencies all met for <TaskInstance: move_gcs_trip_data_to_bq_workflow2.insert_query_job_fhv scheduled__2022-08-04T00:00:00+00:00 [queued]>
[2022-08-05 17:19:51,850] {taskinstance.py:1032} INFO - Dependencies all met for <TaskInstance: move_gcs_trip_data_to_bq_workflow2.insert_query_job_fhv scheduled__2022-08-04T00:00:00+00:00 [queued]>
[2022-08-05 17:19:51,851] {taskinstance.py:1238} INFO - 
--------------------------------------------------------------------------------
[2022-08-05 17:19:51,853] {taskinstance.py:1239} INFO - Starting attempt 5 of 6
[2022-08-05 17:19:51,854] {taskinstance.py:1240} INFO - 
--------------------------------------------------------------------------------
[2022-08-05 17:19:51,872] {taskinstance.py:1259} INFO - Executing <Task(BigQueryInsertJobOperator): insert_query_job_fhv> on 2022-08-04 00:00:00+00:00
[2022-08-05 17:19:51,881] {standard_task_runner.py:52} INFO - Started process 7227 to run task
[2022-08-05 17:19:51,890] {standard_task_runner.py:76} INFO - Running: ['***', 'tasks', 'run', 'move_gcs_trip_data_to_bq_workflow2', 'insert_query_job_fhv', 'scheduled__2022-08-04T00:00:00+00:00', '--job-id', '124', '--raw', '--subdir', 'DAGS_FOLDER/gcs_to_bq.py', '--cfg-path', '/tmp/tmph9ffm3m1', '--error-file', '/tmp/tmpz3idfmhk']
[2022-08-05 17:19:51,891] {standard_task_runner.py:77} INFO - Job 124: Subtask insert_query_job_fhv
[2022-08-05 17:19:51,981] {logging_mixin.py:109} INFO - Running <TaskInstance: move_gcs_trip_data_to_bq_workflow2.insert_query_job_fhv scheduled__2022-08-04T00:00:00+00:00 [running]> on host a02ae1da6c7b
[2022-08-05 17:19:52,054] {taskinstance.py:1426} INFO - Exporting the following env vars:
AIRFLOW_CTX_DAG_OWNER=***
AIRFLOW_CTX_DAG_ID=move_gcs_trip_data_to_bq_workflow2
AIRFLOW_CTX_TASK_ID=insert_query_job_fhv
AIRFLOW_CTX_EXECUTION_DATE=2022-08-04T00:00:00+00:00
AIRFLOW_CTX_DAG_RUN_ID=scheduled__2022-08-04T00:00:00+00:00
[2022-08-05 17:19:52,058] {crypto.py:82} WARNING - empty cryptography key - values will not be stored encrypted.
[2022-08-05 17:19:52,060] {warnings.py:110} WARNING - /home/***/.local/lib/python3.7/site-packages/***/utils/context.py:152: AirflowContextDeprecationWarning: Accessing 'execution_date' from the template is deprecated and will be removed in a future version. Please use 'data_interval_start' or 'logical_date' instead.
  warnings.warn(_create_deprecation_warning(key, self._deprecation_replacements[key]))

[2022-08-05 17:19:52,070] {bigquery.py:1637} INFO - Inserting job ***_move_gcs_trip_data_to_bq_workflow2_insert_query_job_fhv_2022_08_04T00_00_00_00_00_c7b6c1b4520ad76a906bbdcf01e20889
[2022-08-05 17:19:53,282] {taskinstance.py:1700} ERROR - Task failed with exception
Traceback (most recent call last):
  File "/home/airflow/.local/lib/python3.7/site-packages/airflow/models/taskinstance.py", line 1329, in _run_raw_task
    self._execute_task_with_callbacks(context)
  File "/home/airflow/.local/lib/python3.7/site-packages/airflow/models/taskinstance.py", line 1455, in _execute_task_with_callbacks
    result = self._execute_task(context, self.task)
  File "/home/airflow/.local/lib/python3.7/site-packages/airflow/models/taskinstance.py", line 1511, in _execute_task
    result = execute_callable(context=context)
  File "/home/airflow/.local/lib/python3.7/site-packages/airflow/providers/google/cloud/operators/bigquery.py", line 2287, in execute
    job = self._submit_job(hook, job_id)
  File "/home/airflow/.local/lib/python3.7/site-packages/airflow/providers/google/cloud/operators/bigquery.py", line 2253, in _submit_job
    job_id=job_id,
  File "/home/airflow/.local/lib/python3.7/site-packages/airflow/providers/google/common/hooks/base_google.py", line 430, in inner_wrapper
    return func(self, *args, **kwargs)
  File "/home/airflow/.local/lib/python3.7/site-packages/airflow/providers/google/cloud/hooks/bigquery.py", line 1639, in insert_job
    job.result()
  File "/home/airflow/.local/lib/python3.7/site-packages/google/cloud/bigquery/job/query.py", line 1447, in result
    do_get_result()
  File "/home/airflow/.local/lib/python3.7/site-packages/google/cloud/bigquery/job/query.py", line 1437, in do_get_result
    super(QueryJob, self).result(retry=retry, timeout=timeout)
  File "/home/airflow/.local/lib/python3.7/site-packages/google/cloud/bigquery/job/base.py", line 727, in result
    return super(_AsyncJob, self).result(timeout=timeout, **kwargs)
  File "/home/airflow/.local/lib/python3.7/site-packages/google/api_core/future/polling.py", line 135, in result
    raise self._exception
google.api_core.exceptions.BadRequest: 400 Error while reading table: trips_data_all.external_fhv_tripdata, error message: Parquet column 'PUlocationID' has type INT64 which does not match the target cpp_type DOUBLE. File: gs://dtc_data_lake_wise-logic-354820/fhv/fhv_2019-05.parquet

(job ID: airflow_move_gcs_trip_data_to_bq_workflow2_insert_query_job_fhv_2022_08_04T00_00_00_00_00_c7b6c1b4520ad76a906bbdcf01e20889)

                                 -----Query Job SQL Follows-----                                 

    |    .    |    .    |    .    |    .    |    .    |    .    |    .    |    .    |    .    |
   1:    
   2:                CREATE OR REPLACE TABLE trips_data_all.fhv_tripdata_partitoned
   3:                PARTITION BY DATE(pickup_datetime) AS
   4:                SELECT * REPLACE(NULL AS SR_Flag) FROM trips_data_all.external_fhv_tripdata;
   5:            
    |    .    |    .    |    .    |    .    |    .    |    .    |    .    |    .    |    .    |
[2022-08-05 17:19:53,310] {taskinstance.py:1277} INFO - Marking task as UP_FOR_RETRY. dag_id=move_gcs_trip_data_to_bq_workflow2, task_id=insert_query_job_fhv, execution_date=20220804T000000, start_date=20220805T171951, end_date=20220805T171953
[2022-08-05 17:19:53,338] {standard_task_runner.py:92} ERROR - Failed to execute job 124 for task insert_query_job_fhv
Traceback (most recent call last):
  File "/home/airflow/.local/lib/python3.7/site-packages/airflow/task/task_runner/standard_task_runner.py", line 85, in _start_by_fork
    args.func(args, dag=self.dag)
  File "/home/airflow/.local/lib/python3.7/site-packages/airflow/cli/cli_parser.py", line 48, in command
    return func(*args, **kwargs)
  File "/home/airflow/.local/lib/python3.7/site-packages/airflow/utils/cli.py", line 92, in wrapper
    return f(*args, **kwargs)
  File "/home/airflow/.local/lib/python3.7/site-packages/airflow/cli/commands/task_command.py", line 298, in task_run
    _run_task_by_selected_method(args, dag, ti)
  File "/home/airflow/.local/lib/python3.7/site-packages/airflow/cli/commands/task_command.py", line 107, in _run_task_by_selected_method
    _run_raw_task(args, ti)
  File "/home/airflow/.local/lib/python3.7/site-packages/airflow/cli/commands/task_command.py", line 184, in _run_raw_task
    error_file=args.error_file,
  File "/home/airflow/.local/lib/python3.7/site-packages/airflow/utils/session.py", line 70, in wrapper
    return func(*args, session=session, **kwargs)
  File "/home/airflow/.local/lib/python3.7/site-packages/airflow/models/taskinstance.py", line 1329, in _run_raw_task
    self._execute_task_with_callbacks(context)
  File "/home/airflow/.local/lib/python3.7/site-packages/airflow/models/taskinstance.py", line 1455, in _execute_task_with_callbacks
    result = self._execute_task(context, self.task)
  File "/home/airflow/.local/lib/python3.7/site-packages/airflow/models/taskinstance.py", line 1511, in _execute_task
    result = execute_callable(context=context)
  File "/home/airflow/.local/lib/python3.7/site-packages/airflow/providers/google/cloud/operators/bigquery.py", line 2287, in execute
    job = self._submit_job(hook, job_id)
  File "/home/airflow/.local/lib/python3.7/site-packages/airflow/providers/google/cloud/operators/bigquery.py", line 2253, in _submit_job
    job_id=job_id,
  File "/home/airflow/.local/lib/python3.7/site-packages/airflow/providers/google/common/hooks/base_google.py", line 430, in inner_wrapper
    return func(self, *args, **kwargs)
  File "/home/airflow/.local/lib/python3.7/site-packages/airflow/providers/google/cloud/hooks/bigquery.py", line 1639, in insert_job
    job.result()
  File "/home/airflow/.local/lib/python3.7/site-packages/google/cloud/bigquery/job/query.py", line 1447, in result
    do_get_result()
  File "/home/airflow/.local/lib/python3.7/site-packages/google/cloud/bigquery/job/query.py", line 1437, in do_get_result
    super(QueryJob, self).result(retry=retry, timeout=timeout)
  File "/home/airflow/.local/lib/python3.7/site-packages/google/cloud/bigquery/job/base.py", line 727, in result
    return super(_AsyncJob, self).result(timeout=timeout, **kwargs)
  File "/home/airflow/.local/lib/python3.7/site-packages/google/api_core/future/polling.py", line 135, in result
    raise self._exception
google.api_core.exceptions.BadRequest: 400 Error while reading table: trips_data_all.external_fhv_tripdata, error message: Parquet column 'PUlocationID' has type INT64 which does not match the target cpp_type DOUBLE. File: gs://dtc_data_lake_wise-logic-354820/fhv/fhv_2019-05.parquet

(job ID: airflow_move_gcs_trip_data_to_bq_workflow2_insert_query_job_fhv_2022_08_04T00_00_00_00_00_c7b6c1b4520ad76a906bbdcf01e20889)

                                 -----Query Job SQL Follows-----                                 

    |    .    |    .    |    .    |    .    |    .    |    .    |    .    |    .    |    .    |
   1:    
   2:                CREATE OR REPLACE TABLE trips_data_all.fhv_tripdata_partitoned
   3:                PARTITION BY DATE(pickup_datetime) AS
   4:                SELECT * REPLACE(NULL AS SR_Flag) FROM trips_data_all.external_fhv_tripdata;
   5:            
    |    .    |    .    |    .    |    .    |    .    |    .    |    .    |    .    |    .    |
[2022-08-05 17:19:53,396] {local_task_job.py:154} INFO - Task exited with return code 1
[2022-08-05 17:19:53,461] {local_task_job.py:264} INFO - 0 downstream tasks scheduled from follow-on schedule check
