[2022-07-08 05:41:10,040] {taskinstance.py:1032} INFO - Dependencies all met for <TaskInstance: yt_dag7.download_data_task scheduled__2020-03-02T06:00:00+00:00 [queued]>
[2022-07-08 05:41:10,320] {taskinstance.py:1032} INFO - Dependencies all met for <TaskInstance: yt_dag7.download_data_task scheduled__2020-03-02T06:00:00+00:00 [queued]>
[2022-07-08 05:41:10,322] {taskinstance.py:1238} INFO - 
--------------------------------------------------------------------------------
[2022-07-08 05:41:10,332] {taskinstance.py:1239} INFO - Starting attempt 1 of 1
[2022-07-08 05:41:10,344] {taskinstance.py:1240} INFO - 
--------------------------------------------------------------------------------
[2022-07-08 05:41:10,762] {taskinstance.py:1259} INFO - Executing <Task(BashOperator): download_data_task> on 2020-03-02 06:00:00+00:00
[2022-07-08 05:41:10,923] {standard_task_runner.py:52} INFO - Started process 229 to run task
[2022-07-08 05:41:11,285] {standard_task_runner.py:76} INFO - Running: ['***', 'tasks', 'run', 'yt_dag7', 'download_data_task', 'scheduled__2020-03-02T06:00:00+00:00', '--job-id', '327', '--raw', '--subdir', 'DAGS_FOLDER/yellow_taxi_dag.py', '--cfg-path', '/tmp/tmp42rwtuj0', '--error-file', '/tmp/tmpzh39adaz']
[2022-07-08 05:41:11,731] {standard_task_runner.py:77} INFO - Job 327: Subtask download_data_task
[2022-07-08 05:41:14,733] {logging_mixin.py:109} INFO - Running <TaskInstance: yt_dag7.download_data_task scheduled__2020-03-02T06:00:00+00:00 [running]> on host 2b856f2081be
[2022-07-08 05:41:15,080] {warnings.py:99} WARNING - /home/***/.local/lib/python3.6/site-packages/***/utils/context.py:152: AirflowContextDeprecationWarning: Accessing 'execution_date' from the template is deprecated and will be removed in a future version. Please use 'data_interval_start' or 'logical_date' instead.
  warnings.warn(_create_deprecation_warning(key, self._deprecation_replacements[key]))

[2022-07-08 05:41:15,521] {taskinstance.py:1426} INFO - Exporting the following env vars:
AIRFLOW_CTX_DAG_OWNER=***
AIRFLOW_CTX_DAG_ID=yt_dag7
AIRFLOW_CTX_TASK_ID=download_data_task
AIRFLOW_CTX_EXECUTION_DATE=2020-03-02T06:00:00+00:00
AIRFLOW_CTX_DAG_RUN_ID=scheduled__2020-03-02T06:00:00+00:00
[2022-07-08 05:41:15,572] {subprocess.py:62} INFO - Tmp dir root location: 
 /tmp
[2022-07-08 05:41:15,597] {subprocess.py:74} INFO - Running command: ['bash', '-c', 'curl -sSL https://d37ci6vzurychx.cloudfront.net/trip-data/yellow_tripdata_2020-03.parquet > /opt/***/yellow_tripdata_2020-03.parquet']
[2022-07-08 05:41:15,740] {subprocess.py:85} INFO - Output:
[2022-07-08 05:45:38,083] {subprocess.py:93} INFO - Command exited with return code 0
[2022-07-08 05:45:49,099] {taskinstance.py:1277} INFO - Marking task as SUCCESS. dag_id=yt_dag7, task_id=download_data_task, execution_date=20200302T060000, start_date=20220708T054110, end_date=20220708T054549
[2022-07-08 05:45:52,194] {local_task_job.py:154} INFO - Task exited with return code 0
[2022-07-08 05:45:53,487] {local_task_job.py:264} INFO - 1 downstream tasks scheduled from follow-on schedule check
