[2022-08-05 15:32:54,298] {taskinstance.py:1032} INFO - Dependencies all met for <TaskInstance: move_gcs_trip_data_to_bq_workflow.bigquery_external_table_task manual__2022-08-05T15:32:42.406312+00:00 [queued]>
[2022-08-05 15:32:54,313] {taskinstance.py:1032} INFO - Dependencies all met for <TaskInstance: move_gcs_trip_data_to_bq_workflow.bigquery_external_table_task manual__2022-08-05T15:32:42.406312+00:00 [queued]>
[2022-08-05 15:32:54,315] {taskinstance.py:1238} INFO - 
--------------------------------------------------------------------------------
[2022-08-05 15:32:54,322] {taskinstance.py:1239} INFO - Starting attempt 1 of 2
[2022-08-05 15:32:54,322] {taskinstance.py:1240} INFO - 
--------------------------------------------------------------------------------
[2022-08-05 15:32:54,338] {taskinstance.py:1259} INFO - Executing <Task(BigQueryCreateExternalTableOperator): bigquery_external_table_task> on 2022-08-05 15:32:42.406312+00:00
[2022-08-05 15:32:54,347] {standard_task_runner.py:52} INFO - Started process 2314 to run task
[2022-08-05 15:32:54,356] {standard_task_runner.py:76} INFO - Running: ['***', 'tasks', 'run', 'move_gcs_trip_data_to_bq_workflow', 'bigquery_external_table_task', 'manual__2022-08-05T15:32:42.406312+00:00', '--job-id', '41', '--raw', '--subdir', 'DAGS_FOLDER/gcs_to_bq.py', '--cfg-path', '/tmp/tmp5n92w5ih', '--error-file', '/tmp/tmpg2z63qk7']
[2022-08-05 15:32:54,358] {standard_task_runner.py:77} INFO - Job 41: Subtask bigquery_external_table_task
[2022-08-05 15:32:54,445] {logging_mixin.py:109} INFO - Running <TaskInstance: move_gcs_trip_data_to_bq_workflow.bigquery_external_table_task manual__2022-08-05T15:32:42.406312+00:00 [running]> on host a02ae1da6c7b
[2022-08-05 15:32:54,536] {taskinstance.py:1426} INFO - Exporting the following env vars:
AIRFLOW_CTX_DAG_OWNER=***
AIRFLOW_CTX_DAG_ID=move_gcs_trip_data_to_bq_workflow
AIRFLOW_CTX_TASK_ID=bigquery_external_table_task
AIRFLOW_CTX_EXECUTION_DATE=2022-08-05T15:32:42.406312+00:00
AIRFLOW_CTX_DAG_RUN_ID=manual__2022-08-05T15:32:42.406312+00:00
[2022-08-05 15:32:54,540] {crypto.py:82} WARNING - empty cryptography key - values will not be stored encrypted.
[2022-08-05 15:32:55,477] {taskinstance.py:1277} INFO - Marking task as SUCCESS. dag_id=move_gcs_trip_data_to_bq_workflow, task_id=bigquery_external_table_task, execution_date=20220805T153242, start_date=20220805T153254, end_date=20220805T153255
[2022-08-05 15:32:55,557] {local_task_job.py:154} INFO - Task exited with return code 0
[2022-08-05 15:32:55,621] {local_task_job.py:264} INFO - 1 downstream tasks scheduled from follow-on schedule check
