[2022-08-05 15:47:44,765] {taskinstance.py:1032} INFO - Dependencies all met for <TaskInstance: move_gcs_trip_data_to_bq_workflow.bigquery_external_table_task manual__2022-08-05T15:32:42.406312+00:00 [queued]>
[2022-08-05 15:47:44,788] {taskinstance.py:1032} INFO - Dependencies all met for <TaskInstance: move_gcs_trip_data_to_bq_workflow.bigquery_external_table_task manual__2022-08-05T15:32:42.406312+00:00 [queued]>
[2022-08-05 15:47:44,790] {taskinstance.py:1238} INFO - 
--------------------------------------------------------------------------------
[2022-08-05 15:47:44,791] {taskinstance.py:1239} INFO - Starting attempt 2 of 3
[2022-08-05 15:47:44,795] {taskinstance.py:1240} INFO - 
--------------------------------------------------------------------------------
[2022-08-05 15:47:44,815] {taskinstance.py:1259} INFO - Executing <Task(BigQueryCreateExternalTableOperator): bigquery_external_table_task> on 2022-08-05 15:32:42.406312+00:00
[2022-08-05 15:47:44,823] {standard_task_runner.py:52} INFO - Started process 2978 to run task
[2022-08-05 15:47:44,828] {standard_task_runner.py:76} INFO - Running: ['***', 'tasks', 'run', 'move_gcs_trip_data_to_bq_workflow', 'bigquery_external_table_task', 'manual__2022-08-05T15:32:42.406312+00:00', '--job-id', '52', '--raw', '--subdir', 'DAGS_FOLDER/gcs_to_bq.py', '--cfg-path', '/tmp/tmpk4o4cana', '--error-file', '/tmp/tmp1ktsqjlp']
[2022-08-05 15:47:44,830] {standard_task_runner.py:77} INFO - Job 52: Subtask bigquery_external_table_task
[2022-08-05 15:47:44,911] {logging_mixin.py:109} INFO - Running <TaskInstance: move_gcs_trip_data_to_bq_workflow.bigquery_external_table_task manual__2022-08-05T15:32:42.406312+00:00 [running]> on host a02ae1da6c7b
[2022-08-05 15:47:44,993] {taskinstance.py:1426} INFO - Exporting the following env vars:
AIRFLOW_CTX_DAG_OWNER=***
AIRFLOW_CTX_DAG_ID=move_gcs_trip_data_to_bq_workflow
AIRFLOW_CTX_TASK_ID=bigquery_external_table_task
AIRFLOW_CTX_EXECUTION_DATE=2022-08-05T15:32:42.406312+00:00
AIRFLOW_CTX_DAG_RUN_ID=manual__2022-08-05T15:32:42.406312+00:00
[2022-08-05 15:47:44,998] {crypto.py:82} WARNING - empty cryptography key - values will not be stored encrypted.
[2022-08-05 15:47:45,657] {taskinstance.py:1277} INFO - Marking task as SUCCESS. dag_id=move_gcs_trip_data_to_bq_workflow, task_id=bigquery_external_table_task, execution_date=20220805T153242, start_date=20220805T154744, end_date=20220805T154745
[2022-08-05 15:47:45,734] {local_task_job.py:154} INFO - Task exited with return code 0
[2022-08-05 15:47:45,816] {local_task_job.py:264} INFO - 1 downstream tasks scheduled from follow-on schedule check
