[2022-07-08 20:00:59,644] {taskinstance.py:1032} INFO - Dependencies all met for <TaskInstance: gt_dag.download_data_task scheduled__2019-04-02T06:00:00+00:00 [queued]>
[2022-07-08 20:00:59,986] {taskinstance.py:1032} INFO - Dependencies all met for <TaskInstance: gt_dag.download_data_task scheduled__2019-04-02T06:00:00+00:00 [queued]>
[2022-07-08 20:00:59,996] {taskinstance.py:1238} INFO - 
--------------------------------------------------------------------------------
[2022-07-08 20:00:59,999] {taskinstance.py:1239} INFO - Starting attempt 1 of 1
[2022-07-08 20:01:00,001] {taskinstance.py:1240} INFO - 
--------------------------------------------------------------------------------
[2022-07-08 20:01:00,710] {taskinstance.py:1259} INFO - Executing <Task(BashOperator): download_data_task> on 2019-04-02 06:00:00+00:00
[2022-07-08 20:01:00,907] {standard_task_runner.py:52} INFO - Started process 15017 to run task
[2022-07-08 20:01:01,135] {standard_task_runner.py:76} INFO - Running: ['***', 'tasks', 'run', 'gt_dag', 'download_data_task', 'scheduled__2019-04-02T06:00:00+00:00', '--job-id', '402', '--raw', '--subdir', 'DAGS_FOLDER/green_taxi_dag.py', '--cfg-path', '/tmp/tmp2gxu9opt', '--error-file', '/tmp/tmpvhudcixt']
[2022-07-08 20:01:01,275] {standard_task_runner.py:77} INFO - Job 402: Subtask download_data_task
[2022-07-08 20:01:04,165] {logging_mixin.py:109} INFO - Running <TaskInstance: gt_dag.download_data_task scheduled__2019-04-02T06:00:00+00:00 [running]> on host 2b856f2081be
[2022-07-08 20:01:06,137] {warnings.py:99} WARNING - /home/***/.local/lib/python3.6/site-packages/***/utils/context.py:152: AirflowContextDeprecationWarning: Accessing 'execution_date' from the template is deprecated and will be removed in a future version. Please use 'data_interval_start' or 'logical_date' instead.
  warnings.warn(_create_deprecation_warning(key, self._deprecation_replacements[key]))

[2022-07-08 20:01:06,683] {taskinstance.py:1426} INFO - Exporting the following env vars:
AIRFLOW_CTX_DAG_OWNER=***
AIRFLOW_CTX_DAG_ID=gt_dag
AIRFLOW_CTX_TASK_ID=download_data_task
AIRFLOW_CTX_EXECUTION_DATE=2019-04-02T06:00:00+00:00
AIRFLOW_CTX_DAG_RUN_ID=scheduled__2019-04-02T06:00:00+00:00
[2022-07-08 20:01:06,702] {subprocess.py:62} INFO - Tmp dir root location: 
 /tmp
[2022-07-08 20:01:06,705] {subprocess.py:74} INFO - Running command: ['bash', '-c', 'curl -sSL https://d37ci6vzurychx.cloudfront.net/trip-data/green_tripdata_2019-04.parquet > /opt/***/green_tripdata_2019-04.parquet']
[2022-07-08 20:01:06,841] {subprocess.py:85} INFO - Output:
[2022-07-08 20:01:11,290] {subprocess.py:93} INFO - Command exited with return code 0
[2022-07-08 20:01:12,449] {taskinstance.py:1277} INFO - Marking task as SUCCESS. dag_id=gt_dag, task_id=download_data_task, execution_date=20190402T060000, start_date=20220708T200059, end_date=20220708T200112
[2022-07-08 20:01:13,141] {local_task_job.py:154} INFO - Task exited with return code 0
[2022-07-08 20:01:13,819] {local_task_job.py:264} INFO - 1 downstream tasks scheduled from follow-on schedule check
