[2022-07-07 21:19:43,550] {taskinstance.py:1032} INFO - Dependencies all met for <TaskInstance: data_ingestion_gcs_full_yt.local_to_gcs_task manual__2022-07-07T21:18:55.221148+00:00 [queued]>
[2022-07-07 21:19:43,662] {taskinstance.py:1032} INFO - Dependencies all met for <TaskInstance: data_ingestion_gcs_full_yt.local_to_gcs_task manual__2022-07-07T21:18:55.221148+00:00 [queued]>
[2022-07-07 21:19:43,677] {taskinstance.py:1238} INFO - 
--------------------------------------------------------------------------------
[2022-07-07 21:19:43,681] {taskinstance.py:1239} INFO - Starting attempt 1 of 2
[2022-07-07 21:19:43,684] {taskinstance.py:1240} INFO - 
--------------------------------------------------------------------------------
[2022-07-07 21:19:43,726] {taskinstance.py:1259} INFO - Executing <Task(PythonOperator): local_to_gcs_task> on 2022-07-07 21:18:55.221148+00:00
[2022-07-07 21:19:43,769] {standard_task_runner.py:76} INFO - Running: ['***', 'tasks', 'run', 'data_ingestion_gcs_full_yt', 'local_to_gcs_task', 'manual__2022-07-07T21:18:55.221148+00:00', '--job-id', '120', '--raw', '--subdir', 'DAGS_FOLDER/data_ingestion_gcs_full_yt.py', '--cfg-path', '/tmp/tmpvkmh3ojh', '--error-file', '/tmp/tmpbe_2qcs3']
[2022-07-07 21:19:43,797] {standard_task_runner.py:77} INFO - Job 120: Subtask local_to_gcs_task
[2022-07-07 21:19:43,755] {standard_task_runner.py:52} INFO - Started process 2443 to run task
[2022-07-07 21:19:44,307] {logging_mixin.py:109} INFO - Running <TaskInstance: data_ingestion_gcs_full_yt.local_to_gcs_task manual__2022-07-07T21:18:55.221148+00:00 [running]> on host 2b856f2081be
[2022-07-07 21:19:44,506] {taskinstance.py:1426} INFO - Exporting the following env vars:
AIRFLOW_CTX_DAG_OWNER=***
AIRFLOW_CTX_DAG_ID=data_ingestion_gcs_full_yt
AIRFLOW_CTX_TASK_ID=local_to_gcs_task
AIRFLOW_CTX_EXECUTION_DATE=2022-07-07T21:18:55.221148+00:00
AIRFLOW_CTX_DAG_RUN_ID=manual__2022-07-07T21:18:55.221148+00:00
[2022-07-07 21:19:45,070] {python.py:175} INFO - Done. Returned value was: None
[2022-07-07 21:19:45,126] {taskinstance.py:1277} INFO - Marking task as SUCCESS. dag_id=data_ingestion_gcs_full_yt, task_id=local_to_gcs_task, execution_date=20220707T211855, start_date=20220707T211943, end_date=20220707T211945
[2022-07-07 21:19:45,255] {local_task_job.py:154} INFO - Task exited with return code 0
[2022-07-07 21:19:45,778] {local_task_job.py:264} INFO - 0 downstream tasks scheduled from follow-on schedule check
