[2022-07-08 06:07:23,359] {taskinstance.py:1032} INFO - Dependencies all met for <TaskInstance: yt_dag7.local_to_gcs_task scheduled__2020-10-02T06:00:00+00:00 [queued]>
[2022-07-08 06:07:23,391] {taskinstance.py:1032} INFO - Dependencies all met for <TaskInstance: yt_dag7.local_to_gcs_task scheduled__2020-10-02T06:00:00+00:00 [queued]>
[2022-07-08 06:07:23,393] {taskinstance.py:1238} INFO - 
--------------------------------------------------------------------------------
[2022-07-08 06:07:23,394] {taskinstance.py:1239} INFO - Starting attempt 2 of 2
[2022-07-08 06:07:23,396] {taskinstance.py:1240} INFO - 
--------------------------------------------------------------------------------
[2022-07-08 06:07:23,421] {taskinstance.py:1259} INFO - Executing <Task(PythonOperator): local_to_gcs_task> on 2020-10-02 06:00:00+00:00
[2022-07-08 06:07:23,428] {standard_task_runner.py:52} INFO - Started process 1254 to run task
[2022-07-08 06:07:23,435] {standard_task_runner.py:76} INFO - Running: ['***', 'tasks', 'run', 'yt_dag7', 'local_to_gcs_task', 'scheduled__2020-10-02T06:00:00+00:00', '--job-id', '361', '--raw', '--subdir', 'DAGS_FOLDER/yellow_taxi_dag.py', '--cfg-path', '/tmp/tmpv3bcodgv', '--error-file', '/tmp/tmp3skb7kqm']
[2022-07-08 06:07:23,449] {standard_task_runner.py:77} INFO - Job 361: Subtask local_to_gcs_task
[2022-07-08 06:07:23,564] {logging_mixin.py:109} INFO - Running <TaskInstance: yt_dag7.local_to_gcs_task scheduled__2020-10-02T06:00:00+00:00 [running]> on host 2b856f2081be
[2022-07-08 06:07:23,680] {warnings.py:99} WARNING - /home/***/.local/lib/python3.6/site-packages/***/utils/context.py:152: AirflowContextDeprecationWarning: Accessing 'execution_date' from the template is deprecated and will be removed in a future version. Please use 'data_interval_start' or 'logical_date' instead.
  warnings.warn(_create_deprecation_warning(key, self._deprecation_replacements[key]))

[2022-07-08 06:07:23,736] {taskinstance.py:1426} INFO - Exporting the following env vars:
AIRFLOW_CTX_DAG_OWNER=***
AIRFLOW_CTX_DAG_ID=yt_dag7
AIRFLOW_CTX_TASK_ID=local_to_gcs_task
AIRFLOW_CTX_EXECUTION_DATE=2020-10-02T06:00:00+00:00
AIRFLOW_CTX_DAG_RUN_ID=scheduled__2020-10-02T06:00:00+00:00
[2022-07-08 06:07:51,544] {python.py:175} INFO - Done. Returned value was: None
[2022-07-08 06:07:51,683] {taskinstance.py:1277} INFO - Marking task as SUCCESS. dag_id=yt_dag7, task_id=local_to_gcs_task, execution_date=20201002T060000, start_date=20220708T060723, end_date=20220708T060751
[2022-07-08 06:07:51,836] {local_task_job.py:154} INFO - Task exited with return code 0
[2022-07-08 06:07:51,977] {local_task_job.py:264} INFO - 0 downstream tasks scheduled from follow-on schedule check
