[2022-07-05 13:32:46,985] {taskinstance.py:1032} INFO - Dependencies all met for <TaskInstance: data_ingestion_gcs_dag.download_dataset_task scheduled__2022-07-04T00:00:00+00:00 [queued]>
[2022-07-05 13:32:47,012] {taskinstance.py:1032} INFO - Dependencies all met for <TaskInstance: data_ingestion_gcs_dag.download_dataset_task scheduled__2022-07-04T00:00:00+00:00 [queued]>
[2022-07-05 13:32:47,016] {taskinstance.py:1238} INFO - 
--------------------------------------------------------------------------------
[2022-07-05 13:32:47,018] {taskinstance.py:1239} INFO - Starting attempt 1 of 2
[2022-07-05 13:32:47,021] {taskinstance.py:1240} INFO - 
--------------------------------------------------------------------------------
[2022-07-05 13:32:47,051] {taskinstance.py:1259} INFO - Executing <Task(BashOperator): download_dataset_task> on 2022-07-04 00:00:00+00:00
[2022-07-05 13:32:47,064] {standard_task_runner.py:52} INFO - Started process 3551 to run task
[2022-07-05 13:32:47,091] {standard_task_runner.py:76} INFO - Running: ['***', 'tasks', 'run', 'data_ingestion_gcs_dag', 'download_dataset_task', 'scheduled__2022-07-04T00:00:00+00:00', '--job-id', '38', '--raw', '--subdir', 'DAGS_FOLDER/data_ingestion_gcs_dag.py', '--cfg-path', '/tmp/tmp2x58jv5s', '--error-file', '/tmp/tmp2s1r6w3y']
[2022-07-05 13:32:47,110] {standard_task_runner.py:77} INFO - Job 38: Subtask download_dataset_task
[2022-07-05 13:32:47,369] {logging_mixin.py:109} INFO - Running <TaskInstance: data_ingestion_gcs_dag.download_dataset_task scheduled__2022-07-04T00:00:00+00:00 [running]> on host 04e296ede4ca
[2022-07-05 13:32:47,604] {taskinstance.py:1426} INFO - Exporting the following env vars:
AIRFLOW_CTX_DAG_OWNER=***
AIRFLOW_CTX_DAG_ID=data_ingestion_gcs_dag
AIRFLOW_CTX_TASK_ID=download_dataset_task
AIRFLOW_CTX_EXECUTION_DATE=2022-07-04T00:00:00+00:00
AIRFLOW_CTX_DAG_RUN_ID=scheduled__2022-07-04T00:00:00+00:00
[2022-07-05 13:32:47,618] {subprocess.py:62} INFO - Tmp dir root location: 
 /tmp
[2022-07-05 13:32:47,621] {subprocess.py:74} INFO - Running command: ['bash', '-c', 'curl -sSL https://nyc-tlc.s3.amazonaws.com/csv_backup/yellow_tripdata_2021-01.csv > /opt/***/yellow_tripdata_2021-01.csv']
[2022-07-05 13:32:47,692] {subprocess.py:85} INFO - Output:
[2022-07-05 13:33:48,150] {subprocess.py:93} INFO - Command exited with return code 0
[2022-07-05 13:33:48,367] {taskinstance.py:1277} INFO - Marking task as SUCCESS. dag_id=data_ingestion_gcs_dag, task_id=download_dataset_task, execution_date=20220704T000000, start_date=20220705T133246, end_date=20220705T133348
[2022-07-05 13:33:48,526] {local_task_job.py:154} INFO - Task exited with return code 0
[2022-07-05 13:33:48,693] {local_task_job.py:264} INFO - 1 downstream tasks scheduled from follow-on schedule check
