[2022-07-08 04:59:57,883] {taskinstance.py:1032} INFO - Dependencies all met for <TaskInstance: yellow_taxi_dag2.curl scheduled__2019-10-02T06:00:00+00:00 [queued]>
[2022-07-08 04:59:57,941] {taskinstance.py:1032} INFO - Dependencies all met for <TaskInstance: yellow_taxi_dag2.curl scheduled__2019-10-02T06:00:00+00:00 [queued]>
[2022-07-08 04:59:57,943] {taskinstance.py:1238} INFO - 
--------------------------------------------------------------------------------
[2022-07-08 04:59:57,945] {taskinstance.py:1239} INFO - Starting attempt 1 of 1
[2022-07-08 04:59:57,955] {taskinstance.py:1240} INFO - 
--------------------------------------------------------------------------------
[2022-07-08 04:59:57,986] {taskinstance.py:1259} INFO - Executing <Task(BashOperator): curl> on 2019-10-02 06:00:00+00:00
[2022-07-08 04:59:58,068] {standard_task_runner.py:76} INFO - Running: ['***', 'tasks', 'run', 'yellow_taxi_dag2', 'curl', 'scheduled__2019-10-02T06:00:00+00:00', '--job-id', '227', '--raw', '--subdir', 'DAGS_FOLDER/yellow_taxi_dag.py', '--cfg-path', '/tmp/tmpr2w1szhe', '--error-file', '/tmp/tmpvqh64xzf']
[2022-07-08 04:59:58,079] {standard_task_runner.py:77} INFO - Job 227: Subtask curl
[2022-07-08 04:59:58,032] {standard_task_runner.py:52} INFO - Started process 1186 to run task
[2022-07-08 04:59:58,391] {logging_mixin.py:109} INFO - Running <TaskInstance: yellow_taxi_dag2.curl scheduled__2019-10-02T06:00:00+00:00 [running]> on host 2b856f2081be
[2022-07-08 04:59:58,619] {warnings.py:99} WARNING - /home/***/.local/lib/python3.6/site-packages/***/utils/context.py:152: AirflowContextDeprecationWarning: Accessing 'execution_date' from the template is deprecated and will be removed in a future version. Please use 'data_interval_start' or 'logical_date' instead.
  warnings.warn(_create_deprecation_warning(key, self._deprecation_replacements[key]))

[2022-07-08 04:59:58,792] {taskinstance.py:1426} INFO - Exporting the following env vars:
AIRFLOW_CTX_DAG_OWNER=***
AIRFLOW_CTX_DAG_ID=yellow_taxi_dag2
AIRFLOW_CTX_TASK_ID=curl
AIRFLOW_CTX_EXECUTION_DATE=2019-10-02T06:00:00+00:00
AIRFLOW_CTX_DAG_RUN_ID=scheduled__2019-10-02T06:00:00+00:00
[2022-07-08 04:59:58,802] {subprocess.py:62} INFO - Tmp dir root location: 
 /tmp
[2022-07-08 04:59:58,810] {subprocess.py:74} INFO - Running command: ['bash', '-c', 'echo "2019_10" ']
[2022-07-08 04:59:58,903] {subprocess.py:85} INFO - Output:
[2022-07-08 04:59:58,921] {subprocess.py:89} INFO - 2019_10
[2022-07-08 04:59:58,924] {subprocess.py:93} INFO - Command exited with return code 0
[2022-07-08 04:59:59,066] {taskinstance.py:1277} INFO - Marking task as SUCCESS. dag_id=yellow_taxi_dag2, task_id=curl, execution_date=20191002T060000, start_date=20220708T045957, end_date=20220708T045959
[2022-07-08 04:59:59,280] {local_task_job.py:154} INFO - Task exited with return code 0
[2022-07-08 05:00:00,032] {local_task_job.py:264} INFO - 0 downstream tasks scheduled from follow-on schedule check
