[2022-07-08 05:49:02,980] {taskinstance.py:1032} INFO - Dependencies all met for <TaskInstance: yt_dag7.local_to_gcs_task scheduled__2020-06-02T06:00:00+00:00 [queued]>
[2022-07-08 05:49:04,873] {taskinstance.py:1032} INFO - Dependencies all met for <TaskInstance: yt_dag7.local_to_gcs_task scheduled__2020-06-02T06:00:00+00:00 [queued]>
[2022-07-08 05:49:04,908] {taskinstance.py:1238} INFO - 
--------------------------------------------------------------------------------
[2022-07-08 05:49:04,921] {taskinstance.py:1239} INFO - Starting attempt 1 of 1
[2022-07-08 05:49:04,996] {taskinstance.py:1240} INFO - 
--------------------------------------------------------------------------------
[2022-07-08 05:49:08,882] {taskinstance.py:1259} INFO - Executing <Task(PythonOperator): local_to_gcs_task> on 2020-06-02 06:00:00+00:00
[2022-07-08 05:49:09,622] {standard_task_runner.py:76} INFO - Running: ['***', 'tasks', 'run', 'yt_dag7', 'local_to_gcs_task', 'scheduled__2020-06-02T06:00:00+00:00', '--job-id', '334', '--raw', '--subdir', 'DAGS_FOLDER/yellow_taxi_dag.py', '--cfg-path', '/tmp/tmpsa03o0cz', '--error-file', '/tmp/tmp_5wqcjmw']
[2022-07-08 05:49:09,668] {standard_task_runner.py:77} INFO - Job 334: Subtask local_to_gcs_task
[2022-07-08 05:49:09,288] {standard_task_runner.py:52} INFO - Started process 500 to run task
[2022-07-08 05:49:12,409] {logging_mixin.py:109} INFO - Running <TaskInstance: yt_dag7.local_to_gcs_task scheduled__2020-06-02T06:00:00+00:00 [running]> on host 2b856f2081be
[2022-07-08 05:49:14,150] {warnings.py:99} WARNING - /home/***/.local/lib/python3.6/site-packages/***/utils/context.py:152: AirflowContextDeprecationWarning: Accessing 'execution_date' from the template is deprecated and will be removed in a future version. Please use 'data_interval_start' or 'logical_date' instead.
  warnings.warn(_create_deprecation_warning(key, self._deprecation_replacements[key]))

[2022-07-08 05:49:16,460] {taskinstance.py:1426} INFO - Exporting the following env vars:
AIRFLOW_CTX_DAG_OWNER=***
AIRFLOW_CTX_DAG_ID=yt_dag7
AIRFLOW_CTX_TASK_ID=local_to_gcs_task
AIRFLOW_CTX_EXECUTION_DATE=2020-06-02T06:00:00+00:00
AIRFLOW_CTX_DAG_RUN_ID=scheduled__2020-06-02T06:00:00+00:00
[2022-07-08 05:49:40,651] {python.py:175} INFO - Done. Returned value was: None
[2022-07-08 05:49:43,974] {taskinstance.py:1277} INFO - Marking task as SUCCESS. dag_id=yt_dag7, task_id=local_to_gcs_task, execution_date=20200602T060000, start_date=20220708T054903, end_date=20220708T054943
[2022-07-08 05:49:47,779] {local_task_job.py:212} WARNING - State of this instance has been externally set to success. Terminating instance.
[2022-07-08 05:49:50,828] {process_utils.py:124} INFO - Sending Signals.SIGTERM to group 500. PIDs of all processes in the group: [500]
[2022-07-08 05:49:50,864] {process_utils.py:75} INFO - Sending the signal Signals.SIGTERM to group 500
[2022-07-08 05:49:51,177] {process_utils.py:70} INFO - Process psutil.Process(pid=500, status='terminated', exitcode=0, started='05:49:09') (500) terminated with exit code 0
