[2022-07-08 05:21:32,813] {taskinstance.py:1032} INFO - Dependencies all met for <TaskInstance: yellow_taxi_dag3.download_data_task scheduled__2019-02-02T06:00:00+00:00 [queued]>
[2022-07-08 05:21:32,844] {taskinstance.py:1032} INFO - Dependencies all met for <TaskInstance: yellow_taxi_dag3.download_data_task scheduled__2019-02-02T06:00:00+00:00 [queued]>
[2022-07-08 05:21:32,846] {taskinstance.py:1238} INFO - 
--------------------------------------------------------------------------------
[2022-07-08 05:21:32,847] {taskinstance.py:1239} INFO - Starting attempt 1 of 1
[2022-07-08 05:21:32,848] {taskinstance.py:1240} INFO - 
--------------------------------------------------------------------------------
[2022-07-08 05:21:32,891] {taskinstance.py:1259} INFO - Executing <Task(BashOperator): download_data_task> on 2019-02-02 06:00:00+00:00
[2022-07-08 05:21:32,903] {standard_task_runner.py:52} INFO - Started process 2099 to run task
[2022-07-08 05:21:32,941] {standard_task_runner.py:76} INFO - Running: ['***', 'tasks', 'run', 'yellow_taxi_dag3', 'download_data_task', 'scheduled__2019-02-02T06:00:00+00:00', '--job-id', '244', '--raw', '--subdir', 'DAGS_FOLDER/yellow_taxi_dag.py', '--cfg-path', '/tmp/tmpjdvhunrk', '--error-file', '/tmp/tmpx9g37sfd']
[2022-07-08 05:21:32,944] {standard_task_runner.py:77} INFO - Job 244: Subtask download_data_task
[2022-07-08 05:21:33,172] {logging_mixin.py:109} INFO - Running <TaskInstance: yellow_taxi_dag3.download_data_task scheduled__2019-02-02T06:00:00+00:00 [running]> on host 2b856f2081be
[2022-07-08 05:21:33,235] {warnings.py:99} WARNING - /home/***/.local/lib/python3.6/site-packages/***/utils/context.py:152: AirflowContextDeprecationWarning: Accessing 'execution_date' from the template is deprecated and will be removed in a future version. Please use 'data_interval_start' or 'logical_date' instead.
  warnings.warn(_create_deprecation_warning(key, self._deprecation_replacements[key]))

[2022-07-08 05:21:33,291] {taskinstance.py:1426} INFO - Exporting the following env vars:
AIRFLOW_CTX_DAG_OWNER=***
AIRFLOW_CTX_DAG_ID=yellow_taxi_dag3
AIRFLOW_CTX_TASK_ID=download_data_task
AIRFLOW_CTX_EXECUTION_DATE=2019-02-02T06:00:00+00:00
AIRFLOW_CTX_DAG_RUN_ID=scheduled__2019-02-02T06:00:00+00:00
[2022-07-08 05:21:33,296] {subprocess.py:62} INFO - Tmp dir root location: 
 /tmp
[2022-07-08 05:21:33,299] {subprocess.py:74} INFO - Running command: ['bash', '-c', 'echo "2019_02" ']
[2022-07-08 05:21:33,322] {subprocess.py:85} INFO - Output:
[2022-07-08 05:21:33,329] {subprocess.py:89} INFO - 2019_02
[2022-07-08 05:21:33,332] {subprocess.py:93} INFO - Command exited with return code 0
[2022-07-08 05:21:33,519] {taskinstance.py:1277} INFO - Marking task as SUCCESS. dag_id=yellow_taxi_dag3, task_id=download_data_task, execution_date=20190202T060000, start_date=20220708T052132, end_date=20220708T052133
[2022-07-08 05:21:33,653] {local_task_job.py:154} INFO - Task exited with return code 0
[2022-07-08 05:21:33,808] {local_task_job.py:264} INFO - 0 downstream tasks scheduled from follow-on schedule check
