[2022-07-08 14:57:52,065] {taskinstance.py:1032} INFO - Dependencies all met for <TaskInstance: fhv_dag.local_to_gcs_task scheduled__2019-05-02T06:00:00+00:00 [queued]>
[2022-07-08 14:57:52,123] {taskinstance.py:1032} INFO - Dependencies all met for <TaskInstance: fhv_dag.local_to_gcs_task scheduled__2019-05-02T06:00:00+00:00 [queued]>
[2022-07-08 14:57:52,125] {taskinstance.py:1238} INFO - 
--------------------------------------------------------------------------------
[2022-07-08 14:57:52,128] {taskinstance.py:1239} INFO - Starting attempt 1 of 1
[2022-07-08 14:57:52,129] {taskinstance.py:1240} INFO - 
--------------------------------------------------------------------------------
[2022-07-08 14:57:52,160] {taskinstance.py:1259} INFO - Executing <Task(PythonOperator): local_to_gcs_task> on 2019-05-02 06:00:00+00:00
[2022-07-08 14:57:52,175] {standard_task_runner.py:52} INFO - Started process 919 to run task
[2022-07-08 14:57:52,203] {standard_task_runner.py:76} INFO - Running: ['***', 'tasks', 'run', 'fhv_dag', 'local_to_gcs_task', 'scheduled__2019-05-02T06:00:00+00:00', '--job-id', '380', '--raw', '--subdir', 'DAGS_FOLDER/fhv_dag.py', '--cfg-path', '/tmp/tmpenv0epgs', '--error-file', '/tmp/tmp9f111sgb']
[2022-07-08 14:57:52,225] {standard_task_runner.py:77} INFO - Job 380: Subtask local_to_gcs_task
[2022-07-08 14:57:52,472] {logging_mixin.py:109} INFO - Running <TaskInstance: fhv_dag.local_to_gcs_task scheduled__2019-05-02T06:00:00+00:00 [running]> on host 2b856f2081be
[2022-07-08 14:57:52,545] {warnings.py:99} WARNING - /home/***/.local/lib/python3.6/site-packages/***/utils/context.py:152: AirflowContextDeprecationWarning: Accessing 'execution_date' from the template is deprecated and will be removed in a future version. Please use 'data_interval_start' or 'logical_date' instead.
  warnings.warn(_create_deprecation_warning(key, self._deprecation_replacements[key]))

[2022-07-08 14:57:52,630] {taskinstance.py:1426} INFO - Exporting the following env vars:
AIRFLOW_CTX_DAG_OWNER=***
AIRFLOW_CTX_DAG_ID=fhv_dag
AIRFLOW_CTX_TASK_ID=local_to_gcs_task
AIRFLOW_CTX_EXECUTION_DATE=2019-05-02T06:00:00+00:00
AIRFLOW_CTX_DAG_RUN_ID=scheduled__2019-05-02T06:00:00+00:00
[2022-07-08 14:57:53,081] {python.py:175} INFO - Done. Returned value was: None
[2022-07-08 14:57:53,140] {taskinstance.py:1277} INFO - Marking task as SUCCESS. dag_id=fhv_dag, task_id=local_to_gcs_task, execution_date=20190502T060000, start_date=20220708T145752, end_date=20220708T145753
[2022-07-08 14:57:53,215] {local_task_job.py:154} INFO - Task exited with return code 0
[2022-07-08 14:57:53,278] {local_task_job.py:264} INFO - 0 downstream tasks scheduled from follow-on schedule check
[2022-08-04 21:11:46,569] {taskinstance.py:1032} INFO - Dependencies all met for <TaskInstance: fhv_dag.local_to_gcs_task scheduled__2019-05-02T06:00:00+00:00 [queued]>
[2022-08-04 21:11:46,631] {taskinstance.py:1032} INFO - Dependencies all met for <TaskInstance: fhv_dag.local_to_gcs_task scheduled__2019-05-02T06:00:00+00:00 [queued]>
[2022-08-04 21:11:46,641] {taskinstance.py:1238} INFO - 
--------------------------------------------------------------------------------
[2022-08-04 21:11:46,642] {taskinstance.py:1239} INFO - Starting attempt 1 of 1
[2022-08-04 21:11:46,643] {taskinstance.py:1240} INFO - 
--------------------------------------------------------------------------------
[2022-08-04 21:11:46,789] {taskinstance.py:1259} INFO - Executing <Task(PythonOperator): local_to_gcs_task> on 2019-05-02 06:00:00+00:00
[2022-08-04 21:11:46,853] {standard_task_runner.py:52} INFO - Started process 534 to run task
[2022-08-04 21:11:46,948] {standard_task_runner.py:76} INFO - Running: ['***', 'tasks', 'run', 'fhv_dag', 'local_to_gcs_task', 'scheduled__2019-05-02T06:00:00+00:00', '--job-id', '27', '--raw', '--subdir', 'DAGS_FOLDER/fhv_dag.py', '--cfg-path', '/tmp/tmp4ivlhh80', '--error-file', '/tmp/tmppnxrtyu5']
[2022-08-04 21:11:46,959] {standard_task_runner.py:77} INFO - Job 27: Subtask local_to_gcs_task
[2022-08-04 21:11:47,802] {logging_mixin.py:109} INFO - Running <TaskInstance: fhv_dag.local_to_gcs_task scheduled__2019-05-02T06:00:00+00:00 [running]> on host b20bc6ac5db7
[2022-08-04 21:11:48,970] {warnings.py:110} WARNING - /home/***/.local/lib/python3.7/site-packages/***/utils/context.py:152: AirflowContextDeprecationWarning: Accessing 'execution_date' from the template is deprecated and will be removed in a future version. Please use 'data_interval_start' or 'logical_date' instead.
  warnings.warn(_create_deprecation_warning(key, self._deprecation_replacements[key]))

[2022-08-04 21:11:49,487] {taskinstance.py:1426} INFO - Exporting the following env vars:
AIRFLOW_CTX_DAG_OWNER=***
AIRFLOW_CTX_DAG_ID=fhv_dag
AIRFLOW_CTX_TASK_ID=local_to_gcs_task
AIRFLOW_CTX_EXECUTION_DATE=2019-05-02T06:00:00+00:00
AIRFLOW_CTX_DAG_RUN_ID=scheduled__2019-05-02T06:00:00+00:00
[2022-08-04 21:14:04,981] {python.py:175} INFO - Done. Returned value was: None
[2022-08-04 21:14:04,998] {taskinstance.py:1277} INFO - Marking task as SUCCESS. dag_id=fhv_dag, task_id=local_to_gcs_task, execution_date=20190502T060000, start_date=20220804T211146, end_date=20220804T211404
[2022-08-04 21:14:05,048] {local_task_job.py:154} INFO - Task exited with return code 0
[2022-08-04 21:14:05,083] {local_task_job.py:264} INFO - 0 downstream tasks scheduled from follow-on schedule check
