[2022-07-08 05:21:47,585] {taskinstance.py:1032} INFO - Dependencies all met for <TaskInstance: yellow_taxi_dag3.download_data_task scheduled__2019-11-02T06:00:00+00:00 [queued]>
[2022-07-08 05:21:47,607] {taskinstance.py:1032} INFO - Dependencies all met for <TaskInstance: yellow_taxi_dag3.download_data_task scheduled__2019-11-02T06:00:00+00:00 [queued]>
[2022-07-08 05:21:47,609] {taskinstance.py:1238} INFO - 
--------------------------------------------------------------------------------
[2022-07-08 05:21:47,610] {taskinstance.py:1239} INFO - Starting attempt 1 of 1
[2022-07-08 05:21:47,611] {taskinstance.py:1240} INFO - 
--------------------------------------------------------------------------------
[2022-07-08 05:21:47,636] {taskinstance.py:1259} INFO - Executing <Task(BashOperator): download_data_task> on 2019-11-02 06:00:00+00:00
[2022-07-08 05:21:47,644] {standard_task_runner.py:52} INFO - Started process 2137 to run task
[2022-07-08 05:21:47,698] {standard_task_runner.py:76} INFO - Running: ['***', 'tasks', 'run', 'yellow_taxi_dag3', 'download_data_task', 'scheduled__2019-11-02T06:00:00+00:00', '--job-id', '253', '--raw', '--subdir', 'DAGS_FOLDER/yellow_taxi_dag.py', '--cfg-path', '/tmp/tmpnm67vysm', '--error-file', '/tmp/tmpsxm7g3lr']
[2022-07-08 05:21:47,700] {standard_task_runner.py:77} INFO - Job 253: Subtask download_data_task
[2022-07-08 05:21:47,911] {logging_mixin.py:109} INFO - Running <TaskInstance: yellow_taxi_dag3.download_data_task scheduled__2019-11-02T06:00:00+00:00 [running]> on host 2b856f2081be
[2022-07-08 05:21:48,225] {warnings.py:99} WARNING - /home/***/.local/lib/python3.6/site-packages/***/utils/context.py:152: AirflowContextDeprecationWarning: Accessing 'execution_date' from the template is deprecated and will be removed in a future version. Please use 'data_interval_start' or 'logical_date' instead.
  warnings.warn(_create_deprecation_warning(key, self._deprecation_replacements[key]))

[2022-07-08 05:21:48,451] {taskinstance.py:1426} INFO - Exporting the following env vars:
AIRFLOW_CTX_DAG_OWNER=***
AIRFLOW_CTX_DAG_ID=yellow_taxi_dag3
AIRFLOW_CTX_TASK_ID=download_data_task
AIRFLOW_CTX_EXECUTION_DATE=2019-11-02T06:00:00+00:00
AIRFLOW_CTX_DAG_RUN_ID=scheduled__2019-11-02T06:00:00+00:00
[2022-07-08 05:21:48,468] {subprocess.py:62} INFO - Tmp dir root location: 
 /tmp
[2022-07-08 05:21:48,473] {subprocess.py:74} INFO - Running command: ['bash', '-c', 'echo "2019_11" ']
[2022-07-08 05:21:48,556] {subprocess.py:85} INFO - Output:
[2022-07-08 05:21:48,578] {subprocess.py:89} INFO - 2019_11
[2022-07-08 05:21:48,587] {subprocess.py:93} INFO - Command exited with return code 0
[2022-07-08 05:21:48,659] {taskinstance.py:1277} INFO - Marking task as SUCCESS. dag_id=yellow_taxi_dag3, task_id=download_data_task, execution_date=20191102T060000, start_date=20220708T052147, end_date=20220708T052148
[2022-07-08 05:21:48,792] {local_task_job.py:154} INFO - Task exited with return code 0
[2022-07-08 05:21:49,067] {local_task_job.py:264} INFO - 0 downstream tasks scheduled from follow-on schedule check
