[2022-07-08 20:02:13,598] {taskinstance.py:1032} INFO - Dependencies all met for <TaskInstance: gt_dag.download_data_task scheduled__2020-01-02T06:00:00+00:00 [queued]>
[2022-07-08 20:02:14,445] {taskinstance.py:1032} INFO - Dependencies all met for <TaskInstance: gt_dag.download_data_task scheduled__2020-01-02T06:00:00+00:00 [queued]>
[2022-07-08 20:02:14,448] {taskinstance.py:1238} INFO - 
--------------------------------------------------------------------------------
[2022-07-08 20:02:14,452] {taskinstance.py:1239} INFO - Starting attempt 1 of 1
[2022-07-08 20:02:14,454] {taskinstance.py:1240} INFO - 
--------------------------------------------------------------------------------
[2022-07-08 20:02:15,074] {taskinstance.py:1259} INFO - Executing <Task(BashOperator): download_data_task> on 2020-01-02 06:00:00+00:00
[2022-07-08 20:02:15,544] {standard_task_runner.py:52} INFO - Started process 15103 to run task
[2022-07-08 20:02:15,748] {standard_task_runner.py:76} INFO - Running: ['***', 'tasks', 'run', 'gt_dag', 'download_data_task', 'scheduled__2020-01-02T06:00:00+00:00', '--job-id', '418', '--raw', '--subdir', 'DAGS_FOLDER/green_taxi_dag.py', '--cfg-path', '/tmp/tmppdimmb92', '--error-file', '/tmp/tmpzti0jxsq']
[2022-07-08 20:02:15,939] {standard_task_runner.py:77} INFO - Job 418: Subtask download_data_task
[2022-07-08 20:02:20,629] {logging_mixin.py:109} INFO - Running <TaskInstance: gt_dag.download_data_task scheduled__2020-01-02T06:00:00+00:00 [running]> on host 2b856f2081be
[2022-07-08 20:02:23,215] {warnings.py:99} WARNING - /home/***/.local/lib/python3.6/site-packages/***/utils/context.py:152: AirflowContextDeprecationWarning: Accessing 'execution_date' from the template is deprecated and will be removed in a future version. Please use 'data_interval_start' or 'logical_date' instead.
  warnings.warn(_create_deprecation_warning(key, self._deprecation_replacements[key]))

[2022-07-08 20:02:23,610] {taskinstance.py:1426} INFO - Exporting the following env vars:
AIRFLOW_CTX_DAG_OWNER=***
AIRFLOW_CTX_DAG_ID=gt_dag
AIRFLOW_CTX_TASK_ID=download_data_task
AIRFLOW_CTX_EXECUTION_DATE=2020-01-02T06:00:00+00:00
AIRFLOW_CTX_DAG_RUN_ID=scheduled__2020-01-02T06:00:00+00:00
[2022-07-08 20:02:24,000] {subprocess.py:62} INFO - Tmp dir root location: 
 /tmp
[2022-07-08 20:02:24,491] {subprocess.py:74} INFO - Running command: ['bash', '-c', 'curl -sSL https://d37ci6vzurychx.cloudfront.net/trip-data/green_tripdata_2020-01.parquet > /opt/***/green_tripdata_2020-01.parquet']
[2022-07-08 20:02:28,639] {subprocess.py:85} INFO - Output:
[2022-07-08 20:02:42,942] {subprocess.py:93} INFO - Command exited with return code 0
[2022-07-08 20:02:49,995] {taskinstance.py:1277} INFO - Marking task as SUCCESS. dag_id=gt_dag, task_id=download_data_task, execution_date=20200102T060000, start_date=20220708T200213, end_date=20220708T200249
[2022-07-08 20:02:51,390] {local_task_job.py:154} INFO - Task exited with return code 0
[2022-07-08 20:02:51,705] {local_task_job.py:264} INFO - 1 downstream tasks scheduled from follow-on schedule check
