[2022-07-08 20:03:34,333] {taskinstance.py:1032} INFO - Dependencies all met for <TaskInstance: gt_dag.local_to_gcs_task scheduled__2020-03-02T06:00:00+00:00 [queued]>
[2022-07-08 20:03:34,670] {taskinstance.py:1032} INFO - Dependencies all met for <TaskInstance: gt_dag.local_to_gcs_task scheduled__2020-03-02T06:00:00+00:00 [queued]>
[2022-07-08 20:03:34,684] {taskinstance.py:1238} INFO - 
--------------------------------------------------------------------------------
[2022-07-08 20:03:34,697] {taskinstance.py:1239} INFO - Starting attempt 1 of 1
[2022-07-08 20:03:34,699] {taskinstance.py:1240} INFO - 
--------------------------------------------------------------------------------
[2022-07-08 20:03:35,012] {taskinstance.py:1259} INFO - Executing <Task(PythonOperator): local_to_gcs_task> on 2020-03-02 06:00:00+00:00
[2022-07-08 20:03:35,169] {standard_task_runner.py:52} INFO - Started process 15179 to run task
[2022-07-08 20:03:35,217] {standard_task_runner.py:76} INFO - Running: ['***', 'tasks', 'run', 'gt_dag', 'local_to_gcs_task', 'scheduled__2020-03-02T06:00:00+00:00', '--job-id', '428', '--raw', '--subdir', 'DAGS_FOLDER/green_taxi_dag.py', '--cfg-path', '/tmp/tmp_48cc5nb', '--error-file', '/tmp/tmph3hb38y8']
[2022-07-08 20:03:35,357] {standard_task_runner.py:77} INFO - Job 428: Subtask local_to_gcs_task
[2022-07-08 20:03:36,601] {logging_mixin.py:109} INFO - Running <TaskInstance: gt_dag.local_to_gcs_task scheduled__2020-03-02T06:00:00+00:00 [running]> on host 2b856f2081be
[2022-07-08 20:03:37,249] {warnings.py:99} WARNING - /home/***/.local/lib/python3.6/site-packages/***/utils/context.py:152: AirflowContextDeprecationWarning: Accessing 'execution_date' from the template is deprecated and will be removed in a future version. Please use 'data_interval_start' or 'logical_date' instead.
  warnings.warn(_create_deprecation_warning(key, self._deprecation_replacements[key]))

[2022-07-08 20:03:37,597] {taskinstance.py:1426} INFO - Exporting the following env vars:
AIRFLOW_CTX_DAG_OWNER=***
AIRFLOW_CTX_DAG_ID=gt_dag
AIRFLOW_CTX_TASK_ID=local_to_gcs_task
AIRFLOW_CTX_EXECUTION_DATE=2020-03-02T06:00:00+00:00
AIRFLOW_CTX_DAG_RUN_ID=scheduled__2020-03-02T06:00:00+00:00
[2022-07-08 20:03:42,515] {python.py:175} INFO - Done. Returned value was: None
[2022-07-08 20:03:43,073] {taskinstance.py:1277} INFO - Marking task as SUCCESS. dag_id=gt_dag, task_id=local_to_gcs_task, execution_date=20200302T060000, start_date=20220708T200334, end_date=20220708T200343
[2022-07-08 20:03:43,831] {local_task_job.py:154} INFO - Task exited with return code 0
[2022-07-08 20:03:44,333] {local_task_job.py:264} INFO - 0 downstream tasks scheduled from follow-on schedule check
