[2022-07-08 05:56:21,980] {taskinstance.py:1032} INFO - Dependencies all met for <TaskInstance: yt_dag7.local_to_gcs_task scheduled__2019-03-02T06:00:00+00:00 [queued]>
[2022-07-08 05:56:23,495] {taskinstance.py:1032} INFO - Dependencies all met for <TaskInstance: yt_dag7.local_to_gcs_task scheduled__2019-03-02T06:00:00+00:00 [queued]>
[2022-07-08 05:56:23,530] {taskinstance.py:1238} INFO - 
--------------------------------------------------------------------------------
[2022-07-08 05:56:23,532] {taskinstance.py:1239} INFO - Starting attempt 1 of 1
[2022-07-08 05:56:23,539] {taskinstance.py:1240} INFO - 
--------------------------------------------------------------------------------
[2022-07-08 05:56:24,403] {taskinstance.py:1259} INFO - Executing <Task(PythonOperator): local_to_gcs_task> on 2019-03-02 06:00:00+00:00
[2022-07-08 05:56:24,984] {standard_task_runner.py:76} INFO - Running: ['***', 'tasks', 'run', 'yt_dag7', 'local_to_gcs_task', 'scheduled__2019-03-02T06:00:00+00:00', '--job-id', '350', '--raw', '--subdir', 'DAGS_FOLDER/yellow_taxi_dag.py', '--cfg-path', '/tmp/tmpyp_xqxi0', '--error-file', '/tmp/tmp9lrmtzud']
[2022-07-08 05:56:24,905] {standard_task_runner.py:52} INFO - Started process 792 to run task
[2022-07-08 05:56:25,240] {standard_task_runner.py:77} INFO - Job 350: Subtask local_to_gcs_task
[2022-07-08 05:56:28,229] {logging_mixin.py:109} INFO - Running <TaskInstance: yt_dag7.local_to_gcs_task scheduled__2019-03-02T06:00:00+00:00 [running]> on host 2b856f2081be
[2022-07-08 05:56:30,434] {warnings.py:99} WARNING - /home/***/.local/lib/python3.6/site-packages/***/utils/context.py:152: AirflowContextDeprecationWarning: Accessing 'execution_date' from the template is deprecated and will be removed in a future version. Please use 'data_interval_start' or 'logical_date' instead.
  warnings.warn(_create_deprecation_warning(key, self._deprecation_replacements[key]))

[2022-07-08 05:56:31,794] {taskinstance.py:1426} INFO - Exporting the following env vars:
AIRFLOW_CTX_DAG_OWNER=***
AIRFLOW_CTX_DAG_ID=yt_dag7
AIRFLOW_CTX_TASK_ID=local_to_gcs_task
AIRFLOW_CTX_EXECUTION_DATE=2019-03-02T06:00:00+00:00
AIRFLOW_CTX_DAG_RUN_ID=scheduled__2019-03-02T06:00:00+00:00
[2022-07-08 06:06:16,500] {python.py:175} INFO - Done. Returned value was: None
[2022-07-08 06:06:16,538] {taskinstance.py:1277} INFO - Marking task as SUCCESS. dag_id=yt_dag7, task_id=local_to_gcs_task, execution_date=20190302T060000, start_date=20220708T055622, end_date=20220708T060616
[2022-07-08 06:06:16,612] {local_task_job.py:154} INFO - Task exited with return code 0
[2022-07-08 06:06:16,646] {local_task_job.py:264} INFO - 0 downstream tasks scheduled from follow-on schedule check
