[2022-07-08 05:27:13,829] {taskinstance.py:1032} INFO - Dependencies all met for <TaskInstance: yellow_taxi_dag5.download_data_task scheduled__2020-02-02T06:00:00+00:00 [queued]>
[2022-07-08 05:27:14,342] {taskinstance.py:1032} INFO - Dependencies all met for <TaskInstance: yellow_taxi_dag5.download_data_task scheduled__2020-02-02T06:00:00+00:00 [queued]>
[2022-07-08 05:27:14,346] {taskinstance.py:1238} INFO - 
--------------------------------------------------------------------------------
[2022-07-08 05:27:14,358] {taskinstance.py:1239} INFO - Starting attempt 1 of 1
[2022-07-08 05:27:14,362] {taskinstance.py:1240} INFO - 
--------------------------------------------------------------------------------
[2022-07-08 05:27:14,620] {taskinstance.py:1259} INFO - Executing <Task(BashOperator): download_data_task> on 2020-02-02 06:00:00+00:00
[2022-07-08 05:27:15,053] {standard_task_runner.py:76} INFO - Running: ['***', 'tasks', 'run', 'yellow_taxi_dag5', 'download_data_task', 'scheduled__2020-02-02T06:00:00+00:00', '--job-id', '303', '--raw', '--subdir', 'DAGS_FOLDER/yellow_taxi_dag.py', '--cfg-path', '/tmp/tmpbb38_qpi', '--error-file', '/tmp/tmp3w8ujkh9']
[2022-07-08 05:27:15,069] {standard_task_runner.py:77} INFO - Job 303: Subtask download_data_task
[2022-07-08 05:27:14,767] {standard_task_runner.py:52} INFO - Started process 2520 to run task
[2022-07-08 05:27:18,567] {logging_mixin.py:109} INFO - Running <TaskInstance: yellow_taxi_dag5.download_data_task scheduled__2020-02-02T06:00:00+00:00 [running]> on host 2b856f2081be
[2022-07-08 05:27:19,540] {warnings.py:99} WARNING - /home/***/.local/lib/python3.6/site-packages/***/utils/context.py:152: AirflowContextDeprecationWarning: Accessing 'execution_date' from the template is deprecated and will be removed in a future version. Please use 'data_interval_start' or 'logical_date' instead.
  warnings.warn(_create_deprecation_warning(key, self._deprecation_replacements[key]))

[2022-07-08 05:27:19,951] {taskinstance.py:1426} INFO - Exporting the following env vars:
AIRFLOW_CTX_DAG_OWNER=***
AIRFLOW_CTX_DAG_ID=yellow_taxi_dag5
AIRFLOW_CTX_TASK_ID=download_data_task
AIRFLOW_CTX_EXECUTION_DATE=2020-02-02T06:00:00+00:00
AIRFLOW_CTX_DAG_RUN_ID=scheduled__2020-02-02T06:00:00+00:00
[2022-07-08 05:27:20,112] {subprocess.py:62} INFO - Tmp dir root location: 
 /tmp
[2022-07-08 05:27:20,205] {subprocess.py:74} INFO - Running command: ['bash', '-c', 'curl -sSL https://d37ci6vzurychx.cloudfront.net/trip-data/yellow_tripdata_2020-02.parquet > /opt/***/yellow_tripdata_2020-02.parquet']
[2022-07-08 05:27:20,513] {subprocess.py:85} INFO - Output:
