[2022-07-08 05:58:16,961] {taskinstance.py:1032} INFO - Dependencies all met for <TaskInstance: yt_dag7.local_to_gcs_task scheduled__2019-10-02T06:00:00+00:00 [queued]>
[2022-07-08 05:58:17,152] {taskinstance.py:1032} INFO - Dependencies all met for <TaskInstance: yt_dag7.local_to_gcs_task scheduled__2019-10-02T06:00:00+00:00 [queued]>
[2022-07-08 05:58:17,178] {taskinstance.py:1238} INFO - 
--------------------------------------------------------------------------------
[2022-07-08 05:58:17,189] {taskinstance.py:1239} INFO - Starting attempt 1 of 1
[2022-07-08 05:58:17,210] {taskinstance.py:1240} INFO - 
--------------------------------------------------------------------------------
[2022-07-08 05:58:17,367] {taskinstance.py:1259} INFO - Executing <Task(PythonOperator): local_to_gcs_task> on 2019-10-02 06:00:00+00:00
[2022-07-08 05:58:17,568] {standard_task_runner.py:52} INFO - Started process 868 to run task
[2022-07-08 05:58:17,617] {standard_task_runner.py:76} INFO - Running: ['***', 'tasks', 'run', 'yt_dag7', 'local_to_gcs_task', 'scheduled__2019-10-02T06:00:00+00:00', '--job-id', '356', '--raw', '--subdir', 'DAGS_FOLDER/yellow_taxi_dag.py', '--cfg-path', '/tmp/tmpcl5c46gs', '--error-file', '/tmp/tmppjr8ax2c']
[2022-07-08 05:58:17,816] {standard_task_runner.py:77} INFO - Job 356: Subtask local_to_gcs_task
[2022-07-08 05:58:20,386] {logging_mixin.py:109} INFO - Running <TaskInstance: yt_dag7.local_to_gcs_task scheduled__2019-10-02T06:00:00+00:00 [running]> on host 2b856f2081be
[2022-07-08 05:58:22,076] {warnings.py:99} WARNING - /home/***/.local/lib/python3.6/site-packages/***/utils/context.py:152: AirflowContextDeprecationWarning: Accessing 'execution_date' from the template is deprecated and will be removed in a future version. Please use 'data_interval_start' or 'logical_date' instead.
  warnings.warn(_create_deprecation_warning(key, self._deprecation_replacements[key]))

[2022-07-08 05:58:22,454] {taskinstance.py:1426} INFO - Exporting the following env vars:
AIRFLOW_CTX_DAG_OWNER=***
AIRFLOW_CTX_DAG_ID=yt_dag7
AIRFLOW_CTX_TASK_ID=local_to_gcs_task
AIRFLOW_CTX_EXECUTION_DATE=2019-10-02T06:00:00+00:00
AIRFLOW_CTX_DAG_RUN_ID=scheduled__2019-10-02T06:00:00+00:00
[2022-07-08 06:06:40,603] {python.py:175} INFO - Done. Returned value was: None
[2022-07-08 06:06:40,668] {taskinstance.py:1277} INFO - Marking task as SUCCESS. dag_id=yt_dag7, task_id=local_to_gcs_task, execution_date=20191002T060000, start_date=20220708T055816, end_date=20220708T060640
[2022-07-08 06:06:40,759] {local_task_job.py:154} INFO - Task exited with return code 0
[2022-07-08 06:06:40,825] {local_task_job.py:264} INFO - 0 downstream tasks scheduled from follow-on schedule check
