[2022-07-08 05:27:13,813] {taskinstance.py:1032} INFO - Dependencies all met for <TaskInstance: yellow_taxi_dag5.download_data_task scheduled__2020-03-02T06:00:00+00:00 [queued]>
[2022-07-08 05:27:14,243] {taskinstance.py:1032} INFO - Dependencies all met for <TaskInstance: yellow_taxi_dag5.download_data_task scheduled__2020-03-02T06:00:00+00:00 [queued]>
[2022-07-08 05:27:14,305] {taskinstance.py:1238} INFO - 
--------------------------------------------------------------------------------
[2022-07-08 05:27:14,329] {taskinstance.py:1239} INFO - Starting attempt 1 of 1
[2022-07-08 05:27:14,346] {taskinstance.py:1240} INFO - 
--------------------------------------------------------------------------------
[2022-07-08 05:27:14,674] {taskinstance.py:1259} INFO - Executing <Task(BashOperator): download_data_task> on 2020-03-02 06:00:00+00:00
[2022-07-08 05:27:14,806] {standard_task_runner.py:76} INFO - Running: ['***', 'tasks', 'run', 'yellow_taxi_dag5', 'download_data_task', 'scheduled__2020-03-02T06:00:00+00:00', '--job-id', '304', '--raw', '--subdir', 'DAGS_FOLDER/yellow_taxi_dag.py', '--cfg-path', '/tmp/tmppus0hezf', '--error-file', '/tmp/tmprz6c5sha']
[2022-07-08 05:27:14,827] {standard_task_runner.py:77} INFO - Job 304: Subtask download_data_task
[2022-07-08 05:27:14,757] {standard_task_runner.py:52} INFO - Started process 2521 to run task
[2022-07-08 05:27:18,503] {logging_mixin.py:109} INFO - Running <TaskInstance: yellow_taxi_dag5.download_data_task scheduled__2020-03-02T06:00:00+00:00 [running]> on host 2b856f2081be
[2022-07-08 05:27:19,600] {warnings.py:99} WARNING - /home/***/.local/lib/python3.6/site-packages/***/utils/context.py:152: AirflowContextDeprecationWarning: Accessing 'execution_date' from the template is deprecated and will be removed in a future version. Please use 'data_interval_start' or 'logical_date' instead.
  warnings.warn(_create_deprecation_warning(key, self._deprecation_replacements[key]))

[2022-07-08 05:27:19,935] {taskinstance.py:1426} INFO - Exporting the following env vars:
AIRFLOW_CTX_DAG_OWNER=***
AIRFLOW_CTX_DAG_ID=yellow_taxi_dag5
AIRFLOW_CTX_TASK_ID=download_data_task
AIRFLOW_CTX_EXECUTION_DATE=2020-03-02T06:00:00+00:00
AIRFLOW_CTX_DAG_RUN_ID=scheduled__2020-03-02T06:00:00+00:00
[2022-07-08 05:27:20,006] {subprocess.py:62} INFO - Tmp dir root location: 
 /tmp
[2022-07-08 05:27:20,059] {subprocess.py:74} INFO - Running command: ['bash', '-c', 'curl -sSL https://d37ci6vzurychx.cloudfront.net/trip-data/yellow_tripdata_2020-03.parquet > /opt/***/yellow_tripdata_2020-03.parquet']
[2022-07-08 05:27:20,650] {subprocess.py:85} INFO - Output:
[2022-07-08 05:33:10,454] {subprocess.py:93} INFO - Command exited with return code 0
[2022-07-08 05:33:26,866] {taskinstance.py:1277} INFO - Marking task as SUCCESS. dag_id=yellow_taxi_dag5, task_id=download_data_task, execution_date=20200302T060000, start_date=20220708T052713, end_date=20220708T053326
[2022-07-08 05:33:38,327] {local_task_job.py:154} INFO - Task exited with return code 0
[2022-07-08 05:33:54,229] {local_task_job.py:264} INFO - 0 downstream tasks scheduled from follow-on schedule check
