[2022-07-05 15:47:00,183] {taskinstance.py:1032} INFO - Dependencies all met for <TaskInstance: LocalIngestionDag.wget scheduled__2022-01-02T06:00:00+00:00 [queued]>
[2022-07-05 15:47:00,208] {taskinstance.py:1032} INFO - Dependencies all met for <TaskInstance: LocalIngestionDag.wget scheduled__2022-01-02T06:00:00+00:00 [queued]>
[2022-07-05 15:47:00,214] {taskinstance.py:1238} INFO - 
--------------------------------------------------------------------------------
[2022-07-05 15:47:00,216] {taskinstance.py:1239} INFO - Starting attempt 2 of 2
[2022-07-05 15:47:00,217] {taskinstance.py:1240} INFO - 
--------------------------------------------------------------------------------
[2022-07-05 15:47:00,240] {taskinstance.py:1259} INFO - Executing <Task(BashOperator): wget> on 2022-01-02 06:00:00+00:00
[2022-07-05 15:47:00,261] {standard_task_runner.py:76} INFO - Running: ['***', 'tasks', 'run', 'LocalIngestionDag', 'wget', 'scheduled__2022-01-02T06:00:00+00:00', '--job-id', '55', '--raw', '--subdir', 'DAGS_FOLDER/data_ingestion_local.py', '--cfg-path', '/tmp/tmpsb53vvq4', '--error-file', '/tmp/tmpz7rl0fm9']
[2022-07-05 15:47:00,253] {standard_task_runner.py:52} INFO - Started process 1088 to run task
[2022-07-05 15:47:00,264] {standard_task_runner.py:77} INFO - Job 55: Subtask wget
[2022-07-05 15:47:00,348] {logging_mixin.py:109} INFO - Running <TaskInstance: LocalIngestionDag.wget scheduled__2022-01-02T06:00:00+00:00 [running]> on host 730d3c67d882
[2022-07-05 15:47:00,426] {taskinstance.py:1426} INFO - Exporting the following env vars:
AIRFLOW_CTX_DAG_OWNER=***
AIRFLOW_CTX_DAG_ID=LocalIngestionDag
AIRFLOW_CTX_TASK_ID=wget
AIRFLOW_CTX_EXECUTION_DATE=2022-01-02T06:00:00+00:00
AIRFLOW_CTX_DAG_RUN_ID=scheduled__2022-01-02T06:00:00+00:00
[2022-07-05 15:47:00,430] {subprocess.py:62} INFO - Tmp dir root location: 
 /tmp
[2022-07-05 15:47:00,434] {subprocess.py:74} INFO - Running command: ['bash', '-c', 'curl -sSL https://nyc-tlc.s3.amazonaws.com/csv_backup/yellow_tripdata_2021-01.csv > /opt/***/output.csv']
[2022-07-05 15:47:00,455] {subprocess.py:85} INFO - Output:
[2022-07-05 15:48:08,010] {subprocess.py:93} INFO - Command exited with return code 0
[2022-07-05 15:48:08,311] {taskinstance.py:1277} INFO - Marking task as SUCCESS. dag_id=LocalIngestionDag, task_id=wget, execution_date=20220102T060000, start_date=20220705T154700, end_date=20220705T154808
[2022-07-05 15:48:08,802] {local_task_job.py:212} WARNING - State of this instance has been externally set to success. Terminating instance.
