[2022-07-05 15:55:58,327] {taskinstance.py:1032} INFO - Dependencies all met for <TaskInstance: LocalIngestionDag.wget scheduled__2022-01-02T06:00:00+00:00 [queued]>
[2022-07-05 15:55:58,355] {taskinstance.py:1032} INFO - Dependencies all met for <TaskInstance: LocalIngestionDag.wget scheduled__2022-01-02T06:00:00+00:00 [queued]>
[2022-07-05 15:55:58,356] {taskinstance.py:1238} INFO - 
--------------------------------------------------------------------------------
[2022-07-05 15:55:58,357] {taskinstance.py:1239} INFO - Starting attempt 3 of 3
[2022-07-05 15:55:58,359] {taskinstance.py:1240} INFO - 
--------------------------------------------------------------------------------
[2022-07-05 15:55:58,381] {taskinstance.py:1259} INFO - Executing <Task(BashOperator): wget> on 2022-01-02 06:00:00+00:00
[2022-07-05 15:55:58,398] {standard_task_runner.py:76} INFO - Running: ['***', 'tasks', 'run', 'LocalIngestionDag', 'wget', 'scheduled__2022-01-02T06:00:00+00:00', '--job-id', '57', '--raw', '--subdir', 'DAGS_FOLDER/data_ingestion_local.py', '--cfg-path', '/tmp/tmpe0un6hcn', '--error-file', '/tmp/tmpfwz_e2hk']
[2022-07-05 15:55:58,401] {standard_task_runner.py:77} INFO - Job 57: Subtask wget
[2022-07-05 15:55:58,393] {standard_task_runner.py:52} INFO - Started process 1484 to run task
[2022-07-05 15:55:58,499] {logging_mixin.py:109} INFO - Running <TaskInstance: LocalIngestionDag.wget scheduled__2022-01-02T06:00:00+00:00 [running]> on host 730d3c67d882
[2022-07-05 15:55:58,633] {warnings.py:99} WARNING - /home/***/.local/lib/python3.6/site-packages/***/utils/context.py:152: AirflowContextDeprecationWarning: Accessing 'execution_date' from the template is deprecated and will be removed in a future version. Please use 'data_interval_start' or 'logical_date' instead.
  warnings.warn(_create_deprecation_warning(key, self._deprecation_replacements[key]))

[2022-07-05 15:55:58,670] {taskinstance.py:1426} INFO - Exporting the following env vars:
AIRFLOW_CTX_DAG_OWNER=***
AIRFLOW_CTX_DAG_ID=LocalIngestionDag
AIRFLOW_CTX_TASK_ID=wget
AIRFLOW_CTX_EXECUTION_DATE=2022-01-02T06:00:00+00:00
AIRFLOW_CTX_DAG_RUN_ID=scheduled__2022-01-02T06:00:00+00:00
[2022-07-05 15:55:58,673] {subprocess.py:62} INFO - Tmp dir root location: 
 /tmp
[2022-07-05 15:55:58,675] {subprocess.py:74} INFO - Running command: ['bash', '-c', 'echo "2022-01-02" "2022-01-02T06:00:00+00:00"']
[2022-07-05 15:55:58,692] {subprocess.py:85} INFO - Output:
[2022-07-05 15:55:58,704] {subprocess.py:89} INFO - 2022-01-02 2022-01-02T06:00:00+00:00
[2022-07-05 15:55:58,709] {subprocess.py:93} INFO - Command exited with return code 0
[2022-07-05 15:55:58,752] {taskinstance.py:1277} INFO - Marking task as SUCCESS. dag_id=LocalIngestionDag, task_id=wget, execution_date=20220102T060000, start_date=20220705T155558, end_date=20220705T155558
[2022-07-05 15:55:58,825] {local_task_job.py:154} INFO - Task exited with return code 0
[2022-07-05 15:55:58,879] {local_task_job.py:264} INFO - 1 downstream tasks scheduled from follow-on schedule check
