[2022-07-05 17:54:07,229] {taskinstance.py:1032} INFO - Dependencies all met for <TaskInstance: LocalIngestionDag.wget scheduled__2022-01-02T06:00:00+00:00 [queued]>
[2022-07-05 17:54:07,252] {taskinstance.py:1032} INFO - Dependencies all met for <TaskInstance: LocalIngestionDag.wget scheduled__2022-01-02T06:00:00+00:00 [queued]>
[2022-07-05 17:54:07,254] {taskinstance.py:1238} INFO - 
--------------------------------------------------------------------------------
[2022-07-05 17:54:07,256] {taskinstance.py:1239} INFO - Starting attempt 4 of 4
[2022-07-05 17:54:07,257] {taskinstance.py:1240} INFO - 
--------------------------------------------------------------------------------
[2022-07-05 17:54:07,281] {taskinstance.py:1259} INFO - Executing <Task(BashOperator): wget> on 2022-01-02 06:00:00+00:00
[2022-07-05 17:54:07,290] {standard_task_runner.py:52} INFO - Started process 3487 to run task
[2022-07-05 17:54:07,298] {standard_task_runner.py:76} INFO - Running: ['***', 'tasks', 'run', 'LocalIngestionDag', 'wget', 'scheduled__2022-01-02T06:00:00+00:00', '--job-id', '75', '--raw', '--subdir', 'DAGS_FOLDER/data_ingestion_local.py', '--cfg-path', '/tmp/tmpl5ph1_v0', '--error-file', '/tmp/tmpn3arsjih']
[2022-07-05 17:54:07,299] {standard_task_runner.py:77} INFO - Job 75: Subtask wget
[2022-07-05 17:54:07,388] {logging_mixin.py:109} INFO - Running <TaskInstance: LocalIngestionDag.wget scheduled__2022-01-02T06:00:00+00:00 [running]> on host ec047ba4deb7
[2022-07-05 17:54:07,440] {warnings.py:99} WARNING - /home/***/.local/lib/python3.6/site-packages/***/utils/context.py:152: AirflowContextDeprecationWarning: Accessing 'execution_date' from the template is deprecated and will be removed in a future version. Please use 'data_interval_start' or 'logical_date' instead.
  warnings.warn(_create_deprecation_warning(key, self._deprecation_replacements[key]))

[2022-07-05 17:54:07,469] {taskinstance.py:1426} INFO - Exporting the following env vars:
AIRFLOW_CTX_DAG_OWNER=***
AIRFLOW_CTX_DAG_ID=LocalIngestionDag
AIRFLOW_CTX_TASK_ID=wget
AIRFLOW_CTX_EXECUTION_DATE=2022-01-02T06:00:00+00:00
AIRFLOW_CTX_DAG_RUN_ID=scheduled__2022-01-02T06:00:00+00:00
[2022-07-05 17:54:07,473] {subprocess.py:62} INFO - Tmp dir root location: 
 /tmp
[2022-07-05 17:54:07,475] {subprocess.py:74} INFO - Running command: ['bash', '-c', 'curl -sSL https://nyc-tlc.s3.amazonaws.com/csv_backup//yellow_tripdata_2022-01.csv > /opt/***/output_2022-01.csv']
[2022-07-05 17:54:07,490] {subprocess.py:85} INFO - Output:
[2022-07-05 17:54:07,729] {subprocess.py:93} INFO - Command exited with return code 0
[2022-07-05 17:54:07,781] {taskinstance.py:1277} INFO - Marking task as SUCCESS. dag_id=LocalIngestionDag, task_id=wget, execution_date=20220102T060000, start_date=20220705T175407, end_date=20220705T175407
[2022-07-05 17:54:07,839] {local_task_job.py:154} INFO - Task exited with return code 0
[2022-07-05 17:54:07,900] {local_task_job.py:264} INFO - 1 downstream tasks scheduled from follow-on schedule check
