[2022-07-05 18:44:25,320] {taskinstance.py:1032} INFO - Dependencies all met for <TaskInstance: LocalIngestionDag.wget scheduled__2022-01-02T06:00:00+00:00 [queued]>
[2022-07-05 18:44:25,412] {taskinstance.py:1032} INFO - Dependencies all met for <TaskInstance: LocalIngestionDag.wget scheduled__2022-01-02T06:00:00+00:00 [queued]>
[2022-07-05 18:44:25,417] {taskinstance.py:1238} INFO - 
--------------------------------------------------------------------------------
[2022-07-05 18:44:25,425] {taskinstance.py:1239} INFO - Starting attempt 5 of 5
[2022-07-05 18:44:25,430] {taskinstance.py:1240} INFO - 
--------------------------------------------------------------------------------
[2022-07-05 18:44:25,610] {taskinstance.py:1259} INFO - Executing <Task(BashOperator): wget> on 2022-01-02 06:00:00+00:00
[2022-07-05 18:44:25,646] {standard_task_runner.py:52} INFO - Started process 5469 to run task
[2022-07-05 18:44:25,669] {standard_task_runner.py:76} INFO - Running: ['***', 'tasks', 'run', 'LocalIngestionDag', 'wget', 'scheduled__2022-01-02T06:00:00+00:00', '--job-id', '83', '--raw', '--subdir', 'DAGS_FOLDER/data_ingestion_local.py', '--cfg-path', '/tmp/tmpt21dl6uy', '--error-file', '/tmp/tmpb8i044qo']
[2022-07-05 18:44:25,677] {standard_task_runner.py:77} INFO - Job 83: Subtask wget
[2022-07-05 18:44:26,220] {logging_mixin.py:109} INFO - Running <TaskInstance: LocalIngestionDag.wget scheduled__2022-01-02T06:00:00+00:00 [running]> on host ec047ba4deb7
[2022-07-05 18:44:26,514] {warnings.py:99} WARNING - /home/***/.local/lib/python3.6/site-packages/***/utils/context.py:152: AirflowContextDeprecationWarning: Accessing 'execution_date' from the template is deprecated and will be removed in a future version. Please use 'data_interval_start' or 'logical_date' instead.
  warnings.warn(_create_deprecation_warning(key, self._deprecation_replacements[key]))

[2022-07-05 18:44:26,830] {taskinstance.py:1426} INFO - Exporting the following env vars:
AIRFLOW_CTX_DAG_OWNER=***
AIRFLOW_CTX_DAG_ID=LocalIngestionDag
AIRFLOW_CTX_TASK_ID=wget
AIRFLOW_CTX_EXECUTION_DATE=2022-01-02T06:00:00+00:00
AIRFLOW_CTX_DAG_RUN_ID=scheduled__2022-01-02T06:00:00+00:00
[2022-07-05 18:44:26,846] {subprocess.py:62} INFO - Tmp dir root location: 
 /tmp
[2022-07-05 18:44:26,855] {subprocess.py:74} INFO - Running command: ['bash', '-c', 'curl -sSL https://nyc-tlc.s3.amazonaws.com/csv_backup/yellow_tripdata_2022-01.csv > /opt/***/output_2022-01.csv']
[2022-07-05 18:44:26,986] {subprocess.py:85} INFO - Output:
[2022-07-05 18:46:11,715] {subprocess.py:93} INFO - Command exited with return code 0
[2022-07-05 18:46:12,377] {taskinstance.py:1277} INFO - Marking task as SUCCESS. dag_id=LocalIngestionDag, task_id=wget, execution_date=20220102T060000, start_date=20220705T184425, end_date=20220705T184612
[2022-07-05 18:46:12,912] {local_task_job.py:154} INFO - Task exited with return code 0
[2022-07-05 18:46:13,989] {local_task_job.py:264} INFO - 0 downstream tasks scheduled from follow-on schedule check
