[2022-07-05 18:47:36,336] {taskinstance.py:1032} INFO - Dependencies all met for <TaskInstance: LocalIngestionDag.wget scheduled__2022-01-02T06:00:00+00:00 [queued]>
[2022-07-05 18:47:36,383] {taskinstance.py:1032} INFO - Dependencies all met for <TaskInstance: LocalIngestionDag.wget scheduled__2022-01-02T06:00:00+00:00 [queued]>
[2022-07-05 18:47:36,385] {taskinstance.py:1238} INFO - 
--------------------------------------------------------------------------------
[2022-07-05 18:47:36,388] {taskinstance.py:1239} INFO - Starting attempt 6 of 6
[2022-07-05 18:47:36,392] {taskinstance.py:1240} INFO - 
--------------------------------------------------------------------------------
[2022-07-05 18:47:36,447] {taskinstance.py:1259} INFO - Executing <Task(BashOperator): wget> on 2022-01-02 06:00:00+00:00
[2022-07-05 18:47:36,470] {standard_task_runner.py:52} INFO - Started process 5584 to run task
[2022-07-05 18:47:36,506] {standard_task_runner.py:76} INFO - Running: ['***', 'tasks', 'run', 'LocalIngestionDag', 'wget', 'scheduled__2022-01-02T06:00:00+00:00', '--job-id', '84', '--raw', '--subdir', 'DAGS_FOLDER/data_ingestion_local.py', '--cfg-path', '/tmp/tmp9zgq3y_3', '--error-file', '/tmp/tmp5m7tejsb']
[2022-07-05 18:47:36,518] {standard_task_runner.py:77} INFO - Job 84: Subtask wget
[2022-07-05 18:47:36,811] {logging_mixin.py:109} INFO - Running <TaskInstance: LocalIngestionDag.wget scheduled__2022-01-02T06:00:00+00:00 [running]> on host ec047ba4deb7
[2022-07-05 18:47:36,961] {warnings.py:99} WARNING - /home/***/.local/lib/python3.6/site-packages/***/utils/context.py:152: AirflowContextDeprecationWarning: Accessing 'execution_date' from the template is deprecated and will be removed in a future version. Please use 'data_interval_start' or 'logical_date' instead.
  warnings.warn(_create_deprecation_warning(key, self._deprecation_replacements[key]))

[2022-07-05 18:47:37,038] {taskinstance.py:1426} INFO - Exporting the following env vars:
AIRFLOW_CTX_DAG_OWNER=***
AIRFLOW_CTX_DAG_ID=LocalIngestionDag
AIRFLOW_CTX_TASK_ID=wget
AIRFLOW_CTX_EXECUTION_DATE=2022-01-02T06:00:00+00:00
AIRFLOW_CTX_DAG_RUN_ID=scheduled__2022-01-02T06:00:00+00:00
[2022-07-05 18:47:37,049] {subprocess.py:62} INFO - Tmp dir root location: 
 /tmp
[2022-07-05 18:47:37,053] {subprocess.py:74} INFO - Running command: ['bash', '-c', 'curl -sSL https://nyc-tlc.s3.amazonaws.com/csv_backup/yellow_tripdata_2022-01.csv > /opt/***/output_2022-01.csv']
[2022-07-05 18:47:37,121] {subprocess.py:85} INFO - Output:
[2022-07-05 18:49:36,831] {subprocess.py:93} INFO - Command exited with return code 0
[2022-07-05 18:49:37,158] {taskinstance.py:1277} INFO - Marking task as SUCCESS. dag_id=LocalIngestionDag, task_id=wget, execution_date=20220102T060000, start_date=20220705T184736, end_date=20220705T184937
[2022-07-05 18:49:37,617] {local_task_job.py:154} INFO - Task exited with return code 0
[2022-07-05 18:49:38,112] {local_task_job.py:264} INFO - 1 downstream tasks scheduled from follow-on schedule check
