[2022-07-08 03:52:46,538] {taskinstance.py:1032} INFO - Dependencies all met for <TaskInstance: LocalIngestionDag.wget scheduled__2022-01-02T06:00:00+00:00 [queued]>
[2022-07-08 03:52:46,684] {taskinstance.py:1032} INFO - Dependencies all met for <TaskInstance: LocalIngestionDag.wget scheduled__2022-01-02T06:00:00+00:00 [queued]>
[2022-07-08 03:52:46,686] {taskinstance.py:1238} INFO - 
--------------------------------------------------------------------------------
[2022-07-08 03:52:46,690] {taskinstance.py:1239} INFO - Starting attempt 7 of 7
[2022-07-08 03:52:46,694] {taskinstance.py:1240} INFO - 
--------------------------------------------------------------------------------
[2022-07-08 03:52:46,753] {taskinstance.py:1259} INFO - Executing <Task(BashOperator): wget> on 2022-01-02 06:00:00+00:00
[2022-07-08 03:52:46,767] {standard_task_runner.py:52} INFO - Started process 6368 to run task
[2022-07-08 03:52:46,796] {standard_task_runner.py:76} INFO - Running: ['***', 'tasks', 'run', 'LocalIngestionDag', 'wget', 'scheduled__2022-01-02T06:00:00+00:00', '--job-id', '136', '--raw', '--subdir', 'DAGS_FOLDER/data_ingestion_local.py', '--cfg-path', '/tmp/tmpkrllmpuj', '--error-file', '/tmp/tmpfv_anslf']
[2022-07-08 03:52:46,799] {standard_task_runner.py:77} INFO - Job 136: Subtask wget
[2022-07-08 03:52:46,945] {logging_mixin.py:109} INFO - Running <TaskInstance: LocalIngestionDag.wget scheduled__2022-01-02T06:00:00+00:00 [running]> on host 2b856f2081be
[2022-07-08 03:52:47,075] {warnings.py:99} WARNING - /home/***/.local/lib/python3.6/site-packages/***/utils/context.py:152: AirflowContextDeprecationWarning: Accessing 'execution_date' from the template is deprecated and will be removed in a future version. Please use 'data_interval_start' or 'logical_date' instead.
  warnings.warn(_create_deprecation_warning(key, self._deprecation_replacements[key]))

[2022-07-08 03:52:47,139] {taskinstance.py:1426} INFO - Exporting the following env vars:
AIRFLOW_CTX_DAG_OWNER=***
AIRFLOW_CTX_DAG_ID=LocalIngestionDag
AIRFLOW_CTX_TASK_ID=wget
AIRFLOW_CTX_EXECUTION_DATE=2022-01-02T06:00:00+00:00
AIRFLOW_CTX_DAG_RUN_ID=scheduled__2022-01-02T06:00:00+00:00
[2022-07-08 03:52:47,151] {subprocess.py:62} INFO - Tmp dir root location: 
 /tmp
[2022-07-08 03:52:47,158] {subprocess.py:74} INFO - Running command: ['bash', '-c', 'echo "2022_01" ']
[2022-07-08 03:52:47,206] {subprocess.py:85} INFO - Output:
[2022-07-08 03:52:47,214] {subprocess.py:89} INFO - 2022_01
[2022-07-08 03:52:47,239] {subprocess.py:93} INFO - Command exited with return code 0
[2022-07-08 03:52:47,306] {taskinstance.py:1277} INFO - Marking task as SUCCESS. dag_id=LocalIngestionDag, task_id=wget, execution_date=20220102T060000, start_date=20220708T035246, end_date=20220708T035247
[2022-07-08 03:52:47,447] {local_task_job.py:154} INFO - Task exited with return code 0
[2022-07-08 03:52:47,511] {local_task_job.py:264} INFO - 0 downstream tasks scheduled from follow-on schedule check
