[2022-07-08 04:56:23,389] {taskinstance.py:1032} INFO - Dependencies all met for <TaskInstance: yellow_taxi_dag.curl scheduled__2022-01-02T06:00:00+00:00 [queued]>
[2022-07-08 04:56:23,414] {taskinstance.py:1032} INFO - Dependencies all met for <TaskInstance: yellow_taxi_dag.curl scheduled__2022-01-02T06:00:00+00:00 [queued]>
[2022-07-08 04:56:23,417] {taskinstance.py:1238} INFO - 
--------------------------------------------------------------------------------
[2022-07-08 04:56:23,420] {taskinstance.py:1239} INFO - Starting attempt 1 of 1
[2022-07-08 04:56:23,421] {taskinstance.py:1240} INFO - 
--------------------------------------------------------------------------------
[2022-07-08 04:56:23,458] {taskinstance.py:1259} INFO - Executing <Task(BashOperator): curl> on 2022-01-02 06:00:00+00:00
[2022-07-08 04:56:23,478] {standard_task_runner.py:52} INFO - Started process 980 to run task
[2022-07-08 04:56:23,487] {standard_task_runner.py:76} INFO - Running: ['***', 'tasks', 'run', 'yellow_taxi_dag', 'curl', 'scheduled__2022-01-02T06:00:00+00:00', '--job-id', '207', '--raw', '--subdir', 'DAGS_FOLDER/yellow_taxi_dag.py', '--cfg-path', '/tmp/tmp8e0cuhuu', '--error-file', '/tmp/tmppjhauh36']
[2022-07-08 04:56:23,493] {standard_task_runner.py:77} INFO - Job 207: Subtask curl
[2022-07-08 04:56:23,650] {logging_mixin.py:109} INFO - Running <TaskInstance: yellow_taxi_dag.curl scheduled__2022-01-02T06:00:00+00:00 [running]> on host 2b856f2081be
[2022-07-08 04:56:23,790] {warnings.py:99} WARNING - /home/***/.local/lib/python3.6/site-packages/***/utils/context.py:152: AirflowContextDeprecationWarning: Accessing 'execution_date' from the template is deprecated and will be removed in a future version. Please use 'data_interval_start' or 'logical_date' instead.
  warnings.warn(_create_deprecation_warning(key, self._deprecation_replacements[key]))

[2022-07-08 04:56:24,002] {taskinstance.py:1426} INFO - Exporting the following env vars:
AIRFLOW_CTX_DAG_OWNER=***
AIRFLOW_CTX_DAG_ID=yellow_taxi_dag
AIRFLOW_CTX_TASK_ID=curl
AIRFLOW_CTX_EXECUTION_DATE=2022-01-02T06:00:00+00:00
AIRFLOW_CTX_DAG_RUN_ID=scheduled__2022-01-02T06:00:00+00:00
[2022-07-08 04:56:24,059] {subprocess.py:62} INFO - Tmp dir root location: 
 /tmp
[2022-07-08 04:56:24,065] {subprocess.py:74} INFO - Running command: ['bash', '-c', 'echo "2022_01" ']
[2022-07-08 04:56:24,231] {subprocess.py:85} INFO - Output:
[2022-07-08 04:56:24,278] {subprocess.py:89} INFO - 2022_01
[2022-07-08 04:56:24,289] {subprocess.py:93} INFO - Command exited with return code 0
[2022-07-08 04:56:24,524] {taskinstance.py:1277} INFO - Marking task as SUCCESS. dag_id=yellow_taxi_dag, task_id=curl, execution_date=20220102T060000, start_date=20220708T045623, end_date=20220708T045624
[2022-07-08 04:56:24,672] {local_task_job.py:154} INFO - Task exited with return code 0
[2022-07-08 04:56:24,854] {local_task_job.py:264} INFO - 0 downstream tasks scheduled from follow-on schedule check
