[2022-07-08 04:00:58,876] {taskinstance.py:1032} INFO - Dependencies all met for <TaskInstance: LocalIngestionDag2.wget manual__2022-07-08T04:00:56.711641+00:00 [queued]>
[2022-07-08 04:00:58,912] {taskinstance.py:1032} INFO - Dependencies all met for <TaskInstance: LocalIngestionDag2.wget manual__2022-07-08T04:00:56.711641+00:00 [queued]>
[2022-07-08 04:00:58,915] {taskinstance.py:1238} INFO - 
--------------------------------------------------------------------------------
[2022-07-08 04:00:58,917] {taskinstance.py:1239} INFO - Starting attempt 1 of 1
[2022-07-08 04:00:58,919] {taskinstance.py:1240} INFO - 
--------------------------------------------------------------------------------
[2022-07-08 04:00:58,986] {taskinstance.py:1259} INFO - Executing <Task(BashOperator): wget> on 2022-07-08 04:00:56.711641+00:00
[2022-07-08 04:00:59,020] {standard_task_runner.py:52} INFO - Started process 6776 to run task
[2022-07-08 04:00:59,051] {standard_task_runner.py:76} INFO - Running: ['***', 'tasks', 'run', 'LocalIngestionDag2', 'wget', 'manual__2022-07-08T04:00:56.711641+00:00', '--job-id', '147', '--raw', '--subdir', 'DAGS_FOLDER/data_ingestion_gcs_full_yt.py', '--cfg-path', '/tmp/tmpo7l_qmyi', '--error-file', '/tmp/tmpkiq2u6q4']
[2022-07-08 04:00:59,057] {standard_task_runner.py:77} INFO - Job 147: Subtask wget
[2022-07-08 04:00:59,182] {logging_mixin.py:109} INFO - Running <TaskInstance: LocalIngestionDag2.wget manual__2022-07-08T04:00:56.711641+00:00 [running]> on host 2b856f2081be
[2022-07-08 04:00:59,278] {warnings.py:99} WARNING - /home/***/.local/lib/python3.6/site-packages/***/utils/context.py:152: AirflowContextDeprecationWarning: Accessing 'execution_date' from the template is deprecated and will be removed in a future version. Please use 'data_interval_start' or 'logical_date' instead.
  warnings.warn(_create_deprecation_warning(key, self._deprecation_replacements[key]))

[2022-07-08 04:00:59,371] {taskinstance.py:1426} INFO - Exporting the following env vars:
AIRFLOW_CTX_DAG_OWNER=***
AIRFLOW_CTX_DAG_ID=LocalIngestionDag2
AIRFLOW_CTX_TASK_ID=wget
AIRFLOW_CTX_EXECUTION_DATE=2022-07-08T04:00:56.711641+00:00
AIRFLOW_CTX_DAG_RUN_ID=manual__2022-07-08T04:00:56.711641+00:00
[2022-07-08 04:00:59,376] {subprocess.py:62} INFO - Tmp dir root location: 
 /tmp
[2022-07-08 04:00:59,378] {subprocess.py:74} INFO - Running command: ['bash', '-c', 'echo "2022_07" ']
[2022-07-08 04:00:59,430] {subprocess.py:85} INFO - Output:
[2022-07-08 04:00:59,437] {subprocess.py:89} INFO - 2022_07
[2022-07-08 04:00:59,443] {subprocess.py:93} INFO - Command exited with return code 0
[2022-07-08 04:00:59,573] {taskinstance.py:1277} INFO - Marking task as SUCCESS. dag_id=LocalIngestionDag2, task_id=wget, execution_date=20220708T040056, start_date=20220708T040058, end_date=20220708T040059
[2022-07-08 04:00:59,688] {local_task_job.py:154} INFO - Task exited with return code 0
[2022-07-08 04:00:59,772] {local_task_job.py:264} INFO - 0 downstream tasks scheduled from follow-on schedule check
