[2022-07-08 05:46:53,192] {taskinstance.py:1032} INFO - Dependencies all met for <TaskInstance: yt_dag7.download_data_task scheduled__2020-06-02T06:00:00+00:00 [queued]>
[2022-07-08 05:46:54,242] {taskinstance.py:1032} INFO - Dependencies all met for <TaskInstance: yt_dag7.download_data_task scheduled__2020-06-02T06:00:00+00:00 [queued]>
[2022-07-08 05:46:54,303] {taskinstance.py:1238} INFO - 
--------------------------------------------------------------------------------
[2022-07-08 05:46:54,312] {taskinstance.py:1239} INFO - Starting attempt 1 of 1
[2022-07-08 05:46:54,329] {taskinstance.py:1240} INFO - 
--------------------------------------------------------------------------------
[2022-07-08 05:46:55,028] {taskinstance.py:1259} INFO - Executing <Task(BashOperator): download_data_task> on 2020-06-02 06:00:00+00:00
[2022-07-08 05:46:55,312] {standard_task_runner.py:52} INFO - Started process 421 to run task
[2022-07-08 05:46:56,075] {standard_task_runner.py:76} INFO - Running: ['***', 'tasks', 'run', 'yt_dag7', 'download_data_task', 'scheduled__2020-06-02T06:00:00+00:00', '--job-id', '333', '--raw', '--subdir', 'DAGS_FOLDER/yellow_taxi_dag.py', '--cfg-path', '/tmp/tmpd99pv3d3', '--error-file', '/tmp/tmpng87otc2']
[2022-07-08 05:46:57,971] {standard_task_runner.py:77} INFO - Job 333: Subtask download_data_task
[2022-07-08 05:47:07,842] {logging_mixin.py:109} INFO - Running <TaskInstance: yt_dag7.download_data_task scheduled__2020-06-02T06:00:00+00:00 [running]> on host 2b856f2081be
[2022-07-08 05:47:10,761] {warnings.py:99} WARNING - /home/***/.local/lib/python3.6/site-packages/***/utils/context.py:152: AirflowContextDeprecationWarning: Accessing 'execution_date' from the template is deprecated and will be removed in a future version. Please use 'data_interval_start' or 'logical_date' instead.
  warnings.warn(_create_deprecation_warning(key, self._deprecation_replacements[key]))

[2022-07-08 05:47:13,118] {taskinstance.py:1426} INFO - Exporting the following env vars:
AIRFLOW_CTX_DAG_OWNER=***
AIRFLOW_CTX_DAG_ID=yt_dag7
AIRFLOW_CTX_TASK_ID=download_data_task
AIRFLOW_CTX_EXECUTION_DATE=2020-06-02T06:00:00+00:00
AIRFLOW_CTX_DAG_RUN_ID=scheduled__2020-06-02T06:00:00+00:00
[2022-07-08 05:47:13,285] {subprocess.py:62} INFO - Tmp dir root location: 
 /tmp
[2022-07-08 05:47:13,497] {subprocess.py:74} INFO - Running command: ['bash', '-c', 'curl -sSL https://d37ci6vzurychx.cloudfront.net/trip-data/yellow_tripdata_2020-06.parquet > /opt/***/yellow_tripdata_2020-06.parquet']
[2022-07-08 05:47:14,712] {subprocess.py:85} INFO - Output:
[2022-07-08 05:47:37,844] {subprocess.py:93} INFO - Command exited with return code 0
[2022-07-08 05:47:48,085] {taskinstance.py:1277} INFO - Marking task as SUCCESS. dag_id=yt_dag7, task_id=download_data_task, execution_date=20200602T060000, start_date=20220708T054653, end_date=20220708T054748
[2022-07-08 05:47:49,916] {local_task_job.py:154} INFO - Task exited with return code 0
[2022-07-08 05:48:05,018] {local_task_job.py:264} INFO - 0 downstream tasks scheduled from follow-on schedule check
