[2022-07-08 04:01:00,851] {taskinstance.py:1032} INFO - Dependencies all met for <TaskInstance: LocalIngestionDag2.wget scheduled__2019-03-02T06:00:00+00:00 [queued]>
[2022-07-08 04:01:00,889] {taskinstance.py:1032} INFO - Dependencies all met for <TaskInstance: LocalIngestionDag2.wget scheduled__2019-03-02T06:00:00+00:00 [queued]>
[2022-07-08 04:01:00,892] {taskinstance.py:1238} INFO - 
--------------------------------------------------------------------------------
[2022-07-08 04:01:00,893] {taskinstance.py:1239} INFO - Starting attempt 1 of 1
[2022-07-08 04:01:00,894] {taskinstance.py:1240} INFO - 
--------------------------------------------------------------------------------
[2022-07-08 04:01:00,949] {taskinstance.py:1259} INFO - Executing <Task(BashOperator): wget> on 2019-03-02 06:00:00+00:00
[2022-07-08 04:01:01,010] {standard_task_runner.py:76} INFO - Running: ['***', 'tasks', 'run', 'LocalIngestionDag2', 'wget', 'scheduled__2019-03-02T06:00:00+00:00', '--job-id', '151', '--raw', '--subdir', 'DAGS_FOLDER/data_ingestion_gcs_full_yt.py', '--cfg-path', '/tmp/tmpdspfsmst', '--error-file', '/tmp/tmpq5d_ueao']
[2022-07-08 04:01:01,023] {standard_task_runner.py:77} INFO - Job 151: Subtask wget
[2022-07-08 04:01:00,967] {standard_task_runner.py:52} INFO - Started process 6787 to run task
[2022-07-08 04:01:01,255] {logging_mixin.py:109} INFO - Running <TaskInstance: LocalIngestionDag2.wget scheduled__2019-03-02T06:00:00+00:00 [running]> on host 2b856f2081be
[2022-07-08 04:01:01,394] {warnings.py:99} WARNING - /home/***/.local/lib/python3.6/site-packages/***/utils/context.py:152: AirflowContextDeprecationWarning: Accessing 'execution_date' from the template is deprecated and will be removed in a future version. Please use 'data_interval_start' or 'logical_date' instead.
  warnings.warn(_create_deprecation_warning(key, self._deprecation_replacements[key]))

[2022-07-08 04:01:01,499] {taskinstance.py:1426} INFO - Exporting the following env vars:
AIRFLOW_CTX_DAG_OWNER=***
AIRFLOW_CTX_DAG_ID=LocalIngestionDag2
AIRFLOW_CTX_TASK_ID=wget
AIRFLOW_CTX_EXECUTION_DATE=2019-03-02T06:00:00+00:00
AIRFLOW_CTX_DAG_RUN_ID=scheduled__2019-03-02T06:00:00+00:00
[2022-07-08 04:01:01,504] {subprocess.py:62} INFO - Tmp dir root location: 
 /tmp
[2022-07-08 04:01:01,509] {subprocess.py:74} INFO - Running command: ['bash', '-c', 'echo "2019_03" ']
[2022-07-08 04:01:01,565] {subprocess.py:85} INFO - Output:
[2022-07-08 04:01:01,570] {subprocess.py:89} INFO - 2019_03
[2022-07-08 04:01:01,573] {subprocess.py:93} INFO - Command exited with return code 0
[2022-07-08 04:01:01,719] {taskinstance.py:1277} INFO - Marking task as SUCCESS. dag_id=LocalIngestionDag2, task_id=wget, execution_date=20190302T060000, start_date=20220708T040100, end_date=20220708T040101
[2022-07-08 04:01:01,836] {local_task_job.py:154} INFO - Task exited with return code 0
[2022-07-08 04:01:02,119] {local_task_job.py:264} INFO - 0 downstream tasks scheduled from follow-on schedule check
