[2022-07-08 05:46:53,602] {taskinstance.py:1032} INFO - Dependencies all met for <TaskInstance: yt_dag7.local_to_gcs_task scheduled__2020-03-02T06:00:00+00:00 [queued]>
[2022-07-08 05:46:54,570] {taskinstance.py:1032} INFO - Dependencies all met for <TaskInstance: yt_dag7.local_to_gcs_task scheduled__2020-03-02T06:00:00+00:00 [queued]>
[2022-07-08 05:46:54,597] {taskinstance.py:1238} INFO - 
--------------------------------------------------------------------------------
[2022-07-08 05:46:54,607] {taskinstance.py:1239} INFO - Starting attempt 1 of 1
[2022-07-08 05:46:54,619] {taskinstance.py:1240} INFO - 
--------------------------------------------------------------------------------
[2022-07-08 05:46:55,323] {taskinstance.py:1259} INFO - Executing <Task(PythonOperator): local_to_gcs_task> on 2020-03-02 06:00:00+00:00
[2022-07-08 05:46:56,684] {standard_task_runner.py:52} INFO - Started process 422 to run task
[2022-07-08 05:46:58,819] {standard_task_runner.py:76} INFO - Running: ['***', 'tasks', 'run', 'yt_dag7', 'local_to_gcs_task', 'scheduled__2020-03-02T06:00:00+00:00', '--job-id', '332', '--raw', '--subdir', 'DAGS_FOLDER/yellow_taxi_dag.py', '--cfg-path', '/tmp/tmpt8uwp2vt', '--error-file', '/tmp/tmpup5rqc43']
[2022-07-08 05:46:59,378] {standard_task_runner.py:77} INFO - Job 332: Subtask local_to_gcs_task
[2022-07-08 05:47:03,562] {logging_mixin.py:109} INFO - Running <TaskInstance: yt_dag7.local_to_gcs_task scheduled__2020-03-02T06:00:00+00:00 [running]> on host 2b856f2081be
[2022-07-08 05:47:07,146] {warnings.py:99} WARNING - /home/***/.local/lib/python3.6/site-packages/***/utils/context.py:152: AirflowContextDeprecationWarning: Accessing 'execution_date' from the template is deprecated and will be removed in a future version. Please use 'data_interval_start' or 'logical_date' instead.
  warnings.warn(_create_deprecation_warning(key, self._deprecation_replacements[key]))

[2022-07-08 05:47:09,475] {taskinstance.py:1426} INFO - Exporting the following env vars:
AIRFLOW_CTX_DAG_OWNER=***
AIRFLOW_CTX_DAG_ID=yt_dag7
AIRFLOW_CTX_TASK_ID=local_to_gcs_task
AIRFLOW_CTX_EXECUTION_DATE=2020-03-02T06:00:00+00:00
AIRFLOW_CTX_DAG_RUN_ID=scheduled__2020-03-02T06:00:00+00:00
[2022-07-08 05:48:56,146] {python.py:175} INFO - Done. Returned value was: None
[2022-07-08 05:48:59,294] {taskinstance.py:1277} INFO - Marking task as SUCCESS. dag_id=yt_dag7, task_id=local_to_gcs_task, execution_date=20200302T060000, start_date=20220708T054653, end_date=20220708T054859
[2022-07-08 05:49:02,541] {local_task_job.py:154} INFO - Task exited with return code 0
[2022-07-08 05:49:12,316] {local_task_job.py:264} INFO - 0 downstream tasks scheduled from follow-on schedule check
