[2022-07-08 05:00:00,040] {taskinstance.py:1032} INFO - Dependencies all met for <TaskInstance: yellow_taxi_dag2.curl scheduled__2019-12-02T06:00:00+00:00 [queued]>
[2022-07-08 05:00:00,276] {taskinstance.py:1032} INFO - Dependencies all met for <TaskInstance: yellow_taxi_dag2.curl scheduled__2019-12-02T06:00:00+00:00 [queued]>
[2022-07-08 05:00:00,299] {taskinstance.py:1238} INFO - 
--------------------------------------------------------------------------------
[2022-07-08 05:00:00,302] {taskinstance.py:1239} INFO - Starting attempt 1 of 1
[2022-07-08 05:00:00,308] {taskinstance.py:1240} INFO - 
--------------------------------------------------------------------------------
[2022-07-08 05:00:00,571] {taskinstance.py:1259} INFO - Executing <Task(BashOperator): curl> on 2019-12-02 06:00:00+00:00
[2022-07-08 05:00:00,635] {standard_task_runner.py:52} INFO - Started process 1193 to run task
[2022-07-08 05:00:00,782] {standard_task_runner.py:76} INFO - Running: ['***', 'tasks', 'run', 'yellow_taxi_dag2', 'curl', 'scheduled__2019-12-02T06:00:00+00:00', '--job-id', '229', '--raw', '--subdir', 'DAGS_FOLDER/yellow_taxi_dag.py', '--cfg-path', '/tmp/tmprws89ec_', '--error-file', '/tmp/tmpjyu2xr05']
[2022-07-08 05:00:00,812] {standard_task_runner.py:77} INFO - Job 229: Subtask curl
[2022-07-08 05:00:01,647] {logging_mixin.py:109} INFO - Running <TaskInstance: yellow_taxi_dag2.curl scheduled__2019-12-02T06:00:00+00:00 [running]> on host 2b856f2081be
[2022-07-08 05:00:02,321] {warnings.py:99} WARNING - /home/***/.local/lib/python3.6/site-packages/***/utils/context.py:152: AirflowContextDeprecationWarning: Accessing 'execution_date' from the template is deprecated and will be removed in a future version. Please use 'data_interval_start' or 'logical_date' instead.
  warnings.warn(_create_deprecation_warning(key, self._deprecation_replacements[key]))

[2022-07-08 05:00:02,433] {taskinstance.py:1426} INFO - Exporting the following env vars:
AIRFLOW_CTX_DAG_OWNER=***
AIRFLOW_CTX_DAG_ID=yellow_taxi_dag2
AIRFLOW_CTX_TASK_ID=curl
AIRFLOW_CTX_EXECUTION_DATE=2019-12-02T06:00:00+00:00
AIRFLOW_CTX_DAG_RUN_ID=scheduled__2019-12-02T06:00:00+00:00
[2022-07-08 05:00:02,449] {subprocess.py:62} INFO - Tmp dir root location: 
 /tmp
[2022-07-08 05:00:02,454] {subprocess.py:74} INFO - Running command: ['bash', '-c', 'echo "2019_12" ']
[2022-07-08 05:00:02,521] {subprocess.py:85} INFO - Output:
[2022-07-08 05:00:02,530] {subprocess.py:89} INFO - 2019_12
[2022-07-08 05:00:02,533] {subprocess.py:93} INFO - Command exited with return code 0
[2022-07-08 05:00:02,764] {taskinstance.py:1277} INFO - Marking task as SUCCESS. dag_id=yellow_taxi_dag2, task_id=curl, execution_date=20191202T060000, start_date=20220708T050000, end_date=20220708T050002
[2022-07-08 05:00:02,982] {local_task_job.py:154} INFO - Task exited with return code 0
[2022-07-08 05:00:03,165] {local_task_job.py:264} INFO - 0 downstream tasks scheduled from follow-on schedule check
