[2022-07-08 20:02:22,677] {taskinstance.py:1032} INFO - Dependencies all met for <TaskInstance: gt_dag.local_to_gcs_task scheduled__2019-09-02T06:00:00+00:00 [queued]>
[2022-07-08 20:02:23,387] {taskinstance.py:1032} INFO - Dependencies all met for <TaskInstance: gt_dag.local_to_gcs_task scheduled__2019-09-02T06:00:00+00:00 [queued]>
[2022-07-08 20:02:23,577] {taskinstance.py:1238} INFO - 
--------------------------------------------------------------------------------
[2022-07-08 20:02:23,609] {taskinstance.py:1239} INFO - Starting attempt 1 of 1
[2022-07-08 20:02:23,641] {taskinstance.py:1240} INFO - 
--------------------------------------------------------------------------------
[2022-07-08 20:02:25,460] {taskinstance.py:1259} INFO - Executing <Task(PythonOperator): local_to_gcs_task> on 2019-09-02 06:00:00+00:00
[2022-07-08 20:02:26,550] {standard_task_runner.py:76} INFO - Running: ['***', 'tasks', 'run', 'gt_dag', 'local_to_gcs_task', 'scheduled__2019-09-02T06:00:00+00:00', '--job-id', '420', '--raw', '--subdir', 'DAGS_FOLDER/green_taxi_dag.py', '--cfg-path', '/tmp/tmpm0s24g6r', '--error-file', '/tmp/tmp7sxf1p39']
[2022-07-08 20:02:27,198] {standard_task_runner.py:77} INFO - Job 420: Subtask local_to_gcs_task
[2022-07-08 20:02:25,593] {standard_task_runner.py:52} INFO - Started process 15116 to run task
[2022-07-08 20:02:41,012] {logging_mixin.py:109} INFO - Running <TaskInstance: gt_dag.local_to_gcs_task scheduled__2019-09-02T06:00:00+00:00 [running]> on host 2b856f2081be
[2022-07-08 20:02:46,048] {warnings.py:99} WARNING - /home/***/.local/lib/python3.6/site-packages/***/utils/context.py:152: AirflowContextDeprecationWarning: Accessing 'execution_date' from the template is deprecated and will be removed in a future version. Please use 'data_interval_start' or 'logical_date' instead.
  warnings.warn(_create_deprecation_warning(key, self._deprecation_replacements[key]))

[2022-07-08 20:02:46,704] {taskinstance.py:1426} INFO - Exporting the following env vars:
AIRFLOW_CTX_DAG_OWNER=***
AIRFLOW_CTX_DAG_ID=gt_dag
AIRFLOW_CTX_TASK_ID=local_to_gcs_task
AIRFLOW_CTX_EXECUTION_DATE=2019-09-02T06:00:00+00:00
AIRFLOW_CTX_DAG_RUN_ID=scheduled__2019-09-02T06:00:00+00:00
[2022-07-08 20:03:00,553] {python.py:175} INFO - Done. Returned value was: None
[2022-07-08 20:03:03,008] {taskinstance.py:1277} INFO - Marking task as SUCCESS. dag_id=gt_dag, task_id=local_to_gcs_task, execution_date=20190902T060000, start_date=20220708T200222, end_date=20220708T200303
[2022-07-08 20:03:03,733] {local_task_job.py:212} WARNING - State of this instance has been externally set to success. Terminating instance.
[2022-07-08 20:03:03,997] {process_utils.py:124} INFO - Sending Signals.SIGTERM to group 15116. PIDs of all processes in the group: [15116]
[2022-07-08 20:03:04,020] {process_utils.py:75} INFO - Sending the signal Signals.SIGTERM to group 15116
[2022-07-08 20:03:04,043] {process_utils.py:70} INFO - Process psutil.Process(pid=15116, status='terminated', exitcode=0, started='20:02:24') (15116) terminated with exit code 0
