[2022-07-08 14:58:05,014] {taskinstance.py:1032} INFO - Dependencies all met for <TaskInstance: fhv_dag.local_to_gcs_task scheduled__2019-10-02T06:00:00+00:00 [queued]>
[2022-07-08 14:58:05,048] {taskinstance.py:1032} INFO - Dependencies all met for <TaskInstance: fhv_dag.local_to_gcs_task scheduled__2019-10-02T06:00:00+00:00 [queued]>
[2022-07-08 14:58:05,052] {taskinstance.py:1238} INFO - 
--------------------------------------------------------------------------------
[2022-07-08 14:58:05,053] {taskinstance.py:1239} INFO - Starting attempt 1 of 1
[2022-07-08 14:58:05,058] {taskinstance.py:1240} INFO - 
--------------------------------------------------------------------------------
[2022-07-08 14:58:05,090] {taskinstance.py:1259} INFO - Executing <Task(PythonOperator): local_to_gcs_task> on 2019-10-02 06:00:00+00:00
[2022-07-08 14:58:05,103] {standard_task_runner.py:52} INFO - Started process 969 to run task
[2022-07-08 14:58:05,125] {standard_task_runner.py:76} INFO - Running: ['***', 'tasks', 'run', 'fhv_dag', 'local_to_gcs_task', 'scheduled__2019-10-02T06:00:00+00:00', '--job-id', '391', '--raw', '--subdir', 'DAGS_FOLDER/fhv_dag.py', '--cfg-path', '/tmp/tmpx2lgb3fn', '--error-file', '/tmp/tmpmfv52z2a']
[2022-07-08 14:58:05,134] {standard_task_runner.py:77} INFO - Job 391: Subtask local_to_gcs_task
[2022-07-08 14:58:05,286] {logging_mixin.py:109} INFO - Running <TaskInstance: fhv_dag.local_to_gcs_task scheduled__2019-10-02T06:00:00+00:00 [running]> on host 2b856f2081be
[2022-07-08 14:58:05,368] {warnings.py:99} WARNING - /home/***/.local/lib/python3.6/site-packages/***/utils/context.py:152: AirflowContextDeprecationWarning: Accessing 'execution_date' from the template is deprecated and will be removed in a future version. Please use 'data_interval_start' or 'logical_date' instead.
  warnings.warn(_create_deprecation_warning(key, self._deprecation_replacements[key]))

[2022-07-08 14:58:05,435] {taskinstance.py:1426} INFO - Exporting the following env vars:
AIRFLOW_CTX_DAG_OWNER=***
AIRFLOW_CTX_DAG_ID=fhv_dag
AIRFLOW_CTX_TASK_ID=local_to_gcs_task
AIRFLOW_CTX_EXECUTION_DATE=2019-10-02T06:00:00+00:00
AIRFLOW_CTX_DAG_RUN_ID=scheduled__2019-10-02T06:00:00+00:00
[2022-07-08 14:58:05,884] {python.py:175} INFO - Done. Returned value was: None
[2022-07-08 14:58:05,998] {taskinstance.py:1277} INFO - Marking task as SUCCESS. dag_id=fhv_dag, task_id=local_to_gcs_task, execution_date=20191002T060000, start_date=20220708T145805, end_date=20220708T145805
[2022-07-08 14:58:06,087] {local_task_job.py:154} INFO - Task exited with return code 0
[2022-07-08 14:58:06,255] {local_task_job.py:264} INFO - 0 downstream tasks scheduled from follow-on schedule check
