[2022-07-08 14:58:01,928] {taskinstance.py:1032} INFO - Dependencies all met for <TaskInstance: fhv_dag.download_data_task scheduled__2019-12-02T06:00:00+00:00 [queued]>
[2022-07-08 14:58:01,949] {taskinstance.py:1032} INFO - Dependencies all met for <TaskInstance: fhv_dag.download_data_task scheduled__2019-12-02T06:00:00+00:00 [queued]>
[2022-07-08 14:58:01,952] {taskinstance.py:1238} INFO - 
--------------------------------------------------------------------------------
[2022-07-08 14:58:01,954] {taskinstance.py:1239} INFO - Starting attempt 1 of 1
[2022-07-08 14:58:01,956] {taskinstance.py:1240} INFO - 
--------------------------------------------------------------------------------
[2022-07-08 14:58:02,028] {taskinstance.py:1259} INFO - Executing <Task(BashOperator): download_data_task> on 2019-12-02 06:00:00+00:00
[2022-07-08 14:58:02,052] {standard_task_runner.py:52} INFO - Started process 956 to run task
[2022-07-08 14:58:02,153] {standard_task_runner.py:76} INFO - Running: ['***', 'tasks', 'run', 'fhv_dag', 'download_data_task', 'scheduled__2019-12-02T06:00:00+00:00', '--job-id', '388', '--raw', '--subdir', 'DAGS_FOLDER/fhv_dag.py', '--cfg-path', '/tmp/tmp8i7s3lq5', '--error-file', '/tmp/tmpz51ezvc9']
[2022-07-08 14:58:02,176] {standard_task_runner.py:77} INFO - Job 388: Subtask download_data_task
[2022-07-08 14:58:02,538] {logging_mixin.py:109} INFO - Running <TaskInstance: fhv_dag.download_data_task scheduled__2019-12-02T06:00:00+00:00 [running]> on host 2b856f2081be
[2022-07-08 14:58:02,698] {warnings.py:99} WARNING - /home/***/.local/lib/python3.6/site-packages/***/utils/context.py:152: AirflowContextDeprecationWarning: Accessing 'execution_date' from the template is deprecated and will be removed in a future version. Please use 'data_interval_start' or 'logical_date' instead.
  warnings.warn(_create_deprecation_warning(key, self._deprecation_replacements[key]))

[2022-07-08 14:58:02,783] {taskinstance.py:1426} INFO - Exporting the following env vars:
AIRFLOW_CTX_DAG_OWNER=***
AIRFLOW_CTX_DAG_ID=fhv_dag
AIRFLOW_CTX_TASK_ID=download_data_task
AIRFLOW_CTX_EXECUTION_DATE=2019-12-02T06:00:00+00:00
AIRFLOW_CTX_DAG_RUN_ID=scheduled__2019-12-02T06:00:00+00:00
[2022-07-08 14:58:02,786] {subprocess.py:62} INFO - Tmp dir root location: 
 /tmp
[2022-07-08 14:58:02,789] {subprocess.py:74} INFO - Running command: ['bash', '-c', 'curl -sSL https://d37ci6vzurychx.cloudfront.net/trip-data/fhv_tripdata_2019-12.parquet > /opt/***/fhv_tripdata_2019-12.parquet']
[2022-07-08 14:58:02,837] {subprocess.py:85} INFO - Output:
[2022-07-08 14:58:03,043] {subprocess.py:93} INFO - Command exited with return code 0
[2022-07-08 14:58:03,190] {taskinstance.py:1277} INFO - Marking task as SUCCESS. dag_id=fhv_dag, task_id=download_data_task, execution_date=20191202T060000, start_date=20220708T145801, end_date=20220708T145803
[2022-07-08 14:58:03,252] {local_task_job.py:154} INFO - Task exited with return code 0
[2022-07-08 14:58:03,687] {local_task_job.py:264} INFO - 1 downstream tasks scheduled from follow-on schedule check
[2022-08-04 21:02:47,034] {taskinstance.py:1032} INFO - Dependencies all met for <TaskInstance: fhv_dag.download_data_task scheduled__2019-12-02T06:00:00+00:00 [queued]>
[2022-08-04 21:02:47,198] {taskinstance.py:1032} INFO - Dependencies all met for <TaskInstance: fhv_dag.download_data_task scheduled__2019-12-02T06:00:00+00:00 [queued]>
[2022-08-04 21:02:47,210] {taskinstance.py:1238} INFO - 
--------------------------------------------------------------------------------
[2022-08-04 21:02:47,211] {taskinstance.py:1239} INFO - Starting attempt 1 of 1
[2022-08-04 21:02:47,212] {taskinstance.py:1240} INFO - 
--------------------------------------------------------------------------------
[2022-08-04 21:02:47,575] {taskinstance.py:1259} INFO - Executing <Task(BashOperator): download_data_task> on 2019-12-02 06:00:00+00:00
[2022-08-04 21:02:47,682] {standard_task_runner.py:52} INFO - Started process 92 to run task
[2022-08-04 21:02:47,796] {standard_task_runner.py:76} INFO - Running: ['***', 'tasks', 'run', 'fhv_dag', 'download_data_task', 'scheduled__2019-12-02T06:00:00+00:00', '--job-id', '13', '--raw', '--subdir', 'DAGS_FOLDER/fhv_dag.py', '--cfg-path', '/tmp/tmpplnr652g', '--error-file', '/tmp/tmphr1_7qia']
[2022-08-04 21:02:47,814] {standard_task_runner.py:77} INFO - Job 13: Subtask download_data_task
[2022-08-04 21:02:48,757] {logging_mixin.py:109} INFO - Running <TaskInstance: fhv_dag.download_data_task scheduled__2019-12-02T06:00:00+00:00 [running]> on host b20bc6ac5db7
[2022-08-04 21:02:48,933] {warnings.py:110} WARNING - /home/***/.local/lib/python3.7/site-packages/***/utils/context.py:152: AirflowContextDeprecationWarning: Accessing 'execution_date' from the template is deprecated and will be removed in a future version. Please use 'data_interval_start' or 'logical_date' instead.
  warnings.warn(_create_deprecation_warning(key, self._deprecation_replacements[key]))

[2022-08-04 21:02:48,980] {taskinstance.py:1426} INFO - Exporting the following env vars:
AIRFLOW_CTX_DAG_OWNER=***
AIRFLOW_CTX_DAG_ID=fhv_dag
AIRFLOW_CTX_TASK_ID=download_data_task
AIRFLOW_CTX_EXECUTION_DATE=2019-12-02T06:00:00+00:00
AIRFLOW_CTX_DAG_RUN_ID=scheduled__2019-12-02T06:00:00+00:00
[2022-08-04 21:02:48,982] {subprocess.py:62} INFO - Tmp dir root location: 
 /tmp
[2022-08-04 21:02:48,983] {subprocess.py:74} INFO - Running command: ['bash', '-c', 'curl -sSL https://d37ci6vzurychx.cloudfront.net/trip-data/fhv_tripdata_2019-12.parquet > /opt/***/fhv_tripdata_2019-12.parquet']
[2022-08-04 21:02:49,010] {subprocess.py:85} INFO - Output:
[2022-08-04 21:05:05,000] {subprocess.py:93} INFO - Command exited with return code 0
[2022-08-04 21:05:05,058] {taskinstance.py:1277} INFO - Marking task as SUCCESS. dag_id=fhv_dag, task_id=download_data_task, execution_date=20191202T060000, start_date=20220804T210247, end_date=20220804T210505
[2022-08-04 21:05:05,099] {local_task_job.py:154} INFO - Task exited with return code 0
[2022-08-04 21:05:05,156] {local_task_job.py:264} INFO - 1 downstream tasks scheduled from follow-on schedule check
