[2022-07-08 14:57:59,591] {taskinstance.py:1032} INFO - Dependencies all met for <TaskInstance: fhv_dag.download_data_task scheduled__2019-09-02T06:00:00+00:00 [queued]>
[2022-07-08 14:57:59,693] {taskinstance.py:1032} INFO - Dependencies all met for <TaskInstance: fhv_dag.download_data_task scheduled__2019-09-02T06:00:00+00:00 [queued]>
[2022-07-08 14:57:59,706] {taskinstance.py:1238} INFO - 
--------------------------------------------------------------------------------
[2022-07-08 14:57:59,710] {taskinstance.py:1239} INFO - Starting attempt 1 of 1
[2022-07-08 14:57:59,722] {taskinstance.py:1240} INFO - 
--------------------------------------------------------------------------------
[2022-07-08 14:57:59,796] {taskinstance.py:1259} INFO - Executing <Task(BashOperator): download_data_task> on 2019-09-02 06:00:00+00:00
[2022-07-08 14:57:59,837] {standard_task_runner.py:76} INFO - Running: ['***', 'tasks', 'run', 'fhv_dag', 'download_data_task', 'scheduled__2019-09-02T06:00:00+00:00', '--job-id', '386', '--raw', '--subdir', 'DAGS_FOLDER/fhv_dag.py', '--cfg-path', '/tmp/tmpktwpkzg9', '--error-file', '/tmp/tmpfx9fcod0']
[2022-07-08 14:57:59,849] {standard_task_runner.py:77} INFO - Job 386: Subtask download_data_task
[2022-07-08 14:57:59,808] {standard_task_runner.py:52} INFO - Started process 946 to run task
[2022-07-08 14:58:00,777] {logging_mixin.py:109} INFO - Running <TaskInstance: fhv_dag.download_data_task scheduled__2019-09-02T06:00:00+00:00 [running]> on host 2b856f2081be
[2022-07-08 14:58:01,145] {warnings.py:99} WARNING - /home/***/.local/lib/python3.6/site-packages/***/utils/context.py:152: AirflowContextDeprecationWarning: Accessing 'execution_date' from the template is deprecated and will be removed in a future version. Please use 'data_interval_start' or 'logical_date' instead.
  warnings.warn(_create_deprecation_warning(key, self._deprecation_replacements[key]))

[2022-07-08 14:58:01,328] {taskinstance.py:1426} INFO - Exporting the following env vars:
AIRFLOW_CTX_DAG_OWNER=***
AIRFLOW_CTX_DAG_ID=fhv_dag
AIRFLOW_CTX_TASK_ID=download_data_task
AIRFLOW_CTX_EXECUTION_DATE=2019-09-02T06:00:00+00:00
AIRFLOW_CTX_DAG_RUN_ID=scheduled__2019-09-02T06:00:00+00:00
[2022-07-08 14:58:01,331] {subprocess.py:62} INFO - Tmp dir root location: 
 /tmp
[2022-07-08 14:58:01,333] {subprocess.py:74} INFO - Running command: ['bash', '-c', 'curl -sSL https://d37ci6vzurychx.cloudfront.net/trip-data/fhv_tripdata_2019-09.parquet > /opt/***/fhv_tripdata_2019-09.parquet']
[2022-07-08 14:58:01,398] {subprocess.py:85} INFO - Output:
[2022-07-08 14:58:02,635] {subprocess.py:93} INFO - Command exited with return code 0
[2022-07-08 14:58:02,718] {taskinstance.py:1277} INFO - Marking task as SUCCESS. dag_id=fhv_dag, task_id=download_data_task, execution_date=20190902T060000, start_date=20220708T145759, end_date=20220708T145802
[2022-07-08 14:58:02,842] {local_task_job.py:154} INFO - Task exited with return code 0
[2022-07-08 14:58:03,335] {local_task_job.py:264} INFO - 0 downstream tasks scheduled from follow-on schedule check
[2022-08-04 21:02:46,463] {taskinstance.py:1032} INFO - Dependencies all met for <TaskInstance: fhv_dag.download_data_task scheduled__2019-09-02T06:00:00+00:00 [queued]>
[2022-08-04 21:02:46,507] {taskinstance.py:1032} INFO - Dependencies all met for <TaskInstance: fhv_dag.download_data_task scheduled__2019-09-02T06:00:00+00:00 [queued]>
[2022-08-04 21:02:46,523] {taskinstance.py:1238} INFO - 
--------------------------------------------------------------------------------
[2022-08-04 21:02:46,524] {taskinstance.py:1239} INFO - Starting attempt 1 of 1
[2022-08-04 21:02:46,525] {taskinstance.py:1240} INFO - 
--------------------------------------------------------------------------------
[2022-08-04 21:02:46,591] {taskinstance.py:1259} INFO - Executing <Task(BashOperator): download_data_task> on 2019-09-02 06:00:00+00:00
[2022-08-04 21:02:46,606] {standard_task_runner.py:52} INFO - Started process 81 to run task
[2022-08-04 21:02:46,654] {standard_task_runner.py:76} INFO - Running: ['***', 'tasks', 'run', 'fhv_dag', 'download_data_task', 'scheduled__2019-09-02T06:00:00+00:00', '--job-id', '5', '--raw', '--subdir', 'DAGS_FOLDER/fhv_dag.py', '--cfg-path', '/tmp/tmp3wy0mriw', '--error-file', '/tmp/tmpxdalv8_0']
[2022-08-04 21:02:46,659] {standard_task_runner.py:77} INFO - Job 5: Subtask download_data_task
[2022-08-04 21:02:46,895] {logging_mixin.py:109} INFO - Running <TaskInstance: fhv_dag.download_data_task scheduled__2019-09-02T06:00:00+00:00 [running]> on host b20bc6ac5db7
[2022-08-04 21:02:47,116] {warnings.py:110} WARNING - /home/***/.local/lib/python3.7/site-packages/***/utils/context.py:152: AirflowContextDeprecationWarning: Accessing 'execution_date' from the template is deprecated and will be removed in a future version. Please use 'data_interval_start' or 'logical_date' instead.
  warnings.warn(_create_deprecation_warning(key, self._deprecation_replacements[key]))

[2022-08-04 21:02:47,371] {taskinstance.py:1426} INFO - Exporting the following env vars:
AIRFLOW_CTX_DAG_OWNER=***
AIRFLOW_CTX_DAG_ID=fhv_dag
AIRFLOW_CTX_TASK_ID=download_data_task
AIRFLOW_CTX_EXECUTION_DATE=2019-09-02T06:00:00+00:00
AIRFLOW_CTX_DAG_RUN_ID=scheduled__2019-09-02T06:00:00+00:00
[2022-08-04 21:02:47,404] {subprocess.py:62} INFO - Tmp dir root location: 
 /tmp
[2022-08-04 21:02:47,422] {subprocess.py:74} INFO - Running command: ['bash', '-c', 'curl -sSL https://d37ci6vzurychx.cloudfront.net/trip-data/fhv_tripdata_2019-09.parquet > /opt/***/fhv_tripdata_2019-09.parquet']
[2022-08-04 21:02:47,689] {subprocess.py:85} INFO - Output:
[2022-08-04 21:04:05,734] {subprocess.py:93} INFO - Command exited with return code 0
[2022-08-04 21:04:05,797] {taskinstance.py:1277} INFO - Marking task as SUCCESS. dag_id=fhv_dag, task_id=download_data_task, execution_date=20190902T060000, start_date=20220804T210246, end_date=20220804T210405
[2022-08-04 21:04:05,873] {local_task_job.py:154} INFO - Task exited with return code 0
[2022-08-04 21:04:06,043] {local_task_job.py:264} INFO - 1 downstream tasks scheduled from follow-on schedule check
