[2022-07-05 15:29:54,945] {taskinstance.py:1032} INFO - Dependencies all met for <TaskInstance: LocalIngestionDag.wget manual__2022-07-05T15:29:53.738777+00:00 [queued]>
[2022-07-05 15:29:54,987] {taskinstance.py:1032} INFO - Dependencies all met for <TaskInstance: LocalIngestionDag.wget manual__2022-07-05T15:29:53.738777+00:00 [queued]>
[2022-07-05 15:29:54,988] {taskinstance.py:1238} INFO - 
--------------------------------------------------------------------------------
[2022-07-05 15:29:54,990] {taskinstance.py:1239} INFO - Starting attempt 1 of 1
[2022-07-05 15:29:54,992] {taskinstance.py:1240} INFO - 
--------------------------------------------------------------------------------
[2022-07-05 15:29:55,022] {taskinstance.py:1259} INFO - Executing <Task(BashOperator): wget> on 2022-07-05 15:29:53.738777+00:00
[2022-07-05 15:29:55,039] {standard_task_runner.py:76} INFO - Running: ['***', 'tasks', 'run', 'LocalIngestionDag', 'wget', 'manual__2022-07-05T15:29:53.738777+00:00', '--job-id', '53', '--raw', '--subdir', 'DAGS_FOLDER/data_ingestion_local.py', '--cfg-path', '/tmp/tmpmerpf4cj', '--error-file', '/tmp/tmpuazciyk6']
[2022-07-05 15:29:55,031] {standard_task_runner.py:52} INFO - Started process 333 to run task
[2022-07-05 15:29:55,045] {standard_task_runner.py:77} INFO - Job 53: Subtask wget
[2022-07-05 15:29:55,182] {logging_mixin.py:109} INFO - Running <TaskInstance: LocalIngestionDag.wget manual__2022-07-05T15:29:53.738777+00:00 [running]> on host 730d3c67d882
[2022-07-05 15:29:55,258] {taskinstance.py:1426} INFO - Exporting the following env vars:
AIRFLOW_CTX_DAG_OWNER=***
AIRFLOW_CTX_DAG_ID=LocalIngestionDag
AIRFLOW_CTX_TASK_ID=wget
AIRFLOW_CTX_EXECUTION_DATE=2022-07-05T15:29:53.738777+00:00
AIRFLOW_CTX_DAG_RUN_ID=manual__2022-07-05T15:29:53.738777+00:00
[2022-07-05 15:29:55,261] {subprocess.py:62} INFO - Tmp dir root location: 
 /tmp
[2022-07-05 15:29:55,263] {subprocess.py:74} INFO - Running command: ['bash', '-c', 'echo "hello world"']
[2022-07-05 15:29:55,279] {subprocess.py:85} INFO - Output:
[2022-07-05 15:29:55,289] {subprocess.py:89} INFO - hello world
[2022-07-05 15:29:55,291] {subprocess.py:93} INFO - Command exited with return code 0
[2022-07-05 15:29:55,338] {taskinstance.py:1277} INFO - Marking task as SUCCESS. dag_id=LocalIngestionDag, task_id=wget, execution_date=20220705T152953, start_date=20220705T152954, end_date=20220705T152955
[2022-07-05 15:29:55,396] {local_task_job.py:154} INFO - Task exited with return code 0
[2022-07-05 15:29:55,456] {local_task_job.py:264} INFO - 1 downstream tasks scheduled from follow-on schedule check
