[2022-07-08 05:22:56,926] {taskinstance.py:1032} INFO - Dependencies all met for <TaskInstance: yellow_taxi_dag4.download_data_task scheduled__2019-12-02T06:00:00+00:00 [queued]>
[2022-07-08 05:22:57,056] {taskinstance.py:1032} INFO - Dependencies all met for <TaskInstance: yellow_taxi_dag4.download_data_task scheduled__2019-12-02T06:00:00+00:00 [queued]>
[2022-07-08 05:22:57,064] {taskinstance.py:1238} INFO - 
--------------------------------------------------------------------------------
[2022-07-08 05:22:57,073] {taskinstance.py:1239} INFO - Starting attempt 1 of 1
[2022-07-08 05:22:57,079] {taskinstance.py:1240} INFO - 
--------------------------------------------------------------------------------
[2022-07-08 05:22:57,169] {taskinstance.py:1259} INFO - Executing <Task(BashOperator): download_data_task> on 2019-12-02 06:00:00+00:00
[2022-07-08 05:22:57,230] {standard_task_runner.py:76} INFO - Running: ['***', 'tasks', 'run', 'yellow_taxi_dag4', 'download_data_task', 'scheduled__2019-12-02T06:00:00+00:00', '--job-id', '276', '--raw', '--subdir', 'DAGS_FOLDER/yellow_taxi_dag.py', '--cfg-path', '/tmp/tmphejtceml', '--error-file', '/tmp/tmpl8rorofn']
[2022-07-08 05:22:57,241] {standard_task_runner.py:77} INFO - Job 276: Subtask download_data_task
[2022-07-08 05:22:57,208] {standard_task_runner.py:52} INFO - Started process 2241 to run task
[2022-07-08 05:22:57,898] {logging_mixin.py:109} INFO - Running <TaskInstance: yellow_taxi_dag4.download_data_task scheduled__2019-12-02T06:00:00+00:00 [running]> on host 2b856f2081be
[2022-07-08 05:22:58,135] {warnings.py:99} WARNING - /home/***/.local/lib/python3.6/site-packages/***/utils/context.py:152: AirflowContextDeprecationWarning: Accessing 'execution_date' from the template is deprecated and will be removed in a future version. Please use 'data_interval_start' or 'logical_date' instead.
  warnings.warn(_create_deprecation_warning(key, self._deprecation_replacements[key]))

[2022-07-08 05:22:58,245] {taskinstance.py:1426} INFO - Exporting the following env vars:
AIRFLOW_CTX_DAG_OWNER=***
AIRFLOW_CTX_DAG_ID=yellow_taxi_dag4
AIRFLOW_CTX_TASK_ID=download_data_task
AIRFLOW_CTX_EXECUTION_DATE=2019-12-02T06:00:00+00:00
AIRFLOW_CTX_DAG_RUN_ID=scheduled__2019-12-02T06:00:00+00:00
[2022-07-08 05:22:58,253] {subprocess.py:62} INFO - Tmp dir root location: 
 /tmp
[2022-07-08 05:22:58,266] {subprocess.py:74} INFO - Running command: ['bash', '-c', 'echo "https://d37ci6vzurychx.cloudfront.net/trip-data/yellow_tripdata_2019-12.parquet<-->/opt/***/OUTPUT_FILE2019-12.parquet"']
[2022-07-08 05:22:58,352] {subprocess.py:85} INFO - Output:
[2022-07-08 05:22:58,354] {subprocess.py:89} INFO - https://d37ci6vzurychx.cloudfront.net/trip-data/yellow_tripdata_2019-12.parquet<-->/opt/***/OUTPUT_FILE2019-12.parquet
[2022-07-08 05:22:58,357] {subprocess.py:93} INFO - Command exited with return code 0
[2022-07-08 05:22:58,455] {taskinstance.py:1277} INFO - Marking task as SUCCESS. dag_id=yellow_taxi_dag4, task_id=download_data_task, execution_date=20191202T060000, start_date=20220708T052256, end_date=20220708T052258
[2022-07-08 05:22:58,583] {local_task_job.py:154} INFO - Task exited with return code 0
[2022-07-08 05:22:58,670] {local_task_job.py:264} INFO - 0 downstream tasks scheduled from follow-on schedule check
