[2022-07-08 05:27:22,451] {taskinstance.py:1032} INFO - Dependencies all met for <TaskInstance: yellow_taxi_dag5.download_data_task scheduled__2020-04-02T06:00:00+00:00 [queued]>
[2022-07-08 05:27:23,193] {taskinstance.py:1032} INFO - Dependencies all met for <TaskInstance: yellow_taxi_dag5.download_data_task scheduled__2020-04-02T06:00:00+00:00 [queued]>
[2022-07-08 05:27:23,198] {taskinstance.py:1238} INFO - 
--------------------------------------------------------------------------------
[2022-07-08 05:27:23,204] {taskinstance.py:1239} INFO - Starting attempt 1 of 1
[2022-07-08 05:27:23,233] {taskinstance.py:1240} INFO - 
--------------------------------------------------------------------------------
[2022-07-08 05:27:23,536] {taskinstance.py:1259} INFO - Executing <Task(BashOperator): download_data_task> on 2020-04-02 06:00:00+00:00
[2022-07-08 05:27:23,712] {standard_task_runner.py:76} INFO - Running: ['***', 'tasks', 'run', 'yellow_taxi_dag5', 'download_data_task', 'scheduled__2020-04-02T06:00:00+00:00', '--job-id', '305', '--raw', '--subdir', 'DAGS_FOLDER/yellow_taxi_dag.py', '--cfg-path', '/tmp/tmphafu8kue', '--error-file', '/tmp/tmph0z55q5w']
[2022-07-08 05:27:23,730] {standard_task_runner.py:77} INFO - Job 305: Subtask download_data_task
[2022-07-08 05:27:23,652] {standard_task_runner.py:52} INFO - Started process 2537 to run task
[2022-07-08 05:27:24,479] {logging_mixin.py:109} INFO - Running <TaskInstance: yellow_taxi_dag5.download_data_task scheduled__2020-04-02T06:00:00+00:00 [running]> on host 2b856f2081be
[2022-07-08 05:27:24,901] {warnings.py:99} WARNING - /home/***/.local/lib/python3.6/site-packages/***/utils/context.py:152: AirflowContextDeprecationWarning: Accessing 'execution_date' from the template is deprecated and will be removed in a future version. Please use 'data_interval_start' or 'logical_date' instead.
  warnings.warn(_create_deprecation_warning(key, self._deprecation_replacements[key]))

[2022-07-08 05:27:25,645] {taskinstance.py:1426} INFO - Exporting the following env vars:
AIRFLOW_CTX_DAG_OWNER=***
AIRFLOW_CTX_DAG_ID=yellow_taxi_dag5
AIRFLOW_CTX_TASK_ID=download_data_task
AIRFLOW_CTX_EXECUTION_DATE=2020-04-02T06:00:00+00:00
AIRFLOW_CTX_DAG_RUN_ID=scheduled__2020-04-02T06:00:00+00:00
[2022-07-08 05:27:25,706] {subprocess.py:62} INFO - Tmp dir root location: 
 /tmp
[2022-07-08 05:27:25,711] {subprocess.py:74} INFO - Running command: ['bash', '-c', 'curl -sSL https://d37ci6vzurychx.cloudfront.net/trip-data/yellow_tripdata_2020-04.parquet > /opt/***/yellow_tripdata_2020-04.parquet']
[2022-07-08 05:27:26,063] {subprocess.py:85} INFO - Output:
[2022-07-08 05:27:59,150] {subprocess.py:93} INFO - Command exited with return code 0
[2022-07-08 05:28:04,701] {taskinstance.py:1277} INFO - Marking task as SUCCESS. dag_id=yellow_taxi_dag5, task_id=download_data_task, execution_date=20200402T060000, start_date=20220708T052722, end_date=20220708T052804
[2022-07-08 05:28:05,557] {local_task_job.py:154} INFO - Task exited with return code 0
[2022-07-08 05:28:06,122] {local_task_job.py:264} INFO - 1 downstream tasks scheduled from follow-on schedule check
