[2022-07-05 15:29:56,505] {taskinstance.py:1032} INFO - Dependencies all met for <TaskInstance: LocalIngestionDag.ingest manual__2022-07-05T15:29:53.738777+00:00 [queued]>
[2022-07-05 15:29:56,530] {taskinstance.py:1032} INFO - Dependencies all met for <TaskInstance: LocalIngestionDag.ingest manual__2022-07-05T15:29:53.738777+00:00 [queued]>
[2022-07-05 15:29:56,532] {taskinstance.py:1238} INFO - 
--------------------------------------------------------------------------------
[2022-07-05 15:29:56,534] {taskinstance.py:1239} INFO - Starting attempt 1 of 1
[2022-07-05 15:29:56,536] {taskinstance.py:1240} INFO - 
--------------------------------------------------------------------------------
[2022-07-05 15:29:56,565] {taskinstance.py:1259} INFO - Executing <Task(BashOperator): ingest> on 2022-07-05 15:29:53.738777+00:00
[2022-07-05 15:29:56,579] {standard_task_runner.py:52} INFO - Started process 336 to run task
[2022-07-05 15:29:56,594] {standard_task_runner.py:76} INFO - Running: ['***', 'tasks', 'run', 'LocalIngestionDag', 'ingest', 'manual__2022-07-05T15:29:53.738777+00:00', '--job-id', '54', '--raw', '--subdir', 'DAGS_FOLDER/data_ingestion_local.py', '--cfg-path', '/tmp/tmp37kx_4l9', '--error-file', '/tmp/tmpjdennc6u']
[2022-07-05 15:29:56,600] {standard_task_runner.py:77} INFO - Job 54: Subtask ingest
[2022-07-05 15:29:56,734] {logging_mixin.py:109} INFO - Running <TaskInstance: LocalIngestionDag.ingest manual__2022-07-05T15:29:53.738777+00:00 [running]> on host 730d3c67d882
[2022-07-05 15:29:56,810] {taskinstance.py:1426} INFO - Exporting the following env vars:
AIRFLOW_CTX_DAG_OWNER=***
AIRFLOW_CTX_DAG_ID=LocalIngestionDag
AIRFLOW_CTX_TASK_ID=ingest
AIRFLOW_CTX_EXECUTION_DATE=2022-07-05T15:29:53.738777+00:00
AIRFLOW_CTX_DAG_RUN_ID=manual__2022-07-05T15:29:53.738777+00:00
[2022-07-05 15:29:56,813] {subprocess.py:62} INFO - Tmp dir root location: 
 /tmp
[2022-07-05 15:29:56,815] {subprocess.py:74} INFO - Running command: ['bash', '-c', 'echo "hello world"']
[2022-07-05 15:29:56,831] {subprocess.py:85} INFO - Output:
[2022-07-05 15:29:56,834] {subprocess.py:89} INFO - hello world
[2022-07-05 15:29:56,836] {subprocess.py:93} INFO - Command exited with return code 0
[2022-07-05 15:29:56,878] {taskinstance.py:1277} INFO - Marking task as SUCCESS. dag_id=LocalIngestionDag, task_id=ingest, execution_date=20220705T152953, start_date=20220705T152956, end_date=20220705T152956
[2022-07-05 15:29:56,943] {local_task_job.py:154} INFO - Task exited with return code 0
[2022-07-05 15:29:57,011] {local_task_job.py:264} INFO - 0 downstream tasks scheduled from follow-on schedule check
