[2022-07-08 20:03:13,769] {taskinstance.py:1032} INFO - Dependencies all met for <TaskInstance: gt_dag.download_data_task scheduled__2020-03-02T06:00:00+00:00 [queued]>
[2022-07-08 20:03:14,464] {taskinstance.py:1032} INFO - Dependencies all met for <TaskInstance: gt_dag.download_data_task scheduled__2020-03-02T06:00:00+00:00 [queued]>
[2022-07-08 20:03:14,490] {taskinstance.py:1238} INFO - 
--------------------------------------------------------------------------------
[2022-07-08 20:03:14,505] {taskinstance.py:1239} INFO - Starting attempt 1 of 1
[2022-07-08 20:03:14,508] {taskinstance.py:1240} INFO - 
--------------------------------------------------------------------------------
[2022-07-08 20:03:14,859] {taskinstance.py:1259} INFO - Executing <Task(BashOperator): download_data_task> on 2020-03-02 06:00:00+00:00
[2022-07-08 20:03:15,064] {standard_task_runner.py:52} INFO - Started process 15160 to run task
[2022-07-08 20:03:15,059] {standard_task_runner.py:76} INFO - Running: ['***', 'tasks', 'run', 'gt_dag', 'download_data_task', 'scheduled__2020-03-02T06:00:00+00:00', '--job-id', '426', '--raw', '--subdir', 'DAGS_FOLDER/green_taxi_dag.py', '--cfg-path', '/tmp/tmph_vb1has', '--error-file', '/tmp/tmp86gh13qn']
[2022-07-08 20:03:15,742] {standard_task_runner.py:77} INFO - Job 426: Subtask download_data_task
[2022-07-08 20:03:17,374] {logging_mixin.py:109} INFO - Running <TaskInstance: gt_dag.download_data_task scheduled__2020-03-02T06:00:00+00:00 [running]> on host 2b856f2081be
[2022-07-08 20:03:18,080] {warnings.py:99} WARNING - /home/***/.local/lib/python3.6/site-packages/***/utils/context.py:152: AirflowContextDeprecationWarning: Accessing 'execution_date' from the template is deprecated and will be removed in a future version. Please use 'data_interval_start' or 'logical_date' instead.
  warnings.warn(_create_deprecation_warning(key, self._deprecation_replacements[key]))

[2022-07-08 20:03:18,188] {taskinstance.py:1426} INFO - Exporting the following env vars:
AIRFLOW_CTX_DAG_OWNER=***
AIRFLOW_CTX_DAG_ID=gt_dag
AIRFLOW_CTX_TASK_ID=download_data_task
AIRFLOW_CTX_EXECUTION_DATE=2020-03-02T06:00:00+00:00
AIRFLOW_CTX_DAG_RUN_ID=scheduled__2020-03-02T06:00:00+00:00
[2022-07-08 20:03:18,193] {subprocess.py:62} INFO - Tmp dir root location: 
 /tmp
[2022-07-08 20:03:18,203] {subprocess.py:74} INFO - Running command: ['bash', '-c', 'curl -sSL https://d37ci6vzurychx.cloudfront.net/trip-data/green_tripdata_2020-03.parquet > /opt/***/green_tripdata_2020-03.parquet']
[2022-07-08 20:03:18,450] {subprocess.py:85} INFO - Output:
[2022-07-08 20:03:21,730] {subprocess.py:93} INFO - Command exited with return code 0
[2022-07-08 20:03:22,609] {taskinstance.py:1277} INFO - Marking task as SUCCESS. dag_id=gt_dag, task_id=download_data_task, execution_date=20200302T060000, start_date=20220708T200313, end_date=20220708T200322
[2022-07-08 20:03:23,364] {local_task_job.py:154} INFO - Task exited with return code 0
[2022-07-08 20:03:23,981] {local_task_job.py:264} INFO - 1 downstream tasks scheduled from follow-on schedule check
