[2022-07-08 14:57:47,744] {taskinstance.py:1032} INFO - Dependencies all met for <TaskInstance: fhv_dag.download_data_task scheduled__2019-03-02T06:00:00+00:00 [queued]>
[2022-07-08 14:57:47,791] {taskinstance.py:1032} INFO - Dependencies all met for <TaskInstance: fhv_dag.download_data_task scheduled__2019-03-02T06:00:00+00:00 [queued]>
[2022-07-08 14:57:47,793] {taskinstance.py:1238} INFO - 
--------------------------------------------------------------------------------
[2022-07-08 14:57:47,796] {taskinstance.py:1239} INFO - Starting attempt 1 of 1
[2022-07-08 14:57:47,797] {taskinstance.py:1240} INFO - 
--------------------------------------------------------------------------------
[2022-07-08 14:57:47,850] {taskinstance.py:1259} INFO - Executing <Task(BashOperator): download_data_task> on 2019-03-02 06:00:00+00:00
[2022-07-08 14:57:47,857] {standard_task_runner.py:52} INFO - Started process 888 to run task
[2022-07-08 14:57:47,872] {standard_task_runner.py:76} INFO - Running: ['***', 'tasks', 'run', 'fhv_dag', 'download_data_task', 'scheduled__2019-03-02T06:00:00+00:00', '--job-id', '373', '--raw', '--subdir', 'DAGS_FOLDER/fhv_dag.py', '--cfg-path', '/tmp/tmpzbdeocn4', '--error-file', '/tmp/tmp78b4_q1f']
[2022-07-08 14:57:47,886] {standard_task_runner.py:77} INFO - Job 373: Subtask download_data_task
[2022-07-08 14:57:48,040] {logging_mixin.py:109} INFO - Running <TaskInstance: fhv_dag.download_data_task scheduled__2019-03-02T06:00:00+00:00 [running]> on host 2b856f2081be
[2022-07-08 14:57:48,238] {warnings.py:99} WARNING - /home/***/.local/lib/python3.6/site-packages/***/utils/context.py:152: AirflowContextDeprecationWarning: Accessing 'execution_date' from the template is deprecated and will be removed in a future version. Please use 'data_interval_start' or 'logical_date' instead.
  warnings.warn(_create_deprecation_warning(key, self._deprecation_replacements[key]))

[2022-07-08 14:57:48,343] {taskinstance.py:1426} INFO - Exporting the following env vars:
AIRFLOW_CTX_DAG_OWNER=***
AIRFLOW_CTX_DAG_ID=fhv_dag
AIRFLOW_CTX_TASK_ID=download_data_task
AIRFLOW_CTX_EXECUTION_DATE=2019-03-02T06:00:00+00:00
AIRFLOW_CTX_DAG_RUN_ID=scheduled__2019-03-02T06:00:00+00:00
[2022-07-08 14:57:48,347] {subprocess.py:62} INFO - Tmp dir root location: 
 /tmp
[2022-07-08 14:57:48,350] {subprocess.py:74} INFO - Running command: ['bash', '-c', 'curl -sSL https://d37ci6vzurychx.cloudfront.net/trip-data/fhv_tripdata_2019-03.parquet > /opt/***/fhv_tripdata_2019-03.parquet']
[2022-07-08 14:57:48,367] {subprocess.py:85} INFO - Output:
[2022-07-08 14:57:48,544] {subprocess.py:93} INFO - Command exited with return code 0
[2022-07-08 14:57:48,630] {taskinstance.py:1277} INFO - Marking task as SUCCESS. dag_id=fhv_dag, task_id=download_data_task, execution_date=20190302T060000, start_date=20220708T145747, end_date=20220708T145748
[2022-07-08 14:57:48,708] {local_task_job.py:154} INFO - Task exited with return code 0
[2022-07-08 14:57:48,778] {local_task_job.py:264} INFO - 1 downstream tasks scheduled from follow-on schedule check
[2022-08-04 21:02:46,866] {taskinstance.py:1032} INFO - Dependencies all met for <TaskInstance: fhv_dag.download_data_task scheduled__2019-03-02T06:00:00+00:00 [queued]>
[2022-08-04 21:02:47,012] {taskinstance.py:1032} INFO - Dependencies all met for <TaskInstance: fhv_dag.download_data_task scheduled__2019-03-02T06:00:00+00:00 [queued]>
[2022-08-04 21:02:47,042] {taskinstance.py:1238} INFO - 
--------------------------------------------------------------------------------
[2022-08-04 21:02:47,047] {taskinstance.py:1239} INFO - Starting attempt 1 of 1
[2022-08-04 21:02:47,051] {taskinstance.py:1240} INFO - 
--------------------------------------------------------------------------------
[2022-08-04 21:02:47,193] {taskinstance.py:1259} INFO - Executing <Task(BashOperator): download_data_task> on 2019-03-02 06:00:00+00:00
[2022-08-04 21:02:47,345] {standard_task_runner.py:76} INFO - Running: ['***', 'tasks', 'run', 'fhv_dag', 'download_data_task', 'scheduled__2019-03-02T06:00:00+00:00', '--job-id', '15', '--raw', '--subdir', 'DAGS_FOLDER/fhv_dag.py', '--cfg-path', '/tmp/tmp5pklxqkk', '--error-file', '/tmp/tmppqthx7n5']
[2022-08-04 21:02:47,309] {standard_task_runner.py:52} INFO - Started process 90 to run task
[2022-08-04 21:02:47,393] {standard_task_runner.py:77} INFO - Job 15: Subtask download_data_task
[2022-08-04 21:02:47,742] {logging_mixin.py:109} INFO - Running <TaskInstance: fhv_dag.download_data_task scheduled__2019-03-02T06:00:00+00:00 [running]> on host b20bc6ac5db7
[2022-08-04 21:02:48,191] {warnings.py:110} WARNING - /home/***/.local/lib/python3.7/site-packages/***/utils/context.py:152: AirflowContextDeprecationWarning: Accessing 'execution_date' from the template is deprecated and will be removed in a future version. Please use 'data_interval_start' or 'logical_date' instead.
  warnings.warn(_create_deprecation_warning(key, self._deprecation_replacements[key]))

[2022-08-04 21:02:48,395] {taskinstance.py:1426} INFO - Exporting the following env vars:
AIRFLOW_CTX_DAG_OWNER=***
AIRFLOW_CTX_DAG_ID=fhv_dag
AIRFLOW_CTX_TASK_ID=download_data_task
AIRFLOW_CTX_EXECUTION_DATE=2019-03-02T06:00:00+00:00
AIRFLOW_CTX_DAG_RUN_ID=scheduled__2019-03-02T06:00:00+00:00
[2022-08-04 21:02:48,401] {subprocess.py:62} INFO - Tmp dir root location: 
 /tmp
[2022-08-04 21:02:48,404] {subprocess.py:74} INFO - Running command: ['bash', '-c', 'curl -sSL https://d37ci6vzurychx.cloudfront.net/trip-data/fhv_tripdata_2019-03.parquet > /opt/***/fhv_tripdata_2019-03.parquet']
[2022-08-04 21:02:48,488] {subprocess.py:85} INFO - Output:
[2022-08-04 21:04:23,282] {subprocess.py:93} INFO - Command exited with return code 0
[2022-08-04 21:04:23,326] {taskinstance.py:1277} INFO - Marking task as SUCCESS. dag_id=fhv_dag, task_id=download_data_task, execution_date=20190302T060000, start_date=20220804T210246, end_date=20220804T210423
[2022-08-04 21:04:23,387] {local_task_job.py:154} INFO - Task exited with return code 0
[2022-08-04 21:04:23,433] {local_task_job.py:264} INFO - 1 downstream tasks scheduled from follow-on schedule check
