[2022-07-08 14:57:56,919] {taskinstance.py:1032} INFO - Dependencies all met for <TaskInstance: fhv_dag.local_to_gcs_task scheduled__2019-06-02T06:00:00+00:00 [queued]>
[2022-07-08 14:57:57,010] {taskinstance.py:1032} INFO - Dependencies all met for <TaskInstance: fhv_dag.local_to_gcs_task scheduled__2019-06-02T06:00:00+00:00 [queued]>
[2022-07-08 14:57:57,012] {taskinstance.py:1238} INFO - 
--------------------------------------------------------------------------------
[2022-07-08 14:57:57,014] {taskinstance.py:1239} INFO - Starting attempt 1 of 1
[2022-07-08 14:57:57,015] {taskinstance.py:1240} INFO - 
--------------------------------------------------------------------------------
[2022-07-08 14:57:57,094] {taskinstance.py:1259} INFO - Executing <Task(PythonOperator): local_to_gcs_task> on 2019-06-02 06:00:00+00:00
[2022-07-08 14:57:57,119] {standard_task_runner.py:52} INFO - Started process 933 to run task
[2022-07-08 14:57:57,174] {standard_task_runner.py:76} INFO - Running: ['***', 'tasks', 'run', 'fhv_dag', 'local_to_gcs_task', 'scheduled__2019-06-02T06:00:00+00:00', '--job-id', '383', '--raw', '--subdir', 'DAGS_FOLDER/fhv_dag.py', '--cfg-path', '/tmp/tmpppgjyiua', '--error-file', '/tmp/tmp9n4_dnfv']
[2022-07-08 14:57:57,210] {standard_task_runner.py:77} INFO - Job 383: Subtask local_to_gcs_task
[2022-07-08 14:57:57,878] {logging_mixin.py:109} INFO - Running <TaskInstance: fhv_dag.local_to_gcs_task scheduled__2019-06-02T06:00:00+00:00 [running]> on host 2b856f2081be
[2022-07-08 14:57:58,539] {warnings.py:99} WARNING - /home/***/.local/lib/python3.6/site-packages/***/utils/context.py:152: AirflowContextDeprecationWarning: Accessing 'execution_date' from the template is deprecated and will be removed in a future version. Please use 'data_interval_start' or 'logical_date' instead.
  warnings.warn(_create_deprecation_warning(key, self._deprecation_replacements[key]))

[2022-07-08 14:57:58,816] {taskinstance.py:1426} INFO - Exporting the following env vars:
AIRFLOW_CTX_DAG_OWNER=***
AIRFLOW_CTX_DAG_ID=fhv_dag
AIRFLOW_CTX_TASK_ID=local_to_gcs_task
AIRFLOW_CTX_EXECUTION_DATE=2019-06-02T06:00:00+00:00
AIRFLOW_CTX_DAG_RUN_ID=scheduled__2019-06-02T06:00:00+00:00
[2022-07-08 14:57:59,555] {python.py:175} INFO - Done. Returned value was: None
[2022-07-08 14:57:59,614] {taskinstance.py:1277} INFO - Marking task as SUCCESS. dag_id=fhv_dag, task_id=local_to_gcs_task, execution_date=20190602T060000, start_date=20220708T145756, end_date=20220708T145759
[2022-07-08 14:57:59,842] {local_task_job.py:154} INFO - Task exited with return code 0
[2022-07-08 14:58:00,263] {local_task_job.py:264} INFO - 0 downstream tasks scheduled from follow-on schedule check
[2022-08-04 21:11:46,668] {taskinstance.py:1032} INFO - Dependencies all met for <TaskInstance: fhv_dag.local_to_gcs_task scheduled__2019-06-02T06:00:00+00:00 [queued]>
[2022-08-04 21:11:46,801] {taskinstance.py:1032} INFO - Dependencies all met for <TaskInstance: fhv_dag.local_to_gcs_task scheduled__2019-06-02T06:00:00+00:00 [queued]>
[2022-08-04 21:11:46,812] {taskinstance.py:1238} INFO - 
--------------------------------------------------------------------------------
[2022-08-04 21:11:46,817] {taskinstance.py:1239} INFO - Starting attempt 1 of 1
[2022-08-04 21:11:46,818] {taskinstance.py:1240} INFO - 
--------------------------------------------------------------------------------
[2022-08-04 21:11:46,994] {taskinstance.py:1259} INFO - Executing <Task(PythonOperator): local_to_gcs_task> on 2019-06-02 06:00:00+00:00
[2022-08-04 21:11:47,069] {standard_task_runner.py:52} INFO - Started process 537 to run task
[2022-08-04 21:11:47,134] {standard_task_runner.py:76} INFO - Running: ['***', 'tasks', 'run', 'fhv_dag', 'local_to_gcs_task', 'scheduled__2019-06-02T06:00:00+00:00', '--job-id', '29', '--raw', '--subdir', 'DAGS_FOLDER/fhv_dag.py', '--cfg-path', '/tmp/tmpnt9_ocdt', '--error-file', '/tmp/tmpjga8ruzk']
[2022-08-04 21:11:47,139] {standard_task_runner.py:77} INFO - Job 29: Subtask local_to_gcs_task
[2022-08-04 21:11:47,387] {logging_mixin.py:109} INFO - Running <TaskInstance: fhv_dag.local_to_gcs_task scheduled__2019-06-02T06:00:00+00:00 [running]> on host b20bc6ac5db7
[2022-08-04 21:11:47,551] {warnings.py:110} WARNING - /home/***/.local/lib/python3.7/site-packages/***/utils/context.py:152: AirflowContextDeprecationWarning: Accessing 'execution_date' from the template is deprecated and will be removed in a future version. Please use 'data_interval_start' or 'logical_date' instead.
  warnings.warn(_create_deprecation_warning(key, self._deprecation_replacements[key]))

[2022-08-04 21:11:47,669] {taskinstance.py:1426} INFO - Exporting the following env vars:
AIRFLOW_CTX_DAG_OWNER=***
AIRFLOW_CTX_DAG_ID=fhv_dag
AIRFLOW_CTX_TASK_ID=local_to_gcs_task
AIRFLOW_CTX_EXECUTION_DATE=2019-06-02T06:00:00+00:00
AIRFLOW_CTX_DAG_RUN_ID=scheduled__2019-06-02T06:00:00+00:00
[2022-08-04 21:14:03,118] {python.py:175} INFO - Done. Returned value was: None
[2022-08-04 21:14:03,134] {taskinstance.py:1277} INFO - Marking task as SUCCESS. dag_id=fhv_dag, task_id=local_to_gcs_task, execution_date=20190602T060000, start_date=20220804T211146, end_date=20220804T211403
[2022-08-04 21:14:03,196] {local_task_job.py:154} INFO - Task exited with return code 0
[2022-08-04 21:14:03,235] {local_task_job.py:264} INFO - 0 downstream tasks scheduled from follow-on schedule check
