[2022-07-08 06:08:45,617] {taskinstance.py:1032} INFO - Dependencies all met for <TaskInstance: yt_dag7.local_to_gcs_task scheduled__2019-01-02T06:00:00+00:00 [queued]>
[2022-07-08 06:08:45,673] {taskinstance.py:1032} INFO - Dependencies all met for <TaskInstance: yt_dag7.local_to_gcs_task scheduled__2019-01-02T06:00:00+00:00 [queued]>
[2022-07-08 06:08:45,677] {taskinstance.py:1238} INFO - 
--------------------------------------------------------------------------------
[2022-07-08 06:08:45,681] {taskinstance.py:1239} INFO - Starting attempt 2 of 2
[2022-07-08 06:08:45,691] {taskinstance.py:1240} INFO - 
--------------------------------------------------------------------------------
[2022-07-08 06:08:45,746] {taskinstance.py:1259} INFO - Executing <Task(PythonOperator): local_to_gcs_task> on 2019-01-02 06:00:00+00:00
[2022-07-08 06:08:45,773] {standard_task_runner.py:52} INFO - Started process 1311 to run task
[2022-07-08 06:08:45,815] {standard_task_runner.py:76} INFO - Running: ['***', 'tasks', 'run', 'yt_dag7', 'local_to_gcs_task', 'scheduled__2019-01-02T06:00:00+00:00', '--job-id', '368', '--raw', '--subdir', 'DAGS_FOLDER/yellow_taxi_dag.py', '--cfg-path', '/tmp/tmp5_e3c6xs', '--error-file', '/tmp/tmpht4oh3d5']
[2022-07-08 06:08:45,849] {standard_task_runner.py:77} INFO - Job 368: Subtask local_to_gcs_task
[2022-07-08 06:08:46,143] {logging_mixin.py:109} INFO - Running <TaskInstance: yt_dag7.local_to_gcs_task scheduled__2019-01-02T06:00:00+00:00 [running]> on host 2b856f2081be
[2022-07-08 06:08:46,310] {warnings.py:99} WARNING - /home/***/.local/lib/python3.6/site-packages/***/utils/context.py:152: AirflowContextDeprecationWarning: Accessing 'execution_date' from the template is deprecated and will be removed in a future version. Please use 'data_interval_start' or 'logical_date' instead.
  warnings.warn(_create_deprecation_warning(key, self._deprecation_replacements[key]))

[2022-07-08 06:08:46,529] {taskinstance.py:1426} INFO - Exporting the following env vars:
AIRFLOW_CTX_DAG_OWNER=***
AIRFLOW_CTX_DAG_ID=yt_dag7
AIRFLOW_CTX_TASK_ID=local_to_gcs_task
AIRFLOW_CTX_EXECUTION_DATE=2019-01-02T06:00:00+00:00
AIRFLOW_CTX_DAG_RUN_ID=scheduled__2019-01-02T06:00:00+00:00
[2022-07-08 06:16:07,162] {python.py:175} INFO - Done. Returned value was: None
[2022-07-08 06:16:07,199] {taskinstance.py:1277} INFO - Marking task as SUCCESS. dag_id=yt_dag7, task_id=local_to_gcs_task, execution_date=20190102T060000, start_date=20220708T060845, end_date=20220708T061607
[2022-07-08 06:16:07,309] {local_task_job.py:154} INFO - Task exited with return code 0
[2022-07-08 06:16:07,419] {local_task_job.py:264} INFO - 0 downstream tasks scheduled from follow-on schedule check
