[2022-07-05 15:29:18,922] {taskinstance.py:1032} INFO - Dependencies all met for <TaskInstance: LocalIngestionDag.ingest manual__2022-07-05T15:29:16.555591+00:00 [queued]>
[2022-07-05 15:29:18,939] {taskinstance.py:1032} INFO - Dependencies all met for <TaskInstance: LocalIngestionDag.ingest manual__2022-07-05T15:29:16.555591+00:00 [queued]>
[2022-07-05 15:29:18,940] {taskinstance.py:1238} INFO - 
--------------------------------------------------------------------------------
[2022-07-05 15:29:18,941] {taskinstance.py:1239} INFO - Starting attempt 1 of 1
[2022-07-05 15:29:18,942] {taskinstance.py:1240} INFO - 
--------------------------------------------------------------------------------
[2022-07-05 15:29:18,957] {taskinstance.py:1259} INFO - Executing <Task(BashOperator): ingest> on 2022-07-05 15:29:16.555591+00:00
[2022-07-05 15:29:18,968] {standard_task_runner.py:76} INFO - Running: ['***', 'tasks', 'run', 'LocalIngestionDag', 'ingest', 'manual__2022-07-05T15:29:16.555591+00:00', '--job-id', '52', '--raw', '--subdir', 'DAGS_FOLDER/data_ingestion_local.py', '--cfg-path', '/tmp/tmp9h34jef3', '--error-file', '/tmp/tmphi6db4fz']
[2022-07-05 15:29:18,970] {standard_task_runner.py:77} INFO - Job 52: Subtask ingest
[2022-07-05 15:29:18,963] {standard_task_runner.py:52} INFO - Started process 296 to run task
[2022-07-05 15:29:19,058] {logging_mixin.py:109} INFO - Running <TaskInstance: LocalIngestionDag.ingest manual__2022-07-05T15:29:16.555591+00:00 [running]> on host 730d3c67d882
[2022-07-05 15:29:19,142] {taskinstance.py:1426} INFO - Exporting the following env vars:
AIRFLOW_CTX_DAG_OWNER=***
AIRFLOW_CTX_DAG_ID=LocalIngestionDag
AIRFLOW_CTX_TASK_ID=ingest
AIRFLOW_CTX_EXECUTION_DATE=2022-07-05T15:29:16.555591+00:00
AIRFLOW_CTX_DAG_RUN_ID=manual__2022-07-05T15:29:16.555591+00:00
[2022-07-05 15:29:19,145] {subprocess.py:62} INFO - Tmp dir root location: 
 /tmp
[2022-07-05 15:29:19,148] {subprocess.py:74} INFO - Running command: ['bash', '-c', 'echo "hello world"']
[2022-07-05 15:29:19,166] {subprocess.py:85} INFO - Output:
[2022-07-05 15:29:19,171] {subprocess.py:89} INFO - hello world
[2022-07-05 15:29:19,172] {subprocess.py:93} INFO - Command exited with return code 0
[2022-07-05 15:29:19,251] {taskinstance.py:1277} INFO - Marking task as SUCCESS. dag_id=LocalIngestionDag, task_id=ingest, execution_date=20220705T152916, start_date=20220705T152918, end_date=20220705T152919
[2022-07-05 15:29:19,322] {local_task_job.py:154} INFO - Task exited with return code 0
[2022-07-05 15:29:19,384] {local_task_job.py:264} INFO - 0 downstream tasks scheduled from follow-on schedule check
