[2022-07-08 05:22:49,388] {taskinstance.py:1032} INFO - Dependencies all met for <TaskInstance: yellow_taxi_dag4.download_data_task scheduled__2019-06-02T06:00:00+00:00 [queued]>
[2022-07-08 05:22:49,573] {taskinstance.py:1032} INFO - Dependencies all met for <TaskInstance: yellow_taxi_dag4.download_data_task scheduled__2019-06-02T06:00:00+00:00 [queued]>
[2022-07-08 05:22:49,575] {taskinstance.py:1238} INFO - 
--------------------------------------------------------------------------------
[2022-07-08 05:22:49,579] {taskinstance.py:1239} INFO - Starting attempt 1 of 1
[2022-07-08 05:22:49,582] {taskinstance.py:1240} INFO - 
--------------------------------------------------------------------------------
[2022-07-08 05:22:49,733] {taskinstance.py:1259} INFO - Executing <Task(BashOperator): download_data_task> on 2019-06-02 06:00:00+00:00
[2022-07-08 05:22:49,798] {standard_task_runner.py:52} INFO - Started process 2218 to run task
[2022-07-08 05:22:49,968] {standard_task_runner.py:76} INFO - Running: ['***', 'tasks', 'run', 'yellow_taxi_dag4', 'download_data_task', 'scheduled__2019-06-02T06:00:00+00:00', '--job-id', '270', '--raw', '--subdir', 'DAGS_FOLDER/yellow_taxi_dag.py', '--cfg-path', '/tmp/tmp542zfb89', '--error-file', '/tmp/tmpz4d8699k']
[2022-07-08 05:22:49,985] {standard_task_runner.py:77} INFO - Job 270: Subtask download_data_task
[2022-07-08 05:22:50,568] {logging_mixin.py:109} INFO - Running <TaskInstance: yellow_taxi_dag4.download_data_task scheduled__2019-06-02T06:00:00+00:00 [running]> on host 2b856f2081be
[2022-07-08 05:22:50,838] {warnings.py:99} WARNING - /home/***/.local/lib/python3.6/site-packages/***/utils/context.py:152: AirflowContextDeprecationWarning: Accessing 'execution_date' from the template is deprecated and will be removed in a future version. Please use 'data_interval_start' or 'logical_date' instead.
  warnings.warn(_create_deprecation_warning(key, self._deprecation_replacements[key]))

[2022-07-08 05:22:50,965] {taskinstance.py:1426} INFO - Exporting the following env vars:
AIRFLOW_CTX_DAG_OWNER=***
AIRFLOW_CTX_DAG_ID=yellow_taxi_dag4
AIRFLOW_CTX_TASK_ID=download_data_task
AIRFLOW_CTX_EXECUTION_DATE=2019-06-02T06:00:00+00:00
AIRFLOW_CTX_DAG_RUN_ID=scheduled__2019-06-02T06:00:00+00:00
[2022-07-08 05:22:50,969] {subprocess.py:62} INFO - Tmp dir root location: 
 /tmp
[2022-07-08 05:22:50,973] {subprocess.py:74} INFO - Running command: ['bash', '-c', 'echo "https://d37ci6vzurychx.cloudfront.net/trip-data/yellow_tripdata_2019-06.parquet<-->/opt/***/OUTPUT_FILE2019-06.parquet"']
[2022-07-08 05:22:51,023] {subprocess.py:85} INFO - Output:
[2022-07-08 05:22:51,052] {subprocess.py:89} INFO - https://d37ci6vzurychx.cloudfront.net/trip-data/yellow_tripdata_2019-06.parquet<-->/opt/***/OUTPUT_FILE2019-06.parquet
[2022-07-08 05:22:51,065] {subprocess.py:93} INFO - Command exited with return code 0
[2022-07-08 05:22:51,352] {taskinstance.py:1277} INFO - Marking task as SUCCESS. dag_id=yellow_taxi_dag4, task_id=download_data_task, execution_date=20190602T060000, start_date=20220708T052249, end_date=20220708T052251
[2022-07-08 05:22:51,529] {local_task_job.py:154} INFO - Task exited with return code 0
[2022-07-08 05:22:52,061] {local_task_job.py:264} INFO - 0 downstream tasks scheduled from follow-on schedule check
