[2022-07-05 16:04:26,537] {taskinstance.py:1032} INFO - Dependencies all met for <TaskInstance: LocalIngestionDag.ingest scheduled__2022-02-02T06:00:00+00:00 [queued]>
[2022-07-05 16:04:26,565] {taskinstance.py:1032} INFO - Dependencies all met for <TaskInstance: LocalIngestionDag.ingest scheduled__2022-02-02T06:00:00+00:00 [queued]>
[2022-07-05 16:04:26,567] {taskinstance.py:1238} INFO - 
--------------------------------------------------------------------------------
[2022-07-05 16:04:26,568] {taskinstance.py:1239} INFO - Starting attempt 1 of 1
[2022-07-05 16:04:26,570] {taskinstance.py:1240} INFO - 
--------------------------------------------------------------------------------
[2022-07-05 16:04:26,608] {taskinstance.py:1259} INFO - Executing <Task(BashOperator): ingest> on 2022-02-02 06:00:00+00:00
[2022-07-05 16:04:26,617] {standard_task_runner.py:52} INFO - Started process 1896 to run task
[2022-07-05 16:04:26,635] {standard_task_runner.py:76} INFO - Running: ['***', 'tasks', 'run', 'LocalIngestionDag', 'ingest', 'scheduled__2022-02-02T06:00:00+00:00', '--job-id', '60', '--raw', '--subdir', 'DAGS_FOLDER/data_ingestion_local.py', '--cfg-path', '/tmp/tmpt_tyxgfc', '--error-file', '/tmp/tmpr1xdhxx9']
[2022-07-05 16:04:26,638] {standard_task_runner.py:77} INFO - Job 60: Subtask ingest
[2022-07-05 16:04:26,742] {logging_mixin.py:109} INFO - Running <TaskInstance: LocalIngestionDag.ingest scheduled__2022-02-02T06:00:00+00:00 [running]> on host 730d3c67d882
[2022-07-05 16:04:26,868] {taskinstance.py:1426} INFO - Exporting the following env vars:
AIRFLOW_CTX_DAG_OWNER=***
AIRFLOW_CTX_DAG_ID=LocalIngestionDag
AIRFLOW_CTX_TASK_ID=ingest
AIRFLOW_CTX_EXECUTION_DATE=2022-02-02T06:00:00+00:00
AIRFLOW_CTX_DAG_RUN_ID=scheduled__2022-02-02T06:00:00+00:00
[2022-07-05 16:04:26,873] {subprocess.py:62} INFO - Tmp dir root location: 
 /tmp
[2022-07-05 16:04:26,876] {subprocess.py:74} INFO - Running command: ['bash', '-c', 'ls /opt/***']
[2022-07-05 16:04:26,903] {subprocess.py:85} INFO - Output:
[2022-07-05 16:04:26,921] {subprocess.py:89} INFO - ***-worker.pid
[2022-07-05 16:04:26,922] {subprocess.py:89} INFO - ***.cfg
[2022-07-05 16:04:26,924] {subprocess.py:89} INFO - dags
[2022-07-05 16:04:26,928] {subprocess.py:89} INFO - logs
[2022-07-05 16:04:26,929] {subprocess.py:89} INFO - output.csv
[2022-07-05 16:04:26,932] {subprocess.py:89} INFO - plugins
[2022-07-05 16:04:26,935] {subprocess.py:89} INFO - requirements.txt
[2022-07-05 16:04:26,939] {subprocess.py:89} INFO - scripts
[2022-07-05 16:04:26,941] {subprocess.py:89} INFO - webserver_config.py
[2022-07-05 16:04:26,943] {subprocess.py:93} INFO - Command exited with return code 0
[2022-07-05 16:04:27,097] {taskinstance.py:1277} INFO - Marking task as SUCCESS. dag_id=LocalIngestionDag, task_id=ingest, execution_date=20220202T060000, start_date=20220705T160426, end_date=20220705T160427
[2022-07-05 16:04:27,202] {local_task_job.py:154} INFO - Task exited with return code 0
[2022-07-05 16:04:27,299] {local_task_job.py:264} INFO - 0 downstream tasks scheduled from follow-on schedule check
