[2022-08-05 17:11:35,532] {taskinstance.py:1032} INFO - Dependencies all met for <TaskInstance: move_gcs_trip_data_to_bq_workflow2.bigquery_external_table_task_green scheduled__2022-08-04T00:00:00+00:00 [queued]>
[2022-08-05 17:11:35,579] {taskinstance.py:1032} INFO - Dependencies all met for <TaskInstance: move_gcs_trip_data_to_bq_workflow2.bigquery_external_table_task_green scheduled__2022-08-04T00:00:00+00:00 [queued]>
[2022-08-05 17:11:35,581] {taskinstance.py:1238} INFO - 
--------------------------------------------------------------------------------
[2022-08-05 17:11:35,582] {taskinstance.py:1239} INFO - Starting attempt 5 of 6
[2022-08-05 17:11:35,584] {taskinstance.py:1240} INFO - 
--------------------------------------------------------------------------------
[2022-08-05 17:11:35,616] {taskinstance.py:1259} INFO - Executing <Task(BigQueryCreateExternalTableOperator): bigquery_external_table_task_green> on 2022-08-04 00:00:00+00:00
[2022-08-05 17:11:35,633] {standard_task_runner.py:52} INFO - Started process 6808 to run task
[2022-08-05 17:11:35,652] {standard_task_runner.py:76} INFO - Running: ['***', 'tasks', 'run', 'move_gcs_trip_data_to_bq_workflow2', 'bigquery_external_table_task_green', 'scheduled__2022-08-04T00:00:00+00:00', '--job-id', '102', '--raw', '--subdir', 'DAGS_FOLDER/gcs_to_bq.py', '--cfg-path', '/tmp/tmpe90iftyd', '--error-file', '/tmp/tmpgju898fw']
[2022-08-05 17:11:35,658] {standard_task_runner.py:77} INFO - Job 102: Subtask bigquery_external_table_task_green
[2022-08-05 17:11:35,801] {logging_mixin.py:109} INFO - Running <TaskInstance: move_gcs_trip_data_to_bq_workflow2.bigquery_external_table_task_green scheduled__2022-08-04T00:00:00+00:00 [running]> on host a02ae1da6c7b
[2022-08-05 17:11:36,040] {taskinstance.py:1426} INFO - Exporting the following env vars:
AIRFLOW_CTX_DAG_OWNER=***
AIRFLOW_CTX_DAG_ID=move_gcs_trip_data_to_bq_workflow2
AIRFLOW_CTX_TASK_ID=bigquery_external_table_task_green
AIRFLOW_CTX_EXECUTION_DATE=2022-08-04T00:00:00+00:00
AIRFLOW_CTX_DAG_RUN_ID=scheduled__2022-08-04T00:00:00+00:00
[2022-08-05 17:11:36,090] {crypto.py:82} WARNING - empty cryptography key - values will not be stored encrypted.
[2022-08-05 17:11:37,308] {taskinstance.py:1277} INFO - Marking task as SUCCESS. dag_id=move_gcs_trip_data_to_bq_workflow2, task_id=bigquery_external_table_task_green, execution_date=20220804T000000, start_date=20220805T171135, end_date=20220805T171137
[2022-08-05 17:11:37,431] {local_task_job.py:154} INFO - Task exited with return code 0
[2022-08-05 17:11:37,812] {local_task_job.py:264} INFO - 1 downstream tasks scheduled from follow-on schedule check
