[2022-07-08 04:59:46,453] {taskinstance.py:1032} INFO - Dependencies all met for <TaskInstance: yellow_taxi_dag2.curl scheduled__2019-05-02T06:00:00+00:00 [queued]>
[2022-07-08 04:59:46,517] {taskinstance.py:1032} INFO - Dependencies all met for <TaskInstance: yellow_taxi_dag2.curl scheduled__2019-05-02T06:00:00+00:00 [queued]>
[2022-07-08 04:59:46,520] {taskinstance.py:1238} INFO - 
--------------------------------------------------------------------------------
[2022-07-08 04:59:46,523] {taskinstance.py:1239} INFO - Starting attempt 1 of 1
[2022-07-08 04:59:46,528] {taskinstance.py:1240} INFO - 
--------------------------------------------------------------------------------
[2022-07-08 04:59:46,597] {taskinstance.py:1259} INFO - Executing <Task(BashOperator): curl> on 2019-05-02 06:00:00+00:00
[2022-07-08 04:59:46,618] {standard_task_runner.py:52} INFO - Started process 1157 to run task
[2022-07-08 04:59:46,676] {standard_task_runner.py:76} INFO - Running: ['***', 'tasks', 'run', 'yellow_taxi_dag2', 'curl', 'scheduled__2019-05-02T06:00:00+00:00', '--job-id', '222', '--raw', '--subdir', 'DAGS_FOLDER/yellow_taxi_dag.py', '--cfg-path', '/tmp/tmpm0sv4kpa', '--error-file', '/tmp/tmpxhs7z4o0']
[2022-07-08 04:59:46,701] {standard_task_runner.py:77} INFO - Job 222: Subtask curl
[2022-07-08 04:59:47,019] {logging_mixin.py:109} INFO - Running <TaskInstance: yellow_taxi_dag2.curl scheduled__2019-05-02T06:00:00+00:00 [running]> on host 2b856f2081be
[2022-07-08 04:59:47,153] {warnings.py:99} WARNING - /home/***/.local/lib/python3.6/site-packages/***/utils/context.py:152: AirflowContextDeprecationWarning: Accessing 'execution_date' from the template is deprecated and will be removed in a future version. Please use 'data_interval_start' or 'logical_date' instead.
  warnings.warn(_create_deprecation_warning(key, self._deprecation_replacements[key]))

[2022-07-08 04:59:47,253] {taskinstance.py:1426} INFO - Exporting the following env vars:
AIRFLOW_CTX_DAG_OWNER=***
AIRFLOW_CTX_DAG_ID=yellow_taxi_dag2
AIRFLOW_CTX_TASK_ID=curl
AIRFLOW_CTX_EXECUTION_DATE=2019-05-02T06:00:00+00:00
AIRFLOW_CTX_DAG_RUN_ID=scheduled__2019-05-02T06:00:00+00:00
[2022-07-08 04:59:47,269] {subprocess.py:62} INFO - Tmp dir root location: 
 /tmp
[2022-07-08 04:59:47,280] {subprocess.py:74} INFO - Running command: ['bash', '-c', 'echo "2019_05" ']
[2022-07-08 04:59:47,350] {subprocess.py:85} INFO - Output:
[2022-07-08 04:59:47,370] {subprocess.py:89} INFO - 2019_05
[2022-07-08 04:59:47,385] {subprocess.py:93} INFO - Command exited with return code 0
[2022-07-08 04:59:47,610] {taskinstance.py:1277} INFO - Marking task as SUCCESS. dag_id=yellow_taxi_dag2, task_id=curl, execution_date=20190502T060000, start_date=20220708T045946, end_date=20220708T045947
[2022-07-08 04:59:47,699] {local_task_job.py:154} INFO - Task exited with return code 0
[2022-07-08 04:59:47,778] {local_task_job.py:264} INFO - 0 downstream tasks scheduled from follow-on schedule check
