[2022-07-05 13:40:14,024] {taskinstance.py:1032} INFO - Dependencies all met for <TaskInstance: data_ingestion_gcs_dag.bigquery_external_table_task scheduled__2022-07-04T00:00:00+00:00 [queued]>
[2022-07-05 13:40:14,050] {taskinstance.py:1032} INFO - Dependencies all met for <TaskInstance: data_ingestion_gcs_dag.bigquery_external_table_task scheduled__2022-07-04T00:00:00+00:00 [queued]>
[2022-07-05 13:40:14,053] {taskinstance.py:1238} INFO - 
--------------------------------------------------------------------------------
[2022-07-05 13:40:14,054] {taskinstance.py:1239} INFO - Starting attempt 1 of 2
[2022-07-05 13:40:14,056] {taskinstance.py:1240} INFO - 
--------------------------------------------------------------------------------
[2022-07-05 13:40:14,088] {taskinstance.py:1259} INFO - Executing <Task(BigQueryCreateExternalTableOperator): bigquery_external_table_task> on 2022-07-04 00:00:00+00:00
[2022-07-05 13:40:14,110] {standard_task_runner.py:52} INFO - Started process 3873 to run task
[2022-07-05 13:40:14,129] {standard_task_runner.py:76} INFO - Running: ['***', 'tasks', 'run', 'data_ingestion_gcs_dag', 'bigquery_external_table_task', 'scheduled__2022-07-04T00:00:00+00:00', '--job-id', '42', '--raw', '--subdir', 'DAGS_FOLDER/data_ingestion_gcs_dag.py', '--cfg-path', '/tmp/tmpwfiddjl4', '--error-file', '/tmp/tmpcrkt7ei5']
[2022-07-05 13:40:14,140] {standard_task_runner.py:77} INFO - Job 42: Subtask bigquery_external_table_task
[2022-07-05 13:40:14,264] {logging_mixin.py:109} INFO - Running <TaskInstance: data_ingestion_gcs_dag.bigquery_external_table_task scheduled__2022-07-04T00:00:00+00:00 [running]> on host 04e296ede4ca
[2022-07-05 13:40:14,377] {taskinstance.py:1426} INFO - Exporting the following env vars:
AIRFLOW_CTX_DAG_OWNER=***
AIRFLOW_CTX_DAG_ID=data_ingestion_gcs_dag
AIRFLOW_CTX_TASK_ID=bigquery_external_table_task
AIRFLOW_CTX_EXECUTION_DATE=2022-07-04T00:00:00+00:00
AIRFLOW_CTX_DAG_RUN_ID=scheduled__2022-07-04T00:00:00+00:00
[2022-07-05 13:40:14,383] {crypto.py:82} WARNING - empty cryptography key - values will not be stored encrypted.
[2022-07-05 13:40:15,296] {taskinstance.py:1277} INFO - Marking task as SUCCESS. dag_id=data_ingestion_gcs_dag, task_id=bigquery_external_table_task, execution_date=20220704T000000, start_date=20220705T134014, end_date=20220705T134015
[2022-07-05 13:40:15,380] {local_task_job.py:154} INFO - Task exited with return code 0
[2022-07-05 13:40:15,433] {local_task_job.py:264} INFO - 0 downstream tasks scheduled from follow-on schedule check
