[2022-08-05 17:22:41,817] {taskinstance.py:1032} INFO - Dependencies all met for <TaskInstance: move_gcs_trip_data_to_bq_workflow2.bigquery_external_table_task_fhv manual__2022-08-05T16:34:36.878533+00:00 [queued]>
[2022-08-05 17:22:41,874] {taskinstance.py:1032} INFO - Dependencies all met for <TaskInstance: move_gcs_trip_data_to_bq_workflow2.bigquery_external_table_task_fhv manual__2022-08-05T16:34:36.878533+00:00 [queued]>
[2022-08-05 17:22:41,876] {taskinstance.py:1238} INFO - 
--------------------------------------------------------------------------------
[2022-08-05 17:22:41,882] {taskinstance.py:1239} INFO - Starting attempt 1 of 2
[2022-08-05 17:22:41,886] {taskinstance.py:1240} INFO - 
--------------------------------------------------------------------------------
[2022-08-05 17:22:41,941] {taskinstance.py:1259} INFO - Executing <Task(BigQueryCreateExternalTableOperator): bigquery_external_table_task_fhv> on 2022-08-05 16:34:36.878533+00:00
[2022-08-05 17:22:41,958] {standard_task_runner.py:52} INFO - Started process 7380 to run task
[2022-08-05 17:22:41,972] {standard_task_runner.py:76} INFO - Running: ['***', 'tasks', 'run', 'move_gcs_trip_data_to_bq_workflow2', 'bigquery_external_table_task_fhv', 'manual__2022-08-05T16:34:36.878533+00:00', '--job-id', '135', '--raw', '--subdir', 'DAGS_FOLDER/gcs_to_bq.py', '--cfg-path', '/tmp/tmp1urkh0gp', '--error-file', '/tmp/tmpdf98dhw2']
[2022-08-05 17:22:41,976] {standard_task_runner.py:77} INFO - Job 135: Subtask bigquery_external_table_task_fhv
[2022-08-05 17:22:42,346] {logging_mixin.py:109} INFO - Running <TaskInstance: move_gcs_trip_data_to_bq_workflow2.bigquery_external_table_task_fhv manual__2022-08-05T16:34:36.878533+00:00 [running]> on host a02ae1da6c7b
[2022-08-05 17:22:42,539] {taskinstance.py:1426} INFO - Exporting the following env vars:
AIRFLOW_CTX_DAG_OWNER=***
AIRFLOW_CTX_DAG_ID=move_gcs_trip_data_to_bq_workflow2
AIRFLOW_CTX_TASK_ID=bigquery_external_table_task_fhv
AIRFLOW_CTX_EXECUTION_DATE=2022-08-05T16:34:36.878533+00:00
AIRFLOW_CTX_DAG_RUN_ID=manual__2022-08-05T16:34:36.878533+00:00
[2022-08-05 17:22:42,549] {crypto.py:82} WARNING - empty cryptography key - values will not be stored encrypted.
[2022-08-05 17:22:43,461] {taskinstance.py:1277} INFO - Marking task as SUCCESS. dag_id=move_gcs_trip_data_to_bq_workflow2, task_id=bigquery_external_table_task_fhv, execution_date=20220805T163436, start_date=20220805T172241, end_date=20220805T172243
[2022-08-05 17:22:43,678] {local_task_job.py:154} INFO - Task exited with return code 0
[2022-08-05 17:22:44,203] {local_task_job.py:264} INFO - 1 downstream tasks scheduled from follow-on schedule check
