[2022-07-08 20:02:16,513] {taskinstance.py:1032} INFO - Dependencies all met for <TaskInstance: gt_dag.local_to_gcs_task scheduled__2019-08-02T06:00:00+00:00 [queued]>
[2022-07-08 20:02:17,866] {taskinstance.py:1032} INFO - Dependencies all met for <TaskInstance: gt_dag.local_to_gcs_task scheduled__2019-08-02T06:00:00+00:00 [queued]>
[2022-07-08 20:02:17,868] {taskinstance.py:1238} INFO - 
--------------------------------------------------------------------------------
[2022-07-08 20:02:17,872] {taskinstance.py:1239} INFO - Starting attempt 1 of 1
[2022-07-08 20:02:17,874] {taskinstance.py:1240} INFO - 
--------------------------------------------------------------------------------
[2022-07-08 20:02:18,201] {taskinstance.py:1259} INFO - Executing <Task(PythonOperator): local_to_gcs_task> on 2019-08-02 06:00:00+00:00
[2022-07-08 20:02:18,984] {standard_task_runner.py:76} INFO - Running: ['***', 'tasks', 'run', 'gt_dag', 'local_to_gcs_task', 'scheduled__2019-08-02T06:00:00+00:00', '--job-id', '416', '--raw', '--subdir', 'DAGS_FOLDER/green_taxi_dag.py', '--cfg-path', '/tmp/tmpawnk0po9', '--error-file', '/tmp/tmpq7w_gla3']
[2022-07-08 20:02:19,135] {standard_task_runner.py:77} INFO - Job 416: Subtask local_to_gcs_task
[2022-07-08 20:02:18,814] {standard_task_runner.py:52} INFO - Started process 15104 to run task
[2022-07-08 20:02:22,124] {logging_mixin.py:109} INFO - Running <TaskInstance: gt_dag.local_to_gcs_task scheduled__2019-08-02T06:00:00+00:00 [running]> on host 2b856f2081be
[2022-07-08 20:02:23,482] {warnings.py:99} WARNING - /home/***/.local/lib/python3.6/site-packages/***/utils/context.py:152: AirflowContextDeprecationWarning: Accessing 'execution_date' from the template is deprecated and will be removed in a future version. Please use 'data_interval_start' or 'logical_date' instead.
  warnings.warn(_create_deprecation_warning(key, self._deprecation_replacements[key]))

[2022-07-08 20:02:25,660] {taskinstance.py:1426} INFO - Exporting the following env vars:
AIRFLOW_CTX_DAG_OWNER=***
AIRFLOW_CTX_DAG_ID=gt_dag
AIRFLOW_CTX_TASK_ID=local_to_gcs_task
AIRFLOW_CTX_EXECUTION_DATE=2019-08-02T06:00:00+00:00
AIRFLOW_CTX_DAG_RUN_ID=scheduled__2019-08-02T06:00:00+00:00
[2022-07-08 20:02:52,040] {python.py:175} INFO - Done. Returned value was: None
[2022-07-08 20:02:55,469] {taskinstance.py:1277} INFO - Marking task as SUCCESS. dag_id=gt_dag, task_id=local_to_gcs_task, execution_date=20190802T060000, start_date=20220708T200216, end_date=20220708T200255
[2022-07-08 20:02:56,120] {local_task_job.py:154} INFO - Task exited with return code 0
[2022-07-08 20:02:56,577] {local_task_job.py:264} INFO - 0 downstream tasks scheduled from follow-on schedule check
