[2022-07-05 15:29:17,748] {taskinstance.py:1032} INFO - Dependencies all met for <TaskInstance: LocalIngestionDag.wget manual__2022-07-05T15:29:16.555591+00:00 [queued]>
[2022-07-05 15:29:17,775] {taskinstance.py:1032} INFO - Dependencies all met for <TaskInstance: LocalIngestionDag.wget manual__2022-07-05T15:29:16.555591+00:00 [queued]>
[2022-07-05 15:29:17,779] {taskinstance.py:1238} INFO - 
--------------------------------------------------------------------------------
[2022-07-05 15:29:17,781] {taskinstance.py:1239} INFO - Starting attempt 1 of 1
[2022-07-05 15:29:17,782] {taskinstance.py:1240} INFO - 
--------------------------------------------------------------------------------
[2022-07-05 15:29:17,798] {taskinstance.py:1259} INFO - Executing <Task(BashOperator): wget> on 2022-07-05 15:29:16.555591+00:00
[2022-07-05 15:29:17,813] {standard_task_runner.py:76} INFO - Running: ['***', 'tasks', 'run', 'LocalIngestionDag', 'wget', 'manual__2022-07-05T15:29:16.555591+00:00', '--job-id', '51', '--raw', '--subdir', 'DAGS_FOLDER/data_ingestion_local.py', '--cfg-path', '/tmp/tmpddwme2cs', '--error-file', '/tmp/tmp1qugy_6_']
[2022-07-05 15:29:17,814] {standard_task_runner.py:77} INFO - Job 51: Subtask wget
[2022-07-05 15:29:17,808] {standard_task_runner.py:52} INFO - Started process 293 to run task
[2022-07-05 15:29:17,898] {logging_mixin.py:109} INFO - Running <TaskInstance: LocalIngestionDag.wget manual__2022-07-05T15:29:16.555591+00:00 [running]> on host 730d3c67d882
[2022-07-05 15:29:17,974] {taskinstance.py:1426} INFO - Exporting the following env vars:
AIRFLOW_CTX_DAG_OWNER=***
AIRFLOW_CTX_DAG_ID=LocalIngestionDag
AIRFLOW_CTX_TASK_ID=wget
AIRFLOW_CTX_EXECUTION_DATE=2022-07-05T15:29:16.555591+00:00
AIRFLOW_CTX_DAG_RUN_ID=manual__2022-07-05T15:29:16.555591+00:00
[2022-07-05 15:29:17,977] {subprocess.py:62} INFO - Tmp dir root location: 
 /tmp
[2022-07-05 15:29:17,979] {subprocess.py:74} INFO - Running command: ['bash', '-c', 'echo "hello world"']
[2022-07-05 15:29:17,994] {subprocess.py:85} INFO - Output:
[2022-07-05 15:29:17,997] {subprocess.py:89} INFO - hello world
[2022-07-05 15:29:17,998] {subprocess.py:93} INFO - Command exited with return code 0
[2022-07-05 15:29:18,037] {taskinstance.py:1277} INFO - Marking task as SUCCESS. dag_id=LocalIngestionDag, task_id=wget, execution_date=20220705T152916, start_date=20220705T152917, end_date=20220705T152918
[2022-07-05 15:29:18,075] {local_task_job.py:154} INFO - Task exited with return code 0
[2022-07-05 15:29:18,128] {local_task_job.py:264} INFO - 1 downstream tasks scheduled from follow-on schedule check
