[2022-07-08 14:57:48,880] {taskinstance.py:1032} INFO - Dependencies all met for <TaskInstance: fhv_dag.download_data_task scheduled__2019-05-02T06:00:00+00:00 [queued]>
[2022-07-08 14:57:48,913] {taskinstance.py:1032} INFO - Dependencies all met for <TaskInstance: fhv_dag.download_data_task scheduled__2019-05-02T06:00:00+00:00 [queued]>
[2022-07-08 14:57:48,915] {taskinstance.py:1238} INFO - 
--------------------------------------------------------------------------------
[2022-07-08 14:57:48,917] {taskinstance.py:1239} INFO - Starting attempt 1 of 1
[2022-07-08 14:57:48,921] {taskinstance.py:1240} INFO - 
--------------------------------------------------------------------------------
[2022-07-08 14:57:48,945] {taskinstance.py:1259} INFO - Executing <Task(BashOperator): download_data_task> on 2019-05-02 06:00:00+00:00
[2022-07-08 14:57:48,963] {standard_task_runner.py:52} INFO - Started process 898 to run task
[2022-07-08 14:57:48,986] {standard_task_runner.py:76} INFO - Running: ['***', 'tasks', 'run', 'fhv_dag', 'download_data_task', 'scheduled__2019-05-02T06:00:00+00:00', '--job-id', '375', '--raw', '--subdir', 'DAGS_FOLDER/fhv_dag.py', '--cfg-path', '/tmp/tmpi6_osmij', '--error-file', '/tmp/tmprflsw2xr']
[2022-07-08 14:57:48,996] {standard_task_runner.py:77} INFO - Job 375: Subtask download_data_task
[2022-07-08 14:57:49,141] {logging_mixin.py:109} INFO - Running <TaskInstance: fhv_dag.download_data_task scheduled__2019-05-02T06:00:00+00:00 [running]> on host 2b856f2081be
[2022-07-08 14:57:49,227] {warnings.py:99} WARNING - /home/***/.local/lib/python3.6/site-packages/***/utils/context.py:152: AirflowContextDeprecationWarning: Accessing 'execution_date' from the template is deprecated and will be removed in a future version. Please use 'data_interval_start' or 'logical_date' instead.
  warnings.warn(_create_deprecation_warning(key, self._deprecation_replacements[key]))

[2022-07-08 14:57:49,320] {taskinstance.py:1426} INFO - Exporting the following env vars:
AIRFLOW_CTX_DAG_OWNER=***
AIRFLOW_CTX_DAG_ID=fhv_dag
AIRFLOW_CTX_TASK_ID=download_data_task
AIRFLOW_CTX_EXECUTION_DATE=2019-05-02T06:00:00+00:00
AIRFLOW_CTX_DAG_RUN_ID=scheduled__2019-05-02T06:00:00+00:00
[2022-07-08 14:57:49,326] {subprocess.py:62} INFO - Tmp dir root location: 
 /tmp
[2022-07-08 14:57:49,332] {subprocess.py:74} INFO - Running command: ['bash', '-c', 'curl -sSL https://d37ci6vzurychx.cloudfront.net/trip-data/fhv_tripdata_2019-05.parquet > /opt/***/fhv_tripdata_2019-05.parquet']
[2022-07-08 14:57:49,359] {subprocess.py:85} INFO - Output:
[2022-07-08 14:57:49,548] {subprocess.py:93} INFO - Command exited with return code 0
[2022-07-08 14:57:49,628] {taskinstance.py:1277} INFO - Marking task as SUCCESS. dag_id=fhv_dag, task_id=download_data_task, execution_date=20190502T060000, start_date=20220708T145748, end_date=20220708T145749
[2022-07-08 14:57:49,688] {local_task_job.py:154} INFO - Task exited with return code 0
[2022-07-08 14:57:49,760] {local_task_job.py:264} INFO - 1 downstream tasks scheduled from follow-on schedule check
