[2022-07-07 21:38:26,740] {taskinstance.py:1032} INFO - Dependencies all met for <TaskInstance: data_ingestion_gcs_full_yt.download_dataset_task manual__2022-07-07T21:02:43.899492+00:00 [queued]>
[2022-07-07 21:38:26,755] {taskinstance.py:1032} INFO - Dependencies all met for <TaskInstance: data_ingestion_gcs_full_yt.download_dataset_task manual__2022-07-07T21:02:43.899492+00:00 [queued]>
[2022-07-07 21:38:26,756] {taskinstance.py:1238} INFO - 
--------------------------------------------------------------------------------
[2022-07-07 21:38:26,757] {taskinstance.py:1239} INFO - Starting attempt 3 of 4
[2022-07-07 21:38:26,758] {taskinstance.py:1240} INFO - 
--------------------------------------------------------------------------------
[2022-07-07 21:38:26,774] {taskinstance.py:1259} INFO - Executing <Task(BashOperator): download_dataset_task> on 2022-07-07 21:02:43.899492+00:00
[2022-07-07 21:38:26,782] {standard_task_runner.py:52} INFO - Started process 3359 to run task
[2022-07-07 21:38:26,786] {standard_task_runner.py:76} INFO - Running: ['***', 'tasks', 'run', 'data_ingestion_gcs_full_yt', 'download_dataset_task', 'manual__2022-07-07T21:02:43.899492+00:00', '--job-id', '130', '--raw', '--subdir', 'DAGS_FOLDER/data_ingestion_gcs_full_yt.py', '--cfg-path', '/tmp/tmpzmkz3o86', '--error-file', '/tmp/tmpy1tkfxx6']
[2022-07-07 21:38:26,791] {standard_task_runner.py:77} INFO - Job 130: Subtask download_dataset_task
[2022-07-07 21:38:26,867] {logging_mixin.py:109} INFO - Running <TaskInstance: data_ingestion_gcs_full_yt.download_dataset_task manual__2022-07-07T21:02:43.899492+00:00 [running]> on host 2b856f2081be
[2022-07-07 21:38:26,912] {warnings.py:99} WARNING - /home/***/.local/lib/python3.6/site-packages/***/utils/context.py:152: AirflowContextDeprecationWarning: Accessing 'execution_date' from the template is deprecated and will be removed in a future version. Please use 'data_interval_start' or 'logical_date' instead.
  warnings.warn(_create_deprecation_warning(key, self._deprecation_replacements[key]))

[2022-07-07 21:38:26,936] {taskinstance.py:1426} INFO - Exporting the following env vars:
AIRFLOW_CTX_DAG_OWNER=***
AIRFLOW_CTX_DAG_ID=data_ingestion_gcs_full_yt
AIRFLOW_CTX_TASK_ID=download_dataset_task
AIRFLOW_CTX_EXECUTION_DATE=2022-07-07T21:02:43.899492+00:00
AIRFLOW_CTX_DAG_RUN_ID=manual__2022-07-07T21:02:43.899492+00:00
[2022-07-07 21:38:26,938] {subprocess.py:62} INFO - Tmp dir root location: 
 /tmp
[2022-07-07 21:38:26,940] {subprocess.py:74} INFO - Running command: ['bash', '-c', 'echo "2022-07-07"']
[2022-07-07 21:38:26,953] {subprocess.py:85} INFO - Output:
[2022-07-07 21:38:26,956] {subprocess.py:89} INFO - 2022-07-07
[2022-07-07 21:38:26,957] {subprocess.py:93} INFO - Command exited with return code 0
[2022-07-07 21:38:26,987] {taskinstance.py:1277} INFO - Marking task as SUCCESS. dag_id=data_ingestion_gcs_full_yt, task_id=download_dataset_task, execution_date=20220707T210243, start_date=20220707T213826, end_date=20220707T213826
[2022-07-07 21:38:27,046] {local_task_job.py:154} INFO - Task exited with return code 0
[2022-07-07 21:38:27,080] {local_task_job.py:264} INFO - 0 downstream tasks scheduled from follow-on schedule check
