[2022-07-08 04:01:28,823] {taskinstance.py:1032} INFO - Dependencies all met for <TaskInstance: LocalIngestionDag2.wget scheduled__2021-04-02T06:00:00+00:00 [queued]>
[2022-07-08 04:01:28,921] {taskinstance.py:1032} INFO - Dependencies all met for <TaskInstance: LocalIngestionDag2.wget scheduled__2021-04-02T06:00:00+00:00 [queued]>
[2022-07-08 04:01:28,923] {taskinstance.py:1238} INFO - 
--------------------------------------------------------------------------------
[2022-07-08 04:01:28,927] {taskinstance.py:1239} INFO - Starting attempt 1 of 1
[2022-07-08 04:01:28,928] {taskinstance.py:1240} INFO - 
--------------------------------------------------------------------------------
[2022-07-08 04:01:29,040] {taskinstance.py:1259} INFO - Executing <Task(BashOperator): wget> on 2021-04-02 06:00:00+00:00
[2022-07-08 04:01:29,062] {standard_task_runner.py:52} INFO - Started process 6881 to run task
[2022-07-08 04:01:29,126] {standard_task_runner.py:76} INFO - Running: ['***', 'tasks', 'run', 'LocalIngestionDag2', 'wget', 'scheduled__2021-04-02T06:00:00+00:00', '--job-id', '175', '--raw', '--subdir', 'DAGS_FOLDER/data_ingestion_gcs_full_yt.py', '--cfg-path', '/tmp/tmp5i_sqkbe', '--error-file', '/tmp/tmpjbfr28go']
[2022-07-08 04:01:29,142] {standard_task_runner.py:77} INFO - Job 175: Subtask wget
[2022-07-08 04:01:29,351] {logging_mixin.py:109} INFO - Running <TaskInstance: LocalIngestionDag2.wget scheduled__2021-04-02T06:00:00+00:00 [running]> on host 2b856f2081be
[2022-07-08 04:01:29,514] {warnings.py:99} WARNING - /home/***/.local/lib/python3.6/site-packages/***/utils/context.py:152: AirflowContextDeprecationWarning: Accessing 'execution_date' from the template is deprecated and will be removed in a future version. Please use 'data_interval_start' or 'logical_date' instead.
  warnings.warn(_create_deprecation_warning(key, self._deprecation_replacements[key]))

[2022-07-08 04:01:29,611] {taskinstance.py:1426} INFO - Exporting the following env vars:
AIRFLOW_CTX_DAG_OWNER=***
AIRFLOW_CTX_DAG_ID=LocalIngestionDag2
AIRFLOW_CTX_TASK_ID=wget
AIRFLOW_CTX_EXECUTION_DATE=2021-04-02T06:00:00+00:00
AIRFLOW_CTX_DAG_RUN_ID=scheduled__2021-04-02T06:00:00+00:00
[2022-07-08 04:01:29,613] {subprocess.py:62} INFO - Tmp dir root location: 
 /tmp
[2022-07-08 04:01:29,616] {subprocess.py:74} INFO - Running command: ['bash', '-c', 'echo "2021_04" ']
[2022-07-08 04:01:29,727] {subprocess.py:85} INFO - Output:
[2022-07-08 04:01:29,737] {subprocess.py:89} INFO - 2021_04
[2022-07-08 04:01:29,740] {subprocess.py:93} INFO - Command exited with return code 0
[2022-07-08 04:01:29,956] {taskinstance.py:1277} INFO - Marking task as SUCCESS. dag_id=LocalIngestionDag2, task_id=wget, execution_date=20210402T060000, start_date=20220708T040128, end_date=20220708T040129
[2022-07-08 04:01:30,077] {local_task_job.py:154} INFO - Task exited with return code 0
[2022-07-08 04:01:30,311] {local_task_job.py:264} INFO - 0 downstream tasks scheduled from follow-on schedule check
