[2022-07-08 03:55:02,881] {taskinstance.py:1032} INFO - Dependencies all met for <TaskInstance: data_ingestion_gcs_full_yt.download_dataset_task manual__2022-07-07T20:45:21.502035+00:00 [queued]>
[2022-07-08 03:55:02,913] {taskinstance.py:1032} INFO - Dependencies all met for <TaskInstance: data_ingestion_gcs_full_yt.download_dataset_task manual__2022-07-07T20:45:21.502035+00:00 [queued]>
[2022-07-08 03:55:02,915] {taskinstance.py:1238} INFO - 
--------------------------------------------------------------------------------
[2022-07-08 03:55:02,917] {taskinstance.py:1239} INFO - Starting attempt 6 of 7
[2022-07-08 03:55:02,919] {taskinstance.py:1240} INFO - 
--------------------------------------------------------------------------------
[2022-07-08 03:55:02,946] {taskinstance.py:1259} INFO - Executing <Task(BashOperator): download_dataset_task> on 2022-07-07 20:45:21.502035+00:00
[2022-07-08 03:55:02,968] {standard_task_runner.py:76} INFO - Running: ['***', 'tasks', 'run', 'data_ingestion_gcs_full_yt', 'download_dataset_task', 'manual__2022-07-07T20:45:21.502035+00:00', '--job-id', '141', '--raw', '--subdir', 'DAGS_FOLDER/data_ingestion_gcs_full_yt.py', '--cfg-path', '/tmp/tmppwc4egvv', '--error-file', '/tmp/tmpg9wxs22g']
[2022-07-08 03:55:02,958] {standard_task_runner.py:52} INFO - Started process 6485 to run task
[2022-07-08 03:55:02,984] {standard_task_runner.py:77} INFO - Job 141: Subtask download_dataset_task
[2022-07-08 03:55:03,228] {logging_mixin.py:109} INFO - Running <TaskInstance: data_ingestion_gcs_full_yt.download_dataset_task manual__2022-07-07T20:45:21.502035+00:00 [running]> on host 2b856f2081be
[2022-07-08 03:55:03,287] {warnings.py:99} WARNING - /home/***/.local/lib/python3.6/site-packages/***/utils/context.py:152: AirflowContextDeprecationWarning: Accessing 'execution_date' from the template is deprecated and will be removed in a future version. Please use 'data_interval_start' or 'logical_date' instead.
  warnings.warn(_create_deprecation_warning(key, self._deprecation_replacements[key]))

[2022-07-08 03:55:03,330] {taskinstance.py:1426} INFO - Exporting the following env vars:
AIRFLOW_CTX_DAG_OWNER=***
AIRFLOW_CTX_DAG_ID=data_ingestion_gcs_full_yt
AIRFLOW_CTX_TASK_ID=download_dataset_task
AIRFLOW_CTX_EXECUTION_DATE=2022-07-07T20:45:21.502035+00:00
AIRFLOW_CTX_DAG_RUN_ID=manual__2022-07-07T20:45:21.502035+00:00
[2022-07-08 03:55:03,334] {subprocess.py:62} INFO - Tmp dir root location: 
 /tmp
[2022-07-08 03:55:03,336] {subprocess.py:74} INFO - Running command: ['bash', '-c', 'echo "2022-07-07"']
[2022-07-08 03:55:03,372] {subprocess.py:85} INFO - Output:
[2022-07-08 03:55:03,384] {subprocess.py:89} INFO - 2022-07-07
[2022-07-08 03:55:03,387] {subprocess.py:93} INFO - Command exited with return code 0
[2022-07-08 03:55:03,556] {taskinstance.py:1277} INFO - Marking task as SUCCESS. dag_id=data_ingestion_gcs_full_yt, task_id=download_dataset_task, execution_date=20220707T204521, start_date=20220708T035502, end_date=20220708T035503
[2022-07-08 03:55:03,679] {local_task_job.py:154} INFO - Task exited with return code 0
[2022-07-08 03:55:03,832] {local_task_job.py:264} INFO - 0 downstream tasks scheduled from follow-on schedule check
