[2022-07-05 13:31:24,487] {taskinstance.py:1032} INFO - Dependencies all met for <TaskInstance: data_ingestion_gcs_dag.format_to_parquet_task scheduled__2022-07-03T00:00:00+00:00 [queued]>
[2022-07-05 13:31:24,583] {taskinstance.py:1032} INFO - Dependencies all met for <TaskInstance: data_ingestion_gcs_dag.format_to_parquet_task scheduled__2022-07-03T00:00:00+00:00 [queued]>
[2022-07-05 13:31:24,586] {taskinstance.py:1238} INFO - 
--------------------------------------------------------------------------------
[2022-07-05 13:31:24,590] {taskinstance.py:1239} INFO - Starting attempt 1 of 2
[2022-07-05 13:31:24,592] {taskinstance.py:1240} INFO - 
--------------------------------------------------------------------------------
[2022-07-05 13:31:24,673] {taskinstance.py:1259} INFO - Executing <Task(PythonOperator): format_to_parquet_task> on 2022-07-03 00:00:00+00:00
[2022-07-05 13:31:24,720] {standard_task_runner.py:76} INFO - Running: ['***', 'tasks', 'run', 'data_ingestion_gcs_dag', 'format_to_parquet_task', 'scheduled__2022-07-03T00:00:00+00:00', '--job-id', '35', '--raw', '--subdir', 'DAGS_FOLDER/data_ingestion_gcs_dag.py', '--cfg-path', '/tmp/tmp_vai_jib', '--error-file', '/tmp/tmph1ii7rn2']
[2022-07-05 13:31:24,752] {standard_task_runner.py:77} INFO - Job 35: Subtask format_to_parquet_task
[2022-07-05 13:31:24,723] {standard_task_runner.py:52} INFO - Started process 3487 to run task
[2022-07-05 13:31:25,075] {logging_mixin.py:109} INFO - Running <TaskInstance: data_ingestion_gcs_dag.format_to_parquet_task scheduled__2022-07-03T00:00:00+00:00 [running]> on host 04e296ede4ca
[2022-07-05 13:31:25,483] {taskinstance.py:1426} INFO - Exporting the following env vars:
AIRFLOW_CTX_DAG_OWNER=***
AIRFLOW_CTX_DAG_ID=data_ingestion_gcs_dag
AIRFLOW_CTX_TASK_ID=format_to_parquet_task
AIRFLOW_CTX_EXECUTION_DATE=2022-07-03T00:00:00+00:00
AIRFLOW_CTX_DAG_RUN_ID=scheduled__2022-07-03T00:00:00+00:00
[2022-07-05 13:31:31,442] {python.py:175} INFO - Done. Returned value was: None
[2022-07-05 13:31:31,478] {taskinstance.py:1277} INFO - Marking task as SUCCESS. dag_id=data_ingestion_gcs_dag, task_id=format_to_parquet_task, execution_date=20220703T000000, start_date=20220705T133124, end_date=20220705T133131
[2022-07-05 13:31:31,749] {local_task_job.py:154} INFO - Task exited with return code 0
[2022-07-05 13:31:31,969] {local_task_job.py:264} INFO - 1 downstream tasks scheduled from follow-on schedule check
