[2022-07-03 06:20:47,480] {taskinstance.py:1032} INFO - Dependencies all met for <TaskInstance: data_ingestion_gcs_dag.bigquery_external_table_task manual__2022-07-03T06:18:57.505942+00:00 [queued]>
[2022-07-03 06:20:47,507] {taskinstance.py:1032} INFO - Dependencies all met for <TaskInstance: data_ingestion_gcs_dag.bigquery_external_table_task manual__2022-07-03T06:18:57.505942+00:00 [queued]>
[2022-07-03 06:20:47,509] {taskinstance.py:1238} INFO - 
--------------------------------------------------------------------------------
[2022-07-03 06:20:47,510] {taskinstance.py:1239} INFO - Starting attempt 1 of 2
[2022-07-03 06:20:47,512] {taskinstance.py:1240} INFO - 
--------------------------------------------------------------------------------
[2022-07-03 06:20:47,530] {taskinstance.py:1259} INFO - Executing <Task(BigQueryCreateExternalTableOperator): bigquery_external_table_task> on 2022-07-03 06:18:57.505942+00:00
[2022-07-03 06:20:47,545] {standard_task_runner.py:76} INFO - Running: ['***', 'tasks', 'run', 'data_ingestion_gcs_dag', 'bigquery_external_table_task', 'manual__2022-07-03T06:18:57.505942+00:00', '--job-id', '29', '--raw', '--subdir', 'DAGS_FOLDER/data_ingestion_gcs_dag.py', '--cfg-path', '/tmp/tmpi9qgr4ap', '--error-file', '/tmp/tmpt0kpb7nn']
[2022-07-03 06:20:47,539] {standard_task_runner.py:52} INFO - Started process 868 to run task
[2022-07-03 06:20:47,557] {standard_task_runner.py:77} INFO - Job 29: Subtask bigquery_external_table_task
[2022-07-03 06:20:47,775] {logging_mixin.py:109} INFO - Running <TaskInstance: data_ingestion_gcs_dag.bigquery_external_table_task manual__2022-07-03T06:18:57.505942+00:00 [running]> on host 04e296ede4ca
[2022-07-03 06:20:47,998] {taskinstance.py:1426} INFO - Exporting the following env vars:
AIRFLOW_CTX_DAG_OWNER=***
AIRFLOW_CTX_DAG_ID=data_ingestion_gcs_dag
AIRFLOW_CTX_TASK_ID=bigquery_external_table_task
AIRFLOW_CTX_EXECUTION_DATE=2022-07-03T06:18:57.505942+00:00
AIRFLOW_CTX_DAG_RUN_ID=manual__2022-07-03T06:18:57.505942+00:00
[2022-07-03 06:20:48,013] {crypto.py:82} WARNING - empty cryptography key - values will not be stored encrypted.
[2022-07-03 06:20:49,068] {taskinstance.py:1277} INFO - Marking task as SUCCESS. dag_id=data_ingestion_gcs_dag, task_id=bigquery_external_table_task, execution_date=20220703T061857, start_date=20220703T062047, end_date=20220703T062049
[2022-07-03 06:20:49,217] {local_task_job.py:154} INFO - Task exited with return code 0
[2022-07-03 06:20:49,301] {local_task_job.py:264} INFO - 0 downstream tasks scheduled from follow-on schedule check
