[2022-07-07 21:36:03,922] {taskinstance.py:1032} INFO - Dependencies all met for <TaskInstance: data_ingestion_gcs_full_yt.download_dataset_task manual__2022-07-07T20:32:26.440044+00:00 [queued]>
[2022-07-07 21:36:03,942] {taskinstance.py:1032} INFO - Dependencies all met for <TaskInstance: data_ingestion_gcs_full_yt.download_dataset_task manual__2022-07-07T20:32:26.440044+00:00 [queued]>
[2022-07-07 21:36:03,944] {taskinstance.py:1238} INFO - 
--------------------------------------------------------------------------------
[2022-07-07 21:36:03,945] {taskinstance.py:1239} INFO - Starting attempt 4 of 5
[2022-07-07 21:36:03,946] {taskinstance.py:1240} INFO - 
--------------------------------------------------------------------------------
[2022-07-07 21:36:03,968] {taskinstance.py:1259} INFO - Executing <Task(BashOperator): download_dataset_task> on 2022-07-07 20:32:26.440044+00:00
[2022-07-07 21:36:03,977] {standard_task_runner.py:52} INFO - Started process 3224 to run task
[2022-07-07 21:36:03,983] {standard_task_runner.py:76} INFO - Running: ['***', 'tasks', 'run', 'data_ingestion_gcs_full_yt', 'download_dataset_task', 'manual__2022-07-07T20:32:26.440044+00:00', '--job-id', '123', '--raw', '--subdir', 'DAGS_FOLDER/data_ingestion_gcs_full_yt.py', '--cfg-path', '/tmp/tmpewu9r08d', '--error-file', '/tmp/tmptdc0_68o']
[2022-07-07 21:36:03,991] {standard_task_runner.py:77} INFO - Job 123: Subtask download_dataset_task
[2022-07-07 21:36:04,113] {logging_mixin.py:109} INFO - Running <TaskInstance: data_ingestion_gcs_full_yt.download_dataset_task manual__2022-07-07T20:32:26.440044+00:00 [running]> on host 2b856f2081be
[2022-07-07 21:36:04,170] {warnings.py:99} WARNING - /home/***/.local/lib/python3.6/site-packages/***/utils/context.py:152: AirflowContextDeprecationWarning: Accessing 'execution_date' from the template is deprecated and will be removed in a future version. Please use 'data_interval_start' or 'logical_date' instead.
  warnings.warn(_create_deprecation_warning(key, self._deprecation_replacements[key]))

[2022-07-07 21:36:04,207] {taskinstance.py:1426} INFO - Exporting the following env vars:
AIRFLOW_CTX_DAG_OWNER=***
AIRFLOW_CTX_DAG_ID=data_ingestion_gcs_full_yt
AIRFLOW_CTX_TASK_ID=download_dataset_task
AIRFLOW_CTX_EXECUTION_DATE=2022-07-07T20:32:26.440044+00:00
AIRFLOW_CTX_DAG_RUN_ID=manual__2022-07-07T20:32:26.440044+00:00
[2022-07-07 21:36:04,210] {subprocess.py:62} INFO - Tmp dir root location: 
 /tmp
[2022-07-07 21:36:04,213] {subprocess.py:74} INFO - Running command: ['bash', '-c', 'echo "2022-07-07"']
[2022-07-07 21:36:04,237] {subprocess.py:85} INFO - Output:
[2022-07-07 21:36:04,243] {subprocess.py:89} INFO - 2022-07-07
[2022-07-07 21:36:04,244] {subprocess.py:93} INFO - Command exited with return code 0
[2022-07-07 21:36:04,287] {taskinstance.py:1277} INFO - Marking task as SUCCESS. dag_id=data_ingestion_gcs_full_yt, task_id=download_dataset_task, execution_date=20220707T203226, start_date=20220707T213603, end_date=20220707T213604
[2022-07-07 21:36:04,327] {local_task_job.py:154} INFO - Task exited with return code 0
[2022-07-07 21:36:04,393] {local_task_job.py:264} INFO - 1 downstream tasks scheduled from follow-on schedule check
