[2022-07-08 03:54:59,180] {taskinstance.py:1032} INFO - Dependencies all met for <TaskInstance: data_ingestion_gcs_full_yt.download_dataset_task manual__2022-07-07T20:32:26.440044+00:00 [queued]>
[2022-07-08 03:54:59,215] {taskinstance.py:1032} INFO - Dependencies all met for <TaskInstance: data_ingestion_gcs_full_yt.download_dataset_task manual__2022-07-07T20:32:26.440044+00:00 [queued]>
[2022-07-08 03:54:59,217] {taskinstance.py:1238} INFO - 
--------------------------------------------------------------------------------
[2022-07-08 03:54:59,218] {taskinstance.py:1239} INFO - Starting attempt 6 of 7
[2022-07-08 03:54:59,221] {taskinstance.py:1240} INFO - 
--------------------------------------------------------------------------------
[2022-07-08 03:54:59,250] {taskinstance.py:1259} INFO - Executing <Task(BashOperator): download_dataset_task> on 2022-07-07 20:32:26.440044+00:00
[2022-07-08 03:54:59,272] {standard_task_runner.py:52} INFO - Started process 6482 to run task
[2022-07-08 03:54:59,287] {standard_task_runner.py:76} INFO - Running: ['***', 'tasks', 'run', 'data_ingestion_gcs_full_yt', 'download_dataset_task', 'manual__2022-07-07T20:32:26.440044+00:00', '--job-id', '140', '--raw', '--subdir', 'DAGS_FOLDER/data_ingestion_gcs_full_yt.py', '--cfg-path', '/tmp/tmp_lsxxjki', '--error-file', '/tmp/tmpbrz_b07y']
[2022-07-08 03:54:59,295] {standard_task_runner.py:77} INFO - Job 140: Subtask download_dataset_task
[2022-07-08 03:54:59,387] {logging_mixin.py:109} INFO - Running <TaskInstance: data_ingestion_gcs_full_yt.download_dataset_task manual__2022-07-07T20:32:26.440044+00:00 [running]> on host 2b856f2081be
[2022-07-08 03:54:59,436] {warnings.py:99} WARNING - /home/***/.local/lib/python3.6/site-packages/***/utils/context.py:152: AirflowContextDeprecationWarning: Accessing 'execution_date' from the template is deprecated and will be removed in a future version. Please use 'data_interval_start' or 'logical_date' instead.
  warnings.warn(_create_deprecation_warning(key, self._deprecation_replacements[key]))

[2022-07-08 03:54:59,462] {taskinstance.py:1426} INFO - Exporting the following env vars:
AIRFLOW_CTX_DAG_OWNER=***
AIRFLOW_CTX_DAG_ID=data_ingestion_gcs_full_yt
AIRFLOW_CTX_TASK_ID=download_dataset_task
AIRFLOW_CTX_EXECUTION_DATE=2022-07-07T20:32:26.440044+00:00
AIRFLOW_CTX_DAG_RUN_ID=manual__2022-07-07T20:32:26.440044+00:00
[2022-07-08 03:54:59,464] {subprocess.py:62} INFO - Tmp dir root location: 
 /tmp
[2022-07-08 03:54:59,466] {subprocess.py:74} INFO - Running command: ['bash', '-c', 'echo "2022-07-07"']
[2022-07-08 03:54:59,480] {subprocess.py:85} INFO - Output:
[2022-07-08 03:54:59,483] {subprocess.py:89} INFO - 2022-07-07
[2022-07-08 03:54:59,485] {subprocess.py:93} INFO - Command exited with return code 0
[2022-07-08 03:54:59,517] {taskinstance.py:1277} INFO - Marking task as SUCCESS. dag_id=data_ingestion_gcs_full_yt, task_id=download_dataset_task, execution_date=20220707T203226, start_date=20220708T035459, end_date=20220708T035459
[2022-07-08 03:54:59,552] {local_task_job.py:154} INFO - Task exited with return code 0
[2022-07-08 03:54:59,593] {local_task_job.py:264} INFO - 0 downstream tasks scheduled from follow-on schedule check
