[2022-08-05 17:17:10,003] {taskinstance.py:1032} INFO - Dependencies all met for <TaskInstance: move_gcs_trip_data_to_bq_workflow2.bigquery_external_table_task_yellow scheduled__2022-08-04T00:00:00+00:00 [queued]>
[2022-08-05 17:17:10,046] {taskinstance.py:1032} INFO - Dependencies all met for <TaskInstance: move_gcs_trip_data_to_bq_workflow2.bigquery_external_table_task_yellow scheduled__2022-08-04T00:00:00+00:00 [queued]>
[2022-08-05 17:17:10,048] {taskinstance.py:1238} INFO - 
--------------------------------------------------------------------------------
[2022-08-05 17:17:10,050] {taskinstance.py:1239} INFO - Starting attempt 6 of 7
[2022-08-05 17:17:10,052] {taskinstance.py:1240} INFO - 
--------------------------------------------------------------------------------
[2022-08-05 17:17:10,111] {taskinstance.py:1259} INFO - Executing <Task(BigQueryCreateExternalTableOperator): bigquery_external_table_task_yellow> on 2022-08-04 00:00:00+00:00
[2022-08-05 17:17:10,100] {standard_task_runner.py:52} INFO - Started process 7082 to run task
[2022-08-05 17:17:10,121] {standard_task_runner.py:76} INFO - Running: ['***', 'tasks', 'run', 'move_gcs_trip_data_to_bq_workflow2', 'bigquery_external_table_task_yellow', 'scheduled__2022-08-04T00:00:00+00:00', '--job-id', '114', '--raw', '--subdir', 'DAGS_FOLDER/gcs_to_bq.py', '--cfg-path', '/tmp/tmpk902_zzu', '--error-file', '/tmp/tmp78m_nu2p']
[2022-08-05 17:17:10,124] {standard_task_runner.py:77} INFO - Job 114: Subtask bigquery_external_table_task_yellow
[2022-08-05 17:17:10,594] {logging_mixin.py:109} INFO - Running <TaskInstance: move_gcs_trip_data_to_bq_workflow2.bigquery_external_table_task_yellow scheduled__2022-08-04T00:00:00+00:00 [running]> on host a02ae1da6c7b
[2022-08-05 17:17:10,757] {taskinstance.py:1426} INFO - Exporting the following env vars:
AIRFLOW_CTX_DAG_OWNER=***
AIRFLOW_CTX_DAG_ID=move_gcs_trip_data_to_bq_workflow2
AIRFLOW_CTX_TASK_ID=bigquery_external_table_task_yellow
AIRFLOW_CTX_EXECUTION_DATE=2022-08-04T00:00:00+00:00
AIRFLOW_CTX_DAG_RUN_ID=scheduled__2022-08-04T00:00:00+00:00
[2022-08-05 17:17:10,762] {crypto.py:82} WARNING - empty cryptography key - values will not be stored encrypted.
[2022-08-05 17:17:11,615] {taskinstance.py:1277} INFO - Marking task as SUCCESS. dag_id=move_gcs_trip_data_to_bq_workflow2, task_id=bigquery_external_table_task_yellow, execution_date=20220804T000000, start_date=20220805T171710, end_date=20220805T171711
[2022-08-05 17:17:11,737] {local_task_job.py:154} INFO - Task exited with return code 0
[2022-08-05 17:17:11,873] {local_task_job.py:264} INFO - 1 downstream tasks scheduled from follow-on schedule check
