[2022-07-08 05:22:06,800] {taskinstance.py:1032} INFO - Dependencies all met for <TaskInstance: yellow_taxi_dag3.download_data_task scheduled__2020-09-02T06:00:00+00:00 [queued]>
[2022-07-08 05:22:06,863] {taskinstance.py:1032} INFO - Dependencies all met for <TaskInstance: yellow_taxi_dag3.download_data_task scheduled__2020-09-02T06:00:00+00:00 [queued]>
[2022-07-08 05:22:06,868] {taskinstance.py:1238} INFO - 
--------------------------------------------------------------------------------
[2022-07-08 05:22:06,874] {taskinstance.py:1239} INFO - Starting attempt 1 of 1
[2022-07-08 05:22:06,881] {taskinstance.py:1240} INFO - 
--------------------------------------------------------------------------------
[2022-07-08 05:22:07,021] {taskinstance.py:1259} INFO - Executing <Task(BashOperator): download_data_task> on 2020-09-02 06:00:00+00:00
[2022-07-08 05:22:07,251] {standard_task_runner.py:76} INFO - Running: ['***', 'tasks', 'run', 'yellow_taxi_dag3', 'download_data_task', 'scheduled__2020-09-02T06:00:00+00:00', '--job-id', '263', '--raw', '--subdir', 'DAGS_FOLDER/yellow_taxi_dag.py', '--cfg-path', '/tmp/tmpk97zuzd5', '--error-file', '/tmp/tmpdsmwly35']
[2022-07-08 05:22:07,269] {standard_task_runner.py:77} INFO - Job 263: Subtask download_data_task
[2022-07-08 05:22:07,080] {standard_task_runner.py:52} INFO - Started process 2175 to run task
[2022-07-08 05:22:08,108] {logging_mixin.py:109} INFO - Running <TaskInstance: yellow_taxi_dag3.download_data_task scheduled__2020-09-02T06:00:00+00:00 [running]> on host 2b856f2081be
[2022-07-08 05:22:08,688] {warnings.py:99} WARNING - /home/***/.local/lib/python3.6/site-packages/***/utils/context.py:152: AirflowContextDeprecationWarning: Accessing 'execution_date' from the template is deprecated and will be removed in a future version. Please use 'data_interval_start' or 'logical_date' instead.
  warnings.warn(_create_deprecation_warning(key, self._deprecation_replacements[key]))

[2022-07-08 05:22:08,855] {taskinstance.py:1426} INFO - Exporting the following env vars:
AIRFLOW_CTX_DAG_OWNER=***
AIRFLOW_CTX_DAG_ID=yellow_taxi_dag3
AIRFLOW_CTX_TASK_ID=download_data_task
AIRFLOW_CTX_EXECUTION_DATE=2020-09-02T06:00:00+00:00
AIRFLOW_CTX_DAG_RUN_ID=scheduled__2020-09-02T06:00:00+00:00
[2022-07-08 05:22:08,860] {subprocess.py:62} INFO - Tmp dir root location: 
 /tmp
[2022-07-08 05:22:08,870] {subprocess.py:74} INFO - Running command: ['bash', '-c', 'echo "2020_09" ']
[2022-07-08 05:22:08,908] {subprocess.py:85} INFO - Output:
[2022-07-08 05:22:08,930] {subprocess.py:89} INFO - 2020_09
[2022-07-08 05:22:08,933] {subprocess.py:93} INFO - Command exited with return code 0
[2022-07-08 05:22:09,023] {taskinstance.py:1277} INFO - Marking task as SUCCESS. dag_id=yellow_taxi_dag3, task_id=download_data_task, execution_date=20200902T060000, start_date=20220708T052206, end_date=20220708T052209
[2022-07-08 05:22:09,146] {local_task_job.py:154} INFO - Task exited with return code 0
[2022-07-08 05:22:09,289] {local_task_job.py:264} INFO - 0 downstream tasks scheduled from follow-on schedule check
[2022-07-08 05:22:09,349] {dagrun.py:545} INFO - Marking run <DagRun yellow_taxi_dag3 @ 2020-09-02 06:00:00+00:00: scheduled__2020-09-02T06:00:00+00:00, externally triggered: False> successful
[2022-07-08 05:22:09,356] {dagrun.py:605} INFO - DagRun Finished: dag_id=yellow_taxi_dag3, execution_date=2020-09-02 06:00:00+00:00, run_id=scheduled__2020-09-02T06:00:00+00:00, run_start_date=2022-07-08 05:22:01.785982+00:00, run_end_date=2022-07-08 05:22:09.354753+00:00, run_duration=7.568771, state=success, external_trigger=False, run_type=scheduled, data_interval_start=2020-09-02 06:00:00+00:00, data_interval_end=2020-10-02 06:00:00+00:00, dag_hash=7fd1e8df8730df07d5b823638cbdecee
