[2022-08-05 17:11:41,620] {taskinstance.py:1032} INFO - Dependencies all met for <TaskInstance: move_gcs_trip_data_to_bq_workflow2.insert_query_job_yellow scheduled__2022-08-04T00:00:00+00:00 [queued]>
[2022-08-05 17:11:41,657] {taskinstance.py:1032} INFO - Dependencies all met for <TaskInstance: move_gcs_trip_data_to_bq_workflow2.insert_query_job_yellow scheduled__2022-08-04T00:00:00+00:00 [queued]>
[2022-08-05 17:11:41,664] {taskinstance.py:1238} INFO - 
--------------------------------------------------------------------------------
[2022-08-05 17:11:41,666] {taskinstance.py:1239} INFO - Starting attempt 5 of 6
[2022-08-05 17:11:41,668] {taskinstance.py:1240} INFO - 
--------------------------------------------------------------------------------
[2022-08-05 17:11:41,700] {taskinstance.py:1259} INFO - Executing <Task(BigQueryInsertJobOperator): insert_query_job_yellow> on 2022-08-04 00:00:00+00:00
[2022-08-05 17:11:41,714] {standard_task_runner.py:52} INFO - Started process 6822 to run task
[2022-08-05 17:11:41,732] {standard_task_runner.py:76} INFO - Running: ['***', 'tasks', 'run', 'move_gcs_trip_data_to_bq_workflow2', 'insert_query_job_yellow', 'scheduled__2022-08-04T00:00:00+00:00', '--job-id', '105', '--raw', '--subdir', 'DAGS_FOLDER/gcs_to_bq.py', '--cfg-path', '/tmp/tmpcf5vm1ws', '--error-file', '/tmp/tmp8f6ek_a3']
[2022-08-05 17:11:41,735] {standard_task_runner.py:77} INFO - Job 105: Subtask insert_query_job_yellow
[2022-08-05 17:11:41,944] {logging_mixin.py:109} INFO - Running <TaskInstance: move_gcs_trip_data_to_bq_workflow2.insert_query_job_yellow scheduled__2022-08-04T00:00:00+00:00 [running]> on host a02ae1da6c7b
[2022-08-05 17:11:42,614] {taskinstance.py:1426} INFO - Exporting the following env vars:
AIRFLOW_CTX_DAG_OWNER=***
AIRFLOW_CTX_DAG_ID=move_gcs_trip_data_to_bq_workflow2
AIRFLOW_CTX_TASK_ID=insert_query_job_yellow
AIRFLOW_CTX_EXECUTION_DATE=2022-08-04T00:00:00+00:00
AIRFLOW_CTX_DAG_RUN_ID=scheduled__2022-08-04T00:00:00+00:00
[2022-08-05 17:11:42,658] {crypto.py:82} WARNING - empty cryptography key - values will not be stored encrypted.
[2022-08-05 17:11:42,690] {warnings.py:110} WARNING - /home/***/.local/lib/python3.7/site-packages/***/utils/context.py:152: AirflowContextDeprecationWarning: Accessing 'execution_date' from the template is deprecated and will be removed in a future version. Please use 'data_interval_start' or 'logical_date' instead.
  warnings.warn(_create_deprecation_warning(key, self._deprecation_replacements[key]))

[2022-08-05 17:11:42,755] {bigquery.py:1637} INFO - Inserting job ***_move_gcs_trip_data_to_bq_workflow2_insert_query_job_yellow_2022_08_04T00_00_00_00_00_643193861cdfebe62f72c7e7ca88f17f
[2022-08-05 17:12:08,185] {taskinstance.py:1277} INFO - Marking task as SUCCESS. dag_id=move_gcs_trip_data_to_bq_workflow2, task_id=insert_query_job_yellow, execution_date=20220804T000000, start_date=20220805T171141, end_date=20220805T171208
[2022-08-05 17:12:08,248] {local_task_job.py:154} INFO - Task exited with return code 0
[2022-08-05 17:12:08,296] {local_task_job.py:264} INFO - 0 downstream tasks scheduled from follow-on schedule check
