[2022-08-05 17:17:14,599] {taskinstance.py:1032} INFO - Dependencies all met for <TaskInstance: move_gcs_trip_data_to_bq_workflow2.insert_query_job_yellow scheduled__2022-08-04T00:00:00+00:00 [queued]>
[2022-08-05 17:17:14,713] {taskinstance.py:1032} INFO - Dependencies all met for <TaskInstance: move_gcs_trip_data_to_bq_workflow2.insert_query_job_yellow scheduled__2022-08-04T00:00:00+00:00 [queued]>
[2022-08-05 17:17:14,724] {taskinstance.py:1238} INFO - 
--------------------------------------------------------------------------------
[2022-08-05 17:17:14,726] {taskinstance.py:1239} INFO - Starting attempt 6 of 7
[2022-08-05 17:17:14,732] {taskinstance.py:1240} INFO - 
--------------------------------------------------------------------------------
[2022-08-05 17:17:14,778] {taskinstance.py:1259} INFO - Executing <Task(BigQueryInsertJobOperator): insert_query_job_yellow> on 2022-08-04 00:00:00+00:00
[2022-08-05 17:17:14,792] {standard_task_runner.py:52} INFO - Started process 7093 to run task
[2022-08-05 17:17:14,829] {standard_task_runner.py:76} INFO - Running: ['***', 'tasks', 'run', 'move_gcs_trip_data_to_bq_workflow2', 'insert_query_job_yellow', 'scheduled__2022-08-04T00:00:00+00:00', '--job-id', '117', '--raw', '--subdir', 'DAGS_FOLDER/gcs_to_bq.py', '--cfg-path', '/tmp/tmpgfzcovnj', '--error-file', '/tmp/tmpvqv6xqou']
[2022-08-05 17:17:14,832] {standard_task_runner.py:77} INFO - Job 117: Subtask insert_query_job_yellow
[2022-08-05 17:17:15,240] {logging_mixin.py:109} INFO - Running <TaskInstance: move_gcs_trip_data_to_bq_workflow2.insert_query_job_yellow scheduled__2022-08-04T00:00:00+00:00 [running]> on host a02ae1da6c7b
[2022-08-05 17:17:15,537] {taskinstance.py:1426} INFO - Exporting the following env vars:
AIRFLOW_CTX_DAG_OWNER=***
AIRFLOW_CTX_DAG_ID=move_gcs_trip_data_to_bq_workflow2
AIRFLOW_CTX_TASK_ID=insert_query_job_yellow
AIRFLOW_CTX_EXECUTION_DATE=2022-08-04T00:00:00+00:00
AIRFLOW_CTX_DAG_RUN_ID=scheduled__2022-08-04T00:00:00+00:00
[2022-08-05 17:17:15,542] {crypto.py:82} WARNING - empty cryptography key - values will not be stored encrypted.
[2022-08-05 17:17:15,545] {warnings.py:110} WARNING - /home/***/.local/lib/python3.7/site-packages/***/utils/context.py:152: AirflowContextDeprecationWarning: Accessing 'execution_date' from the template is deprecated and will be removed in a future version. Please use 'data_interval_start' or 'logical_date' instead.
  warnings.warn(_create_deprecation_warning(key, self._deprecation_replacements[key]))

[2022-08-05 17:17:15,566] {bigquery.py:1637} INFO - Inserting job ***_move_gcs_trip_data_to_bq_workflow2_insert_query_job_yellow_2022_08_04T00_00_00_00_00_553734e3b446b0e4c6540f111fc129c7
[2022-08-05 17:17:37,742] {taskinstance.py:1277} INFO - Marking task as SUCCESS. dag_id=move_gcs_trip_data_to_bq_workflow2, task_id=insert_query_job_yellow, execution_date=20220804T000000, start_date=20220805T171714, end_date=20220805T171737
[2022-08-05 17:17:37,793] {local_task_job.py:154} INFO - Task exited with return code 0
[2022-08-05 17:17:37,828] {local_task_job.py:264} INFO - 0 downstream tasks scheduled from follow-on schedule check
