[2022-07-05 13:29:57,179] {taskinstance.py:1032} INFO - Dependencies all met for <TaskInstance: data_ingestion_gcs_dag.download_dataset_task scheduled__2022-07-03T00:00:00+00:00 [queued]>
[2022-07-05 13:29:57,418] {taskinstance.py:1032} INFO - Dependencies all met for <TaskInstance: data_ingestion_gcs_dag.download_dataset_task scheduled__2022-07-03T00:00:00+00:00 [queued]>
[2022-07-05 13:29:57,424] {taskinstance.py:1238} INFO - 
--------------------------------------------------------------------------------
[2022-07-05 13:29:57,426] {taskinstance.py:1239} INFO - Starting attempt 2 of 2
[2022-07-05 13:29:57,438] {taskinstance.py:1240} INFO - 
--------------------------------------------------------------------------------
[2022-07-05 13:29:57,734] {taskinstance.py:1259} INFO - Executing <Task(BashOperator): download_dataset_task> on 2022-07-03 00:00:00+00:00
[2022-07-05 13:29:57,923] {standard_task_runner.py:76} INFO - Running: ['***', 'tasks', 'run', 'data_ingestion_gcs_dag', 'download_dataset_task', 'scheduled__2022-07-03T00:00:00+00:00', '--job-id', '34', '--raw', '--subdir', 'DAGS_FOLDER/data_ingestion_gcs_dag.py', '--cfg-path', '/tmp/tmpu6jtmlco', '--error-file', '/tmp/tmp106x_142']
[2022-07-05 13:29:57,844] {standard_task_runner.py:52} INFO - Started process 3436 to run task
[2022-07-05 13:29:58,042] {standard_task_runner.py:77} INFO - Job 34: Subtask download_dataset_task
[2022-07-05 13:29:59,427] {logging_mixin.py:109} INFO - Running <TaskInstance: data_ingestion_gcs_dag.download_dataset_task scheduled__2022-07-03T00:00:00+00:00 [running]> on host 04e296ede4ca
[2022-07-05 13:30:00,446] {taskinstance.py:1426} INFO - Exporting the following env vars:
AIRFLOW_CTX_DAG_OWNER=***
AIRFLOW_CTX_DAG_ID=data_ingestion_gcs_dag
AIRFLOW_CTX_TASK_ID=download_dataset_task
AIRFLOW_CTX_EXECUTION_DATE=2022-07-03T00:00:00+00:00
AIRFLOW_CTX_DAG_RUN_ID=scheduled__2022-07-03T00:00:00+00:00
[2022-07-05 13:30:00,567] {subprocess.py:62} INFO - Tmp dir root location: 
 /tmp
[2022-07-05 13:30:00,619] {subprocess.py:74} INFO - Running command: ['bash', '-c', 'curl -sSL https://nyc-tlc.s3.amazonaws.com/csv_backup/yellow_tripdata_2021-01.csv > /opt/***/yellow_tripdata_2021-01.csv']
[2022-07-05 13:30:00,983] {subprocess.py:85} INFO - Output:
[2022-07-05 13:31:08,964] {subprocess.py:93} INFO - Command exited with return code 0
[2022-07-05 13:31:11,108] {taskinstance.py:1277} INFO - Marking task as SUCCESS. dag_id=data_ingestion_gcs_dag, task_id=download_dataset_task, execution_date=20220703T000000, start_date=20220705T132957, end_date=20220705T133111
[2022-07-05 13:31:11,475] {local_task_job.py:154} INFO - Task exited with return code 0
[2022-07-05 13:31:11,990] {local_task_job.py:264} INFO - 1 downstream tasks scheduled from follow-on schedule check
