[2022-07-08 05:40:01,186] {taskinstance.py:1032} INFO - Dependencies all met for <TaskInstance: yt_dag7.download_data_task scheduled__2019-06-02T06:00:00+00:00 [queued]>
[2022-07-08 05:40:01,278] {taskinstance.py:1032} INFO - Dependencies all met for <TaskInstance: yt_dag7.download_data_task scheduled__2019-06-02T06:00:00+00:00 [queued]>
[2022-07-08 05:40:01,282] {taskinstance.py:1238} INFO - 
--------------------------------------------------------------------------------
[2022-07-08 05:40:01,290] {taskinstance.py:1239} INFO - Starting attempt 1 of 1
[2022-07-08 05:40:01,292] {taskinstance.py:1240} INFO - 
--------------------------------------------------------------------------------
[2022-07-08 05:40:01,429] {taskinstance.py:1259} INFO - Executing <Task(BashOperator): download_data_task> on 2019-06-02 06:00:00+00:00
[2022-07-08 05:40:01,464] {standard_task_runner.py:52} INFO - Started process 137 to run task
[2022-07-08 05:40:01,500] {standard_task_runner.py:76} INFO - Running: ['***', 'tasks', 'run', 'yt_dag7', 'download_data_task', 'scheduled__2019-06-02T06:00:00+00:00', '--job-id', '318', '--raw', '--subdir', 'DAGS_FOLDER/yellow_taxi_dag.py', '--cfg-path', '/tmp/tmpxepiejlq', '--error-file', '/tmp/tmpnlbedg30']
[2022-07-08 05:40:01,553] {standard_task_runner.py:77} INFO - Job 318: Subtask download_data_task
[2022-07-08 05:40:02,167] {logging_mixin.py:109} INFO - Running <TaskInstance: yt_dag7.download_data_task scheduled__2019-06-02T06:00:00+00:00 [running]> on host 2b856f2081be
[2022-07-08 05:40:02,491] {warnings.py:99} WARNING - /home/***/.local/lib/python3.6/site-packages/***/utils/context.py:152: AirflowContextDeprecationWarning: Accessing 'execution_date' from the template is deprecated and will be removed in a future version. Please use 'data_interval_start' or 'logical_date' instead.
  warnings.warn(_create_deprecation_warning(key, self._deprecation_replacements[key]))

[2022-07-08 05:40:02,619] {taskinstance.py:1426} INFO - Exporting the following env vars:
AIRFLOW_CTX_DAG_OWNER=***
AIRFLOW_CTX_DAG_ID=yt_dag7
AIRFLOW_CTX_TASK_ID=download_data_task
AIRFLOW_CTX_EXECUTION_DATE=2019-06-02T06:00:00+00:00
AIRFLOW_CTX_DAG_RUN_ID=scheduled__2019-06-02T06:00:00+00:00
[2022-07-08 05:40:02,636] {subprocess.py:62} INFO - Tmp dir root location: 
 /tmp
[2022-07-08 05:40:02,645] {subprocess.py:74} INFO - Running command: ['bash', '-c', 'curl -sSL https://d37ci6vzurychx.cloudfront.net/trip-data/yellow_tripdata_2019-06.parquet > /opt/***/yellow_tripdata_2019-06.parquet']
[2022-07-08 05:40:02,682] {subprocess.py:85} INFO - Output:
[2022-07-08 05:51:18,351] {subprocess.py:93} INFO - Command exited with return code 0
[2022-07-08 05:51:21,957] {taskinstance.py:1277} INFO - Marking task as SUCCESS. dag_id=yt_dag7, task_id=download_data_task, execution_date=20190602T060000, start_date=20220708T054001, end_date=20220708T055121
[2022-07-08 05:51:26,860] {local_task_job.py:154} INFO - Task exited with return code 0
[2022-07-08 05:51:38,852] {local_task_job.py:264} INFO - 0 downstream tasks scheduled from follow-on schedule check
