[2022-07-08 14:57:46,589] {taskinstance.py:1032} INFO - Dependencies all met for <TaskInstance: fhv_dag.download_data_task scheduled__2019-01-02T06:00:00+00:00 [queued]>
[2022-07-08 14:57:46,618] {taskinstance.py:1032} INFO - Dependencies all met for <TaskInstance: fhv_dag.download_data_task scheduled__2019-01-02T06:00:00+00:00 [queued]>
[2022-07-08 14:57:46,620] {taskinstance.py:1238} INFO - 
--------------------------------------------------------------------------------
[2022-07-08 14:57:46,622] {taskinstance.py:1239} INFO - Starting attempt 1 of 1
[2022-07-08 14:57:46,624] {taskinstance.py:1240} INFO - 
--------------------------------------------------------------------------------
[2022-07-08 14:57:46,650] {taskinstance.py:1259} INFO - Executing <Task(BashOperator): download_data_task> on 2019-01-02 06:00:00+00:00
[2022-07-08 14:57:46,661] {standard_task_runner.py:52} INFO - Started process 880 to run task
[2022-07-08 14:57:46,681] {standard_task_runner.py:76} INFO - Running: ['***', 'tasks', 'run', 'fhv_dag', 'download_data_task', 'scheduled__2019-01-02T06:00:00+00:00', '--job-id', '370', '--raw', '--subdir', 'DAGS_FOLDER/fhv_dag.py', '--cfg-path', '/tmp/tmpvqmf7v21', '--error-file', '/tmp/tmpzbwy_3fj']
[2022-07-08 14:57:46,687] {standard_task_runner.py:77} INFO - Job 370: Subtask download_data_task
[2022-07-08 14:57:46,804] {logging_mixin.py:109} INFO - Running <TaskInstance: fhv_dag.download_data_task scheduled__2019-01-02T06:00:00+00:00 [running]> on host 2b856f2081be
[2022-07-08 14:57:46,908] {warnings.py:99} WARNING - /home/***/.local/lib/python3.6/site-packages/***/utils/context.py:152: AirflowContextDeprecationWarning: Accessing 'execution_date' from the template is deprecated and will be removed in a future version. Please use 'data_interval_start' or 'logical_date' instead.
  warnings.warn(_create_deprecation_warning(key, self._deprecation_replacements[key]))

[2022-07-08 14:57:46,958] {taskinstance.py:1426} INFO - Exporting the following env vars:
AIRFLOW_CTX_DAG_OWNER=***
AIRFLOW_CTX_DAG_ID=fhv_dag
AIRFLOW_CTX_TASK_ID=download_data_task
AIRFLOW_CTX_EXECUTION_DATE=2019-01-02T06:00:00+00:00
AIRFLOW_CTX_DAG_RUN_ID=scheduled__2019-01-02T06:00:00+00:00
[2022-07-08 14:57:46,960] {subprocess.py:62} INFO - Tmp dir root location: 
 /tmp
[2022-07-08 14:57:46,963] {subprocess.py:74} INFO - Running command: ['bash', '-c', 'curl -sSL https://d37ci6vzurychx.cloudfront.net/trip-data/fhv_tripdata_2019-01.parquet > /opt/***/fhv_tripdata_2019-01.parquet']
[2022-07-08 14:57:46,992] {subprocess.py:85} INFO - Output:
[2022-07-08 14:57:47,453] {subprocess.py:93} INFO - Command exited with return code 0
[2022-07-08 14:57:47,541] {taskinstance.py:1277} INFO - Marking task as SUCCESS. dag_id=fhv_dag, task_id=download_data_task, execution_date=20190102T060000, start_date=20220708T145746, end_date=20220708T145747
[2022-07-08 14:57:47,644] {local_task_job.py:154} INFO - Task exited with return code 0
[2022-07-08 14:57:47,757] {local_task_job.py:264} INFO - 1 downstream tasks scheduled from follow-on schedule check
[2022-08-04 21:02:46,522] {taskinstance.py:1032} INFO - Dependencies all met for <TaskInstance: fhv_dag.download_data_task scheduled__2019-01-02T06:00:00+00:00 [queued]>
[2022-08-04 21:02:46,571] {taskinstance.py:1032} INFO - Dependencies all met for <TaskInstance: fhv_dag.download_data_task scheduled__2019-01-02T06:00:00+00:00 [queued]>
[2022-08-04 21:02:46,573] {taskinstance.py:1238} INFO - 
--------------------------------------------------------------------------------
[2022-08-04 21:02:46,576] {taskinstance.py:1239} INFO - Starting attempt 1 of 1
[2022-08-04 21:02:46,578] {taskinstance.py:1240} INFO - 
--------------------------------------------------------------------------------
[2022-08-04 21:02:46,625] {taskinstance.py:1259} INFO - Executing <Task(BashOperator): download_data_task> on 2019-01-02 06:00:00+00:00
[2022-08-04 21:02:46,656] {standard_task_runner.py:52} INFO - Started process 82 to run task
[2022-08-04 21:02:46,705] {standard_task_runner.py:76} INFO - Running: ['***', 'tasks', 'run', 'fhv_dag', 'download_data_task', 'scheduled__2019-01-02T06:00:00+00:00', '--job-id', '9', '--raw', '--subdir', 'DAGS_FOLDER/fhv_dag.py', '--cfg-path', '/tmp/tmpmxduo4nk', '--error-file', '/tmp/tmpyohlx76z']
[2022-08-04 21:02:46,711] {standard_task_runner.py:77} INFO - Job 9: Subtask download_data_task
[2022-08-04 21:02:47,445] {logging_mixin.py:109} INFO - Running <TaskInstance: fhv_dag.download_data_task scheduled__2019-01-02T06:00:00+00:00 [running]> on host b20bc6ac5db7
[2022-08-04 21:02:48,360] {warnings.py:110} WARNING - /home/***/.local/lib/python3.7/site-packages/***/utils/context.py:152: AirflowContextDeprecationWarning: Accessing 'execution_date' from the template is deprecated and will be removed in a future version. Please use 'data_interval_start' or 'logical_date' instead.
  warnings.warn(_create_deprecation_warning(key, self._deprecation_replacements[key]))

[2022-08-04 21:02:48,682] {taskinstance.py:1426} INFO - Exporting the following env vars:
AIRFLOW_CTX_DAG_OWNER=***
AIRFLOW_CTX_DAG_ID=fhv_dag
AIRFLOW_CTX_TASK_ID=download_data_task
AIRFLOW_CTX_EXECUTION_DATE=2019-01-02T06:00:00+00:00
AIRFLOW_CTX_DAG_RUN_ID=scheduled__2019-01-02T06:00:00+00:00
[2022-08-04 21:02:48,686] {subprocess.py:62} INFO - Tmp dir root location: 
 /tmp
[2022-08-04 21:02:48,693] {subprocess.py:74} INFO - Running command: ['bash', '-c', 'curl -sSL https://d37ci6vzurychx.cloudfront.net/trip-data/fhv_tripdata_2019-01.parquet > /opt/***/fhv_tripdata_2019-01.parquet']
[2022-08-04 21:02:48,748] {subprocess.py:85} INFO - Output:
[2022-08-04 21:07:00,116] {subprocess.py:93} INFO - Command exited with return code 0
[2022-08-04 21:07:00,156] {taskinstance.py:1277} INFO - Marking task as SUCCESS. dag_id=fhv_dag, task_id=download_data_task, execution_date=20190102T060000, start_date=20220804T210246, end_date=20220804T210700
[2022-08-04 21:07:00,189] {local_task_job.py:154} INFO - Task exited with return code 0
[2022-08-04 21:07:00,231] {local_task_job.py:264} INFO - 1 downstream tasks scheduled from follow-on schedule check
