[2022-07-03 05:56:01,337] {taskinstance.py:1032} INFO - Dependencies all met for <TaskInstance: data_ingestion_gcs_dag.format_to_parquet_task manual__2022-07-03T05:55:57.081420+00:00 [queued]>
[2022-07-03 05:56:01,358] {taskinstance.py:1032} INFO - Dependencies all met for <TaskInstance: data_ingestion_gcs_dag.format_to_parquet_task manual__2022-07-03T05:55:57.081420+00:00 [queued]>
[2022-07-03 05:56:01,359] {taskinstance.py:1238} INFO - 
--------------------------------------------------------------------------------
[2022-07-03 05:56:01,360] {taskinstance.py:1239} INFO - Starting attempt 1 of 2
[2022-07-03 05:56:01,361] {taskinstance.py:1240} INFO - 
--------------------------------------------------------------------------------
[2022-07-03 05:56:01,378] {taskinstance.py:1259} INFO - Executing <Task(PythonOperator): format_to_parquet_task> on 2022-07-03 05:55:57.081420+00:00
[2022-07-03 05:56:01,387] {standard_task_runner.py:52} INFO - Started process 126 to run task
[2022-07-03 05:56:01,392] {standard_task_runner.py:76} INFO - Running: ['***', 'tasks', 'run', 'data_ingestion_gcs_dag', 'format_to_parquet_task', 'manual__2022-07-03T05:55:57.081420+00:00', '--job-id', '21', '--raw', '--subdir', 'DAGS_FOLDER/data_ingestion_gcs_dag.py', '--cfg-path', '/tmp/tmpddr0qchi', '--error-file', '/tmp/tmpkvycy79p']
[2022-07-03 05:56:01,411] {standard_task_runner.py:77} INFO - Job 21: Subtask format_to_parquet_task
[2022-07-03 05:56:01,513] {logging_mixin.py:109} INFO - Running <TaskInstance: data_ingestion_gcs_dag.format_to_parquet_task manual__2022-07-03T05:55:57.081420+00:00 [running]> on host 4f9aea8f6e54
[2022-07-03 05:56:01,586] {taskinstance.py:1426} INFO - Exporting the following env vars:
AIRFLOW_CTX_DAG_OWNER=***
AIRFLOW_CTX_DAG_ID=data_ingestion_gcs_dag
AIRFLOW_CTX_TASK_ID=format_to_parquet_task
AIRFLOW_CTX_EXECUTION_DATE=2022-07-03T05:55:57.081420+00:00
AIRFLOW_CTX_DAG_RUN_ID=manual__2022-07-03T05:55:57.081420+00:00
[2022-07-03 05:56:01,631] {python.py:175} INFO - Done. Returned value was: None
[2022-07-03 05:56:01,654] {taskinstance.py:1277} INFO - Marking task as SUCCESS. dag_id=data_ingestion_gcs_dag, task_id=format_to_parquet_task, execution_date=20220703T055557, start_date=20220703T055601, end_date=20220703T055601
[2022-07-03 05:56:01,697] {local_task_job.py:154} INFO - Task exited with return code 0
[2022-07-03 05:56:01,757] {local_task_job.py:264} INFO - 1 downstream tasks scheduled from follow-on schedule check
