[2022-08-05 17:22:52,236] {taskinstance.py:1032} INFO - Dependencies all met for <TaskInstance: move_gcs_trip_data_to_bq_workflow2.insert_query_job_fhv manual__2022-08-05T16:34:36.878533+00:00 [queued]>
[2022-08-05 17:22:52,282] {taskinstance.py:1032} INFO - Dependencies all met for <TaskInstance: move_gcs_trip_data_to_bq_workflow2.insert_query_job_fhv manual__2022-08-05T16:34:36.878533+00:00 [queued]>
[2022-08-05 17:22:52,284] {taskinstance.py:1238} INFO - 
--------------------------------------------------------------------------------
[2022-08-05 17:22:52,285] {taskinstance.py:1239} INFO - Starting attempt 1 of 2
[2022-08-05 17:22:52,286] {taskinstance.py:1240} INFO - 
--------------------------------------------------------------------------------
[2022-08-05 17:22:52,316] {taskinstance.py:1259} INFO - Executing <Task(BigQueryInsertJobOperator): insert_query_job_fhv> on 2022-08-05 16:34:36.878533+00:00
[2022-08-05 17:22:52,330] {standard_task_runner.py:52} INFO - Started process 7402 to run task
[2022-08-05 17:22:52,348] {standard_task_runner.py:76} INFO - Running: ['***', 'tasks', 'run', 'move_gcs_trip_data_to_bq_workflow2', 'insert_query_job_fhv', 'manual__2022-08-05T16:34:36.878533+00:00', '--job-id', '139', '--raw', '--subdir', 'DAGS_FOLDER/gcs_to_bq.py', '--cfg-path', '/tmp/tmpyprktxk3', '--error-file', '/tmp/tmpofarvvoq']
[2022-08-05 17:22:52,350] {standard_task_runner.py:77} INFO - Job 139: Subtask insert_query_job_fhv
[2022-08-05 17:22:52,525] {logging_mixin.py:109} INFO - Running <TaskInstance: move_gcs_trip_data_to_bq_workflow2.insert_query_job_fhv manual__2022-08-05T16:34:36.878533+00:00 [running]> on host a02ae1da6c7b
[2022-08-05 17:22:52,694] {taskinstance.py:1426} INFO - Exporting the following env vars:
AIRFLOW_CTX_DAG_OWNER=***
AIRFLOW_CTX_DAG_ID=move_gcs_trip_data_to_bq_workflow2
AIRFLOW_CTX_TASK_ID=insert_query_job_fhv
AIRFLOW_CTX_EXECUTION_DATE=2022-08-05T16:34:36.878533+00:00
AIRFLOW_CTX_DAG_RUN_ID=manual__2022-08-05T16:34:36.878533+00:00
[2022-08-05 17:22:52,704] {crypto.py:82} WARNING - empty cryptography key - values will not be stored encrypted.
[2022-08-05 17:22:52,710] {warnings.py:110} WARNING - /home/***/.local/lib/python3.7/site-packages/***/utils/context.py:152: AirflowContextDeprecationWarning: Accessing 'execution_date' from the template is deprecated and will be removed in a future version. Please use 'data_interval_start' or 'logical_date' instead.
  warnings.warn(_create_deprecation_warning(key, self._deprecation_replacements[key]))

[2022-08-05 17:22:52,738] {bigquery.py:1637} INFO - Inserting job ***_move_gcs_trip_data_to_bq_workflow2_insert_query_job_fhv_2022_08_05T16_34_36_878533_00_00_46371977a948084e787a8e94bbc8c706
[2022-08-05 17:23:11,783] {taskinstance.py:1277} INFO - Marking task as SUCCESS. dag_id=move_gcs_trip_data_to_bq_workflow2, task_id=insert_query_job_fhv, execution_date=20220805T163436, start_date=20220805T172252, end_date=20220805T172311
[2022-08-05 17:23:11,813] {local_task_job.py:154} INFO - Task exited with return code 0
[2022-08-05 17:23:11,847] {local_task_job.py:264} INFO - 0 downstream tasks scheduled from follow-on schedule check
