[2022-07-03 06:19:00,386] {taskinstance.py:1032} INFO - Dependencies all met for <TaskInstance: data_ingestion_gcs_dag.download_dataset_task manual__2022-07-03T06:18:57.505942+00:00 [queued]>
[2022-07-03 06:19:00,402] {taskinstance.py:1032} INFO - Dependencies all met for <TaskInstance: data_ingestion_gcs_dag.download_dataset_task manual__2022-07-03T06:18:57.505942+00:00 [queued]>
[2022-07-03 06:19:00,404] {taskinstance.py:1238} INFO - 
--------------------------------------------------------------------------------
[2022-07-03 06:19:00,405] {taskinstance.py:1239} INFO - Starting attempt 1 of 2
[2022-07-03 06:19:00,406] {taskinstance.py:1240} INFO - 
--------------------------------------------------------------------------------
[2022-07-03 06:19:00,431] {taskinstance.py:1259} INFO - Executing <Task(BashOperator): download_dataset_task> on 2022-07-03 06:18:57.505942+00:00
[2022-07-03 06:19:00,451] {standard_task_runner.py:52} INFO - Started process 796 to run task
[2022-07-03 06:19:00,456] {standard_task_runner.py:76} INFO - Running: ['***', 'tasks', 'run', 'data_ingestion_gcs_dag', 'download_dataset_task', 'manual__2022-07-03T06:18:57.505942+00:00', '--job-id', '26', '--raw', '--subdir', 'DAGS_FOLDER/data_ingestion_gcs_dag.py', '--cfg-path', '/tmp/tmpzudnh113', '--error-file', '/tmp/tmptem1cquq']
[2022-07-03 06:19:00,467] {standard_task_runner.py:77} INFO - Job 26: Subtask download_dataset_task
[2022-07-03 06:19:00,599] {logging_mixin.py:109} INFO - Running <TaskInstance: data_ingestion_gcs_dag.download_dataset_task manual__2022-07-03T06:18:57.505942+00:00 [running]> on host 04e296ede4ca
[2022-07-03 06:19:00,733] {taskinstance.py:1426} INFO - Exporting the following env vars:
AIRFLOW_CTX_DAG_OWNER=***
AIRFLOW_CTX_DAG_ID=data_ingestion_gcs_dag
AIRFLOW_CTX_TASK_ID=download_dataset_task
AIRFLOW_CTX_EXECUTION_DATE=2022-07-03T06:18:57.505942+00:00
AIRFLOW_CTX_DAG_RUN_ID=manual__2022-07-03T06:18:57.505942+00:00
[2022-07-03 06:19:00,739] {subprocess.py:62} INFO - Tmp dir root location: 
 /tmp
[2022-07-03 06:19:00,742] {subprocess.py:74} INFO - Running command: ['bash', '-c', 'curl -sSL https://nyc-tlc.s3.amazonaws.com/csv_backup/yellow_tripdata_2021-01.csv > /opt/***/yellow_tripdata_2021-01.csv']
[2022-07-03 06:19:00,784] {subprocess.py:85} INFO - Output:
[2022-07-03 06:19:59,267] {subprocess.py:93} INFO - Command exited with return code 0
[2022-07-03 06:19:59,331] {taskinstance.py:1277} INFO - Marking task as SUCCESS. dag_id=data_ingestion_gcs_dag, task_id=download_dataset_task, execution_date=20220703T061857, start_date=20220703T061900, end_date=20220703T061959
[2022-07-03 06:19:59,418] {local_task_job.py:154} INFO - Task exited with return code 0
[2022-07-03 06:19:59,568] {local_task_job.py:264} INFO - 0 downstream tasks scheduled from follow-on schedule check
