[2022-07-08 04:42:27,941] {taskinstance.py:1032} INFO - Dependencies all met for <TaskInstance: data_ingestion_gcs_full_yt2.download_dataset_task manual__2022-07-08T04:42:21.961796+00:00 [queued]>
[2022-07-08 04:42:27,967] {taskinstance.py:1032} INFO - Dependencies all met for <TaskInstance: data_ingestion_gcs_full_yt2.download_dataset_task manual__2022-07-08T04:42:21.961796+00:00 [queued]>
[2022-07-08 04:42:27,969] {taskinstance.py:1238} INFO - 
--------------------------------------------------------------------------------
[2022-07-08 04:42:27,971] {taskinstance.py:1239} INFO - Starting attempt 1 of 1
[2022-07-08 04:42:27,973] {taskinstance.py:1240} INFO - 
--------------------------------------------------------------------------------
[2022-07-08 04:42:27,995] {taskinstance.py:1259} INFO - Executing <Task(BashOperator): download_dataset_task> on 2022-07-08 04:42:21.961796+00:00
[2022-07-08 04:42:28,005] {standard_task_runner.py:52} INFO - Started process 364 to run task
[2022-07-08 04:42:28,013] {standard_task_runner.py:76} INFO - Running: ['***', 'tasks', 'run', 'data_ingestion_gcs_full_yt2', 'download_dataset_task', 'manual__2022-07-08T04:42:21.961796+00:00', '--job-id', '189', '--raw', '--subdir', 'DAGS_FOLDER/data_ingestion_gcs_full_yt.py', '--cfg-path', '/tmp/tmpy0tgy3h_', '--error-file', '/tmp/tmpm49_7_rw']
[2022-07-08 04:42:28,023] {standard_task_runner.py:77} INFO - Job 189: Subtask download_dataset_task
[2022-07-08 04:42:28,154] {logging_mixin.py:109} INFO - Running <TaskInstance: data_ingestion_gcs_full_yt2.download_dataset_task manual__2022-07-08T04:42:21.961796+00:00 [running]> on host 2b856f2081be
[2022-07-08 04:42:28,237] {warnings.py:99} WARNING - /home/***/.local/lib/python3.6/site-packages/***/utils/context.py:152: AirflowContextDeprecationWarning: Accessing 'execution_date' from the template is deprecated and will be removed in a future version. Please use 'data_interval_start' or 'logical_date' instead.
  warnings.warn(_create_deprecation_warning(key, self._deprecation_replacements[key]))

[2022-07-08 04:42:28,283] {taskinstance.py:1426} INFO - Exporting the following env vars:
AIRFLOW_CTX_DAG_OWNER=***
AIRFLOW_CTX_DAG_ID=data_ingestion_gcs_full_yt2
AIRFLOW_CTX_TASK_ID=download_dataset_task
AIRFLOW_CTX_EXECUTION_DATE=2022-07-08T04:42:21.961796+00:00
AIRFLOW_CTX_DAG_RUN_ID=manual__2022-07-08T04:42:21.961796+00:00
[2022-07-08 04:42:28,288] {subprocess.py:62} INFO - Tmp dir root location: 
 /tmp
[2022-07-08 04:42:28,293] {subprocess.py:74} INFO - Running command: ['bash', '-c', 'echo "2022-07-08"']
[2022-07-08 04:42:28,317] {subprocess.py:85} INFO - Output:
[2022-07-08 04:42:28,321] {subprocess.py:89} INFO - 2022-07-08
[2022-07-08 04:42:28,325] {subprocess.py:93} INFO - Command exited with return code 0
[2022-07-08 04:42:28,392] {taskinstance.py:1277} INFO - Marking task as SUCCESS. dag_id=data_ingestion_gcs_full_yt2, task_id=download_dataset_task, execution_date=20220708T044221, start_date=20220708T044227, end_date=20220708T044228
[2022-07-08 04:42:28,445] {local_task_job.py:154} INFO - Task exited with return code 0
[2022-07-08 04:42:28,501] {local_task_job.py:264} INFO - 0 downstream tasks scheduled from follow-on schedule check
