[2022-07-08 04:48:37,482] {taskinstance.py:1032} INFO - Dependencies all met for <TaskInstance: data_ingestion_gcs_full_yt2.download_dataset_task manual__2022-07-08T04:42:21.961796+00:00 [queued]>
[2022-07-08 04:48:37,510] {taskinstance.py:1032} INFO - Dependencies all met for <TaskInstance: data_ingestion_gcs_full_yt2.download_dataset_task manual__2022-07-08T04:42:21.961796+00:00 [queued]>
[2022-07-08 04:48:37,512] {taskinstance.py:1238} INFO - 
--------------------------------------------------------------------------------
[2022-07-08 04:48:37,514] {taskinstance.py:1239} INFO - Starting attempt 5 of 5
[2022-07-08 04:48:37,516] {taskinstance.py:1240} INFO - 
--------------------------------------------------------------------------------
[2022-07-08 04:48:37,545] {taskinstance.py:1259} INFO - Executing <Task(BashOperator): download_dataset_task> on 2022-07-08 04:42:21.961796+00:00
[2022-07-08 04:48:37,556] {standard_task_runner.py:52} INFO - Started process 630 to run task
[2022-07-08 04:48:37,564] {standard_task_runner.py:76} INFO - Running: ['***', 'tasks', 'run', 'data_ingestion_gcs_full_yt2', 'download_dataset_task', 'manual__2022-07-08T04:42:21.961796+00:00', '--job-id', '197', '--raw', '--subdir', 'DAGS_FOLDER/data_ingestion_gcs_full_yt.py', '--cfg-path', '/tmp/tmpoxlci80t', '--error-file', '/tmp/tmpf2op6n1x']
[2022-07-08 04:48:37,574] {standard_task_runner.py:77} INFO - Job 197: Subtask download_dataset_task
[2022-07-08 04:48:37,727] {logging_mixin.py:109} INFO - Running <TaskInstance: data_ingestion_gcs_full_yt2.download_dataset_task manual__2022-07-08T04:42:21.961796+00:00 [running]> on host 2b856f2081be
[2022-07-08 04:48:37,800] {warnings.py:99} WARNING - /home/***/.local/lib/python3.6/site-packages/***/utils/context.py:152: AirflowContextDeprecationWarning: Accessing 'execution_date' from the template is deprecated and will be removed in a future version. Please use 'data_interval_start' or 'logical_date' instead.
  warnings.warn(_create_deprecation_warning(key, self._deprecation_replacements[key]))

[2022-07-08 04:48:37,842] {taskinstance.py:1426} INFO - Exporting the following env vars:
AIRFLOW_CTX_DAG_OWNER=***
AIRFLOW_CTX_DAG_ID=data_ingestion_gcs_full_yt2
AIRFLOW_CTX_TASK_ID=download_dataset_task
AIRFLOW_CTX_EXECUTION_DATE=2022-07-08T04:42:21.961796+00:00
AIRFLOW_CTX_DAG_RUN_ID=manual__2022-07-08T04:42:21.961796+00:00
[2022-07-08 04:48:37,849] {subprocess.py:62} INFO - Tmp dir root location: 
 /tmp
[2022-07-08 04:48:37,852] {subprocess.py:74} INFO - Running command: ['bash', '-c', 'echo "2022-07-08"']
[2022-07-08 04:48:37,873] {subprocess.py:85} INFO - Output:
[2022-07-08 04:48:37,877] {subprocess.py:89} INFO - 2022-07-08
[2022-07-08 04:48:37,879] {subprocess.py:93} INFO - Command exited with return code 0
[2022-07-08 04:48:37,954] {taskinstance.py:1277} INFO - Marking task as SUCCESS. dag_id=data_ingestion_gcs_full_yt2, task_id=download_dataset_task, execution_date=20220708T044221, start_date=20220708T044837, end_date=20220708T044837
[2022-07-08 04:48:38,033] {local_task_job.py:154} INFO - Task exited with return code 0
[2022-07-08 04:48:38,108] {local_task_job.py:264} INFO - 0 downstream tasks scheduled from follow-on schedule check
