[2022-07-08 04:50:25,436] {taskinstance.py:1032} INFO - Dependencies all met for <TaskInstance: data_ingestion_gcs_full_yt2.download_dataset_task manual__2022-07-08T04:42:21.961796+00:00 [queued]>
[2022-07-08 04:50:25,510] {taskinstance.py:1032} INFO - Dependencies all met for <TaskInstance: data_ingestion_gcs_full_yt2.download_dataset_task manual__2022-07-08T04:42:21.961796+00:00 [queued]>
[2022-07-08 04:50:25,512] {taskinstance.py:1238} INFO - 
--------------------------------------------------------------------------------
[2022-07-08 04:50:25,514] {taskinstance.py:1239} INFO - Starting attempt 7 of 7
[2022-07-08 04:50:25,517] {taskinstance.py:1240} INFO - 
--------------------------------------------------------------------------------
[2022-07-08 04:50:25,584] {taskinstance.py:1259} INFO - Executing <Task(BashOperator): download_dataset_task> on 2022-07-08 04:42:21.961796+00:00
[2022-07-08 04:50:25,605] {standard_task_runner.py:52} INFO - Started process 720 to run task
[2022-07-08 04:50:25,649] {standard_task_runner.py:76} INFO - Running: ['***', 'tasks', 'run', 'data_ingestion_gcs_full_yt2', 'download_dataset_task', 'manual__2022-07-08T04:42:21.961796+00:00', '--job-id', '203', '--raw', '--subdir', 'DAGS_FOLDER/data_ingestion_gcs_full_yt.py', '--cfg-path', '/tmp/tmp_x0ygbdw', '--error-file', '/tmp/tmp95w12ck1']
[2022-07-08 04:50:25,711] {standard_task_runner.py:77} INFO - Job 203: Subtask download_dataset_task
[2022-07-08 04:50:26,026] {logging_mixin.py:109} INFO - Running <TaskInstance: data_ingestion_gcs_full_yt2.download_dataset_task manual__2022-07-08T04:42:21.961796+00:00 [running]> on host 2b856f2081be
[2022-07-08 04:50:26,373] {taskinstance.py:1426} INFO - Exporting the following env vars:
AIRFLOW_CTX_DAG_OWNER=***
AIRFLOW_CTX_DAG_ID=data_ingestion_gcs_full_yt2
AIRFLOW_CTX_TASK_ID=download_dataset_task
AIRFLOW_CTX_EXECUTION_DATE=2022-07-08T04:42:21.961796+00:00
AIRFLOW_CTX_DAG_RUN_ID=manual__2022-07-08T04:42:21.961796+00:00
[2022-07-08 04:50:26,384] {subprocess.py:62} INFO - Tmp dir root location: 
 /tmp
[2022-07-08 04:50:26,392] {subprocess.py:74} INFO - Running command: ['bash', '-c', 'echo hello']
[2022-07-08 04:50:26,450] {subprocess.py:85} INFO - Output:
[2022-07-08 04:50:26,472] {subprocess.py:89} INFO - hello
[2022-07-08 04:50:26,476] {subprocess.py:93} INFO - Command exited with return code 0
[2022-07-08 04:50:26,827] {taskinstance.py:1277} INFO - Marking task as SUCCESS. dag_id=data_ingestion_gcs_full_yt2, task_id=download_dataset_task, execution_date=20220708T044221, start_date=20220708T045025, end_date=20220708T045026
[2022-07-08 04:50:26,929] {local_task_job.py:154} INFO - Task exited with return code 0
[2022-07-08 04:50:27,013] {local_task_job.py:264} INFO - 0 downstream tasks scheduled from follow-on schedule check
