[2022-07-08 05:26:51,901] {taskinstance.py:1032} INFO - Dependencies all met for <TaskInstance: yellow_taxi_dag5.download_data_task scheduled__2019-11-02T06:00:00+00:00 [queued]>
[2022-07-08 05:26:52,304] {taskinstance.py:1032} INFO - Dependencies all met for <TaskInstance: yellow_taxi_dag5.download_data_task scheduled__2019-11-02T06:00:00+00:00 [queued]>
[2022-07-08 05:26:52,316] {taskinstance.py:1238} INFO - 
--------------------------------------------------------------------------------
[2022-07-08 05:26:52,320] {taskinstance.py:1239} INFO - Starting attempt 1 of 1
[2022-07-08 05:26:52,324] {taskinstance.py:1240} INFO - 
--------------------------------------------------------------------------------
[2022-07-08 05:26:52,694] {taskinstance.py:1259} INFO - Executing <Task(BashOperator): download_data_task> on 2019-11-02 06:00:00+00:00
[2022-07-08 05:26:52,783] {standard_task_runner.py:76} INFO - Running: ['***', 'tasks', 'run', 'yellow_taxi_dag5', 'download_data_task', 'scheduled__2019-11-02T06:00:00+00:00', '--job-id', '300', '--raw', '--subdir', 'DAGS_FOLDER/yellow_taxi_dag.py', '--cfg-path', '/tmp/tmpjjzlp5gt', '--error-file', '/tmp/tmphuetwc7z']
[2022-07-08 05:26:52,788] {standard_task_runner.py:77} INFO - Job 300: Subtask download_data_task
[2022-07-08 05:26:52,775] {standard_task_runner.py:52} INFO - Started process 2489 to run task
[2022-07-08 05:26:54,578] {logging_mixin.py:109} INFO - Running <TaskInstance: yellow_taxi_dag5.download_data_task scheduled__2019-11-02T06:00:00+00:00 [running]> on host 2b856f2081be
[2022-07-08 05:26:54,929] {warnings.py:99} WARNING - /home/***/.local/lib/python3.6/site-packages/***/utils/context.py:152: AirflowContextDeprecationWarning: Accessing 'execution_date' from the template is deprecated and will be removed in a future version. Please use 'data_interval_start' or 'logical_date' instead.
  warnings.warn(_create_deprecation_warning(key, self._deprecation_replacements[key]))

[2022-07-08 05:26:55,387] {taskinstance.py:1426} INFO - Exporting the following env vars:
AIRFLOW_CTX_DAG_OWNER=***
AIRFLOW_CTX_DAG_ID=yellow_taxi_dag5
AIRFLOW_CTX_TASK_ID=download_data_task
AIRFLOW_CTX_EXECUTION_DATE=2019-11-02T06:00:00+00:00
AIRFLOW_CTX_DAG_RUN_ID=scheduled__2019-11-02T06:00:00+00:00
[2022-07-08 05:26:55,410] {subprocess.py:62} INFO - Tmp dir root location: 
 /tmp
[2022-07-08 05:26:55,446] {subprocess.py:74} INFO - Running command: ['bash', '-c', 'curl -sSL https://d37ci6vzurychx.cloudfront.net/trip-data/yellow_tripdata_2019-11.parquet > /opt/***/yellow_tripdata_2019-11.parquet']
[2022-07-08 05:26:55,620] {subprocess.py:85} INFO - Output:
