[2022-07-08 03:57:06,274] {taskinstance.py:1032} INFO - Dependencies all met for <TaskInstance: data_ingestion_gcs_full_yt.download_dataset_task scheduled__2022-06-02T06:00:00+00:00 [queued]>
[2022-07-08 03:57:06,288] {taskinstance.py:1032} INFO - Dependencies all met for <TaskInstance: data_ingestion_gcs_full_yt.download_dataset_task scheduled__2022-06-02T06:00:00+00:00 [queued]>
[2022-07-08 03:57:06,289] {taskinstance.py:1238} INFO - 
--------------------------------------------------------------------------------
[2022-07-08 03:57:06,290] {taskinstance.py:1239} INFO - Starting attempt 10 of 10
[2022-07-08 03:57:06,291] {taskinstance.py:1240} INFO - 
--------------------------------------------------------------------------------
[2022-07-08 03:57:06,306] {taskinstance.py:1259} INFO - Executing <Task(BashOperator): download_dataset_task> on 2022-06-02 06:00:00+00:00
[2022-07-08 03:57:06,313] {standard_task_runner.py:52} INFO - Started process 6585 to run task
[2022-07-08 03:57:06,318] {standard_task_runner.py:76} INFO - Running: ['***', 'tasks', 'run', 'data_ingestion_gcs_full_yt', 'download_dataset_task', 'scheduled__2022-06-02T06:00:00+00:00', '--job-id', '145', '--raw', '--subdir', 'DAGS_FOLDER/data_ingestion_gcs_full_yt.py', '--cfg-path', '/tmp/tmpov8b_50r', '--error-file', '/tmp/tmp5px3f4je']
[2022-07-08 03:57:06,322] {standard_task_runner.py:77} INFO - Job 145: Subtask download_dataset_task
[2022-07-08 03:57:06,405] {logging_mixin.py:109} INFO - Running <TaskInstance: data_ingestion_gcs_full_yt.download_dataset_task scheduled__2022-06-02T06:00:00+00:00 [running]> on host 2b856f2081be
[2022-07-08 03:57:06,455] {warnings.py:99} WARNING - /home/***/.local/lib/python3.6/site-packages/***/utils/context.py:152: AirflowContextDeprecationWarning: Accessing 'execution_date' from the template is deprecated and will be removed in a future version. Please use 'data_interval_start' or 'logical_date' instead.
  warnings.warn(_create_deprecation_warning(key, self._deprecation_replacements[key]))

[2022-07-08 03:57:06,481] {taskinstance.py:1426} INFO - Exporting the following env vars:
AIRFLOW_CTX_DAG_OWNER=***
AIRFLOW_CTX_DAG_ID=data_ingestion_gcs_full_yt
AIRFLOW_CTX_TASK_ID=download_dataset_task
AIRFLOW_CTX_EXECUTION_DATE=2022-06-02T06:00:00+00:00
AIRFLOW_CTX_DAG_RUN_ID=scheduled__2022-06-02T06:00:00+00:00
[2022-07-08 03:57:06,483] {subprocess.py:62} INFO - Tmp dir root location: 
 /tmp
[2022-07-08 03:57:06,487] {subprocess.py:74} INFO - Running command: ['bash', '-c', 'echo "2022-06-02"']
[2022-07-08 03:57:06,500] {subprocess.py:85} INFO - Output:
[2022-07-08 03:57:06,503] {subprocess.py:89} INFO - 2022-06-02
[2022-07-08 03:57:06,504] {subprocess.py:93} INFO - Command exited with return code 0
[2022-07-08 03:57:06,553] {taskinstance.py:1277} INFO - Marking task as SUCCESS. dag_id=data_ingestion_gcs_full_yt, task_id=download_dataset_task, execution_date=20220602T060000, start_date=20220708T035706, end_date=20220708T035706
[2022-07-08 03:57:06,619] {local_task_job.py:154} INFO - Task exited with return code 0
[2022-07-08 03:57:06,677] {local_task_job.py:264} INFO - 0 downstream tasks scheduled from follow-on schedule check
