[2022-07-07 21:18:57,901] {taskinstance.py:1032} INFO - Dependencies all met for <TaskInstance: data_ingestion_gcs_full_yt.download_dataset_task scheduled__2022-06-02T06:00:00+00:00 [queued]>
[2022-07-07 21:18:57,961] {taskinstance.py:1032} INFO - Dependencies all met for <TaskInstance: data_ingestion_gcs_full_yt.download_dataset_task scheduled__2022-06-02T06:00:00+00:00 [queued]>
[2022-07-07 21:18:57,965] {taskinstance.py:1238} INFO - 
--------------------------------------------------------------------------------
[2022-07-07 21:18:57,968] {taskinstance.py:1239} INFO - Starting attempt 6 of 7
[2022-07-07 21:18:57,971] {taskinstance.py:1240} INFO - 
--------------------------------------------------------------------------------
[2022-07-07 21:18:58,030] {taskinstance.py:1259} INFO - Executing <Task(BashOperator): download_dataset_task> on 2022-06-02 06:00:00+00:00
[2022-07-07 21:18:58,071] {standard_task_runner.py:76} INFO - Running: ['***', 'tasks', 'run', 'data_ingestion_gcs_full_yt', 'download_dataset_task', 'scheduled__2022-06-02T06:00:00+00:00', '--job-id', '107', '--raw', '--subdir', 'DAGS_FOLDER/data_ingestion_gcs_full_yt.py', '--cfg-path', '/tmp/tmpw06i5vr4', '--error-file', '/tmp/tmp_fx40rxr']
[2022-07-07 21:18:58,098] {standard_task_runner.py:77} INFO - Job 107: Subtask download_dataset_task
[2022-07-07 21:18:58,082] {standard_task_runner.py:52} INFO - Started process 2375 to run task
[2022-07-07 21:18:58,353] {logging_mixin.py:109} INFO - Running <TaskInstance: data_ingestion_gcs_full_yt.download_dataset_task scheduled__2022-06-02T06:00:00+00:00 [running]> on host 2b856f2081be
[2022-07-07 21:18:58,674] {taskinstance.py:1426} INFO - Exporting the following env vars:
AIRFLOW_CTX_DAG_OWNER=***
AIRFLOW_CTX_DAG_ID=data_ingestion_gcs_full_yt
AIRFLOW_CTX_TASK_ID=download_dataset_task
AIRFLOW_CTX_EXECUTION_DATE=2022-06-02T06:00:00+00:00
AIRFLOW_CTX_DAG_RUN_ID=scheduled__2022-06-02T06:00:00+00:00
[2022-07-07 21:18:58,684] {subprocess.py:62} INFO - Tmp dir root location: 
 /tmp
[2022-07-07 21:18:58,687] {subprocess.py:74} INFO - Running command: ['bash', '-c', 'curl -sSL https://d37ci6vzurychx.cloudfront.net/trip-data/yellow_tripdata_2019-01-01.parquet > /opt/***/output_2019-01-01.parquet']
[2022-07-07 21:18:58,779] {subprocess.py:85} INFO - Output:
[2022-07-07 21:18:59,213] {subprocess.py:93} INFO - Command exited with return code 0
[2022-07-07 21:18:59,361] {taskinstance.py:1277} INFO - Marking task as SUCCESS. dag_id=data_ingestion_gcs_full_yt, task_id=download_dataset_task, execution_date=20220602T060000, start_date=20220707T211857, end_date=20220707T211859
[2022-07-07 21:18:59,474] {local_task_job.py:154} INFO - Task exited with return code 0
[2022-07-07 21:18:59,803] {local_task_job.py:264} INFO - 0 downstream tasks scheduled from follow-on schedule check
