[2022-07-07 21:32:50,066] {taskinstance.py:1032} INFO - Dependencies all met for <TaskInstance: data_ingestion_gcs_full_yt.download_dataset_task scheduled__2022-06-02T06:00:00+00:00 [queued]>
[2022-07-07 21:32:50,101] {taskinstance.py:1032} INFO - Dependencies all met for <TaskInstance: data_ingestion_gcs_full_yt.download_dataset_task scheduled__2022-06-02T06:00:00+00:00 [queued]>
[2022-07-07 21:32:50,103] {taskinstance.py:1238} INFO - 
--------------------------------------------------------------------------------
[2022-07-07 21:32:50,105] {taskinstance.py:1239} INFO - Starting attempt 7 of 8
[2022-07-07 21:32:50,107] {taskinstance.py:1240} INFO - 
--------------------------------------------------------------------------------
[2022-07-07 21:32:50,135] {taskinstance.py:1259} INFO - Executing <Task(BashOperator): download_dataset_task> on 2022-06-02 06:00:00+00:00
[2022-07-07 21:32:50,153] {standard_task_runner.py:52} INFO - Started process 3065 to run task
[2022-07-07 21:32:50,162] {standard_task_runner.py:76} INFO - Running: ['***', 'tasks', 'run', 'data_ingestion_gcs_full_yt', 'download_dataset_task', 'scheduled__2022-06-02T06:00:00+00:00', '--job-id', '121', '--raw', '--subdir', 'DAGS_FOLDER/data_ingestion_gcs_full_yt.py', '--cfg-path', '/tmp/tmp4du0gn6o', '--error-file', '/tmp/tmplhlnw5x4']
[2022-07-07 21:32:50,168] {standard_task_runner.py:77} INFO - Job 121: Subtask download_dataset_task
[2022-07-07 21:32:50,294] {logging_mixin.py:109} INFO - Running <TaskInstance: data_ingestion_gcs_full_yt.download_dataset_task scheduled__2022-06-02T06:00:00+00:00 [running]> on host 2b856f2081be
[2022-07-07 21:32:50,367] {warnings.py:99} WARNING - /home/***/.local/lib/python3.6/site-packages/***/utils/context.py:152: AirflowContextDeprecationWarning: Accessing 'execution_date' from the template is deprecated and will be removed in a future version. Please use 'data_interval_start' or 'logical_date' instead.
  warnings.warn(_create_deprecation_warning(key, self._deprecation_replacements[key]))

[2022-07-07 21:32:50,409] {taskinstance.py:1426} INFO - Exporting the following env vars:
AIRFLOW_CTX_DAG_OWNER=***
AIRFLOW_CTX_DAG_ID=data_ingestion_gcs_full_yt
AIRFLOW_CTX_TASK_ID=download_dataset_task
AIRFLOW_CTX_EXECUTION_DATE=2022-06-02T06:00:00+00:00
AIRFLOW_CTX_DAG_RUN_ID=scheduled__2022-06-02T06:00:00+00:00
[2022-07-07 21:32:50,411] {subprocess.py:62} INFO - Tmp dir root location: 
 /tmp
[2022-07-07 21:32:50,414] {subprocess.py:74} INFO - Running command: ['bash', '-c', 'echo "2022-06-02"']
[2022-07-07 21:32:50,433] {subprocess.py:85} INFO - Output:
[2022-07-07 21:32:50,438] {subprocess.py:89} INFO - 2022-06-02
[2022-07-07 21:32:50,440] {subprocess.py:93} INFO - Command exited with return code 0
[2022-07-07 21:32:50,482] {taskinstance.py:1277} INFO - Marking task as SUCCESS. dag_id=data_ingestion_gcs_full_yt, task_id=download_dataset_task, execution_date=20220602T060000, start_date=20220707T213250, end_date=20220707T213250
[2022-07-07 21:32:50,521] {local_task_job.py:154} INFO - Task exited with return code 0
[2022-07-07 21:32:50,622] {local_task_job.py:264} INFO - 1 downstream tasks scheduled from follow-on schedule check
