[2022-07-08 14:58:02,543] {taskinstance.py:1032} INFO - Dependencies all met for <TaskInstance: fhv_dag.local_to_gcs_task scheduled__2019-08-02T06:00:00+00:00 [queued]>
[2022-07-08 14:58:02,573] {taskinstance.py:1032} INFO - Dependencies all met for <TaskInstance: fhv_dag.local_to_gcs_task scheduled__2019-08-02T06:00:00+00:00 [queued]>
[2022-07-08 14:58:02,575] {taskinstance.py:1238} INFO - 
--------------------------------------------------------------------------------
[2022-07-08 14:58:02,576] {taskinstance.py:1239} INFO - Starting attempt 1 of 1
[2022-07-08 14:58:02,577] {taskinstance.py:1240} INFO - 
--------------------------------------------------------------------------------
[2022-07-08 14:58:02,640] {taskinstance.py:1259} INFO - Executing <Task(PythonOperator): local_to_gcs_task> on 2019-08-02 06:00:00+00:00
[2022-07-08 14:58:02,660] {standard_task_runner.py:52} INFO - Started process 960 to run task
[2022-07-08 14:58:02,678] {standard_task_runner.py:76} INFO - Running: ['***', 'tasks', 'run', 'fhv_dag', 'local_to_gcs_task', 'scheduled__2019-08-02T06:00:00+00:00', '--job-id', '390', '--raw', '--subdir', 'DAGS_FOLDER/fhv_dag.py', '--cfg-path', '/tmp/tmpbq41elwi', '--error-file', '/tmp/tmpeu79a75u']
[2022-07-08 14:58:02,702] {standard_task_runner.py:77} INFO - Job 390: Subtask local_to_gcs_task
[2022-07-08 14:58:02,967] {logging_mixin.py:109} INFO - Running <TaskInstance: fhv_dag.local_to_gcs_task scheduled__2019-08-02T06:00:00+00:00 [running]> on host 2b856f2081be
[2022-07-08 14:58:03,166] {warnings.py:99} WARNING - /home/***/.local/lib/python3.6/site-packages/***/utils/context.py:152: AirflowContextDeprecationWarning: Accessing 'execution_date' from the template is deprecated and will be removed in a future version. Please use 'data_interval_start' or 'logical_date' instead.
  warnings.warn(_create_deprecation_warning(key, self._deprecation_replacements[key]))

[2022-07-08 14:58:03,349] {taskinstance.py:1426} INFO - Exporting the following env vars:
AIRFLOW_CTX_DAG_OWNER=***
AIRFLOW_CTX_DAG_ID=fhv_dag
AIRFLOW_CTX_TASK_ID=local_to_gcs_task
AIRFLOW_CTX_EXECUTION_DATE=2019-08-02T06:00:00+00:00
AIRFLOW_CTX_DAG_RUN_ID=scheduled__2019-08-02T06:00:00+00:00
[2022-07-08 14:58:03,980] {python.py:175} INFO - Done. Returned value was: None
[2022-07-08 14:58:04,111] {taskinstance.py:1277} INFO - Marking task as SUCCESS. dag_id=fhv_dag, task_id=local_to_gcs_task, execution_date=20190802T060000, start_date=20220708T145802, end_date=20220708T145804
[2022-07-08 14:58:04,207] {local_task_job.py:154} INFO - Task exited with return code 0
[2022-07-08 14:58:04,269] {local_task_job.py:264} INFO - 0 downstream tasks scheduled from follow-on schedule check
