[2022-07-08 04:01:35,766] {taskinstance.py:1032} INFO - Dependencies all met for <TaskInstance: LocalIngestionDag2.wget scheduled__2022-01-02T06:00:00+00:00 [queued]>
[2022-07-08 04:01:35,787] {taskinstance.py:1032} INFO - Dependencies all met for <TaskInstance: LocalIngestionDag2.wget scheduled__2022-01-02T06:00:00+00:00 [queued]>
[2022-07-08 04:01:35,788] {taskinstance.py:1238} INFO - 
--------------------------------------------------------------------------------
[2022-07-08 04:01:35,789] {taskinstance.py:1239} INFO - Starting attempt 1 of 1
[2022-07-08 04:01:35,791] {taskinstance.py:1240} INFO - 
--------------------------------------------------------------------------------
[2022-07-08 04:01:35,808] {taskinstance.py:1259} INFO - Executing <Task(BashOperator): wget> on 2022-01-02 06:00:00+00:00
[2022-07-08 04:01:35,814] {standard_task_runner.py:52} INFO - Started process 6905 to run task
[2022-07-08 04:01:35,829] {standard_task_runner.py:76} INFO - Running: ['***', 'tasks', 'run', 'LocalIngestionDag2', 'wget', 'scheduled__2022-01-02T06:00:00+00:00', '--job-id', '184', '--raw', '--subdir', 'DAGS_FOLDER/data_ingestion_gcs_full_yt.py', '--cfg-path', '/tmp/tmpbtchojvg', '--error-file', '/tmp/tmp7hp94jmd']
[2022-07-08 04:01:35,834] {standard_task_runner.py:77} INFO - Job 184: Subtask wget
[2022-07-08 04:01:35,965] {logging_mixin.py:109} INFO - Running <TaskInstance: LocalIngestionDag2.wget scheduled__2022-01-02T06:00:00+00:00 [running]> on host 2b856f2081be
[2022-07-08 04:01:36,090] {warnings.py:99} WARNING - /home/***/.local/lib/python3.6/site-packages/***/utils/context.py:152: AirflowContextDeprecationWarning: Accessing 'execution_date' from the template is deprecated and will be removed in a future version. Please use 'data_interval_start' or 'logical_date' instead.
  warnings.warn(_create_deprecation_warning(key, self._deprecation_replacements[key]))

[2022-07-08 04:01:36,164] {taskinstance.py:1426} INFO - Exporting the following env vars:
AIRFLOW_CTX_DAG_OWNER=***
AIRFLOW_CTX_DAG_ID=LocalIngestionDag2
AIRFLOW_CTX_TASK_ID=wget
AIRFLOW_CTX_EXECUTION_DATE=2022-01-02T06:00:00+00:00
AIRFLOW_CTX_DAG_RUN_ID=scheduled__2022-01-02T06:00:00+00:00
[2022-07-08 04:01:36,173] {subprocess.py:62} INFO - Tmp dir root location: 
 /tmp
[2022-07-08 04:01:36,182] {subprocess.py:74} INFO - Running command: ['bash', '-c', 'echo "2022_01" ']
[2022-07-08 04:01:36,217] {subprocess.py:85} INFO - Output:
[2022-07-08 04:01:36,220] {subprocess.py:89} INFO - 2022_01
[2022-07-08 04:01:36,224] {subprocess.py:93} INFO - Command exited with return code 0
[2022-07-08 04:01:36,321] {taskinstance.py:1277} INFO - Marking task as SUCCESS. dag_id=LocalIngestionDag2, task_id=wget, execution_date=20220102T060000, start_date=20220708T040135, end_date=20220708T040136
[2022-07-08 04:01:36,468] {local_task_job.py:154} INFO - Task exited with return code 0
[2022-07-08 04:01:36,548] {local_task_job.py:264} INFO - 0 downstream tasks scheduled from follow-on schedule check
[2022-07-08 04:01:36,588] {dagrun.py:545} INFO - Marking run <DagRun LocalIngestionDag2 @ 2022-01-02 06:00:00+00:00: scheduled__2022-01-02T06:00:00+00:00, externally triggered: False> successful
[2022-07-08 04:01:36,597] {dagrun.py:605} INFO - DagRun Finished: dag_id=LocalIngestionDag2, execution_date=2022-01-02 06:00:00+00:00, run_id=scheduled__2022-01-02T06:00:00+00:00, run_start_date=2022-07-08 04:01:34.384758+00:00, run_end_date=2022-07-08 04:01:36.597091+00:00, run_duration=2.212333, state=success, external_trigger=False, run_type=scheduled, data_interval_start=2022-01-02 06:00:00+00:00, data_interval_end=2022-02-02 06:00:00+00:00, dag_hash=5131981d93ac3a87a191805b485c64a7
