[2022-07-08 04:56:30,767] {taskinstance.py:1032} INFO - Dependencies all met for <TaskInstance: yellow_taxi_dag.curl scheduled__2022-06-02T06:00:00+00:00 [queued]>
[2022-07-08 04:56:30,793] {taskinstance.py:1032} INFO - Dependencies all met for <TaskInstance: yellow_taxi_dag.curl scheduled__2022-06-02T06:00:00+00:00 [queued]>
[2022-07-08 04:56:30,795] {taskinstance.py:1238} INFO - 
--------------------------------------------------------------------------------
[2022-07-08 04:56:30,796] {taskinstance.py:1239} INFO - Starting attempt 1 of 1
[2022-07-08 04:56:30,798] {taskinstance.py:1240} INFO - 
--------------------------------------------------------------------------------
[2022-07-08 04:56:30,823] {taskinstance.py:1259} INFO - Executing <Task(BashOperator): curl> on 2022-06-02 06:00:00+00:00
[2022-07-08 04:56:30,843] {standard_task_runner.py:76} INFO - Running: ['***', 'tasks', 'run', 'yellow_taxi_dag', 'curl', 'scheduled__2022-06-02T06:00:00+00:00', '--job-id', '212', '--raw', '--subdir', 'DAGS_FOLDER/yellow_taxi_dag.py', '--cfg-path', '/tmp/tmpnvx3exjp', '--error-file', '/tmp/tmp26tyah6p']
[2022-07-08 04:56:30,846] {standard_task_runner.py:77} INFO - Job 212: Subtask curl
[2022-07-08 04:56:30,836] {standard_task_runner.py:52} INFO - Started process 1004 to run task
[2022-07-08 04:56:30,996] {logging_mixin.py:109} INFO - Running <TaskInstance: yellow_taxi_dag.curl scheduled__2022-06-02T06:00:00+00:00 [running]> on host 2b856f2081be
[2022-07-08 04:56:31,074] {warnings.py:99} WARNING - /home/***/.local/lib/python3.6/site-packages/***/utils/context.py:152: AirflowContextDeprecationWarning: Accessing 'execution_date' from the template is deprecated and will be removed in a future version. Please use 'data_interval_start' or 'logical_date' instead.
  warnings.warn(_create_deprecation_warning(key, self._deprecation_replacements[key]))

[2022-07-08 04:56:31,113] {taskinstance.py:1426} INFO - Exporting the following env vars:
AIRFLOW_CTX_DAG_OWNER=***
AIRFLOW_CTX_DAG_ID=yellow_taxi_dag
AIRFLOW_CTX_TASK_ID=curl
AIRFLOW_CTX_EXECUTION_DATE=2022-06-02T06:00:00+00:00
AIRFLOW_CTX_DAG_RUN_ID=scheduled__2022-06-02T06:00:00+00:00
[2022-07-08 04:56:31,118] {subprocess.py:62} INFO - Tmp dir root location: 
 /tmp
[2022-07-08 04:56:31,122] {subprocess.py:74} INFO - Running command: ['bash', '-c', 'echo "2022_06" ']
[2022-07-08 04:56:31,140] {subprocess.py:85} INFO - Output:
[2022-07-08 04:56:31,145] {subprocess.py:89} INFO - 2022_06
[2022-07-08 04:56:31,146] {subprocess.py:93} INFO - Command exited with return code 0
[2022-07-08 04:56:31,194] {taskinstance.py:1277} INFO - Marking task as SUCCESS. dag_id=yellow_taxi_dag, task_id=curl, execution_date=20220602T060000, start_date=20220708T045630, end_date=20220708T045631
[2022-07-08 04:56:31,278] {local_task_job.py:154} INFO - Task exited with return code 0
[2022-07-08 04:56:31,331] {local_task_job.py:264} INFO - 0 downstream tasks scheduled from follow-on schedule check
