[2022-07-09 03:18:27,315] {processor.py:163} INFO - Started process (PID=27472) to work on /opt/airflow/dags/data_ingestion_gcs_full_yt.py
[2022-07-09 03:18:27,331] {processor.py:642} INFO - Processing file /opt/airflow/dags/data_ingestion_gcs_full_yt.py for tasks to queue
[2022-07-09 03:18:27,363] {logging_mixin.py:109} INFO - [2022-07-09 03:18:27,362] {dagbag.py:500} INFO - Filling up the DagBag from /opt/airflow/dags/data_ingestion_gcs_full_yt.py
[2022-07-09 03:18:30,394] {processor.py:654} INFO - DAG(s) dict_keys(['data_ingestion_gcs_full_yt2']) retrieved from /opt/airflow/dags/data_ingestion_gcs_full_yt.py
[2022-07-09 03:18:30,523] {logging_mixin.py:109} INFO - [2022-07-09 03:18:30,519] {dag.py:2396} INFO - Sync 1 DAGs
[2022-07-09 03:18:30,653] {logging_mixin.py:109} INFO - [2022-07-09 03:18:30,653] {dag.py:2935} INFO - Setting next_dagrun for data_ingestion_gcs_full_yt2 to 2022-07-06T06:00:00+00:00
[2022-07-09 03:18:30,714] {processor.py:171} INFO - Processing /opt/airflow/dags/data_ingestion_gcs_full_yt.py took 3.422 seconds
[2022-07-09 03:19:01,276] {processor.py:163} INFO - Started process (PID=27505) to work on /opt/airflow/dags/data_ingestion_gcs_full_yt.py
[2022-07-09 03:19:01,292] {processor.py:642} INFO - Processing file /opt/airflow/dags/data_ingestion_gcs_full_yt.py for tasks to queue
[2022-07-09 03:19:01,296] {logging_mixin.py:109} INFO - [2022-07-09 03:19:01,295] {dagbag.py:500} INFO - Filling up the DagBag from /opt/airflow/dags/data_ingestion_gcs_full_yt.py
[2022-07-09 03:19:01,661] {processor.py:654} INFO - DAG(s) dict_keys(['data_ingestion_gcs_full_yt2']) retrieved from /opt/airflow/dags/data_ingestion_gcs_full_yt.py
[2022-07-09 03:19:01,760] {logging_mixin.py:109} INFO - [2022-07-09 03:19:01,756] {dag.py:2396} INFO - Sync 1 DAGs
[2022-07-09 03:19:01,863] {logging_mixin.py:109} INFO - [2022-07-09 03:19:01,863] {dag.py:2935} INFO - Setting next_dagrun for data_ingestion_gcs_full_yt2 to 2022-07-06T06:00:00+00:00
[2022-07-09 03:19:01,880] {processor.py:171} INFO - Processing /opt/airflow/dags/data_ingestion_gcs_full_yt.py took 0.618 seconds
[2022-07-09 03:19:31,999] {processor.py:163} INFO - Started process (PID=27538) to work on /opt/airflow/dags/data_ingestion_gcs_full_yt.py
[2022-07-09 03:19:32,002] {processor.py:642} INFO - Processing file /opt/airflow/dags/data_ingestion_gcs_full_yt.py for tasks to queue
[2022-07-09 03:19:32,004] {logging_mixin.py:109} INFO - [2022-07-09 03:19:32,004] {dagbag.py:500} INFO - Filling up the DagBag from /opt/airflow/dags/data_ingestion_gcs_full_yt.py
[2022-07-09 03:19:32,158] {processor.py:654} INFO - DAG(s) dict_keys(['data_ingestion_gcs_full_yt2']) retrieved from /opt/airflow/dags/data_ingestion_gcs_full_yt.py
[2022-07-09 03:19:32,191] {logging_mixin.py:109} INFO - [2022-07-09 03:19:32,189] {dag.py:2396} INFO - Sync 1 DAGs
[2022-07-09 03:19:32,216] {logging_mixin.py:109} INFO - [2022-07-09 03:19:32,215] {dag.py:2935} INFO - Setting next_dagrun for data_ingestion_gcs_full_yt2 to 2022-07-06T06:00:00+00:00
[2022-07-09 03:19:32,229] {processor.py:171} INFO - Processing /opt/airflow/dags/data_ingestion_gcs_full_yt.py took 0.235 seconds
[2022-07-09 03:20:02,935] {processor.py:163} INFO - Started process (PID=27573) to work on /opt/airflow/dags/data_ingestion_gcs_full_yt.py
[2022-07-09 03:20:02,938] {processor.py:642} INFO - Processing file /opt/airflow/dags/data_ingestion_gcs_full_yt.py for tasks to queue
[2022-07-09 03:20:02,939] {logging_mixin.py:109} INFO - [2022-07-09 03:20:02,939] {dagbag.py:500} INFO - Filling up the DagBag from /opt/airflow/dags/data_ingestion_gcs_full_yt.py
[2022-07-09 03:20:03,089] {processor.py:654} INFO - DAG(s) dict_keys(['data_ingestion_gcs_full_yt2']) retrieved from /opt/airflow/dags/data_ingestion_gcs_full_yt.py
[2022-07-09 03:20:03,115] {logging_mixin.py:109} INFO - [2022-07-09 03:20:03,112] {dag.py:2396} INFO - Sync 1 DAGs
[2022-07-09 03:20:03,138] {logging_mixin.py:109} INFO - [2022-07-09 03:20:03,138] {dag.py:2935} INFO - Setting next_dagrun for data_ingestion_gcs_full_yt2 to 2022-07-06T06:00:00+00:00
[2022-07-09 03:20:03,150] {processor.py:171} INFO - Processing /opt/airflow/dags/data_ingestion_gcs_full_yt.py took 0.222 seconds
[2022-07-09 03:20:33,245] {processor.py:163} INFO - Started process (PID=27605) to work on /opt/airflow/dags/data_ingestion_gcs_full_yt.py
[2022-07-09 03:20:33,254] {processor.py:642} INFO - Processing file /opt/airflow/dags/data_ingestion_gcs_full_yt.py for tasks to queue
[2022-07-09 03:20:33,258] {logging_mixin.py:109} INFO - [2022-07-09 03:20:33,258] {dagbag.py:500} INFO - Filling up the DagBag from /opt/airflow/dags/data_ingestion_gcs_full_yt.py
[2022-07-09 03:20:33,436] {processor.py:654} INFO - DAG(s) dict_keys(['data_ingestion_gcs_full_yt2']) retrieved from /opt/airflow/dags/data_ingestion_gcs_full_yt.py
[2022-07-09 03:20:33,456] {logging_mixin.py:109} INFO - [2022-07-09 03:20:33,454] {dag.py:2396} INFO - Sync 1 DAGs
[2022-07-09 03:20:33,482] {logging_mixin.py:109} INFO - [2022-07-09 03:20:33,482] {dag.py:2935} INFO - Setting next_dagrun for data_ingestion_gcs_full_yt2 to 2022-07-06T06:00:00+00:00
[2022-07-09 03:20:33,499] {processor.py:171} INFO - Processing /opt/airflow/dags/data_ingestion_gcs_full_yt.py took 0.264 seconds
[2022-07-09 03:21:03,749] {processor.py:163} INFO - Started process (PID=27638) to work on /opt/airflow/dags/data_ingestion_gcs_full_yt.py
[2022-07-09 03:21:03,752] {processor.py:642} INFO - Processing file /opt/airflow/dags/data_ingestion_gcs_full_yt.py for tasks to queue
[2022-07-09 03:21:03,754] {logging_mixin.py:109} INFO - [2022-07-09 03:21:03,753] {dagbag.py:500} INFO - Filling up the DagBag from /opt/airflow/dags/data_ingestion_gcs_full_yt.py
[2022-07-09 03:21:03,950] {processor.py:654} INFO - DAG(s) dict_keys(['data_ingestion_gcs_full_yt2']) retrieved from /opt/airflow/dags/data_ingestion_gcs_full_yt.py
[2022-07-09 03:21:03,986] {logging_mixin.py:109} INFO - [2022-07-09 03:21:03,982] {dag.py:2396} INFO - Sync 1 DAGs
[2022-07-09 03:21:04,043] {logging_mixin.py:109} INFO - [2022-07-09 03:21:04,043] {dag.py:2935} INFO - Setting next_dagrun for data_ingestion_gcs_full_yt2 to 2022-07-06T06:00:00+00:00
[2022-07-09 03:21:04,063] {processor.py:171} INFO - Processing /opt/airflow/dags/data_ingestion_gcs_full_yt.py took 0.319 seconds
[2022-07-09 03:21:34,863] {processor.py:163} INFO - Started process (PID=27685) to work on /opt/airflow/dags/data_ingestion_gcs_full_yt.py
[2022-07-09 03:21:34,866] {processor.py:642} INFO - Processing file /opt/airflow/dags/data_ingestion_gcs_full_yt.py for tasks to queue
[2022-07-09 03:21:34,869] {logging_mixin.py:109} INFO - [2022-07-09 03:21:34,869] {dagbag.py:500} INFO - Filling up the DagBag from /opt/airflow/dags/data_ingestion_gcs_full_yt.py
[2022-07-09 03:21:35,005] {processor.py:654} INFO - DAG(s) dict_keys(['data_ingestion_gcs_full_yt2']) retrieved from /opt/airflow/dags/data_ingestion_gcs_full_yt.py
[2022-07-09 03:21:35,024] {logging_mixin.py:109} INFO - [2022-07-09 03:21:35,022] {dag.py:2396} INFO - Sync 1 DAGs
[2022-07-09 03:21:35,052] {logging_mixin.py:109} INFO - [2022-07-09 03:21:35,051] {dag.py:2935} INFO - Setting next_dagrun for data_ingestion_gcs_full_yt2 to 2022-07-06T06:00:00+00:00
[2022-07-09 03:21:35,072] {processor.py:171} INFO - Processing /opt/airflow/dags/data_ingestion_gcs_full_yt.py took 0.213 seconds
[2022-07-09 03:22:05,329] {processor.py:163} INFO - Started process (PID=27718) to work on /opt/airflow/dags/data_ingestion_gcs_full_yt.py
[2022-07-09 03:22:05,332] {processor.py:642} INFO - Processing file /opt/airflow/dags/data_ingestion_gcs_full_yt.py for tasks to queue
[2022-07-09 03:22:05,333] {logging_mixin.py:109} INFO - [2022-07-09 03:22:05,333] {dagbag.py:500} INFO - Filling up the DagBag from /opt/airflow/dags/data_ingestion_gcs_full_yt.py
[2022-07-09 03:22:05,470] {processor.py:654} INFO - DAG(s) dict_keys(['data_ingestion_gcs_full_yt2']) retrieved from /opt/airflow/dags/data_ingestion_gcs_full_yt.py
[2022-07-09 03:22:05,488] {logging_mixin.py:109} INFO - [2022-07-09 03:22:05,486] {dag.py:2396} INFO - Sync 1 DAGs
[2022-07-09 03:22:05,513] {logging_mixin.py:109} INFO - [2022-07-09 03:22:05,513] {dag.py:2935} INFO - Setting next_dagrun for data_ingestion_gcs_full_yt2 to 2022-07-06T06:00:00+00:00
[2022-07-09 03:22:05,524] {processor.py:171} INFO - Processing /opt/airflow/dags/data_ingestion_gcs_full_yt.py took 0.200 seconds
[2022-07-09 03:22:35,668] {processor.py:163} INFO - Started process (PID=27751) to work on /opt/airflow/dags/data_ingestion_gcs_full_yt.py
[2022-07-09 03:22:35,672] {processor.py:642} INFO - Processing file /opt/airflow/dags/data_ingestion_gcs_full_yt.py for tasks to queue
[2022-07-09 03:22:35,675] {logging_mixin.py:109} INFO - [2022-07-09 03:22:35,675] {dagbag.py:500} INFO - Filling up the DagBag from /opt/airflow/dags/data_ingestion_gcs_full_yt.py
[2022-07-09 03:22:35,835] {processor.py:654} INFO - DAG(s) dict_keys(['data_ingestion_gcs_full_yt2']) retrieved from /opt/airflow/dags/data_ingestion_gcs_full_yt.py
[2022-07-09 03:22:35,856] {logging_mixin.py:109} INFO - [2022-07-09 03:22:35,854] {dag.py:2396} INFO - Sync 1 DAGs
[2022-07-09 03:22:35,891] {logging_mixin.py:109} INFO - [2022-07-09 03:22:35,891] {dag.py:2935} INFO - Setting next_dagrun for data_ingestion_gcs_full_yt2 to 2022-07-06T06:00:00+00:00
[2022-07-09 03:22:35,909] {processor.py:171} INFO - Processing /opt/airflow/dags/data_ingestion_gcs_full_yt.py took 0.247 seconds
[2022-07-09 03:23:06,726] {processor.py:163} INFO - Started process (PID=27793) to work on /opt/airflow/dags/data_ingestion_gcs_full_yt.py
[2022-07-09 03:23:06,729] {processor.py:642} INFO - Processing file /opt/airflow/dags/data_ingestion_gcs_full_yt.py for tasks to queue
[2022-07-09 03:23:06,731] {logging_mixin.py:109} INFO - [2022-07-09 03:23:06,731] {dagbag.py:500} INFO - Filling up the DagBag from /opt/airflow/dags/data_ingestion_gcs_full_yt.py
[2022-07-09 03:23:06,865] {processor.py:654} INFO - DAG(s) dict_keys(['data_ingestion_gcs_full_yt2']) retrieved from /opt/airflow/dags/data_ingestion_gcs_full_yt.py
[2022-07-09 03:23:06,885] {logging_mixin.py:109} INFO - [2022-07-09 03:23:06,882] {dag.py:2396} INFO - Sync 1 DAGs
[2022-07-09 03:23:06,912] {logging_mixin.py:109} INFO - [2022-07-09 03:23:06,911] {dag.py:2935} INFO - Setting next_dagrun for data_ingestion_gcs_full_yt2 to 2022-07-06T06:00:00+00:00
[2022-07-09 03:23:06,928] {processor.py:171} INFO - Processing /opt/airflow/dags/data_ingestion_gcs_full_yt.py took 0.208 seconds
[2022-07-09 03:23:37,501] {processor.py:163} INFO - Started process (PID=27824) to work on /opt/airflow/dags/data_ingestion_gcs_full_yt.py
[2022-07-09 03:23:37,507] {processor.py:642} INFO - Processing file /opt/airflow/dags/data_ingestion_gcs_full_yt.py for tasks to queue
[2022-07-09 03:23:37,510] {logging_mixin.py:109} INFO - [2022-07-09 03:23:37,509] {dagbag.py:500} INFO - Filling up the DagBag from /opt/airflow/dags/data_ingestion_gcs_full_yt.py
[2022-07-09 03:23:37,660] {processor.py:654} INFO - DAG(s) dict_keys(['data_ingestion_gcs_full_yt2']) retrieved from /opt/airflow/dags/data_ingestion_gcs_full_yt.py
[2022-07-09 03:23:37,678] {logging_mixin.py:109} INFO - [2022-07-09 03:23:37,676] {dag.py:2396} INFO - Sync 1 DAGs
[2022-07-09 03:23:37,710] {logging_mixin.py:109} INFO - [2022-07-09 03:23:37,710] {dag.py:2935} INFO - Setting next_dagrun for data_ingestion_gcs_full_yt2 to 2022-07-06T06:00:00+00:00
[2022-07-09 03:23:37,728] {processor.py:171} INFO - Processing /opt/airflow/dags/data_ingestion_gcs_full_yt.py took 0.237 seconds
[2022-07-09 03:24:07,838] {processor.py:163} INFO - Started process (PID=27856) to work on /opt/airflow/dags/data_ingestion_gcs_full_yt.py
[2022-07-09 03:24:07,840] {processor.py:642} INFO - Processing file /opt/airflow/dags/data_ingestion_gcs_full_yt.py for tasks to queue
[2022-07-09 03:24:07,842] {logging_mixin.py:109} INFO - [2022-07-09 03:24:07,842] {dagbag.py:500} INFO - Filling up the DagBag from /opt/airflow/dags/data_ingestion_gcs_full_yt.py
[2022-07-09 03:24:07,998] {processor.py:654} INFO - DAG(s) dict_keys(['data_ingestion_gcs_full_yt2']) retrieved from /opt/airflow/dags/data_ingestion_gcs_full_yt.py
[2022-07-09 03:24:08,013] {logging_mixin.py:109} INFO - [2022-07-09 03:24:08,011] {dag.py:2396} INFO - Sync 1 DAGs
[2022-07-09 03:24:08,046] {logging_mixin.py:109} INFO - [2022-07-09 03:24:08,046] {dag.py:2935} INFO - Setting next_dagrun for data_ingestion_gcs_full_yt2 to 2022-07-06T06:00:00+00:00
[2022-07-09 03:24:08,061] {processor.py:171} INFO - Processing /opt/airflow/dags/data_ingestion_gcs_full_yt.py took 0.227 seconds
[2022-07-09 03:24:38,183] {processor.py:163} INFO - Started process (PID=27887) to work on /opt/airflow/dags/data_ingestion_gcs_full_yt.py
[2022-07-09 03:24:38,187] {processor.py:642} INFO - Processing file /opt/airflow/dags/data_ingestion_gcs_full_yt.py for tasks to queue
[2022-07-09 03:24:38,189] {logging_mixin.py:109} INFO - [2022-07-09 03:24:38,189] {dagbag.py:500} INFO - Filling up the DagBag from /opt/airflow/dags/data_ingestion_gcs_full_yt.py
[2022-07-09 03:24:38,320] {processor.py:654} INFO - DAG(s) dict_keys(['data_ingestion_gcs_full_yt2']) retrieved from /opt/airflow/dags/data_ingestion_gcs_full_yt.py
[2022-07-09 03:24:38,336] {logging_mixin.py:109} INFO - [2022-07-09 03:24:38,334] {dag.py:2396} INFO - Sync 1 DAGs
[2022-07-09 03:24:38,364] {logging_mixin.py:109} INFO - [2022-07-09 03:24:38,364] {dag.py:2935} INFO - Setting next_dagrun for data_ingestion_gcs_full_yt2 to 2022-07-06T06:00:00+00:00
[2022-07-09 03:24:38,378] {processor.py:171} INFO - Processing /opt/airflow/dags/data_ingestion_gcs_full_yt.py took 0.200 seconds
[2022-07-09 03:25:08,531] {processor.py:163} INFO - Started process (PID=27922) to work on /opt/airflow/dags/data_ingestion_gcs_full_yt.py
[2022-07-09 03:25:08,533] {processor.py:642} INFO - Processing file /opt/airflow/dags/data_ingestion_gcs_full_yt.py for tasks to queue
[2022-07-09 03:25:08,535] {logging_mixin.py:109} INFO - [2022-07-09 03:25:08,535] {dagbag.py:500} INFO - Filling up the DagBag from /opt/airflow/dags/data_ingestion_gcs_full_yt.py
[2022-07-09 03:25:08,680] {processor.py:654} INFO - DAG(s) dict_keys(['data_ingestion_gcs_full_yt2']) retrieved from /opt/airflow/dags/data_ingestion_gcs_full_yt.py
[2022-07-09 03:25:08,707] {logging_mixin.py:109} INFO - [2022-07-09 03:25:08,703] {dag.py:2396} INFO - Sync 1 DAGs
[2022-07-09 03:25:08,737] {logging_mixin.py:109} INFO - [2022-07-09 03:25:08,737] {dag.py:2935} INFO - Setting next_dagrun for data_ingestion_gcs_full_yt2 to 2022-07-06T06:00:00+00:00
[2022-07-09 03:25:08,752] {processor.py:171} INFO - Processing /opt/airflow/dags/data_ingestion_gcs_full_yt.py took 0.226 seconds
[2022-07-09 03:25:38,861] {processor.py:163} INFO - Started process (PID=27955) to work on /opt/airflow/dags/data_ingestion_gcs_full_yt.py
[2022-07-09 03:25:38,864] {processor.py:642} INFO - Processing file /opt/airflow/dags/data_ingestion_gcs_full_yt.py for tasks to queue
[2022-07-09 03:25:38,866] {logging_mixin.py:109} INFO - [2022-07-09 03:25:38,866] {dagbag.py:500} INFO - Filling up the DagBag from /opt/airflow/dags/data_ingestion_gcs_full_yt.py
[2022-07-09 03:25:38,996] {processor.py:654} INFO - DAG(s) dict_keys(['data_ingestion_gcs_full_yt2']) retrieved from /opt/airflow/dags/data_ingestion_gcs_full_yt.py
[2022-07-09 03:25:39,013] {logging_mixin.py:109} INFO - [2022-07-09 03:25:39,011] {dag.py:2396} INFO - Sync 1 DAGs
[2022-07-09 03:25:39,039] {logging_mixin.py:109} INFO - [2022-07-09 03:25:39,039] {dag.py:2935} INFO - Setting next_dagrun for data_ingestion_gcs_full_yt2 to 2022-07-06T06:00:00+00:00
[2022-07-09 03:25:39,055] {processor.py:171} INFO - Processing /opt/airflow/dags/data_ingestion_gcs_full_yt.py took 0.199 seconds
[2022-07-09 03:26:09,636] {processor.py:163} INFO - Started process (PID=28001) to work on /opt/airflow/dags/data_ingestion_gcs_full_yt.py
[2022-07-09 03:26:09,639] {processor.py:642} INFO - Processing file /opt/airflow/dags/data_ingestion_gcs_full_yt.py for tasks to queue
[2022-07-09 03:26:09,641] {logging_mixin.py:109} INFO - [2022-07-09 03:26:09,641] {dagbag.py:500} INFO - Filling up the DagBag from /opt/airflow/dags/data_ingestion_gcs_full_yt.py
[2022-07-09 03:26:09,782] {processor.py:654} INFO - DAG(s) dict_keys(['data_ingestion_gcs_full_yt2']) retrieved from /opt/airflow/dags/data_ingestion_gcs_full_yt.py
[2022-07-09 03:26:09,801] {logging_mixin.py:109} INFO - [2022-07-09 03:26:09,799] {dag.py:2396} INFO - Sync 1 DAGs
[2022-07-09 03:26:09,843] {logging_mixin.py:109} INFO - [2022-07-09 03:26:09,843] {dag.py:2935} INFO - Setting next_dagrun for data_ingestion_gcs_full_yt2 to 2022-07-06T06:00:00+00:00
[2022-07-09 03:26:09,857] {processor.py:171} INFO - Processing /opt/airflow/dags/data_ingestion_gcs_full_yt.py took 0.226 seconds
[2022-07-09 03:26:40,469] {processor.py:163} INFO - Started process (PID=28035) to work on /opt/airflow/dags/data_ingestion_gcs_full_yt.py
[2022-07-09 03:26:40,473] {processor.py:642} INFO - Processing file /opt/airflow/dags/data_ingestion_gcs_full_yt.py for tasks to queue
[2022-07-09 03:26:40,478] {logging_mixin.py:109} INFO - [2022-07-09 03:26:40,478] {dagbag.py:500} INFO - Filling up the DagBag from /opt/airflow/dags/data_ingestion_gcs_full_yt.py
[2022-07-09 03:26:40,626] {processor.py:654} INFO - DAG(s) dict_keys(['data_ingestion_gcs_full_yt2']) retrieved from /opt/airflow/dags/data_ingestion_gcs_full_yt.py
[2022-07-09 03:26:40,646] {logging_mixin.py:109} INFO - [2022-07-09 03:26:40,644] {dag.py:2396} INFO - Sync 1 DAGs
[2022-07-09 03:26:40,677] {logging_mixin.py:109} INFO - [2022-07-09 03:26:40,676] {dag.py:2935} INFO - Setting next_dagrun for data_ingestion_gcs_full_yt2 to 2022-07-06T06:00:00+00:00
[2022-07-09 03:26:40,691] {processor.py:171} INFO - Processing /opt/airflow/dags/data_ingestion_gcs_full_yt.py took 0.230 seconds
[2022-07-09 03:27:11,469] {processor.py:163} INFO - Started process (PID=28068) to work on /opt/airflow/dags/data_ingestion_gcs_full_yt.py
[2022-07-09 03:27:11,472] {processor.py:642} INFO - Processing file /opt/airflow/dags/data_ingestion_gcs_full_yt.py for tasks to queue
[2022-07-09 03:27:11,475] {logging_mixin.py:109} INFO - [2022-07-09 03:27:11,475] {dagbag.py:500} INFO - Filling up the DagBag from /opt/airflow/dags/data_ingestion_gcs_full_yt.py
[2022-07-09 03:27:11,668] {processor.py:654} INFO - DAG(s) dict_keys(['data_ingestion_gcs_full_yt2']) retrieved from /opt/airflow/dags/data_ingestion_gcs_full_yt.py
[2022-07-09 03:27:11,689] {logging_mixin.py:109} INFO - [2022-07-09 03:27:11,686] {dag.py:2396} INFO - Sync 1 DAGs
[2022-07-09 03:27:11,722] {logging_mixin.py:109} INFO - [2022-07-09 03:27:11,722] {dag.py:2935} INFO - Setting next_dagrun for data_ingestion_gcs_full_yt2 to 2022-07-06T06:00:00+00:00
[2022-07-09 03:27:11,738] {processor.py:171} INFO - Processing /opt/airflow/dags/data_ingestion_gcs_full_yt.py took 0.275 seconds
[2022-07-09 03:27:41,817] {processor.py:163} INFO - Started process (PID=28113) to work on /opt/airflow/dags/data_ingestion_gcs_full_yt.py
[2022-07-09 03:27:41,823] {processor.py:642} INFO - Processing file /opt/airflow/dags/data_ingestion_gcs_full_yt.py for tasks to queue
[2022-07-09 03:27:41,825] {logging_mixin.py:109} INFO - [2022-07-09 03:27:41,825] {dagbag.py:500} INFO - Filling up the DagBag from /opt/airflow/dags/data_ingestion_gcs_full_yt.py
[2022-07-09 03:27:42,034] {processor.py:654} INFO - DAG(s) dict_keys(['data_ingestion_gcs_full_yt2']) retrieved from /opt/airflow/dags/data_ingestion_gcs_full_yt.py
[2022-07-09 03:27:42,053] {logging_mixin.py:109} INFO - [2022-07-09 03:27:42,051] {dag.py:2396} INFO - Sync 1 DAGs
[2022-07-09 03:27:42,078] {logging_mixin.py:109} INFO - [2022-07-09 03:27:42,078] {dag.py:2935} INFO - Setting next_dagrun for data_ingestion_gcs_full_yt2 to 2022-07-06T06:00:00+00:00
[2022-07-09 03:27:42,092] {processor.py:171} INFO - Processing /opt/airflow/dags/data_ingestion_gcs_full_yt.py took 0.285 seconds
[2022-07-09 03:28:12,353] {processor.py:163} INFO - Started process (PID=28147) to work on /opt/airflow/dags/data_ingestion_gcs_full_yt.py
[2022-07-09 03:28:12,356] {processor.py:642} INFO - Processing file /opt/airflow/dags/data_ingestion_gcs_full_yt.py for tasks to queue
[2022-07-09 03:28:12,359] {logging_mixin.py:109} INFO - [2022-07-09 03:28:12,359] {dagbag.py:500} INFO - Filling up the DagBag from /opt/airflow/dags/data_ingestion_gcs_full_yt.py
[2022-07-09 03:28:12,522] {processor.py:654} INFO - DAG(s) dict_keys(['data_ingestion_gcs_full_yt2']) retrieved from /opt/airflow/dags/data_ingestion_gcs_full_yt.py
[2022-07-09 03:28:12,551] {logging_mixin.py:109} INFO - [2022-07-09 03:28:12,538] {dag.py:2396} INFO - Sync 1 DAGs
[2022-07-09 03:28:12,584] {logging_mixin.py:109} INFO - [2022-07-09 03:28:12,584] {dag.py:2935} INFO - Setting next_dagrun for data_ingestion_gcs_full_yt2 to 2022-07-06T06:00:00+00:00
[2022-07-09 03:28:12,599] {processor.py:171} INFO - Processing /opt/airflow/dags/data_ingestion_gcs_full_yt.py took 0.253 seconds
[2022-07-09 03:28:42,679] {processor.py:163} INFO - Started process (PID=28180) to work on /opt/airflow/dags/data_ingestion_gcs_full_yt.py
[2022-07-09 03:28:42,683] {processor.py:642} INFO - Processing file /opt/airflow/dags/data_ingestion_gcs_full_yt.py for tasks to queue
[2022-07-09 03:28:42,685] {logging_mixin.py:109} INFO - [2022-07-09 03:28:42,685] {dagbag.py:500} INFO - Filling up the DagBag from /opt/airflow/dags/data_ingestion_gcs_full_yt.py
[2022-07-09 03:28:42,871] {processor.py:654} INFO - DAG(s) dict_keys(['data_ingestion_gcs_full_yt2']) retrieved from /opt/airflow/dags/data_ingestion_gcs_full_yt.py
[2022-07-09 03:28:42,896] {logging_mixin.py:109} INFO - [2022-07-09 03:28:42,894] {dag.py:2396} INFO - Sync 1 DAGs
[2022-07-09 03:28:42,927] {logging_mixin.py:109} INFO - [2022-07-09 03:28:42,927] {dag.py:2935} INFO - Setting next_dagrun for data_ingestion_gcs_full_yt2 to 2022-07-06T06:00:00+00:00
[2022-07-09 03:28:42,953] {processor.py:171} INFO - Processing /opt/airflow/dags/data_ingestion_gcs_full_yt.py took 0.283 seconds
[2022-07-09 03:29:13,043] {processor.py:163} INFO - Started process (PID=28224) to work on /opt/airflow/dags/data_ingestion_gcs_full_yt.py
[2022-07-09 03:29:13,048] {processor.py:642} INFO - Processing file /opt/airflow/dags/data_ingestion_gcs_full_yt.py for tasks to queue
[2022-07-09 03:29:13,050] {logging_mixin.py:109} INFO - [2022-07-09 03:29:13,050] {dagbag.py:500} INFO - Filling up the DagBag from /opt/airflow/dags/data_ingestion_gcs_full_yt.py
[2022-07-09 03:29:13,260] {processor.py:654} INFO - DAG(s) dict_keys(['data_ingestion_gcs_full_yt2']) retrieved from /opt/airflow/dags/data_ingestion_gcs_full_yt.py
[2022-07-09 03:29:13,281] {logging_mixin.py:109} INFO - [2022-07-09 03:29:13,279] {dag.py:2396} INFO - Sync 1 DAGs
[2022-07-09 03:29:13,310] {logging_mixin.py:109} INFO - [2022-07-09 03:29:13,309] {dag.py:2935} INFO - Setting next_dagrun for data_ingestion_gcs_full_yt2 to 2022-07-06T06:00:00+00:00
[2022-07-09 03:29:13,324] {processor.py:171} INFO - Processing /opt/airflow/dags/data_ingestion_gcs_full_yt.py took 0.301 seconds
[2022-07-09 03:29:43,435] {processor.py:163} INFO - Started process (PID=28258) to work on /opt/airflow/dags/data_ingestion_gcs_full_yt.py
[2022-07-09 03:29:43,438] {processor.py:642} INFO - Processing file /opt/airflow/dags/data_ingestion_gcs_full_yt.py for tasks to queue
[2022-07-09 03:29:43,440] {logging_mixin.py:109} INFO - [2022-07-09 03:29:43,440] {dagbag.py:500} INFO - Filling up the DagBag from /opt/airflow/dags/data_ingestion_gcs_full_yt.py
[2022-07-09 03:29:43,651] {processor.py:654} INFO - DAG(s) dict_keys(['data_ingestion_gcs_full_yt2']) retrieved from /opt/airflow/dags/data_ingestion_gcs_full_yt.py
[2022-07-09 03:29:43,678] {logging_mixin.py:109} INFO - [2022-07-09 03:29:43,675] {dag.py:2396} INFO - Sync 1 DAGs
[2022-07-09 03:29:43,716] {logging_mixin.py:109} INFO - [2022-07-09 03:29:43,716] {dag.py:2935} INFO - Setting next_dagrun for data_ingestion_gcs_full_yt2 to 2022-07-06T06:00:00+00:00
[2022-07-09 03:29:43,784] {processor.py:171} INFO - Processing /opt/airflow/dags/data_ingestion_gcs_full_yt.py took 0.354 seconds
[2022-07-09 03:30:13,914] {processor.py:163} INFO - Started process (PID=28296) to work on /opt/airflow/dags/data_ingestion_gcs_full_yt.py
[2022-07-09 03:30:13,917] {processor.py:642} INFO - Processing file /opt/airflow/dags/data_ingestion_gcs_full_yt.py for tasks to queue
[2022-07-09 03:30:13,919] {logging_mixin.py:109} INFO - [2022-07-09 03:30:13,919] {dagbag.py:500} INFO - Filling up the DagBag from /opt/airflow/dags/data_ingestion_gcs_full_yt.py
[2022-07-09 03:30:14,063] {processor.py:654} INFO - DAG(s) dict_keys(['data_ingestion_gcs_full_yt2']) retrieved from /opt/airflow/dags/data_ingestion_gcs_full_yt.py
[2022-07-09 03:30:14,098] {logging_mixin.py:109} INFO - [2022-07-09 03:30:14,095] {dag.py:2396} INFO - Sync 1 DAGs
[2022-07-09 03:30:14,137] {logging_mixin.py:109} INFO - [2022-07-09 03:30:14,137] {dag.py:2935} INFO - Setting next_dagrun for data_ingestion_gcs_full_yt2 to 2022-07-06T06:00:00+00:00
[2022-07-09 03:30:14,151] {processor.py:171} INFO - Processing /opt/airflow/dags/data_ingestion_gcs_full_yt.py took 0.242 seconds
[2022-07-09 03:30:44,289] {processor.py:163} INFO - Started process (PID=28339) to work on /opt/airflow/dags/data_ingestion_gcs_full_yt.py
[2022-07-09 03:30:44,296] {processor.py:642} INFO - Processing file /opt/airflow/dags/data_ingestion_gcs_full_yt.py for tasks to queue
[2022-07-09 03:30:44,300] {logging_mixin.py:109} INFO - [2022-07-09 03:30:44,300] {dagbag.py:500} INFO - Filling up the DagBag from /opt/airflow/dags/data_ingestion_gcs_full_yt.py
[2022-07-09 03:30:44,487] {processor.py:654} INFO - DAG(s) dict_keys(['data_ingestion_gcs_full_yt2']) retrieved from /opt/airflow/dags/data_ingestion_gcs_full_yt.py
[2022-07-09 03:30:44,511] {logging_mixin.py:109} INFO - [2022-07-09 03:30:44,507] {dag.py:2396} INFO - Sync 1 DAGs
[2022-07-09 03:30:45,552] {logging_mixin.py:109} INFO - [2022-07-09 03:30:45,552] {dag.py:2935} INFO - Setting next_dagrun for data_ingestion_gcs_full_yt2 to 2022-07-06T06:00:00+00:00
[2022-07-09 03:30:45,564] {processor.py:171} INFO - Processing /opt/airflow/dags/data_ingestion_gcs_full_yt.py took 1.288 seconds
[2022-07-09 03:31:15,744] {processor.py:163} INFO - Started process (PID=28371) to work on /opt/airflow/dags/data_ingestion_gcs_full_yt.py
[2022-07-09 03:31:15,748] {processor.py:642} INFO - Processing file /opt/airflow/dags/data_ingestion_gcs_full_yt.py for tasks to queue
[2022-07-09 03:31:15,751] {logging_mixin.py:109} INFO - [2022-07-09 03:31:15,751] {dagbag.py:500} INFO - Filling up the DagBag from /opt/airflow/dags/data_ingestion_gcs_full_yt.py
[2022-07-09 03:31:15,883] {processor.py:654} INFO - DAG(s) dict_keys(['data_ingestion_gcs_full_yt2']) retrieved from /opt/airflow/dags/data_ingestion_gcs_full_yt.py
[2022-07-09 03:31:15,900] {logging_mixin.py:109} INFO - [2022-07-09 03:31:15,899] {dag.py:2396} INFO - Sync 1 DAGs
[2022-07-09 03:31:15,931] {logging_mixin.py:109} INFO - [2022-07-09 03:31:15,931] {dag.py:2935} INFO - Setting next_dagrun for data_ingestion_gcs_full_yt2 to 2022-07-06T06:00:00+00:00
[2022-07-09 03:31:15,946] {processor.py:171} INFO - Processing /opt/airflow/dags/data_ingestion_gcs_full_yt.py took 0.207 seconds
[2022-07-09 03:31:46,632] {processor.py:163} INFO - Started process (PID=28403) to work on /opt/airflow/dags/data_ingestion_gcs_full_yt.py
[2022-07-09 03:31:46,635] {processor.py:642} INFO - Processing file /opt/airflow/dags/data_ingestion_gcs_full_yt.py for tasks to queue
[2022-07-09 03:31:46,638] {logging_mixin.py:109} INFO - [2022-07-09 03:31:46,638] {dagbag.py:500} INFO - Filling up the DagBag from /opt/airflow/dags/data_ingestion_gcs_full_yt.py
[2022-07-09 03:31:46,811] {processor.py:654} INFO - DAG(s) dict_keys(['data_ingestion_gcs_full_yt2']) retrieved from /opt/airflow/dags/data_ingestion_gcs_full_yt.py
[2022-07-09 03:31:46,834] {logging_mixin.py:109} INFO - [2022-07-09 03:31:46,831] {dag.py:2396} INFO - Sync 1 DAGs
[2022-07-09 03:31:46,870] {logging_mixin.py:109} INFO - [2022-07-09 03:31:46,870] {dag.py:2935} INFO - Setting next_dagrun for data_ingestion_gcs_full_yt2 to 2022-07-06T06:00:00+00:00
[2022-07-09 03:31:46,890] {processor.py:171} INFO - Processing /opt/airflow/dags/data_ingestion_gcs_full_yt.py took 0.264 seconds
[2022-07-09 03:32:17,674] {processor.py:163} INFO - Started process (PID=28445) to work on /opt/airflow/dags/data_ingestion_gcs_full_yt.py
[2022-07-09 03:32:17,679] {processor.py:642} INFO - Processing file /opt/airflow/dags/data_ingestion_gcs_full_yt.py for tasks to queue
[2022-07-09 03:32:17,686] {logging_mixin.py:109} INFO - [2022-07-09 03:32:17,685] {dagbag.py:500} INFO - Filling up the DagBag from /opt/airflow/dags/data_ingestion_gcs_full_yt.py
[2022-07-09 03:32:17,874] {processor.py:654} INFO - DAG(s) dict_keys(['data_ingestion_gcs_full_yt2']) retrieved from /opt/airflow/dags/data_ingestion_gcs_full_yt.py
[2022-07-09 03:32:17,901] {logging_mixin.py:109} INFO - [2022-07-09 03:32:17,899] {dag.py:2396} INFO - Sync 1 DAGs
[2022-07-09 03:32:17,940] {logging_mixin.py:109} INFO - [2022-07-09 03:32:17,940] {dag.py:2935} INFO - Setting next_dagrun for data_ingestion_gcs_full_yt2 to 2022-07-06T06:00:00+00:00
[2022-07-09 03:32:17,966] {processor.py:171} INFO - Processing /opt/airflow/dags/data_ingestion_gcs_full_yt.py took 0.300 seconds
[2022-07-09 03:32:48,061] {processor.py:163} INFO - Started process (PID=28478) to work on /opt/airflow/dags/data_ingestion_gcs_full_yt.py
[2022-07-09 03:32:48,067] {processor.py:642} INFO - Processing file /opt/airflow/dags/data_ingestion_gcs_full_yt.py for tasks to queue
[2022-07-09 03:32:48,069] {logging_mixin.py:109} INFO - [2022-07-09 03:32:48,069] {dagbag.py:500} INFO - Filling up the DagBag from /opt/airflow/dags/data_ingestion_gcs_full_yt.py
[2022-07-09 03:32:48,298] {processor.py:654} INFO - DAG(s) dict_keys(['data_ingestion_gcs_full_yt2']) retrieved from /opt/airflow/dags/data_ingestion_gcs_full_yt.py
[2022-07-09 03:32:48,315] {logging_mixin.py:109} INFO - [2022-07-09 03:32:48,313] {dag.py:2396} INFO - Sync 1 DAGs
[2022-07-09 03:32:48,346] {logging_mixin.py:109} INFO - [2022-07-09 03:32:48,346] {dag.py:2935} INFO - Setting next_dagrun for data_ingestion_gcs_full_yt2 to 2022-07-06T06:00:00+00:00
[2022-07-09 03:32:48,362] {processor.py:171} INFO - Processing /opt/airflow/dags/data_ingestion_gcs_full_yt.py took 0.308 seconds
[2022-07-09 03:33:18,494] {processor.py:163} INFO - Started process (PID=28512) to work on /opt/airflow/dags/data_ingestion_gcs_full_yt.py
[2022-07-09 03:33:18,501] {processor.py:642} INFO - Processing file /opt/airflow/dags/data_ingestion_gcs_full_yt.py for tasks to queue
[2022-07-09 03:33:18,509] {logging_mixin.py:109} INFO - [2022-07-09 03:33:18,509] {dagbag.py:500} INFO - Filling up the DagBag from /opt/airflow/dags/data_ingestion_gcs_full_yt.py
[2022-07-09 03:33:18,742] {processor.py:654} INFO - DAG(s) dict_keys(['data_ingestion_gcs_full_yt2']) retrieved from /opt/airflow/dags/data_ingestion_gcs_full_yt.py
[2022-07-09 03:33:18,773] {logging_mixin.py:109} INFO - [2022-07-09 03:33:18,767] {dag.py:2396} INFO - Sync 1 DAGs
[2022-07-09 03:33:18,822] {logging_mixin.py:109} INFO - [2022-07-09 03:33:18,822] {dag.py:2935} INFO - Setting next_dagrun for data_ingestion_gcs_full_yt2 to 2022-07-06T06:00:00+00:00
[2022-07-09 03:33:18,853] {processor.py:171} INFO - Processing /opt/airflow/dags/data_ingestion_gcs_full_yt.py took 0.369 seconds
[2022-07-09 03:33:49,951] {processor.py:163} INFO - Started process (PID=28545) to work on /opt/airflow/dags/data_ingestion_gcs_full_yt.py
[2022-07-09 03:33:49,954] {processor.py:642} INFO - Processing file /opt/airflow/dags/data_ingestion_gcs_full_yt.py for tasks to queue
[2022-07-09 03:33:49,956] {logging_mixin.py:109} INFO - [2022-07-09 03:33:49,956] {dagbag.py:500} INFO - Filling up the DagBag from /opt/airflow/dags/data_ingestion_gcs_full_yt.py
[2022-07-09 03:33:50,116] {processor.py:654} INFO - DAG(s) dict_keys(['data_ingestion_gcs_full_yt2']) retrieved from /opt/airflow/dags/data_ingestion_gcs_full_yt.py
[2022-07-09 03:33:50,134] {logging_mixin.py:109} INFO - [2022-07-09 03:33:50,132] {dag.py:2396} INFO - Sync 1 DAGs
[2022-07-09 03:33:50,161] {logging_mixin.py:109} INFO - [2022-07-09 03:33:50,160] {dag.py:2935} INFO - Setting next_dagrun for data_ingestion_gcs_full_yt2 to 2022-07-06T06:00:00+00:00
[2022-07-09 03:33:50,176] {processor.py:171} INFO - Processing /opt/airflow/dags/data_ingestion_gcs_full_yt.py took 0.235 seconds
[2022-07-09 03:34:21,180] {processor.py:163} INFO - Started process (PID=28590) to work on /opt/airflow/dags/data_ingestion_gcs_full_yt.py
[2022-07-09 03:34:21,185] {processor.py:642} INFO - Processing file /opt/airflow/dags/data_ingestion_gcs_full_yt.py for tasks to queue
[2022-07-09 03:34:21,187] {logging_mixin.py:109} INFO - [2022-07-09 03:34:21,187] {dagbag.py:500} INFO - Filling up the DagBag from /opt/airflow/dags/data_ingestion_gcs_full_yt.py
[2022-07-09 03:34:21,404] {processor.py:654} INFO - DAG(s) dict_keys(['data_ingestion_gcs_full_yt2']) retrieved from /opt/airflow/dags/data_ingestion_gcs_full_yt.py
[2022-07-09 03:34:21,426] {logging_mixin.py:109} INFO - [2022-07-09 03:34:21,423] {dag.py:2396} INFO - Sync 1 DAGs
[2022-07-09 03:34:21,455] {logging_mixin.py:109} INFO - [2022-07-09 03:34:21,455] {dag.py:2935} INFO - Setting next_dagrun for data_ingestion_gcs_full_yt2 to 2022-07-06T06:00:00+00:00
[2022-07-09 03:34:21,469] {processor.py:171} INFO - Processing /opt/airflow/dags/data_ingestion_gcs_full_yt.py took 0.299 seconds
[2022-07-09 03:34:51,560] {processor.py:163} INFO - Started process (PID=28622) to work on /opt/airflow/dags/data_ingestion_gcs_full_yt.py
[2022-07-09 03:34:51,574] {processor.py:642} INFO - Processing file /opt/airflow/dags/data_ingestion_gcs_full_yt.py for tasks to queue
[2022-07-09 03:34:51,578] {logging_mixin.py:109} INFO - [2022-07-09 03:34:51,577] {dagbag.py:500} INFO - Filling up the DagBag from /opt/airflow/dags/data_ingestion_gcs_full_yt.py
[2022-07-09 03:34:51,720] {processor.py:654} INFO - DAG(s) dict_keys(['data_ingestion_gcs_full_yt2']) retrieved from /opt/airflow/dags/data_ingestion_gcs_full_yt.py
[2022-07-09 03:34:51,739] {logging_mixin.py:109} INFO - [2022-07-09 03:34:51,737] {dag.py:2396} INFO - Sync 1 DAGs
[2022-07-09 03:34:51,770] {logging_mixin.py:109} INFO - [2022-07-09 03:34:51,770] {dag.py:2935} INFO - Setting next_dagrun for data_ingestion_gcs_full_yt2 to 2022-07-06T06:00:00+00:00
[2022-07-09 03:34:51,792] {processor.py:171} INFO - Processing /opt/airflow/dags/data_ingestion_gcs_full_yt.py took 0.251 seconds
[2022-07-09 03:35:22,490] {processor.py:163} INFO - Started process (PID=28655) to work on /opt/airflow/dags/data_ingestion_gcs_full_yt.py
[2022-07-09 03:35:22,495] {processor.py:642} INFO - Processing file /opt/airflow/dags/data_ingestion_gcs_full_yt.py for tasks to queue
[2022-07-09 03:35:22,500] {logging_mixin.py:109} INFO - [2022-07-09 03:35:22,500] {dagbag.py:500} INFO - Filling up the DagBag from /opt/airflow/dags/data_ingestion_gcs_full_yt.py
[2022-07-09 03:35:22,747] {processor.py:654} INFO - DAG(s) dict_keys(['data_ingestion_gcs_full_yt2']) retrieved from /opt/airflow/dags/data_ingestion_gcs_full_yt.py
[2022-07-09 03:35:22,783] {logging_mixin.py:109} INFO - [2022-07-09 03:35:22,779] {dag.py:2396} INFO - Sync 1 DAGs
[2022-07-09 03:35:22,844] {logging_mixin.py:109} INFO - [2022-07-09 03:35:22,844] {dag.py:2935} INFO - Setting next_dagrun for data_ingestion_gcs_full_yt2 to 2022-07-06T06:00:00+00:00
[2022-07-09 03:35:22,865] {processor.py:171} INFO - Processing /opt/airflow/dags/data_ingestion_gcs_full_yt.py took 0.396 seconds
[2022-07-09 03:35:53,778] {processor.py:163} INFO - Started process (PID=28686) to work on /opt/airflow/dags/data_ingestion_gcs_full_yt.py
[2022-07-09 03:35:53,782] {processor.py:642} INFO - Processing file /opt/airflow/dags/data_ingestion_gcs_full_yt.py for tasks to queue
[2022-07-09 03:35:53,784] {logging_mixin.py:109} INFO - [2022-07-09 03:35:53,783] {dagbag.py:500} INFO - Filling up the DagBag from /opt/airflow/dags/data_ingestion_gcs_full_yt.py
[2022-07-09 03:35:53,946] {processor.py:654} INFO - DAG(s) dict_keys(['data_ingestion_gcs_full_yt2']) retrieved from /opt/airflow/dags/data_ingestion_gcs_full_yt.py
[2022-07-09 03:35:53,991] {logging_mixin.py:109} INFO - [2022-07-09 03:35:53,987] {dag.py:2396} INFO - Sync 1 DAGs
[2022-07-09 03:35:54,048] {logging_mixin.py:109} INFO - [2022-07-09 03:35:54,048] {dag.py:2935} INFO - Setting next_dagrun for data_ingestion_gcs_full_yt2 to 2022-07-06T06:00:00+00:00
[2022-07-09 03:35:54,070] {processor.py:171} INFO - Processing /opt/airflow/dags/data_ingestion_gcs_full_yt.py took 0.297 seconds
[2022-07-09 03:36:24,250] {processor.py:163} INFO - Started process (PID=28729) to work on /opt/airflow/dags/data_ingestion_gcs_full_yt.py
[2022-07-09 03:36:24,258] {processor.py:642} INFO - Processing file /opt/airflow/dags/data_ingestion_gcs_full_yt.py for tasks to queue
[2022-07-09 03:36:24,260] {logging_mixin.py:109} INFO - [2022-07-09 03:36:24,260] {dagbag.py:500} INFO - Filling up the DagBag from /opt/airflow/dags/data_ingestion_gcs_full_yt.py
[2022-07-09 03:36:24,520] {processor.py:654} INFO - DAG(s) dict_keys(['data_ingestion_gcs_full_yt2']) retrieved from /opt/airflow/dags/data_ingestion_gcs_full_yt.py
[2022-07-09 03:36:24,621] {logging_mixin.py:109} INFO - [2022-07-09 03:36:24,616] {dag.py:2396} INFO - Sync 1 DAGs
[2022-07-09 03:36:24,748] {logging_mixin.py:109} INFO - [2022-07-09 03:36:24,748] {dag.py:2935} INFO - Setting next_dagrun for data_ingestion_gcs_full_yt2 to 2022-07-06T06:00:00+00:00
[2022-07-09 03:36:24,782] {processor.py:171} INFO - Processing /opt/airflow/dags/data_ingestion_gcs_full_yt.py took 0.545 seconds
[2022-07-09 03:36:54,878] {processor.py:163} INFO - Started process (PID=28761) to work on /opt/airflow/dags/data_ingestion_gcs_full_yt.py
[2022-07-09 03:36:54,882] {processor.py:642} INFO - Processing file /opt/airflow/dags/data_ingestion_gcs_full_yt.py for tasks to queue
[2022-07-09 03:36:54,885] {logging_mixin.py:109} INFO - [2022-07-09 03:36:54,884] {dagbag.py:500} INFO - Filling up the DagBag from /opt/airflow/dags/data_ingestion_gcs_full_yt.py
[2022-07-09 03:36:55,066] {processor.py:654} INFO - DAG(s) dict_keys(['data_ingestion_gcs_full_yt2']) retrieved from /opt/airflow/dags/data_ingestion_gcs_full_yt.py
[2022-07-09 03:36:55,090] {logging_mixin.py:109} INFO - [2022-07-09 03:36:55,085] {dag.py:2396} INFO - Sync 1 DAGs
[2022-07-09 03:36:55,122] {logging_mixin.py:109} INFO - [2022-07-09 03:36:55,122] {dag.py:2935} INFO - Setting next_dagrun for data_ingestion_gcs_full_yt2 to 2022-07-06T06:00:00+00:00
[2022-07-09 03:36:55,133] {processor.py:171} INFO - Processing /opt/airflow/dags/data_ingestion_gcs_full_yt.py took 0.267 seconds
[2022-07-09 03:37:25,755] {processor.py:163} INFO - Started process (PID=28795) to work on /opt/airflow/dags/data_ingestion_gcs_full_yt.py
[2022-07-09 03:37:25,757] {processor.py:642} INFO - Processing file /opt/airflow/dags/data_ingestion_gcs_full_yt.py for tasks to queue
[2022-07-09 03:37:25,759] {logging_mixin.py:109} INFO - [2022-07-09 03:37:25,759] {dagbag.py:500} INFO - Filling up the DagBag from /opt/airflow/dags/data_ingestion_gcs_full_yt.py
[2022-07-09 03:37:25,900] {processor.py:654} INFO - DAG(s) dict_keys(['data_ingestion_gcs_full_yt2']) retrieved from /opt/airflow/dags/data_ingestion_gcs_full_yt.py
[2022-07-09 03:37:25,931] {logging_mixin.py:109} INFO - [2022-07-09 03:37:25,929] {dag.py:2396} INFO - Sync 1 DAGs
[2022-07-09 03:37:25,957] {logging_mixin.py:109} INFO - [2022-07-09 03:37:25,957] {dag.py:2935} INFO - Setting next_dagrun for data_ingestion_gcs_full_yt2 to 2022-07-06T06:00:00+00:00
[2022-07-09 03:37:25,970] {processor.py:171} INFO - Processing /opt/airflow/dags/data_ingestion_gcs_full_yt.py took 0.219 seconds
[2022-07-09 03:37:56,706] {processor.py:163} INFO - Started process (PID=28830) to work on /opt/airflow/dags/data_ingestion_gcs_full_yt.py
[2022-07-09 03:37:56,709] {processor.py:642} INFO - Processing file /opt/airflow/dags/data_ingestion_gcs_full_yt.py for tasks to queue
[2022-07-09 03:37:56,711] {logging_mixin.py:109} INFO - [2022-07-09 03:37:56,711] {dagbag.py:500} INFO - Filling up the DagBag from /opt/airflow/dags/data_ingestion_gcs_full_yt.py
[2022-07-09 03:37:56,847] {processor.py:654} INFO - DAG(s) dict_keys(['data_ingestion_gcs_full_yt2']) retrieved from /opt/airflow/dags/data_ingestion_gcs_full_yt.py
[2022-07-09 03:37:56,862] {logging_mixin.py:109} INFO - [2022-07-09 03:37:56,859] {dag.py:2396} INFO - Sync 1 DAGs
[2022-07-09 03:37:56,886] {logging_mixin.py:109} INFO - [2022-07-09 03:37:56,886] {dag.py:2935} INFO - Setting next_dagrun for data_ingestion_gcs_full_yt2 to 2022-07-06T06:00:00+00:00
[2022-07-09 03:37:56,898] {processor.py:171} INFO - Processing /opt/airflow/dags/data_ingestion_gcs_full_yt.py took 0.200 seconds
[2022-07-09 03:38:27,688] {processor.py:163} INFO - Started process (PID=28873) to work on /opt/airflow/dags/data_ingestion_gcs_full_yt.py
[2022-07-09 03:38:27,691] {processor.py:642} INFO - Processing file /opt/airflow/dags/data_ingestion_gcs_full_yt.py for tasks to queue
[2022-07-09 03:38:27,694] {logging_mixin.py:109} INFO - [2022-07-09 03:38:27,694] {dagbag.py:500} INFO - Filling up the DagBag from /opt/airflow/dags/data_ingestion_gcs_full_yt.py
[2022-07-09 03:38:27,888] {processor.py:654} INFO - DAG(s) dict_keys(['data_ingestion_gcs_full_yt2']) retrieved from /opt/airflow/dags/data_ingestion_gcs_full_yt.py
[2022-07-09 03:38:27,911] {logging_mixin.py:109} INFO - [2022-07-09 03:38:27,909] {dag.py:2396} INFO - Sync 1 DAGs
[2022-07-09 03:38:27,950] {logging_mixin.py:109} INFO - [2022-07-09 03:38:27,950] {dag.py:2935} INFO - Setting next_dagrun for data_ingestion_gcs_full_yt2 to 2022-07-06T06:00:00+00:00
[2022-07-09 03:38:27,961] {processor.py:171} INFO - Processing /opt/airflow/dags/data_ingestion_gcs_full_yt.py took 0.281 seconds
[2022-07-09 03:38:58,620] {processor.py:163} INFO - Started process (PID=28907) to work on /opt/airflow/dags/data_ingestion_gcs_full_yt.py
[2022-07-09 03:38:58,627] {processor.py:642} INFO - Processing file /opt/airflow/dags/data_ingestion_gcs_full_yt.py for tasks to queue
[2022-07-09 03:38:58,630] {logging_mixin.py:109} INFO - [2022-07-09 03:38:58,630] {dagbag.py:500} INFO - Filling up the DagBag from /opt/airflow/dags/data_ingestion_gcs_full_yt.py
[2022-07-09 03:38:58,785] {processor.py:654} INFO - DAG(s) dict_keys(['data_ingestion_gcs_full_yt2']) retrieved from /opt/airflow/dags/data_ingestion_gcs_full_yt.py
[2022-07-09 03:38:58,805] {logging_mixin.py:109} INFO - [2022-07-09 03:38:58,803] {dag.py:2396} INFO - Sync 1 DAGs
[2022-07-09 03:38:58,836] {logging_mixin.py:109} INFO - [2022-07-09 03:38:58,836] {dag.py:2935} INFO - Setting next_dagrun for data_ingestion_gcs_full_yt2 to 2022-07-06T06:00:00+00:00
[2022-07-09 03:38:58,860] {processor.py:171} INFO - Processing /opt/airflow/dags/data_ingestion_gcs_full_yt.py took 0.249 seconds
[2022-07-09 03:39:28,929] {processor.py:163} INFO - Started process (PID=28947) to work on /opt/airflow/dags/data_ingestion_gcs_full_yt.py
[2022-07-09 03:39:28,936] {processor.py:642} INFO - Processing file /opt/airflow/dags/data_ingestion_gcs_full_yt.py for tasks to queue
[2022-07-09 03:39:28,939] {logging_mixin.py:109} INFO - [2022-07-09 03:39:28,938] {dagbag.py:500} INFO - Filling up the DagBag from /opt/airflow/dags/data_ingestion_gcs_full_yt.py
[2022-07-09 03:39:29,173] {processor.py:654} INFO - DAG(s) dict_keys(['data_ingestion_gcs_full_yt2']) retrieved from /opt/airflow/dags/data_ingestion_gcs_full_yt.py
[2022-07-09 03:39:29,219] {logging_mixin.py:109} INFO - [2022-07-09 03:39:29,217] {dag.py:2396} INFO - Sync 1 DAGs
[2022-07-09 03:39:29,294] {logging_mixin.py:109} INFO - [2022-07-09 03:39:29,294] {dag.py:2935} INFO - Setting next_dagrun for data_ingestion_gcs_full_yt2 to 2022-07-06T06:00:00+00:00
[2022-07-09 03:39:29,328] {processor.py:171} INFO - Processing /opt/airflow/dags/data_ingestion_gcs_full_yt.py took 0.410 seconds
[2022-07-09 03:39:59,692] {processor.py:163} INFO - Started process (PID=28983) to work on /opt/airflow/dags/data_ingestion_gcs_full_yt.py
[2022-07-09 03:39:59,696] {processor.py:642} INFO - Processing file /opt/airflow/dags/data_ingestion_gcs_full_yt.py for tasks to queue
[2022-07-09 03:39:59,698] {logging_mixin.py:109} INFO - [2022-07-09 03:39:59,698] {dagbag.py:500} INFO - Filling up the DagBag from /opt/airflow/dags/data_ingestion_gcs_full_yt.py
[2022-07-09 03:39:59,859] {processor.py:654} INFO - DAG(s) dict_keys(['data_ingestion_gcs_full_yt2']) retrieved from /opt/airflow/dags/data_ingestion_gcs_full_yt.py
[2022-07-09 03:39:59,878] {logging_mixin.py:109} INFO - [2022-07-09 03:39:59,876] {dag.py:2396} INFO - Sync 1 DAGs
[2022-07-09 03:39:59,905] {logging_mixin.py:109} INFO - [2022-07-09 03:39:59,905] {dag.py:2935} INFO - Setting next_dagrun for data_ingestion_gcs_full_yt2 to 2022-07-06T06:00:00+00:00
[2022-07-09 03:39:59,921] {processor.py:171} INFO - Processing /opt/airflow/dags/data_ingestion_gcs_full_yt.py took 0.236 seconds
[2022-07-09 03:40:30,696] {processor.py:163} INFO - Started process (PID=29017) to work on /opt/airflow/dags/data_ingestion_gcs_full_yt.py
[2022-07-09 03:40:30,699] {processor.py:642} INFO - Processing file /opt/airflow/dags/data_ingestion_gcs_full_yt.py for tasks to queue
[2022-07-09 03:40:30,701] {logging_mixin.py:109} INFO - [2022-07-09 03:40:30,701] {dagbag.py:500} INFO - Filling up the DagBag from /opt/airflow/dags/data_ingestion_gcs_full_yt.py
[2022-07-09 03:40:30,828] {processor.py:654} INFO - DAG(s) dict_keys(['data_ingestion_gcs_full_yt2']) retrieved from /opt/airflow/dags/data_ingestion_gcs_full_yt.py
[2022-07-09 03:40:30,843] {logging_mixin.py:109} INFO - [2022-07-09 03:40:30,842] {dag.py:2396} INFO - Sync 1 DAGs
[2022-07-09 03:40:30,875] {logging_mixin.py:109} INFO - [2022-07-09 03:40:30,875] {dag.py:2935} INFO - Setting next_dagrun for data_ingestion_gcs_full_yt2 to 2022-07-06T06:00:00+00:00
[2022-07-09 03:40:30,894] {processor.py:171} INFO - Processing /opt/airflow/dags/data_ingestion_gcs_full_yt.py took 0.203 seconds
[2022-07-09 03:41:00,942] {processor.py:163} INFO - Started process (PID=29050) to work on /opt/airflow/dags/data_ingestion_gcs_full_yt.py
[2022-07-09 03:41:00,945] {processor.py:642} INFO - Processing file /opt/airflow/dags/data_ingestion_gcs_full_yt.py for tasks to queue
[2022-07-09 03:41:00,947] {logging_mixin.py:109} INFO - [2022-07-09 03:41:00,946] {dagbag.py:500} INFO - Filling up the DagBag from /opt/airflow/dags/data_ingestion_gcs_full_yt.py
[2022-07-09 03:41:01,102] {processor.py:654} INFO - DAG(s) dict_keys(['data_ingestion_gcs_full_yt2']) retrieved from /opt/airflow/dags/data_ingestion_gcs_full_yt.py
[2022-07-09 03:41:01,122] {logging_mixin.py:109} INFO - [2022-07-09 03:41:01,120] {dag.py:2396} INFO - Sync 1 DAGs
[2022-07-09 03:41:01,152] {logging_mixin.py:109} INFO - [2022-07-09 03:41:01,152] {dag.py:2935} INFO - Setting next_dagrun for data_ingestion_gcs_full_yt2 to 2022-07-06T06:00:00+00:00
[2022-07-09 03:41:01,164] {processor.py:171} INFO - Processing /opt/airflow/dags/data_ingestion_gcs_full_yt.py took 0.228 seconds
[2022-07-09 03:41:32,131] {processor.py:163} INFO - Started process (PID=29093) to work on /opt/airflow/dags/data_ingestion_gcs_full_yt.py
[2022-07-09 03:41:32,139] {processor.py:642} INFO - Processing file /opt/airflow/dags/data_ingestion_gcs_full_yt.py for tasks to queue
[2022-07-09 03:41:32,143] {logging_mixin.py:109} INFO - [2022-07-09 03:41:32,142] {dagbag.py:500} INFO - Filling up the DagBag from /opt/airflow/dags/data_ingestion_gcs_full_yt.py
[2022-07-09 03:41:32,306] {processor.py:654} INFO - DAG(s) dict_keys(['data_ingestion_gcs_full_yt2']) retrieved from /opt/airflow/dags/data_ingestion_gcs_full_yt.py
[2022-07-09 03:41:32,324] {logging_mixin.py:109} INFO - [2022-07-09 03:41:32,322] {dag.py:2396} INFO - Sync 1 DAGs
[2022-07-09 03:41:32,350] {logging_mixin.py:109} INFO - [2022-07-09 03:41:32,350] {dag.py:2935} INFO - Setting next_dagrun for data_ingestion_gcs_full_yt2 to 2022-07-06T06:00:00+00:00
[2022-07-09 03:41:32,363] {processor.py:171} INFO - Processing /opt/airflow/dags/data_ingestion_gcs_full_yt.py took 0.244 seconds
[2022-07-09 03:42:03,289] {processor.py:163} INFO - Started process (PID=29128) to work on /opt/airflow/dags/data_ingestion_gcs_full_yt.py
[2022-07-09 03:42:03,292] {processor.py:642} INFO - Processing file /opt/airflow/dags/data_ingestion_gcs_full_yt.py for tasks to queue
[2022-07-09 03:42:03,294] {logging_mixin.py:109} INFO - [2022-07-09 03:42:03,294] {dagbag.py:500} INFO - Filling up the DagBag from /opt/airflow/dags/data_ingestion_gcs_full_yt.py
[2022-07-09 03:42:03,467] {processor.py:654} INFO - DAG(s) dict_keys(['data_ingestion_gcs_full_yt2']) retrieved from /opt/airflow/dags/data_ingestion_gcs_full_yt.py
[2022-07-09 03:42:03,501] {logging_mixin.py:109} INFO - [2022-07-09 03:42:03,499] {dag.py:2396} INFO - Sync 1 DAGs
[2022-07-09 03:42:03,530] {logging_mixin.py:109} INFO - [2022-07-09 03:42:03,529] {dag.py:2935} INFO - Setting next_dagrun for data_ingestion_gcs_full_yt2 to 2022-07-06T06:00:00+00:00
[2022-07-09 03:42:03,543] {processor.py:171} INFO - Processing /opt/airflow/dags/data_ingestion_gcs_full_yt.py took 0.263 seconds
[2022-07-09 03:42:34,927] {processor.py:163} INFO - Started process (PID=29163) to work on /opt/airflow/dags/data_ingestion_gcs_full_yt.py
[2022-07-09 03:42:34,933] {processor.py:642} INFO - Processing file /opt/airflow/dags/data_ingestion_gcs_full_yt.py for tasks to queue
[2022-07-09 03:42:34,935] {logging_mixin.py:109} INFO - [2022-07-09 03:42:34,935] {dagbag.py:500} INFO - Filling up the DagBag from /opt/airflow/dags/data_ingestion_gcs_full_yt.py
[2022-07-09 03:42:35,164] {processor.py:654} INFO - DAG(s) dict_keys(['data_ingestion_gcs_full_yt2']) retrieved from /opt/airflow/dags/data_ingestion_gcs_full_yt.py
[2022-07-09 03:42:35,197] {logging_mixin.py:109} INFO - [2022-07-09 03:42:35,194] {dag.py:2396} INFO - Sync 1 DAGs
[2022-07-09 03:42:35,244] {logging_mixin.py:109} INFO - [2022-07-09 03:42:35,243] {dag.py:2935} INFO - Setting next_dagrun for data_ingestion_gcs_full_yt2 to 2022-07-06T06:00:00+00:00
[2022-07-09 03:42:35,270] {processor.py:171} INFO - Processing /opt/airflow/dags/data_ingestion_gcs_full_yt.py took 0.352 seconds
[2022-07-09 03:43:05,466] {processor.py:163} INFO - Started process (PID=29207) to work on /opt/airflow/dags/data_ingestion_gcs_full_yt.py
[2022-07-09 03:43:05,468] {processor.py:642} INFO - Processing file /opt/airflow/dags/data_ingestion_gcs_full_yt.py for tasks to queue
[2022-07-09 03:43:05,470] {logging_mixin.py:109} INFO - [2022-07-09 03:43:05,470] {dagbag.py:500} INFO - Filling up the DagBag from /opt/airflow/dags/data_ingestion_gcs_full_yt.py
[2022-07-09 03:43:05,599] {processor.py:654} INFO - DAG(s) dict_keys(['data_ingestion_gcs_full_yt2']) retrieved from /opt/airflow/dags/data_ingestion_gcs_full_yt.py
[2022-07-09 03:43:05,614] {logging_mixin.py:109} INFO - [2022-07-09 03:43:05,612] {dag.py:2396} INFO - Sync 1 DAGs
[2022-07-09 03:43:05,639] {logging_mixin.py:109} INFO - [2022-07-09 03:43:05,638] {dag.py:2935} INFO - Setting next_dagrun for data_ingestion_gcs_full_yt2 to 2022-07-06T06:00:00+00:00
[2022-07-09 03:43:05,651] {processor.py:171} INFO - Processing /opt/airflow/dags/data_ingestion_gcs_full_yt.py took 0.190 seconds
[2022-07-09 03:43:36,234] {processor.py:163} INFO - Started process (PID=29238) to work on /opt/airflow/dags/data_ingestion_gcs_full_yt.py
[2022-07-09 03:43:36,237] {processor.py:642} INFO - Processing file /opt/airflow/dags/data_ingestion_gcs_full_yt.py for tasks to queue
[2022-07-09 03:43:36,239] {logging_mixin.py:109} INFO - [2022-07-09 03:43:36,239] {dagbag.py:500} INFO - Filling up the DagBag from /opt/airflow/dags/data_ingestion_gcs_full_yt.py
[2022-07-09 03:43:36,390] {processor.py:654} INFO - DAG(s) dict_keys(['data_ingestion_gcs_full_yt2']) retrieved from /opt/airflow/dags/data_ingestion_gcs_full_yt.py
[2022-07-09 03:43:36,408] {logging_mixin.py:109} INFO - [2022-07-09 03:43:36,406] {dag.py:2396} INFO - Sync 1 DAGs
[2022-07-09 03:43:36,433] {logging_mixin.py:109} INFO - [2022-07-09 03:43:36,433] {dag.py:2935} INFO - Setting next_dagrun for data_ingestion_gcs_full_yt2 to 2022-07-06T06:00:00+00:00
[2022-07-09 03:43:36,447] {processor.py:171} INFO - Processing /opt/airflow/dags/data_ingestion_gcs_full_yt.py took 0.221 seconds
[2022-07-09 03:44:07,350] {processor.py:163} INFO - Started process (PID=29278) to work on /opt/airflow/dags/data_ingestion_gcs_full_yt.py
[2022-07-09 03:44:07,362] {processor.py:642} INFO - Processing file /opt/airflow/dags/data_ingestion_gcs_full_yt.py for tasks to queue
[2022-07-09 03:44:07,370] {logging_mixin.py:109} INFO - [2022-07-09 03:44:07,370] {dagbag.py:500} INFO - Filling up the DagBag from /opt/airflow/dags/data_ingestion_gcs_full_yt.py
[2022-07-09 03:44:07,706] {processor.py:654} INFO - DAG(s) dict_keys(['data_ingestion_gcs_full_yt2']) retrieved from /opt/airflow/dags/data_ingestion_gcs_full_yt.py
[2022-07-09 03:44:07,743] {logging_mixin.py:109} INFO - [2022-07-09 03:44:07,741] {dag.py:2396} INFO - Sync 1 DAGs
[2022-07-09 03:44:07,780] {logging_mixin.py:109} INFO - [2022-07-09 03:44:07,780] {dag.py:2935} INFO - Setting next_dagrun for data_ingestion_gcs_full_yt2 to 2022-07-06T06:00:00+00:00
[2022-07-09 03:44:07,801] {processor.py:171} INFO - Processing /opt/airflow/dags/data_ingestion_gcs_full_yt.py took 0.465 seconds
[2022-07-09 03:44:38,224] {processor.py:163} INFO - Started process (PID=29314) to work on /opt/airflow/dags/data_ingestion_gcs_full_yt.py
[2022-07-09 03:44:38,231] {processor.py:642} INFO - Processing file /opt/airflow/dags/data_ingestion_gcs_full_yt.py for tasks to queue
[2022-07-09 03:44:38,237] {logging_mixin.py:109} INFO - [2022-07-09 03:44:38,236] {dagbag.py:500} INFO - Filling up the DagBag from /opt/airflow/dags/data_ingestion_gcs_full_yt.py
[2022-07-09 03:44:38,432] {processor.py:654} INFO - DAG(s) dict_keys(['data_ingestion_gcs_full_yt2']) retrieved from /opt/airflow/dags/data_ingestion_gcs_full_yt.py
[2022-07-09 03:44:38,454] {logging_mixin.py:109} INFO - [2022-07-09 03:44:38,452] {dag.py:2396} INFO - Sync 1 DAGs
[2022-07-09 03:44:38,485] {logging_mixin.py:109} INFO - [2022-07-09 03:44:38,485] {dag.py:2935} INFO - Setting next_dagrun for data_ingestion_gcs_full_yt2 to 2022-07-06T06:00:00+00:00
[2022-07-09 03:44:38,498] {processor.py:171} INFO - Processing /opt/airflow/dags/data_ingestion_gcs_full_yt.py took 0.287 seconds
[2022-07-09 03:45:09,063] {processor.py:163} INFO - Started process (PID=29348) to work on /opt/airflow/dags/data_ingestion_gcs_full_yt.py
[2022-07-09 03:45:09,067] {processor.py:642} INFO - Processing file /opt/airflow/dags/data_ingestion_gcs_full_yt.py for tasks to queue
[2022-07-09 03:45:09,070] {logging_mixin.py:109} INFO - [2022-07-09 03:45:09,069] {dagbag.py:500} INFO - Filling up the DagBag from /opt/airflow/dags/data_ingestion_gcs_full_yt.py
[2022-07-09 03:45:09,234] {processor.py:654} INFO - DAG(s) dict_keys(['data_ingestion_gcs_full_yt2']) retrieved from /opt/airflow/dags/data_ingestion_gcs_full_yt.py
[2022-07-09 03:45:09,250] {logging_mixin.py:109} INFO - [2022-07-09 03:45:09,248] {dag.py:2396} INFO - Sync 1 DAGs
[2022-07-09 03:45:09,276] {logging_mixin.py:109} INFO - [2022-07-09 03:45:09,276] {dag.py:2935} INFO - Setting next_dagrun for data_ingestion_gcs_full_yt2 to 2022-07-06T06:00:00+00:00
[2022-07-09 03:45:09,290] {processor.py:171} INFO - Processing /opt/airflow/dags/data_ingestion_gcs_full_yt.py took 0.239 seconds
[2022-07-09 03:45:40,121] {processor.py:163} INFO - Started process (PID=29381) to work on /opt/airflow/dags/data_ingestion_gcs_full_yt.py
[2022-07-09 03:45:40,124] {processor.py:642} INFO - Processing file /opt/airflow/dags/data_ingestion_gcs_full_yt.py for tasks to queue
[2022-07-09 03:45:40,127] {logging_mixin.py:109} INFO - [2022-07-09 03:45:40,127] {dagbag.py:500} INFO - Filling up the DagBag from /opt/airflow/dags/data_ingestion_gcs_full_yt.py
[2022-07-09 03:45:40,320] {processor.py:654} INFO - DAG(s) dict_keys(['data_ingestion_gcs_full_yt2']) retrieved from /opt/airflow/dags/data_ingestion_gcs_full_yt.py
[2022-07-09 03:45:40,339] {logging_mixin.py:109} INFO - [2022-07-09 03:45:40,337] {dag.py:2396} INFO - Sync 1 DAGs
[2022-07-09 03:45:40,383] {logging_mixin.py:109} INFO - [2022-07-09 03:45:40,382] {dag.py:2935} INFO - Setting next_dagrun for data_ingestion_gcs_full_yt2 to 2022-07-06T06:00:00+00:00
[2022-07-09 03:45:40,400] {processor.py:171} INFO - Processing /opt/airflow/dags/data_ingestion_gcs_full_yt.py took 0.286 seconds
[2022-07-09 03:46:10,918] {processor.py:163} INFO - Started process (PID=29425) to work on /opt/airflow/dags/data_ingestion_gcs_full_yt.py
[2022-07-09 03:46:10,922] {processor.py:642} INFO - Processing file /opt/airflow/dags/data_ingestion_gcs_full_yt.py for tasks to queue
[2022-07-09 03:46:10,924] {logging_mixin.py:109} INFO - [2022-07-09 03:46:10,923] {dagbag.py:500} INFO - Filling up the DagBag from /opt/airflow/dags/data_ingestion_gcs_full_yt.py
[2022-07-09 03:46:11,147] {processor.py:654} INFO - DAG(s) dict_keys(['data_ingestion_gcs_full_yt2']) retrieved from /opt/airflow/dags/data_ingestion_gcs_full_yt.py
[2022-07-09 03:46:11,167] {logging_mixin.py:109} INFO - [2022-07-09 03:46:11,165] {dag.py:2396} INFO - Sync 1 DAGs
[2022-07-09 03:46:11,192] {logging_mixin.py:109} INFO - [2022-07-09 03:46:11,192] {dag.py:2935} INFO - Setting next_dagrun for data_ingestion_gcs_full_yt2 to 2022-07-06T06:00:00+00:00
[2022-07-09 03:46:11,209] {processor.py:171} INFO - Processing /opt/airflow/dags/data_ingestion_gcs_full_yt.py took 0.298 seconds
[2022-07-09 03:46:41,829] {processor.py:163} INFO - Started process (PID=29460) to work on /opt/airflow/dags/data_ingestion_gcs_full_yt.py
[2022-07-09 03:46:41,834] {processor.py:642} INFO - Processing file /opt/airflow/dags/data_ingestion_gcs_full_yt.py for tasks to queue
[2022-07-09 03:46:41,841] {logging_mixin.py:109} INFO - [2022-07-09 03:46:41,841] {dagbag.py:500} INFO - Filling up the DagBag from /opt/airflow/dags/data_ingestion_gcs_full_yt.py
[2022-07-09 03:46:42,008] {processor.py:654} INFO - DAG(s) dict_keys(['data_ingestion_gcs_full_yt2']) retrieved from /opt/airflow/dags/data_ingestion_gcs_full_yt.py
[2022-07-09 03:46:42,029] {logging_mixin.py:109} INFO - [2022-07-09 03:46:42,028] {dag.py:2396} INFO - Sync 1 DAGs
[2022-07-09 03:46:42,075] {logging_mixin.py:109} INFO - [2022-07-09 03:46:42,075] {dag.py:2935} INFO - Setting next_dagrun for data_ingestion_gcs_full_yt2 to 2022-07-06T06:00:00+00:00
[2022-07-09 03:46:42,092] {processor.py:171} INFO - Processing /opt/airflow/dags/data_ingestion_gcs_full_yt.py took 0.270 seconds
[2022-07-09 03:47:12,805] {processor.py:163} INFO - Started process (PID=29494) to work on /opt/airflow/dags/data_ingestion_gcs_full_yt.py
[2022-07-09 03:47:12,808] {processor.py:642} INFO - Processing file /opt/airflow/dags/data_ingestion_gcs_full_yt.py for tasks to queue
[2022-07-09 03:47:12,810] {logging_mixin.py:109} INFO - [2022-07-09 03:47:12,810] {dagbag.py:500} INFO - Filling up the DagBag from /opt/airflow/dags/data_ingestion_gcs_full_yt.py
[2022-07-09 03:47:12,974] {processor.py:654} INFO - DAG(s) dict_keys(['data_ingestion_gcs_full_yt2']) retrieved from /opt/airflow/dags/data_ingestion_gcs_full_yt.py
[2022-07-09 03:47:13,002] {logging_mixin.py:109} INFO - [2022-07-09 03:47:12,997] {dag.py:2396} INFO - Sync 1 DAGs
[2022-07-09 03:47:13,045] {logging_mixin.py:109} INFO - [2022-07-09 03:47:13,045] {dag.py:2935} INFO - Setting next_dagrun for data_ingestion_gcs_full_yt2 to 2022-07-06T06:00:00+00:00
[2022-07-09 03:47:13,067] {processor.py:171} INFO - Processing /opt/airflow/dags/data_ingestion_gcs_full_yt.py took 0.268 seconds
[2022-07-09 03:47:43,980] {processor.py:163} INFO - Started process (PID=29541) to work on /opt/airflow/dags/data_ingestion_gcs_full_yt.py
[2022-07-09 03:47:43,997] {processor.py:642} INFO - Processing file /opt/airflow/dags/data_ingestion_gcs_full_yt.py for tasks to queue
[2022-07-09 03:47:44,001] {logging_mixin.py:109} INFO - [2022-07-09 03:47:44,000] {dagbag.py:500} INFO - Filling up the DagBag from /opt/airflow/dags/data_ingestion_gcs_full_yt.py
[2022-07-09 03:47:44,230] {processor.py:654} INFO - DAG(s) dict_keys(['data_ingestion_gcs_full_yt2']) retrieved from /opt/airflow/dags/data_ingestion_gcs_full_yt.py
[2022-07-09 03:47:44,267] {logging_mixin.py:109} INFO - [2022-07-09 03:47:44,264] {dag.py:2396} INFO - Sync 1 DAGs
[2022-07-09 03:47:44,305] {logging_mixin.py:109} INFO - [2022-07-09 03:47:44,304] {dag.py:2935} INFO - Setting next_dagrun for data_ingestion_gcs_full_yt2 to 2022-07-06T06:00:00+00:00
[2022-07-09 03:47:44,326] {processor.py:171} INFO - Processing /opt/airflow/dags/data_ingestion_gcs_full_yt.py took 0.355 seconds
[2022-07-09 03:48:14,961] {processor.py:163} INFO - Started process (PID=29576) to work on /opt/airflow/dags/data_ingestion_gcs_full_yt.py
[2022-07-09 03:48:14,977] {processor.py:642} INFO - Processing file /opt/airflow/dags/data_ingestion_gcs_full_yt.py for tasks to queue
[2022-07-09 03:48:14,981] {logging_mixin.py:109} INFO - [2022-07-09 03:48:14,981] {dagbag.py:500} INFO - Filling up the DagBag from /opt/airflow/dags/data_ingestion_gcs_full_yt.py
[2022-07-09 03:48:16,185] {processor.py:654} INFO - DAG(s) dict_keys(['data_ingestion_gcs_full_yt2']) retrieved from /opt/airflow/dags/data_ingestion_gcs_full_yt.py
[2022-07-09 03:48:16,217] {logging_mixin.py:109} INFO - [2022-07-09 03:48:16,213] {dag.py:2396} INFO - Sync 1 DAGs
[2022-07-09 03:48:16,334] {logging_mixin.py:109} INFO - [2022-07-09 03:48:16,333] {dag.py:2935} INFO - Setting next_dagrun for data_ingestion_gcs_full_yt2 to 2022-07-06T06:00:00+00:00
[2022-07-09 03:48:16,401] {processor.py:171} INFO - Processing /opt/airflow/dags/data_ingestion_gcs_full_yt.py took 1.493 seconds
[2022-07-09 03:48:47,054] {processor.py:163} INFO - Started process (PID=29609) to work on /opt/airflow/dags/data_ingestion_gcs_full_yt.py
[2022-07-09 03:48:47,058] {processor.py:642} INFO - Processing file /opt/airflow/dags/data_ingestion_gcs_full_yt.py for tasks to queue
[2022-07-09 03:48:47,061] {logging_mixin.py:109} INFO - [2022-07-09 03:48:47,061] {dagbag.py:500} INFO - Filling up the DagBag from /opt/airflow/dags/data_ingestion_gcs_full_yt.py
[2022-07-09 03:48:47,207] {processor.py:654} INFO - DAG(s) dict_keys(['data_ingestion_gcs_full_yt2']) retrieved from /opt/airflow/dags/data_ingestion_gcs_full_yt.py
[2022-07-09 03:48:47,224] {logging_mixin.py:109} INFO - [2022-07-09 03:48:47,222] {dag.py:2396} INFO - Sync 1 DAGs
[2022-07-09 03:48:47,249] {logging_mixin.py:109} INFO - [2022-07-09 03:48:47,249] {dag.py:2935} INFO - Setting next_dagrun for data_ingestion_gcs_full_yt2 to 2022-07-06T06:00:00+00:00
[2022-07-09 03:48:47,266] {processor.py:171} INFO - Processing /opt/airflow/dags/data_ingestion_gcs_full_yt.py took 0.217 seconds
[2022-07-09 03:49:18,158] {processor.py:163} INFO - Started process (PID=29641) to work on /opt/airflow/dags/data_ingestion_gcs_full_yt.py
[2022-07-09 03:49:18,161] {processor.py:642} INFO - Processing file /opt/airflow/dags/data_ingestion_gcs_full_yt.py for tasks to queue
[2022-07-09 03:49:18,163] {logging_mixin.py:109} INFO - [2022-07-09 03:49:18,163] {dagbag.py:500} INFO - Filling up the DagBag from /opt/airflow/dags/data_ingestion_gcs_full_yt.py
[2022-07-09 03:49:18,359] {processor.py:654} INFO - DAG(s) dict_keys(['data_ingestion_gcs_full_yt2']) retrieved from /opt/airflow/dags/data_ingestion_gcs_full_yt.py
[2022-07-09 03:49:18,382] {logging_mixin.py:109} INFO - [2022-07-09 03:49:18,379] {dag.py:2396} INFO - Sync 1 DAGs
[2022-07-09 03:49:18,411] {logging_mixin.py:109} INFO - [2022-07-09 03:49:18,411] {dag.py:2935} INFO - Setting next_dagrun for data_ingestion_gcs_full_yt2 to 2022-07-06T06:00:00+00:00
[2022-07-09 03:49:18,428] {processor.py:171} INFO - Processing /opt/airflow/dags/data_ingestion_gcs_full_yt.py took 0.276 seconds
[2022-07-09 03:49:48,913] {processor.py:163} INFO - Started process (PID=29675) to work on /opt/airflow/dags/data_ingestion_gcs_full_yt.py
[2022-07-09 03:49:48,919] {processor.py:642} INFO - Processing file /opt/airflow/dags/data_ingestion_gcs_full_yt.py for tasks to queue
[2022-07-09 03:49:48,920] {logging_mixin.py:109} INFO - [2022-07-09 03:49:48,920] {dagbag.py:500} INFO - Filling up the DagBag from /opt/airflow/dags/data_ingestion_gcs_full_yt.py
[2022-07-09 03:49:49,097] {processor.py:654} INFO - DAG(s) dict_keys(['data_ingestion_gcs_full_yt2']) retrieved from /opt/airflow/dags/data_ingestion_gcs_full_yt.py
[2022-07-09 03:49:49,115] {logging_mixin.py:109} INFO - [2022-07-09 03:49:49,113] {dag.py:2396} INFO - Sync 1 DAGs
[2022-07-09 03:49:49,143] {logging_mixin.py:109} INFO - [2022-07-09 03:49:49,143] {dag.py:2935} INFO - Setting next_dagrun for data_ingestion_gcs_full_yt2 to 2022-07-06T06:00:00+00:00
[2022-07-09 03:49:49,161] {processor.py:171} INFO - Processing /opt/airflow/dags/data_ingestion_gcs_full_yt.py took 0.259 seconds
[2022-07-09 03:50:19,464] {processor.py:163} INFO - Started process (PID=29719) to work on /opt/airflow/dags/data_ingestion_gcs_full_yt.py
[2022-07-09 03:50:19,468] {processor.py:642} INFO - Processing file /opt/airflow/dags/data_ingestion_gcs_full_yt.py for tasks to queue
[2022-07-09 03:50:19,470] {logging_mixin.py:109} INFO - [2022-07-09 03:50:19,470] {dagbag.py:500} INFO - Filling up the DagBag from /opt/airflow/dags/data_ingestion_gcs_full_yt.py
[2022-07-09 03:50:19,622] {processor.py:654} INFO - DAG(s) dict_keys(['data_ingestion_gcs_full_yt2']) retrieved from /opt/airflow/dags/data_ingestion_gcs_full_yt.py
[2022-07-09 03:50:19,643] {logging_mixin.py:109} INFO - [2022-07-09 03:50:19,641] {dag.py:2396} INFO - Sync 1 DAGs
[2022-07-09 03:50:19,671] {logging_mixin.py:109} INFO - [2022-07-09 03:50:19,671] {dag.py:2935} INFO - Setting next_dagrun for data_ingestion_gcs_full_yt2 to 2022-07-06T06:00:00+00:00
[2022-07-09 03:50:19,691] {processor.py:171} INFO - Processing /opt/airflow/dags/data_ingestion_gcs_full_yt.py took 0.232 seconds
[2022-07-09 03:50:49,762] {processor.py:163} INFO - Started process (PID=29751) to work on /opt/airflow/dags/data_ingestion_gcs_full_yt.py
[2022-07-09 03:50:49,764] {processor.py:642} INFO - Processing file /opt/airflow/dags/data_ingestion_gcs_full_yt.py for tasks to queue
[2022-07-09 03:50:49,766] {logging_mixin.py:109} INFO - [2022-07-09 03:50:49,766] {dagbag.py:500} INFO - Filling up the DagBag from /opt/airflow/dags/data_ingestion_gcs_full_yt.py
[2022-07-09 03:50:49,892] {processor.py:654} INFO - DAG(s) dict_keys(['data_ingestion_gcs_full_yt2']) retrieved from /opt/airflow/dags/data_ingestion_gcs_full_yt.py
[2022-07-09 03:50:49,913] {logging_mixin.py:109} INFO - [2022-07-09 03:50:49,911] {dag.py:2396} INFO - Sync 1 DAGs
[2022-07-09 03:50:49,935] {logging_mixin.py:109} INFO - [2022-07-09 03:50:49,935] {dag.py:2935} INFO - Setting next_dagrun for data_ingestion_gcs_full_yt2 to 2022-07-06T06:00:00+00:00
[2022-07-09 03:50:49,947] {processor.py:171} INFO - Processing /opt/airflow/dags/data_ingestion_gcs_full_yt.py took 0.191 seconds
[2022-07-09 03:51:20,625] {processor.py:163} INFO - Started process (PID=29783) to work on /opt/airflow/dags/data_ingestion_gcs_full_yt.py
[2022-07-09 03:51:20,629] {processor.py:642} INFO - Processing file /opt/airflow/dags/data_ingestion_gcs_full_yt.py for tasks to queue
[2022-07-09 03:51:20,630] {logging_mixin.py:109} INFO - [2022-07-09 03:51:20,630] {dagbag.py:500} INFO - Filling up the DagBag from /opt/airflow/dags/data_ingestion_gcs_full_yt.py
[2022-07-09 03:51:20,766] {processor.py:654} INFO - DAG(s) dict_keys(['data_ingestion_gcs_full_yt2']) retrieved from /opt/airflow/dags/data_ingestion_gcs_full_yt.py
[2022-07-09 03:51:20,782] {logging_mixin.py:109} INFO - [2022-07-09 03:51:20,780] {dag.py:2396} INFO - Sync 1 DAGs
[2022-07-09 03:51:20,810] {logging_mixin.py:109} INFO - [2022-07-09 03:51:20,810] {dag.py:2935} INFO - Setting next_dagrun for data_ingestion_gcs_full_yt2 to 2022-07-06T06:00:00+00:00
[2022-07-09 03:51:20,832] {processor.py:171} INFO - Processing /opt/airflow/dags/data_ingestion_gcs_full_yt.py took 0.212 seconds
[2022-07-09 03:51:51,024] {processor.py:163} INFO - Started process (PID=29816) to work on /opt/airflow/dags/data_ingestion_gcs_full_yt.py
[2022-07-09 03:51:51,026] {processor.py:642} INFO - Processing file /opt/airflow/dags/data_ingestion_gcs_full_yt.py for tasks to queue
[2022-07-09 03:51:51,028] {logging_mixin.py:109} INFO - [2022-07-09 03:51:51,028] {dagbag.py:500} INFO - Filling up the DagBag from /opt/airflow/dags/data_ingestion_gcs_full_yt.py
[2022-07-09 03:51:51,153] {processor.py:654} INFO - DAG(s) dict_keys(['data_ingestion_gcs_full_yt2']) retrieved from /opt/airflow/dags/data_ingestion_gcs_full_yt.py
[2022-07-09 03:51:51,168] {logging_mixin.py:109} INFO - [2022-07-09 03:51:51,166] {dag.py:2396} INFO - Sync 1 DAGs
[2022-07-09 03:51:51,191] {logging_mixin.py:109} INFO - [2022-07-09 03:51:51,191] {dag.py:2935} INFO - Setting next_dagrun for data_ingestion_gcs_full_yt2 to 2022-07-06T06:00:00+00:00
[2022-07-09 03:51:51,203] {processor.py:171} INFO - Processing /opt/airflow/dags/data_ingestion_gcs_full_yt.py took 0.184 seconds
[2022-07-09 03:52:22,091] {processor.py:163} INFO - Started process (PID=29849) to work on /opt/airflow/dags/data_ingestion_gcs_full_yt.py
[2022-07-09 03:52:22,093] {processor.py:642} INFO - Processing file /opt/airflow/dags/data_ingestion_gcs_full_yt.py for tasks to queue
[2022-07-09 03:52:22,095] {logging_mixin.py:109} INFO - [2022-07-09 03:52:22,095] {dagbag.py:500} INFO - Filling up the DagBag from /opt/airflow/dags/data_ingestion_gcs_full_yt.py
[2022-07-09 03:52:22,225] {processor.py:654} INFO - DAG(s) dict_keys(['data_ingestion_gcs_full_yt2']) retrieved from /opt/airflow/dags/data_ingestion_gcs_full_yt.py
[2022-07-09 03:52:22,245] {logging_mixin.py:109} INFO - [2022-07-09 03:52:22,243] {dag.py:2396} INFO - Sync 1 DAGs
[2022-07-09 03:52:22,273] {logging_mixin.py:109} INFO - [2022-07-09 03:52:22,272] {dag.py:2935} INFO - Setting next_dagrun for data_ingestion_gcs_full_yt2 to 2022-07-06T06:00:00+00:00
[2022-07-09 03:52:22,284] {processor.py:171} INFO - Processing /opt/airflow/dags/data_ingestion_gcs_full_yt.py took 0.199 seconds
[2022-07-09 03:52:52,418] {processor.py:163} INFO - Started process (PID=29893) to work on /opt/airflow/dags/data_ingestion_gcs_full_yt.py
[2022-07-09 03:52:52,422] {processor.py:642} INFO - Processing file /opt/airflow/dags/data_ingestion_gcs_full_yt.py for tasks to queue
[2022-07-09 03:52:52,425] {logging_mixin.py:109} INFO - [2022-07-09 03:52:52,425] {dagbag.py:500} INFO - Filling up the DagBag from /opt/airflow/dags/data_ingestion_gcs_full_yt.py
[2022-07-09 03:52:52,575] {processor.py:654} INFO - DAG(s) dict_keys(['data_ingestion_gcs_full_yt2']) retrieved from /opt/airflow/dags/data_ingestion_gcs_full_yt.py
[2022-07-09 03:52:52,594] {logging_mixin.py:109} INFO - [2022-07-09 03:52:52,591] {dag.py:2396} INFO - Sync 1 DAGs
[2022-07-09 03:52:52,623] {logging_mixin.py:109} INFO - [2022-07-09 03:52:52,623] {dag.py:2935} INFO - Setting next_dagrun for data_ingestion_gcs_full_yt2 to 2022-07-06T06:00:00+00:00
[2022-07-09 03:52:52,642] {processor.py:171} INFO - Processing /opt/airflow/dags/data_ingestion_gcs_full_yt.py took 0.231 seconds
[2022-07-09 03:53:23,232] {processor.py:163} INFO - Started process (PID=29925) to work on /opt/airflow/dags/data_ingestion_gcs_full_yt.py
[2022-07-09 03:53:23,236] {processor.py:642} INFO - Processing file /opt/airflow/dags/data_ingestion_gcs_full_yt.py for tasks to queue
[2022-07-09 03:53:23,239] {logging_mixin.py:109} INFO - [2022-07-09 03:53:23,239] {dagbag.py:500} INFO - Filling up the DagBag from /opt/airflow/dags/data_ingestion_gcs_full_yt.py
[2022-07-09 03:53:23,403] {processor.py:654} INFO - DAG(s) dict_keys(['data_ingestion_gcs_full_yt2']) retrieved from /opt/airflow/dags/data_ingestion_gcs_full_yt.py
[2022-07-09 03:53:23,428] {logging_mixin.py:109} INFO - [2022-07-09 03:53:23,427] {dag.py:2396} INFO - Sync 1 DAGs
[2022-07-09 03:53:23,459] {logging_mixin.py:109} INFO - [2022-07-09 03:53:23,459] {dag.py:2935} INFO - Setting next_dagrun for data_ingestion_gcs_full_yt2 to 2022-07-06T06:00:00+00:00
[2022-07-09 03:53:23,474] {processor.py:171} INFO - Processing /opt/airflow/dags/data_ingestion_gcs_full_yt.py took 0.247 seconds
[2022-07-09 03:53:53,609] {processor.py:163} INFO - Started process (PID=29959) to work on /opt/airflow/dags/data_ingestion_gcs_full_yt.py
[2022-07-09 03:53:53,616] {processor.py:642} INFO - Processing file /opt/airflow/dags/data_ingestion_gcs_full_yt.py for tasks to queue
[2022-07-09 03:53:53,621] {logging_mixin.py:109} INFO - [2022-07-09 03:53:53,620] {dagbag.py:500} INFO - Filling up the DagBag from /opt/airflow/dags/data_ingestion_gcs_full_yt.py
[2022-07-09 03:53:53,984] {processor.py:654} INFO - DAG(s) dict_keys(['data_ingestion_gcs_full_yt2']) retrieved from /opt/airflow/dags/data_ingestion_gcs_full_yt.py
[2022-07-09 03:53:54,014] {logging_mixin.py:109} INFO - [2022-07-09 03:53:54,011] {dag.py:2396} INFO - Sync 1 DAGs
[2022-07-09 03:53:54,049] {logging_mixin.py:109} INFO - [2022-07-09 03:53:54,049] {dag.py:2935} INFO - Setting next_dagrun for data_ingestion_gcs_full_yt2 to 2022-07-06T06:00:00+00:00
[2022-07-09 03:53:54,067] {processor.py:171} INFO - Processing /opt/airflow/dags/data_ingestion_gcs_full_yt.py took 0.469 seconds
[2022-07-09 03:54:24,962] {processor.py:163} INFO - Started process (PID=29993) to work on /opt/airflow/dags/data_ingestion_gcs_full_yt.py
[2022-07-09 03:54:24,966] {processor.py:642} INFO - Processing file /opt/airflow/dags/data_ingestion_gcs_full_yt.py for tasks to queue
[2022-07-09 03:54:24,970] {logging_mixin.py:109} INFO - [2022-07-09 03:54:24,970] {dagbag.py:500} INFO - Filling up the DagBag from /opt/airflow/dags/data_ingestion_gcs_full_yt.py
[2022-07-09 03:54:25,160] {processor.py:654} INFO - DAG(s) dict_keys(['data_ingestion_gcs_full_yt2']) retrieved from /opt/airflow/dags/data_ingestion_gcs_full_yt.py
[2022-07-09 03:54:25,178] {logging_mixin.py:109} INFO - [2022-07-09 03:54:25,176] {dag.py:2396} INFO - Sync 1 DAGs
[2022-07-09 03:54:25,206] {logging_mixin.py:109} INFO - [2022-07-09 03:54:25,206] {dag.py:2935} INFO - Setting next_dagrun for data_ingestion_gcs_full_yt2 to 2022-07-06T06:00:00+00:00
[2022-07-09 03:54:25,218] {processor.py:171} INFO - Processing /opt/airflow/dags/data_ingestion_gcs_full_yt.py took 0.271 seconds
[2022-07-09 03:54:56,188] {processor.py:163} INFO - Started process (PID=30038) to work on /opt/airflow/dags/data_ingestion_gcs_full_yt.py
[2022-07-09 03:54:56,191] {processor.py:642} INFO - Processing file /opt/airflow/dags/data_ingestion_gcs_full_yt.py for tasks to queue
[2022-07-09 03:54:56,193] {logging_mixin.py:109} INFO - [2022-07-09 03:54:56,193] {dagbag.py:500} INFO - Filling up the DagBag from /opt/airflow/dags/data_ingestion_gcs_full_yt.py
[2022-07-09 03:54:56,352] {processor.py:654} INFO - DAG(s) dict_keys(['data_ingestion_gcs_full_yt2']) retrieved from /opt/airflow/dags/data_ingestion_gcs_full_yt.py
[2022-07-09 03:54:56,367] {logging_mixin.py:109} INFO - [2022-07-09 03:54:56,365] {dag.py:2396} INFO - Sync 1 DAGs
[2022-07-09 03:54:56,391] {logging_mixin.py:109} INFO - [2022-07-09 03:54:56,390] {dag.py:2935} INFO - Setting next_dagrun for data_ingestion_gcs_full_yt2 to 2022-07-06T06:00:00+00:00
[2022-07-09 03:54:56,409] {processor.py:171} INFO - Processing /opt/airflow/dags/data_ingestion_gcs_full_yt.py took 0.226 seconds
[2022-07-09 03:55:27,310] {processor.py:163} INFO - Started process (PID=30072) to work on /opt/airflow/dags/data_ingestion_gcs_full_yt.py
[2022-07-09 03:55:27,312] {processor.py:642} INFO - Processing file /opt/airflow/dags/data_ingestion_gcs_full_yt.py for tasks to queue
[2022-07-09 03:55:27,314] {logging_mixin.py:109} INFO - [2022-07-09 03:55:27,314] {dagbag.py:500} INFO - Filling up the DagBag from /opt/airflow/dags/data_ingestion_gcs_full_yt.py
[2022-07-09 03:55:27,446] {processor.py:654} INFO - DAG(s) dict_keys(['data_ingestion_gcs_full_yt2']) retrieved from /opt/airflow/dags/data_ingestion_gcs_full_yt.py
[2022-07-09 03:55:27,464] {logging_mixin.py:109} INFO - [2022-07-09 03:55:27,462] {dag.py:2396} INFO - Sync 1 DAGs
[2022-07-09 03:55:27,487] {logging_mixin.py:109} INFO - [2022-07-09 03:55:27,487] {dag.py:2935} INFO - Setting next_dagrun for data_ingestion_gcs_full_yt2 to 2022-07-06T06:00:00+00:00
[2022-07-09 03:55:27,506] {processor.py:171} INFO - Processing /opt/airflow/dags/data_ingestion_gcs_full_yt.py took 0.201 seconds
[2022-07-09 03:55:57,957] {processor.py:163} INFO - Started process (PID=30106) to work on /opt/airflow/dags/data_ingestion_gcs_full_yt.py
[2022-07-09 03:55:57,960] {processor.py:642} INFO - Processing file /opt/airflow/dags/data_ingestion_gcs_full_yt.py for tasks to queue
[2022-07-09 03:55:57,962] {logging_mixin.py:109} INFO - [2022-07-09 03:55:57,962] {dagbag.py:500} INFO - Filling up the DagBag from /opt/airflow/dags/data_ingestion_gcs_full_yt.py
[2022-07-09 03:55:58,096] {processor.py:654} INFO - DAG(s) dict_keys(['data_ingestion_gcs_full_yt2']) retrieved from /opt/airflow/dags/data_ingestion_gcs_full_yt.py
[2022-07-09 03:55:58,111] {logging_mixin.py:109} INFO - [2022-07-09 03:55:58,109] {dag.py:2396} INFO - Sync 1 DAGs
[2022-07-09 03:55:58,137] {logging_mixin.py:109} INFO - [2022-07-09 03:55:58,137] {dag.py:2935} INFO - Setting next_dagrun for data_ingestion_gcs_full_yt2 to 2022-07-06T06:00:00+00:00
[2022-07-09 03:55:58,150] {processor.py:171} INFO - Processing /opt/airflow/dags/data_ingestion_gcs_full_yt.py took 0.201 seconds
[2022-07-09 03:56:28,534] {processor.py:163} INFO - Started process (PID=30139) to work on /opt/airflow/dags/data_ingestion_gcs_full_yt.py
[2022-07-09 03:56:28,538] {processor.py:642} INFO - Processing file /opt/airflow/dags/data_ingestion_gcs_full_yt.py for tasks to queue
[2022-07-09 03:56:28,541] {logging_mixin.py:109} INFO - [2022-07-09 03:56:28,540] {dagbag.py:500} INFO - Filling up the DagBag from /opt/airflow/dags/data_ingestion_gcs_full_yt.py
[2022-07-09 03:56:28,723] {processor.py:654} INFO - DAG(s) dict_keys(['data_ingestion_gcs_full_yt2']) retrieved from /opt/airflow/dags/data_ingestion_gcs_full_yt.py
[2022-07-09 03:56:28,751] {logging_mixin.py:109} INFO - [2022-07-09 03:56:28,748] {dag.py:2396} INFO - Sync 1 DAGs
[2022-07-09 03:56:28,777] {logging_mixin.py:109} INFO - [2022-07-09 03:56:28,777] {dag.py:2935} INFO - Setting next_dagrun for data_ingestion_gcs_full_yt2 to 2022-07-06T06:00:00+00:00
[2022-07-09 03:56:28,790] {processor.py:171} INFO - Processing /opt/airflow/dags/data_ingestion_gcs_full_yt.py took 0.263 seconds
[2022-07-09 03:56:58,978] {processor.py:163} INFO - Started process (PID=30172) to work on /opt/airflow/dags/data_ingestion_gcs_full_yt.py
[2022-07-09 03:56:58,982] {processor.py:642} INFO - Processing file /opt/airflow/dags/data_ingestion_gcs_full_yt.py for tasks to queue
[2022-07-09 03:56:58,984] {logging_mixin.py:109} INFO - [2022-07-09 03:56:58,984] {dagbag.py:500} INFO - Filling up the DagBag from /opt/airflow/dags/data_ingestion_gcs_full_yt.py
[2022-07-09 03:56:59,142] {processor.py:654} INFO - DAG(s) dict_keys(['data_ingestion_gcs_full_yt2']) retrieved from /opt/airflow/dags/data_ingestion_gcs_full_yt.py
[2022-07-09 03:56:59,164] {logging_mixin.py:109} INFO - [2022-07-09 03:56:59,162] {dag.py:2396} INFO - Sync 1 DAGs
[2022-07-09 03:56:59,193] {logging_mixin.py:109} INFO - [2022-07-09 03:56:59,193] {dag.py:2935} INFO - Setting next_dagrun for data_ingestion_gcs_full_yt2 to 2022-07-06T06:00:00+00:00
[2022-07-09 03:56:59,217] {processor.py:171} INFO - Processing /opt/airflow/dags/data_ingestion_gcs_full_yt.py took 0.245 seconds
[2022-07-09 03:57:29,484] {processor.py:163} INFO - Started process (PID=30205) to work on /opt/airflow/dags/data_ingestion_gcs_full_yt.py
[2022-07-09 03:57:29,488] {processor.py:642} INFO - Processing file /opt/airflow/dags/data_ingestion_gcs_full_yt.py for tasks to queue
[2022-07-09 03:57:29,491] {logging_mixin.py:109} INFO - [2022-07-09 03:57:29,491] {dagbag.py:500} INFO - Filling up the DagBag from /opt/airflow/dags/data_ingestion_gcs_full_yt.py
[2022-07-09 03:57:29,651] {processor.py:654} INFO - DAG(s) dict_keys(['data_ingestion_gcs_full_yt2']) retrieved from /opt/airflow/dags/data_ingestion_gcs_full_yt.py
[2022-07-09 03:57:29,673] {logging_mixin.py:109} INFO - [2022-07-09 03:57:29,670] {dag.py:2396} INFO - Sync 1 DAGs
[2022-07-09 03:57:29,721] {logging_mixin.py:109} INFO - [2022-07-09 03:57:29,721] {dag.py:2935} INFO - Setting next_dagrun for data_ingestion_gcs_full_yt2 to 2022-07-06T06:00:00+00:00
[2022-07-09 03:57:29,744] {processor.py:171} INFO - Processing /opt/airflow/dags/data_ingestion_gcs_full_yt.py took 0.267 seconds
[2022-07-09 03:57:59,939] {processor.py:163} INFO - Started process (PID=30238) to work on /opt/airflow/dags/data_ingestion_gcs_full_yt.py
[2022-07-09 03:57:59,943] {processor.py:642} INFO - Processing file /opt/airflow/dags/data_ingestion_gcs_full_yt.py for tasks to queue
[2022-07-09 03:57:59,945] {logging_mixin.py:109} INFO - [2022-07-09 03:57:59,945] {dagbag.py:500} INFO - Filling up the DagBag from /opt/airflow/dags/data_ingestion_gcs_full_yt.py
[2022-07-09 03:58:00,079] {processor.py:654} INFO - DAG(s) dict_keys(['data_ingestion_gcs_full_yt2']) retrieved from /opt/airflow/dags/data_ingestion_gcs_full_yt.py
[2022-07-09 03:58:00,099] {logging_mixin.py:109} INFO - [2022-07-09 03:58:00,097] {dag.py:2396} INFO - Sync 1 DAGs
[2022-07-09 03:58:00,124] {logging_mixin.py:109} INFO - [2022-07-09 03:58:00,124] {dag.py:2935} INFO - Setting next_dagrun for data_ingestion_gcs_full_yt2 to 2022-07-06T06:00:00+00:00
[2022-07-09 03:58:00,147] {processor.py:171} INFO - Processing /opt/airflow/dags/data_ingestion_gcs_full_yt.py took 0.213 seconds
[2022-07-09 03:58:30,470] {processor.py:163} INFO - Started process (PID=30282) to work on /opt/airflow/dags/data_ingestion_gcs_full_yt.py
[2022-07-09 03:58:30,473] {processor.py:642} INFO - Processing file /opt/airflow/dags/data_ingestion_gcs_full_yt.py for tasks to queue
[2022-07-09 03:58:30,475] {logging_mixin.py:109} INFO - [2022-07-09 03:58:30,475] {dagbag.py:500} INFO - Filling up the DagBag from /opt/airflow/dags/data_ingestion_gcs_full_yt.py
[2022-07-09 03:58:30,671] {processor.py:654} INFO - DAG(s) dict_keys(['data_ingestion_gcs_full_yt2']) retrieved from /opt/airflow/dags/data_ingestion_gcs_full_yt.py
[2022-07-09 03:58:30,692] {logging_mixin.py:109} INFO - [2022-07-09 03:58:30,690] {dag.py:2396} INFO - Sync 1 DAGs
[2022-07-09 03:58:30,721] {logging_mixin.py:109} INFO - [2022-07-09 03:58:30,721] {dag.py:2935} INFO - Setting next_dagrun for data_ingestion_gcs_full_yt2 to 2022-07-06T06:00:00+00:00
[2022-07-09 03:58:30,740] {processor.py:171} INFO - Processing /opt/airflow/dags/data_ingestion_gcs_full_yt.py took 0.280 seconds
[2022-07-09 03:59:00,809] {processor.py:163} INFO - Started process (PID=30315) to work on /opt/airflow/dags/data_ingestion_gcs_full_yt.py
[2022-07-09 03:59:00,815] {processor.py:642} INFO - Processing file /opt/airflow/dags/data_ingestion_gcs_full_yt.py for tasks to queue
[2022-07-09 03:59:00,818] {logging_mixin.py:109} INFO - [2022-07-09 03:59:00,817] {dagbag.py:500} INFO - Filling up the DagBag from /opt/airflow/dags/data_ingestion_gcs_full_yt.py
[2022-07-09 03:59:00,993] {processor.py:654} INFO - DAG(s) dict_keys(['data_ingestion_gcs_full_yt2']) retrieved from /opt/airflow/dags/data_ingestion_gcs_full_yt.py
[2022-07-09 03:59:01,010] {logging_mixin.py:109} INFO - [2022-07-09 03:59:01,008] {dag.py:2396} INFO - Sync 1 DAGs
[2022-07-09 03:59:01,038] {logging_mixin.py:109} INFO - [2022-07-09 03:59:01,038] {dag.py:2935} INFO - Setting next_dagrun for data_ingestion_gcs_full_yt2 to 2022-07-06T06:00:00+00:00
[2022-07-09 03:59:01,053] {processor.py:171} INFO - Processing /opt/airflow/dags/data_ingestion_gcs_full_yt.py took 0.251 seconds
[2022-07-09 03:59:31,249] {processor.py:163} INFO - Started process (PID=30346) to work on /opt/airflow/dags/data_ingestion_gcs_full_yt.py
[2022-07-09 03:59:31,253] {processor.py:642} INFO - Processing file /opt/airflow/dags/data_ingestion_gcs_full_yt.py for tasks to queue
[2022-07-09 03:59:31,256] {logging_mixin.py:109} INFO - [2022-07-09 03:59:31,256] {dagbag.py:500} INFO - Filling up the DagBag from /opt/airflow/dags/data_ingestion_gcs_full_yt.py
[2022-07-09 03:59:31,472] {processor.py:654} INFO - DAG(s) dict_keys(['data_ingestion_gcs_full_yt2']) retrieved from /opt/airflow/dags/data_ingestion_gcs_full_yt.py
[2022-07-09 03:59:31,495] {logging_mixin.py:109} INFO - [2022-07-09 03:59:31,492] {dag.py:2396} INFO - Sync 1 DAGs
[2022-07-09 03:59:31,532] {logging_mixin.py:109} INFO - [2022-07-09 03:59:31,532] {dag.py:2935} INFO - Setting next_dagrun for data_ingestion_gcs_full_yt2 to 2022-07-06T06:00:00+00:00
[2022-07-09 03:59:31,546] {processor.py:171} INFO - Processing /opt/airflow/dags/data_ingestion_gcs_full_yt.py took 0.305 seconds
[2022-07-09 04:00:01,681] {processor.py:163} INFO - Started process (PID=30378) to work on /opt/airflow/dags/data_ingestion_gcs_full_yt.py
[2022-07-09 04:00:01,693] {processor.py:642} INFO - Processing file /opt/airflow/dags/data_ingestion_gcs_full_yt.py for tasks to queue
[2022-07-09 04:00:01,696] {logging_mixin.py:109} INFO - [2022-07-09 04:00:01,695] {dagbag.py:500} INFO - Filling up the DagBag from /opt/airflow/dags/data_ingestion_gcs_full_yt.py
[2022-07-09 04:00:01,853] {processor.py:654} INFO - DAG(s) dict_keys(['data_ingestion_gcs_full_yt2']) retrieved from /opt/airflow/dags/data_ingestion_gcs_full_yt.py
[2022-07-09 04:00:01,872] {logging_mixin.py:109} INFO - [2022-07-09 04:00:01,870] {dag.py:2396} INFO - Sync 1 DAGs
[2022-07-09 04:00:01,915] {logging_mixin.py:109} INFO - [2022-07-09 04:00:01,914] {dag.py:2935} INFO - Setting next_dagrun for data_ingestion_gcs_full_yt2 to 2022-07-06T06:00:00+00:00
[2022-07-09 04:00:01,932] {processor.py:171} INFO - Processing /opt/airflow/dags/data_ingestion_gcs_full_yt.py took 0.257 seconds
[2022-07-09 04:00:32,745] {processor.py:163} INFO - Started process (PID=30412) to work on /opt/airflow/dags/data_ingestion_gcs_full_yt.py
[2022-07-09 04:00:32,747] {processor.py:642} INFO - Processing file /opt/airflow/dags/data_ingestion_gcs_full_yt.py for tasks to queue
[2022-07-09 04:00:32,749] {logging_mixin.py:109} INFO - [2022-07-09 04:00:32,749] {dagbag.py:500} INFO - Filling up the DagBag from /opt/airflow/dags/data_ingestion_gcs_full_yt.py
[2022-07-09 04:00:32,887] {processor.py:654} INFO - DAG(s) dict_keys(['data_ingestion_gcs_full_yt2']) retrieved from /opt/airflow/dags/data_ingestion_gcs_full_yt.py
[2022-07-09 04:00:32,908] {logging_mixin.py:109} INFO - [2022-07-09 04:00:32,906] {dag.py:2396} INFO - Sync 1 DAGs
[2022-07-09 04:00:32,946] {logging_mixin.py:109} INFO - [2022-07-09 04:00:32,946] {dag.py:2935} INFO - Setting next_dagrun for data_ingestion_gcs_full_yt2 to 2022-07-06T06:00:00+00:00
[2022-07-09 04:00:32,975] {processor.py:171} INFO - Processing /opt/airflow/dags/data_ingestion_gcs_full_yt.py took 0.235 seconds
[2022-07-09 04:01:03,660] {processor.py:163} INFO - Started process (PID=30457) to work on /opt/airflow/dags/data_ingestion_gcs_full_yt.py
[2022-07-09 04:01:03,671] {processor.py:642} INFO - Processing file /opt/airflow/dags/data_ingestion_gcs_full_yt.py for tasks to queue
[2022-07-09 04:01:03,677] {logging_mixin.py:109} INFO - [2022-07-09 04:01:03,676] {dagbag.py:500} INFO - Filling up the DagBag from /opt/airflow/dags/data_ingestion_gcs_full_yt.py
[2022-07-09 04:01:03,912] {processor.py:654} INFO - DAG(s) dict_keys(['data_ingestion_gcs_full_yt2']) retrieved from /opt/airflow/dags/data_ingestion_gcs_full_yt.py
[2022-07-09 04:01:03,934] {logging_mixin.py:109} INFO - [2022-07-09 04:01:03,931] {dag.py:2396} INFO - Sync 1 DAGs
[2022-07-09 04:01:03,970] {logging_mixin.py:109} INFO - [2022-07-09 04:01:03,970] {dag.py:2935} INFO - Setting next_dagrun for data_ingestion_gcs_full_yt2 to 2022-07-06T06:00:00+00:00
[2022-07-09 04:01:04,001] {processor.py:171} INFO - Processing /opt/airflow/dags/data_ingestion_gcs_full_yt.py took 0.355 seconds
[2022-07-09 04:01:34,357] {processor.py:163} INFO - Started process (PID=30491) to work on /opt/airflow/dags/data_ingestion_gcs_full_yt.py
[2022-07-09 04:01:34,364] {processor.py:642} INFO - Processing file /opt/airflow/dags/data_ingestion_gcs_full_yt.py for tasks to queue
[2022-07-09 04:01:34,370] {logging_mixin.py:109} INFO - [2022-07-09 04:01:34,369] {dagbag.py:500} INFO - Filling up the DagBag from /opt/airflow/dags/data_ingestion_gcs_full_yt.py
[2022-07-09 04:01:34,530] {processor.py:654} INFO - DAG(s) dict_keys(['data_ingestion_gcs_full_yt2']) retrieved from /opt/airflow/dags/data_ingestion_gcs_full_yt.py
[2022-07-09 04:01:34,551] {logging_mixin.py:109} INFO - [2022-07-09 04:01:34,549] {dag.py:2396} INFO - Sync 1 DAGs
[2022-07-09 04:01:34,577] {logging_mixin.py:109} INFO - [2022-07-09 04:01:34,577] {dag.py:2935} INFO - Setting next_dagrun for data_ingestion_gcs_full_yt2 to 2022-07-06T06:00:00+00:00
[2022-07-09 04:01:34,592] {processor.py:171} INFO - Processing /opt/airflow/dags/data_ingestion_gcs_full_yt.py took 0.242 seconds
[2022-07-09 04:02:05,215] {processor.py:163} INFO - Started process (PID=30523) to work on /opt/airflow/dags/data_ingestion_gcs_full_yt.py
[2022-07-09 04:02:05,219] {processor.py:642} INFO - Processing file /opt/airflow/dags/data_ingestion_gcs_full_yt.py for tasks to queue
[2022-07-09 04:02:05,221] {logging_mixin.py:109} INFO - [2022-07-09 04:02:05,220] {dagbag.py:500} INFO - Filling up the DagBag from /opt/airflow/dags/data_ingestion_gcs_full_yt.py
[2022-07-09 04:02:05,432] {processor.py:654} INFO - DAG(s) dict_keys(['data_ingestion_gcs_full_yt2']) retrieved from /opt/airflow/dags/data_ingestion_gcs_full_yt.py
[2022-07-09 04:02:05,468] {logging_mixin.py:109} INFO - [2022-07-09 04:02:05,459] {dag.py:2396} INFO - Sync 1 DAGs
[2022-07-09 04:02:05,497] {logging_mixin.py:109} INFO - [2022-07-09 04:02:05,497] {dag.py:2935} INFO - Setting next_dagrun for data_ingestion_gcs_full_yt2 to 2022-07-06T06:00:00+00:00
[2022-07-09 04:02:05,510] {processor.py:171} INFO - Processing /opt/airflow/dags/data_ingestion_gcs_full_yt.py took 0.301 seconds
[2022-07-09 04:02:35,657] {processor.py:163} INFO - Started process (PID=30555) to work on /opt/airflow/dags/data_ingestion_gcs_full_yt.py
[2022-07-09 04:02:35,663] {processor.py:642} INFO - Processing file /opt/airflow/dags/data_ingestion_gcs_full_yt.py for tasks to queue
[2022-07-09 04:02:35,666] {logging_mixin.py:109} INFO - [2022-07-09 04:02:35,665] {dagbag.py:500} INFO - Filling up the DagBag from /opt/airflow/dags/data_ingestion_gcs_full_yt.py
[2022-07-09 04:02:35,883] {processor.py:654} INFO - DAG(s) dict_keys(['data_ingestion_gcs_full_yt2']) retrieved from /opt/airflow/dags/data_ingestion_gcs_full_yt.py
[2022-07-09 04:02:35,907] {logging_mixin.py:109} INFO - [2022-07-09 04:02:35,905] {dag.py:2396} INFO - Sync 1 DAGs
[2022-07-09 04:02:35,945] {logging_mixin.py:109} INFO - [2022-07-09 04:02:35,945] {dag.py:2935} INFO - Setting next_dagrun for data_ingestion_gcs_full_yt2 to 2022-07-06T06:00:00+00:00
[2022-07-09 04:02:35,966] {processor.py:171} INFO - Processing /opt/airflow/dags/data_ingestion_gcs_full_yt.py took 0.315 seconds
[2022-07-09 04:03:08,383] {processor.py:163} INFO - Started process (PID=30595) to work on /opt/airflow/dags/data_ingestion_gcs_full_yt.py
[2022-07-09 04:03:08,403] {processor.py:642} INFO - Processing file /opt/airflow/dags/data_ingestion_gcs_full_yt.py for tasks to queue
[2022-07-09 04:03:08,433] {logging_mixin.py:109} INFO - [2022-07-09 04:03:08,431] {dagbag.py:500} INFO - Filling up the DagBag from /opt/airflow/dags/data_ingestion_gcs_full_yt.py
[2022-07-09 04:03:09,458] {processor.py:654} INFO - DAG(s) dict_keys(['data_ingestion_gcs_full_yt2']) retrieved from /opt/airflow/dags/data_ingestion_gcs_full_yt.py
[2022-07-09 04:03:09,540] {logging_mixin.py:109} INFO - [2022-07-09 04:03:09,519] {dag.py:2396} INFO - Sync 1 DAGs
[2022-07-09 04:03:09,877] {logging_mixin.py:109} INFO - [2022-07-09 04:03:09,876] {dag.py:2935} INFO - Setting next_dagrun for data_ingestion_gcs_full_yt2 to 2022-07-06T06:00:00+00:00
[2022-07-09 04:03:10,078] {processor.py:171} INFO - Processing /opt/airflow/dags/data_ingestion_gcs_full_yt.py took 1.718 seconds
[2022-07-09 04:03:44,630] {processor.py:163} INFO - Started process (PID=30620) to work on /opt/airflow/dags/data_ingestion_gcs_full_yt.py
[2022-07-09 04:03:44,659] {processor.py:642} INFO - Processing file /opt/airflow/dags/data_ingestion_gcs_full_yt.py for tasks to queue
[2022-07-09 04:03:44,667] {logging_mixin.py:109} INFO - [2022-07-09 04:03:44,667] {dagbag.py:500} INFO - Filling up the DagBag from /opt/airflow/dags/data_ingestion_gcs_full_yt.py
[2022-07-09 04:03:47,844] {processor.py:654} INFO - DAG(s) dict_keys(['data_ingestion_gcs_full_yt2']) retrieved from /opt/airflow/dags/data_ingestion_gcs_full_yt.py
[2022-07-09 04:03:48,131] {logging_mixin.py:109} INFO - [2022-07-09 04:03:48,113] {dag.py:2396} INFO - Sync 1 DAGs
[2022-07-09 04:03:48,620] {logging_mixin.py:109} INFO - [2022-07-09 04:03:48,620] {dag.py:2935} INFO - Setting next_dagrun for data_ingestion_gcs_full_yt2 to 2022-07-06T06:00:00+00:00
[2022-07-09 04:03:48,762] {processor.py:171} INFO - Processing /opt/airflow/dags/data_ingestion_gcs_full_yt.py took 4.201 seconds
[2022-07-09 04:04:20,678] {processor.py:163} INFO - Started process (PID=30652) to work on /opt/airflow/dags/data_ingestion_gcs_full_yt.py
[2022-07-09 04:04:20,707] {processor.py:642} INFO - Processing file /opt/airflow/dags/data_ingestion_gcs_full_yt.py for tasks to queue
[2022-07-09 04:04:20,726] {logging_mixin.py:109} INFO - [2022-07-09 04:04:20,725] {dagbag.py:500} INFO - Filling up the DagBag from /opt/airflow/dags/data_ingestion_gcs_full_yt.py
[2022-07-09 04:04:22,297] {processor.py:654} INFO - DAG(s) dict_keys(['data_ingestion_gcs_full_yt2']) retrieved from /opt/airflow/dags/data_ingestion_gcs_full_yt.py
[2022-07-09 04:04:22,349] {logging_mixin.py:109} INFO - [2022-07-09 04:04:22,343] {dag.py:2396} INFO - Sync 1 DAGs
[2022-07-09 04:04:22,437] {logging_mixin.py:109} INFO - [2022-07-09 04:04:22,436] {dag.py:2935} INFO - Setting next_dagrun for data_ingestion_gcs_full_yt2 to 2022-07-06T06:00:00+00:00
[2022-07-09 04:04:22,490] {processor.py:171} INFO - Processing /opt/airflow/dags/data_ingestion_gcs_full_yt.py took 1.828 seconds
