[2022-07-09 03:18:25,022] {processor.py:163} INFO - Started process (PID=27471) to work on /opt/airflow/dags/fhv_dag.py
[2022-07-09 03:18:25,050] {processor.py:642} INFO - Processing file /opt/airflow/dags/fhv_dag.py for tasks to queue
[2022-07-09 03:18:25,063] {logging_mixin.py:109} INFO - [2022-07-09 03:18:25,063] {dagbag.py:500} INFO - Filling up the DagBag from /opt/airflow/dags/fhv_dag.py
[2022-07-09 03:18:27,139] {processor.py:654} INFO - DAG(s) dict_keys(['fhv_dag']) retrieved from /opt/airflow/dags/fhv_dag.py
[2022-07-09 03:18:27,228] {logging_mixin.py:109} INFO - [2022-07-09 03:18:27,209] {dag.py:2396} INFO - Sync 1 DAGs
[2022-07-09 03:18:27,444] {logging_mixin.py:109} INFO - [2022-07-09 03:18:27,443] {dag.py:2935} INFO - Setting next_dagrun for fhv_dag to None
[2022-07-09 03:18:27,516] {processor.py:171} INFO - Processing /opt/airflow/dags/fhv_dag.py took 2.519 seconds
[2022-07-09 03:18:58,242] {processor.py:163} INFO - Started process (PID=27504) to work on /opt/airflow/dags/fhv_dag.py
[2022-07-09 03:18:58,249] {processor.py:642} INFO - Processing file /opt/airflow/dags/fhv_dag.py for tasks to queue
[2022-07-09 03:18:58,256] {logging_mixin.py:109} INFO - [2022-07-09 03:18:58,256] {dagbag.py:500} INFO - Filling up the DagBag from /opt/airflow/dags/fhv_dag.py
[2022-07-09 03:18:58,547] {processor.py:654} INFO - DAG(s) dict_keys(['fhv_dag']) retrieved from /opt/airflow/dags/fhv_dag.py
[2022-07-09 03:18:58,570] {logging_mixin.py:109} INFO - [2022-07-09 03:18:58,566] {dag.py:2396} INFO - Sync 1 DAGs
[2022-07-09 03:18:58,598] {logging_mixin.py:109} INFO - [2022-07-09 03:18:58,598] {dag.py:2935} INFO - Setting next_dagrun for fhv_dag to None
[2022-07-09 03:18:58,619] {processor.py:171} INFO - Processing /opt/airflow/dags/fhv_dag.py took 0.389 seconds
[2022-07-09 03:19:29,421] {processor.py:163} INFO - Started process (PID=27537) to work on /opt/airflow/dags/fhv_dag.py
[2022-07-09 03:19:29,425] {processor.py:642} INFO - Processing file /opt/airflow/dags/fhv_dag.py for tasks to queue
[2022-07-09 03:19:29,433] {logging_mixin.py:109} INFO - [2022-07-09 03:19:29,433] {dagbag.py:500} INFO - Filling up the DagBag from /opt/airflow/dags/fhv_dag.py
[2022-07-09 03:19:29,849] {processor.py:654} INFO - DAG(s) dict_keys(['fhv_dag']) retrieved from /opt/airflow/dags/fhv_dag.py
[2022-07-09 03:19:29,882] {logging_mixin.py:109} INFO - [2022-07-09 03:19:29,878] {dag.py:2396} INFO - Sync 1 DAGs
[2022-07-09 03:19:29,921] {logging_mixin.py:109} INFO - [2022-07-09 03:19:29,921] {dag.py:2935} INFO - Setting next_dagrun for fhv_dag to None
[2022-07-09 03:19:29,944] {processor.py:171} INFO - Processing /opt/airflow/dags/fhv_dag.py took 0.572 seconds
[2022-07-09 03:20:00,552] {processor.py:163} INFO - Started process (PID=27572) to work on /opt/airflow/dags/fhv_dag.py
[2022-07-09 03:20:00,555] {processor.py:642} INFO - Processing file /opt/airflow/dags/fhv_dag.py for tasks to queue
[2022-07-09 03:20:00,558] {logging_mixin.py:109} INFO - [2022-07-09 03:20:00,557] {dagbag.py:500} INFO - Filling up the DagBag from /opt/airflow/dags/fhv_dag.py
[2022-07-09 03:20:00,786] {processor.py:654} INFO - DAG(s) dict_keys(['fhv_dag']) retrieved from /opt/airflow/dags/fhv_dag.py
[2022-07-09 03:20:00,813] {logging_mixin.py:109} INFO - [2022-07-09 03:20:00,810] {dag.py:2396} INFO - Sync 1 DAGs
[2022-07-09 03:20:00,858] {logging_mixin.py:109} INFO - [2022-07-09 03:20:00,857] {dag.py:2935} INFO - Setting next_dagrun for fhv_dag to None
[2022-07-09 03:20:00,887] {processor.py:171} INFO - Processing /opt/airflow/dags/fhv_dag.py took 0.341 seconds
[2022-07-09 03:20:31,125] {processor.py:163} INFO - Started process (PID=27604) to work on /opt/airflow/dags/fhv_dag.py
[2022-07-09 03:20:31,128] {processor.py:642} INFO - Processing file /opt/airflow/dags/fhv_dag.py for tasks to queue
[2022-07-09 03:20:31,130] {logging_mixin.py:109} INFO - [2022-07-09 03:20:31,130] {dagbag.py:500} INFO - Filling up the DagBag from /opt/airflow/dags/fhv_dag.py
[2022-07-09 03:20:31,314] {processor.py:654} INFO - DAG(s) dict_keys(['fhv_dag']) retrieved from /opt/airflow/dags/fhv_dag.py
[2022-07-09 03:20:31,332] {logging_mixin.py:109} INFO - [2022-07-09 03:20:31,330] {dag.py:2396} INFO - Sync 1 DAGs
[2022-07-09 03:20:31,375] {logging_mixin.py:109} INFO - [2022-07-09 03:20:31,374] {dag.py:2935} INFO - Setting next_dagrun for fhv_dag to None
[2022-07-09 03:20:31,407] {processor.py:171} INFO - Processing /opt/airflow/dags/fhv_dag.py took 0.289 seconds
[2022-07-09 03:21:01,515] {processor.py:163} INFO - Started process (PID=27637) to work on /opt/airflow/dags/fhv_dag.py
[2022-07-09 03:21:01,518] {processor.py:642} INFO - Processing file /opt/airflow/dags/fhv_dag.py for tasks to queue
[2022-07-09 03:21:01,520] {logging_mixin.py:109} INFO - [2022-07-09 03:21:01,520] {dagbag.py:500} INFO - Filling up the DagBag from /opt/airflow/dags/fhv_dag.py
[2022-07-09 03:21:01,652] {processor.py:654} INFO - DAG(s) dict_keys(['fhv_dag']) retrieved from /opt/airflow/dags/fhv_dag.py
[2022-07-09 03:21:01,669] {logging_mixin.py:109} INFO - [2022-07-09 03:21:01,667] {dag.py:2396} INFO - Sync 1 DAGs
[2022-07-09 03:21:01,692] {logging_mixin.py:109} INFO - [2022-07-09 03:21:01,692] {dag.py:2935} INFO - Setting next_dagrun for fhv_dag to None
[2022-07-09 03:21:01,705] {processor.py:171} INFO - Processing /opt/airflow/dags/fhv_dag.py took 0.194 seconds
[2022-07-09 03:21:31,817] {processor.py:163} INFO - Started process (PID=27672) to work on /opt/airflow/dags/fhv_dag.py
[2022-07-09 03:21:31,819] {processor.py:642} INFO - Processing file /opt/airflow/dags/fhv_dag.py for tasks to queue
[2022-07-09 03:21:31,821] {logging_mixin.py:109} INFO - [2022-07-09 03:21:31,821] {dagbag.py:500} INFO - Filling up the DagBag from /opt/airflow/dags/fhv_dag.py
[2022-07-09 03:21:31,954] {processor.py:654} INFO - DAG(s) dict_keys(['fhv_dag']) retrieved from /opt/airflow/dags/fhv_dag.py
[2022-07-09 03:21:31,974] {logging_mixin.py:109} INFO - [2022-07-09 03:21:31,972] {dag.py:2396} INFO - Sync 1 DAGs
[2022-07-09 03:21:31,998] {logging_mixin.py:109} INFO - [2022-07-09 03:21:31,998] {dag.py:2935} INFO - Setting next_dagrun for fhv_dag to None
[2022-07-09 03:21:32,012] {processor.py:171} INFO - Processing /opt/airflow/dags/fhv_dag.py took 0.200 seconds
[2022-07-09 03:22:02,235] {processor.py:163} INFO - Started process (PID=27717) to work on /opt/airflow/dags/fhv_dag.py
[2022-07-09 03:22:02,237] {processor.py:642} INFO - Processing file /opt/airflow/dags/fhv_dag.py for tasks to queue
[2022-07-09 03:22:02,240] {logging_mixin.py:109} INFO - [2022-07-09 03:22:02,239] {dagbag.py:500} INFO - Filling up the DagBag from /opt/airflow/dags/fhv_dag.py
[2022-07-09 03:22:02,389] {processor.py:654} INFO - DAG(s) dict_keys(['fhv_dag']) retrieved from /opt/airflow/dags/fhv_dag.py
[2022-07-09 03:22:02,413] {logging_mixin.py:109} INFO - [2022-07-09 03:22:02,411] {dag.py:2396} INFO - Sync 1 DAGs
[2022-07-09 03:22:02,440] {logging_mixin.py:109} INFO - [2022-07-09 03:22:02,440] {dag.py:2935} INFO - Setting next_dagrun for fhv_dag to None
[2022-07-09 03:22:02,451] {processor.py:171} INFO - Processing /opt/airflow/dags/fhv_dag.py took 0.221 seconds
[2022-07-09 03:22:32,569] {processor.py:163} INFO - Started process (PID=27750) to work on /opt/airflow/dags/fhv_dag.py
[2022-07-09 03:22:32,572] {processor.py:642} INFO - Processing file /opt/airflow/dags/fhv_dag.py for tasks to queue
[2022-07-09 03:22:32,573] {logging_mixin.py:109} INFO - [2022-07-09 03:22:32,573] {dagbag.py:500} INFO - Filling up the DagBag from /opt/airflow/dags/fhv_dag.py
[2022-07-09 03:22:32,714] {processor.py:654} INFO - DAG(s) dict_keys(['fhv_dag']) retrieved from /opt/airflow/dags/fhv_dag.py
[2022-07-09 03:22:32,731] {logging_mixin.py:109} INFO - [2022-07-09 03:22:32,729] {dag.py:2396} INFO - Sync 1 DAGs
[2022-07-09 03:22:32,754] {logging_mixin.py:109} INFO - [2022-07-09 03:22:32,754] {dag.py:2935} INFO - Setting next_dagrun for fhv_dag to None
[2022-07-09 03:22:32,767] {processor.py:171} INFO - Processing /opt/airflow/dags/fhv_dag.py took 0.204 seconds
[2022-07-09 03:23:03,651] {processor.py:163} INFO - Started process (PID=27782) to work on /opt/airflow/dags/fhv_dag.py
[2022-07-09 03:23:03,656] {processor.py:642} INFO - Processing file /opt/airflow/dags/fhv_dag.py for tasks to queue
[2022-07-09 03:23:03,658] {logging_mixin.py:109} INFO - [2022-07-09 03:23:03,658] {dagbag.py:500} INFO - Filling up the DagBag from /opt/airflow/dags/fhv_dag.py
[2022-07-09 03:23:03,791] {processor.py:654} INFO - DAG(s) dict_keys(['fhv_dag']) retrieved from /opt/airflow/dags/fhv_dag.py
[2022-07-09 03:23:03,810] {logging_mixin.py:109} INFO - [2022-07-09 03:23:03,808] {dag.py:2396} INFO - Sync 1 DAGs
[2022-07-09 03:23:03,836] {logging_mixin.py:109} INFO - [2022-07-09 03:23:03,835] {dag.py:2935} INFO - Setting next_dagrun for fhv_dag to None
[2022-07-09 03:23:03,851] {processor.py:171} INFO - Processing /opt/airflow/dags/fhv_dag.py took 0.205 seconds
[2022-07-09 03:23:34,312] {processor.py:163} INFO - Started process (PID=27823) to work on /opt/airflow/dags/fhv_dag.py
[2022-07-09 03:23:34,315] {processor.py:642} INFO - Processing file /opt/airflow/dags/fhv_dag.py for tasks to queue
[2022-07-09 03:23:34,318] {logging_mixin.py:109} INFO - [2022-07-09 03:23:34,318] {dagbag.py:500} INFO - Filling up the DagBag from /opt/airflow/dags/fhv_dag.py
[2022-07-09 03:23:34,480] {processor.py:654} INFO - DAG(s) dict_keys(['fhv_dag']) retrieved from /opt/airflow/dags/fhv_dag.py
[2022-07-09 03:23:34,501] {logging_mixin.py:109} INFO - [2022-07-09 03:23:34,499] {dag.py:2396} INFO - Sync 1 DAGs
[2022-07-09 03:23:34,531] {logging_mixin.py:109} INFO - [2022-07-09 03:23:34,530] {dag.py:2935} INFO - Setting next_dagrun for fhv_dag to None
[2022-07-09 03:23:34,550] {processor.py:171} INFO - Processing /opt/airflow/dags/fhv_dag.py took 0.246 seconds
[2022-07-09 03:24:04,615] {processor.py:163} INFO - Started process (PID=27855) to work on /opt/airflow/dags/fhv_dag.py
[2022-07-09 03:24:04,618] {processor.py:642} INFO - Processing file /opt/airflow/dags/fhv_dag.py for tasks to queue
[2022-07-09 03:24:04,619] {logging_mixin.py:109} INFO - [2022-07-09 03:24:04,619] {dagbag.py:500} INFO - Filling up the DagBag from /opt/airflow/dags/fhv_dag.py
[2022-07-09 03:24:04,751] {processor.py:654} INFO - DAG(s) dict_keys(['fhv_dag']) retrieved from /opt/airflow/dags/fhv_dag.py
[2022-07-09 03:24:04,768] {logging_mixin.py:109} INFO - [2022-07-09 03:24:04,766] {dag.py:2396} INFO - Sync 1 DAGs
[2022-07-09 03:24:04,794] {logging_mixin.py:109} INFO - [2022-07-09 03:24:04,794] {dag.py:2935} INFO - Setting next_dagrun for fhv_dag to None
[2022-07-09 03:24:04,807] {processor.py:171} INFO - Processing /opt/airflow/dags/fhv_dag.py took 0.197 seconds
[2022-07-09 03:24:35,171] {processor.py:163} INFO - Started process (PID=27886) to work on /opt/airflow/dags/fhv_dag.py
[2022-07-09 03:24:35,177] {processor.py:642} INFO - Processing file /opt/airflow/dags/fhv_dag.py for tasks to queue
[2022-07-09 03:24:35,181] {logging_mixin.py:109} INFO - [2022-07-09 03:24:35,180] {dagbag.py:500} INFO - Filling up the DagBag from /opt/airflow/dags/fhv_dag.py
[2022-07-09 03:24:35,346] {processor.py:654} INFO - DAG(s) dict_keys(['fhv_dag']) retrieved from /opt/airflow/dags/fhv_dag.py
[2022-07-09 03:24:35,372] {logging_mixin.py:109} INFO - [2022-07-09 03:24:35,369] {dag.py:2396} INFO - Sync 1 DAGs
[2022-07-09 03:24:35,406] {logging_mixin.py:109} INFO - [2022-07-09 03:24:35,406] {dag.py:2935} INFO - Setting next_dagrun for fhv_dag to None
[2022-07-09 03:24:35,430] {processor.py:171} INFO - Processing /opt/airflow/dags/fhv_dag.py took 0.269 seconds
[2022-07-09 03:25:06,315] {processor.py:163} INFO - Started process (PID=27921) to work on /opt/airflow/dags/fhv_dag.py
[2022-07-09 03:25:06,317] {processor.py:642} INFO - Processing file /opt/airflow/dags/fhv_dag.py for tasks to queue
[2022-07-09 03:25:06,319] {logging_mixin.py:109} INFO - [2022-07-09 03:25:06,319] {dagbag.py:500} INFO - Filling up the DagBag from /opt/airflow/dags/fhv_dag.py
[2022-07-09 03:25:06,443] {processor.py:654} INFO - DAG(s) dict_keys(['fhv_dag']) retrieved from /opt/airflow/dags/fhv_dag.py
[2022-07-09 03:25:06,458] {logging_mixin.py:109} INFO - [2022-07-09 03:25:06,456] {dag.py:2396} INFO - Sync 1 DAGs
[2022-07-09 03:25:06,483] {logging_mixin.py:109} INFO - [2022-07-09 03:25:06,483] {dag.py:2935} INFO - Setting next_dagrun for fhv_dag to None
[2022-07-09 03:25:06,495] {processor.py:171} INFO - Processing /opt/airflow/dags/fhv_dag.py took 0.185 seconds
[2022-07-09 03:25:36,815] {processor.py:163} INFO - Started process (PID=27954) to work on /opt/airflow/dags/fhv_dag.py
[2022-07-09 03:25:36,818] {processor.py:642} INFO - Processing file /opt/airflow/dags/fhv_dag.py for tasks to queue
[2022-07-09 03:25:36,821] {logging_mixin.py:109} INFO - [2022-07-09 03:25:36,821] {dagbag.py:500} INFO - Filling up the DagBag from /opt/airflow/dags/fhv_dag.py
[2022-07-09 03:25:36,974] {processor.py:654} INFO - DAG(s) dict_keys(['fhv_dag']) retrieved from /opt/airflow/dags/fhv_dag.py
[2022-07-09 03:25:36,991] {logging_mixin.py:109} INFO - [2022-07-09 03:25:36,989] {dag.py:2396} INFO - Sync 1 DAGs
[2022-07-09 03:25:37,015] {logging_mixin.py:109} INFO - [2022-07-09 03:25:37,015] {dag.py:2935} INFO - Setting next_dagrun for fhv_dag to None
[2022-07-09 03:25:37,030] {processor.py:171} INFO - Processing /opt/airflow/dags/fhv_dag.py took 0.222 seconds
[2022-07-09 03:26:07,700] {processor.py:163} INFO - Started process (PID=28000) to work on /opt/airflow/dags/fhv_dag.py
[2022-07-09 03:26:07,705] {processor.py:642} INFO - Processing file /opt/airflow/dags/fhv_dag.py for tasks to queue
[2022-07-09 03:26:07,708] {logging_mixin.py:109} INFO - [2022-07-09 03:26:07,707] {dagbag.py:500} INFO - Filling up the DagBag from /opt/airflow/dags/fhv_dag.py
[2022-07-09 03:26:07,866] {processor.py:654} INFO - DAG(s) dict_keys(['fhv_dag']) retrieved from /opt/airflow/dags/fhv_dag.py
[2022-07-09 03:26:07,894] {logging_mixin.py:109} INFO - [2022-07-09 03:26:07,891] {dag.py:2396} INFO - Sync 1 DAGs
[2022-07-09 03:26:07,927] {logging_mixin.py:109} INFO - [2022-07-09 03:26:07,926] {dag.py:2935} INFO - Setting next_dagrun for fhv_dag to None
[2022-07-09 03:26:07,944] {processor.py:171} INFO - Processing /opt/airflow/dags/fhv_dag.py took 0.258 seconds
[2022-07-09 03:26:38,449] {processor.py:163} INFO - Started process (PID=28034) to work on /opt/airflow/dags/fhv_dag.py
[2022-07-09 03:26:38,452] {processor.py:642} INFO - Processing file /opt/airflow/dags/fhv_dag.py for tasks to queue
[2022-07-09 03:26:38,454] {logging_mixin.py:109} INFO - [2022-07-09 03:26:38,454] {dagbag.py:500} INFO - Filling up the DagBag from /opt/airflow/dags/fhv_dag.py
[2022-07-09 03:26:38,617] {processor.py:654} INFO - DAG(s) dict_keys(['fhv_dag']) retrieved from /opt/airflow/dags/fhv_dag.py
[2022-07-09 03:26:38,637] {logging_mixin.py:109} INFO - [2022-07-09 03:26:38,635] {dag.py:2396} INFO - Sync 1 DAGs
[2022-07-09 03:26:38,670] {logging_mixin.py:109} INFO - [2022-07-09 03:26:38,670] {dag.py:2935} INFO - Setting next_dagrun for fhv_dag to None
[2022-07-09 03:26:38,685] {processor.py:171} INFO - Processing /opt/airflow/dags/fhv_dag.py took 0.241 seconds
[2022-07-09 03:27:09,379] {processor.py:163} INFO - Started process (PID=28067) to work on /opt/airflow/dags/fhv_dag.py
[2022-07-09 03:27:09,381] {processor.py:642} INFO - Processing file /opt/airflow/dags/fhv_dag.py for tasks to queue
[2022-07-09 03:27:09,384] {logging_mixin.py:109} INFO - [2022-07-09 03:27:09,384] {dagbag.py:500} INFO - Filling up the DagBag from /opt/airflow/dags/fhv_dag.py
[2022-07-09 03:27:09,533] {processor.py:654} INFO - DAG(s) dict_keys(['fhv_dag']) retrieved from /opt/airflow/dags/fhv_dag.py
[2022-07-09 03:27:09,554] {logging_mixin.py:109} INFO - [2022-07-09 03:27:09,552] {dag.py:2396} INFO - Sync 1 DAGs
[2022-07-09 03:27:09,582] {logging_mixin.py:109} INFO - [2022-07-09 03:27:09,582] {dag.py:2935} INFO - Setting next_dagrun for fhv_dag to None
[2022-07-09 03:27:09,599] {processor.py:171} INFO - Processing /opt/airflow/dags/fhv_dag.py took 0.226 seconds
[2022-07-09 03:27:39,797] {processor.py:163} INFO - Started process (PID=28112) to work on /opt/airflow/dags/fhv_dag.py
[2022-07-09 03:27:39,803] {processor.py:642} INFO - Processing file /opt/airflow/dags/fhv_dag.py for tasks to queue
[2022-07-09 03:27:39,807] {logging_mixin.py:109} INFO - [2022-07-09 03:27:39,807] {dagbag.py:500} INFO - Filling up the DagBag from /opt/airflow/dags/fhv_dag.py
[2022-07-09 03:27:39,981] {processor.py:654} INFO - DAG(s) dict_keys(['fhv_dag']) retrieved from /opt/airflow/dags/fhv_dag.py
[2022-07-09 03:27:40,013] {logging_mixin.py:109} INFO - [2022-07-09 03:27:40,010] {dag.py:2396} INFO - Sync 1 DAGs
[2022-07-09 03:27:40,048] {logging_mixin.py:109} INFO - [2022-07-09 03:27:40,047] {dag.py:2935} INFO - Setting next_dagrun for fhv_dag to None
[2022-07-09 03:27:40,071] {processor.py:171} INFO - Processing /opt/airflow/dags/fhv_dag.py took 0.284 seconds
[2022-07-09 03:28:10,271] {processor.py:163} INFO - Started process (PID=28146) to work on /opt/airflow/dags/fhv_dag.py
[2022-07-09 03:28:10,274] {processor.py:642} INFO - Processing file /opt/airflow/dags/fhv_dag.py for tasks to queue
[2022-07-09 03:28:10,277] {logging_mixin.py:109} INFO - [2022-07-09 03:28:10,276] {dagbag.py:500} INFO - Filling up the DagBag from /opt/airflow/dags/fhv_dag.py
[2022-07-09 03:28:10,433] {processor.py:654} INFO - DAG(s) dict_keys(['fhv_dag']) retrieved from /opt/airflow/dags/fhv_dag.py
[2022-07-09 03:28:10,451] {logging_mixin.py:109} INFO - [2022-07-09 03:28:10,449] {dag.py:2396} INFO - Sync 1 DAGs
[2022-07-09 03:28:10,481] {logging_mixin.py:109} INFO - [2022-07-09 03:28:10,481] {dag.py:2935} INFO - Setting next_dagrun for fhv_dag to None
[2022-07-09 03:28:10,493] {processor.py:171} INFO - Processing /opt/airflow/dags/fhv_dag.py took 0.231 seconds
[2022-07-09 03:28:40,589] {processor.py:163} INFO - Started process (PID=28179) to work on /opt/airflow/dags/fhv_dag.py
[2022-07-09 03:28:40,592] {processor.py:642} INFO - Processing file /opt/airflow/dags/fhv_dag.py for tasks to queue
[2022-07-09 03:28:40,593] {logging_mixin.py:109} INFO - [2022-07-09 03:28:40,593] {dagbag.py:500} INFO - Filling up the DagBag from /opt/airflow/dags/fhv_dag.py
[2022-07-09 03:28:40,731] {processor.py:654} INFO - DAG(s) dict_keys(['fhv_dag']) retrieved from /opt/airflow/dags/fhv_dag.py
[2022-07-09 03:28:40,748] {logging_mixin.py:109} INFO - [2022-07-09 03:28:40,746] {dag.py:2396} INFO - Sync 1 DAGs
[2022-07-09 03:28:40,772] {logging_mixin.py:109} INFO - [2022-07-09 03:28:40,772] {dag.py:2935} INFO - Setting next_dagrun for fhv_dag to None
[2022-07-09 03:28:40,784] {processor.py:171} INFO - Processing /opt/airflow/dags/fhv_dag.py took 0.200 seconds
[2022-07-09 03:29:11,706] {processor.py:163} INFO - Started process (PID=28220) to work on /opt/airflow/dags/fhv_dag.py
[2022-07-09 03:29:11,709] {processor.py:642} INFO - Processing file /opt/airflow/dags/fhv_dag.py for tasks to queue
[2022-07-09 03:29:11,711] {logging_mixin.py:109} INFO - [2022-07-09 03:29:11,711] {dagbag.py:500} INFO - Filling up the DagBag from /opt/airflow/dags/fhv_dag.py
[2022-07-09 03:29:11,911] {processor.py:654} INFO - DAG(s) dict_keys(['fhv_dag']) retrieved from /opt/airflow/dags/fhv_dag.py
[2022-07-09 03:29:11,959] {logging_mixin.py:109} INFO - [2022-07-09 03:29:11,955] {dag.py:2396} INFO - Sync 1 DAGs
[2022-07-09 03:29:12,007] {logging_mixin.py:109} INFO - [2022-07-09 03:29:12,007] {dag.py:2935} INFO - Setting next_dagrun for fhv_dag to None
[2022-07-09 03:29:12,024] {processor.py:171} INFO - Processing /opt/airflow/dags/fhv_dag.py took 0.324 seconds
[2022-07-09 03:29:42,253] {processor.py:163} INFO - Started process (PID=28257) to work on /opt/airflow/dags/fhv_dag.py
[2022-07-09 03:29:42,255] {processor.py:642} INFO - Processing file /opt/airflow/dags/fhv_dag.py for tasks to queue
[2022-07-09 03:29:42,257] {logging_mixin.py:109} INFO - [2022-07-09 03:29:42,257] {dagbag.py:500} INFO - Filling up the DagBag from /opt/airflow/dags/fhv_dag.py
[2022-07-09 03:29:42,383] {processor.py:654} INFO - DAG(s) dict_keys(['fhv_dag']) retrieved from /opt/airflow/dags/fhv_dag.py
[2022-07-09 03:29:42,398] {logging_mixin.py:109} INFO - [2022-07-09 03:29:42,397] {dag.py:2396} INFO - Sync 1 DAGs
[2022-07-09 03:29:42,422] {logging_mixin.py:109} INFO - [2022-07-09 03:29:42,421] {dag.py:2935} INFO - Setting next_dagrun for fhv_dag to None
[2022-07-09 03:29:42,433] {processor.py:171} INFO - Processing /opt/airflow/dags/fhv_dag.py took 0.185 seconds
[2022-07-09 03:30:12,578] {processor.py:163} INFO - Started process (PID=28295) to work on /opt/airflow/dags/fhv_dag.py
[2022-07-09 03:30:12,584] {processor.py:642} INFO - Processing file /opt/airflow/dags/fhv_dag.py for tasks to queue
[2022-07-09 03:30:12,587] {logging_mixin.py:109} INFO - [2022-07-09 03:30:12,587] {dagbag.py:500} INFO - Filling up the DagBag from /opt/airflow/dags/fhv_dag.py
[2022-07-09 03:30:12,789] {processor.py:654} INFO - DAG(s) dict_keys(['fhv_dag']) retrieved from /opt/airflow/dags/fhv_dag.py
[2022-07-09 03:30:12,808] {logging_mixin.py:109} INFO - [2022-07-09 03:30:12,806] {dag.py:2396} INFO - Sync 1 DAGs
[2022-07-09 03:30:12,845] {logging_mixin.py:109} INFO - [2022-07-09 03:30:12,845] {dag.py:2935} INFO - Setting next_dagrun for fhv_dag to None
[2022-07-09 03:30:12,866] {processor.py:171} INFO - Processing /opt/airflow/dags/fhv_dag.py took 0.300 seconds
[2022-07-09 03:30:43,133] {processor.py:163} INFO - Started process (PID=28327) to work on /opt/airflow/dags/fhv_dag.py
[2022-07-09 03:30:43,137] {processor.py:642} INFO - Processing file /opt/airflow/dags/fhv_dag.py for tasks to queue
[2022-07-09 03:30:43,142] {logging_mixin.py:109} INFO - [2022-07-09 03:30:43,142] {dagbag.py:500} INFO - Filling up the DagBag from /opt/airflow/dags/fhv_dag.py
[2022-07-09 03:30:43,320] {processor.py:654} INFO - DAG(s) dict_keys(['fhv_dag']) retrieved from /opt/airflow/dags/fhv_dag.py
[2022-07-09 03:30:43,338] {logging_mixin.py:109} INFO - [2022-07-09 03:30:43,336] {dag.py:2396} INFO - Sync 1 DAGs
[2022-07-09 03:30:43,369] {logging_mixin.py:109} INFO - [2022-07-09 03:30:43,369] {dag.py:2935} INFO - Setting next_dagrun for fhv_dag to None
[2022-07-09 03:30:43,388] {processor.py:171} INFO - Processing /opt/airflow/dags/fhv_dag.py took 0.263 seconds
[2022-07-09 03:31:13,720] {processor.py:163} INFO - Started process (PID=28370) to work on /opt/airflow/dags/fhv_dag.py
[2022-07-09 03:31:13,722] {processor.py:642} INFO - Processing file /opt/airflow/dags/fhv_dag.py for tasks to queue
[2022-07-09 03:31:13,724] {logging_mixin.py:109} INFO - [2022-07-09 03:31:13,724] {dagbag.py:500} INFO - Filling up the DagBag from /opt/airflow/dags/fhv_dag.py
[2022-07-09 03:31:13,849] {processor.py:654} INFO - DAG(s) dict_keys(['fhv_dag']) retrieved from /opt/airflow/dags/fhv_dag.py
[2022-07-09 03:31:13,864] {logging_mixin.py:109} INFO - [2022-07-09 03:31:13,862] {dag.py:2396} INFO - Sync 1 DAGs
[2022-07-09 03:31:13,887] {logging_mixin.py:109} INFO - [2022-07-09 03:31:13,886] {dag.py:2935} INFO - Setting next_dagrun for fhv_dag to None
[2022-07-09 03:31:13,898] {processor.py:171} INFO - Processing /opt/airflow/dags/fhv_dag.py took 0.183 seconds
[2022-07-09 03:31:44,600] {processor.py:163} INFO - Started process (PID=28402) to work on /opt/airflow/dags/fhv_dag.py
[2022-07-09 03:31:44,602] {processor.py:642} INFO - Processing file /opt/airflow/dags/fhv_dag.py for tasks to queue
[2022-07-09 03:31:44,604] {logging_mixin.py:109} INFO - [2022-07-09 03:31:44,603] {dagbag.py:500} INFO - Filling up the DagBag from /opt/airflow/dags/fhv_dag.py
[2022-07-09 03:31:44,723] {processor.py:654} INFO - DAG(s) dict_keys(['fhv_dag']) retrieved from /opt/airflow/dags/fhv_dag.py
[2022-07-09 03:31:44,739] {logging_mixin.py:109} INFO - [2022-07-09 03:31:44,737] {dag.py:2396} INFO - Sync 1 DAGs
[2022-07-09 03:31:44,767] {logging_mixin.py:109} INFO - [2022-07-09 03:31:44,767] {dag.py:2935} INFO - Setting next_dagrun for fhv_dag to None
[2022-07-09 03:31:44,779] {processor.py:171} INFO - Processing /opt/airflow/dags/fhv_dag.py took 0.184 seconds
[2022-07-09 03:32:16,148] {processor.py:163} INFO - Started process (PID=28444) to work on /opt/airflow/dags/fhv_dag.py
[2022-07-09 03:32:16,164] {processor.py:642} INFO - Processing file /opt/airflow/dags/fhv_dag.py for tasks to queue
[2022-07-09 03:32:16,169] {logging_mixin.py:109} INFO - [2022-07-09 03:32:16,169] {dagbag.py:500} INFO - Filling up the DagBag from /opt/airflow/dags/fhv_dag.py
[2022-07-09 03:32:16,460] {processor.py:654} INFO - DAG(s) dict_keys(['fhv_dag']) retrieved from /opt/airflow/dags/fhv_dag.py
[2022-07-09 03:32:16,557] {logging_mixin.py:109} INFO - [2022-07-09 03:32:16,552] {dag.py:2396} INFO - Sync 1 DAGs
[2022-07-09 03:32:16,629] {logging_mixin.py:109} INFO - [2022-07-09 03:32:16,628] {dag.py:2935} INFO - Setting next_dagrun for fhv_dag to None
[2022-07-09 03:32:16,657] {processor.py:171} INFO - Processing /opt/airflow/dags/fhv_dag.py took 0.531 seconds
[2022-07-09 03:32:46,740] {processor.py:163} INFO - Started process (PID=28477) to work on /opt/airflow/dags/fhv_dag.py
[2022-07-09 03:32:46,744] {processor.py:642} INFO - Processing file /opt/airflow/dags/fhv_dag.py for tasks to queue
[2022-07-09 03:32:46,746] {logging_mixin.py:109} INFO - [2022-07-09 03:32:46,746] {dagbag.py:500} INFO - Filling up the DagBag from /opt/airflow/dags/fhv_dag.py
[2022-07-09 03:32:46,927] {processor.py:654} INFO - DAG(s) dict_keys(['fhv_dag']) retrieved from /opt/airflow/dags/fhv_dag.py
[2022-07-09 03:32:46,950] {logging_mixin.py:109} INFO - [2022-07-09 03:32:46,946] {dag.py:2396} INFO - Sync 1 DAGs
[2022-07-09 03:32:46,983] {logging_mixin.py:109} INFO - [2022-07-09 03:32:46,982] {dag.py:2935} INFO - Setting next_dagrun for fhv_dag to None
[2022-07-09 03:32:46,995] {processor.py:171} INFO - Processing /opt/airflow/dags/fhv_dag.py took 0.262 seconds
[2022-07-09 03:33:18,493] {processor.py:163} INFO - Started process (PID=28511) to work on /opt/airflow/dags/fhv_dag.py
[2022-07-09 03:33:18,501] {processor.py:642} INFO - Processing file /opt/airflow/dags/fhv_dag.py for tasks to queue
[2022-07-09 03:33:18,505] {logging_mixin.py:109} INFO - [2022-07-09 03:33:18,504] {dagbag.py:500} INFO - Filling up the DagBag from /opt/airflow/dags/fhv_dag.py
[2022-07-09 03:33:18,742] {processor.py:654} INFO - DAG(s) dict_keys(['fhv_dag']) retrieved from /opt/airflow/dags/fhv_dag.py
[2022-07-09 03:33:18,767] {logging_mixin.py:109} INFO - [2022-07-09 03:33:18,764] {dag.py:2396} INFO - Sync 1 DAGs
[2022-07-09 03:33:18,811] {logging_mixin.py:109} INFO - [2022-07-09 03:33:18,811] {dag.py:2935} INFO - Setting next_dagrun for fhv_dag to None
[2022-07-09 03:33:18,833] {processor.py:171} INFO - Processing /opt/airflow/dags/fhv_dag.py took 0.359 seconds
[2022-07-09 03:33:49,762] {processor.py:163} INFO - Started process (PID=28544) to work on /opt/airflow/dags/fhv_dag.py
[2022-07-09 03:33:49,765] {processor.py:642} INFO - Processing file /opt/airflow/dags/fhv_dag.py for tasks to queue
[2022-07-09 03:33:49,767] {logging_mixin.py:109} INFO - [2022-07-09 03:33:49,767] {dagbag.py:500} INFO - Filling up the DagBag from /opt/airflow/dags/fhv_dag.py
[2022-07-09 03:33:49,926] {processor.py:654} INFO - DAG(s) dict_keys(['fhv_dag']) retrieved from /opt/airflow/dags/fhv_dag.py
[2022-07-09 03:33:49,945] {logging_mixin.py:109} INFO - [2022-07-09 03:33:49,943] {dag.py:2396} INFO - Sync 1 DAGs
[2022-07-09 03:33:49,976] {logging_mixin.py:109} INFO - [2022-07-09 03:33:49,976] {dag.py:2935} INFO - Setting next_dagrun for fhv_dag to None
[2022-07-09 03:33:49,990] {processor.py:171} INFO - Processing /opt/airflow/dags/fhv_dag.py took 0.235 seconds
[2022-07-09 03:34:21,006] {processor.py:163} INFO - Started process (PID=28589) to work on /opt/airflow/dags/fhv_dag.py
[2022-07-09 03:34:21,009] {processor.py:642} INFO - Processing file /opt/airflow/dags/fhv_dag.py for tasks to queue
[2022-07-09 03:34:21,015] {logging_mixin.py:109} INFO - [2022-07-09 03:34:21,014] {dagbag.py:500} INFO - Filling up the DagBag from /opt/airflow/dags/fhv_dag.py
[2022-07-09 03:34:21,240] {processor.py:654} INFO - DAG(s) dict_keys(['fhv_dag']) retrieved from /opt/airflow/dags/fhv_dag.py
[2022-07-09 03:34:21,264] {logging_mixin.py:109} INFO - [2022-07-09 03:34:21,261] {dag.py:2396} INFO - Sync 1 DAGs
[2022-07-09 03:34:21,295] {logging_mixin.py:109} INFO - [2022-07-09 03:34:21,295] {dag.py:2935} INFO - Setting next_dagrun for fhv_dag to None
[2022-07-09 03:34:21,316] {processor.py:171} INFO - Processing /opt/airflow/dags/fhv_dag.py took 0.324 seconds
[2022-07-09 03:34:51,538] {processor.py:163} INFO - Started process (PID=28621) to work on /opt/airflow/dags/fhv_dag.py
[2022-07-09 03:34:51,545] {processor.py:642} INFO - Processing file /opt/airflow/dags/fhv_dag.py for tasks to queue
[2022-07-09 03:34:51,549] {logging_mixin.py:109} INFO - [2022-07-09 03:34:51,549] {dagbag.py:500} INFO - Filling up the DagBag from /opt/airflow/dags/fhv_dag.py
[2022-07-09 03:34:51,720] {processor.py:654} INFO - DAG(s) dict_keys(['fhv_dag']) retrieved from /opt/airflow/dags/fhv_dag.py
[2022-07-09 03:34:51,743] {logging_mixin.py:109} INFO - [2022-07-09 03:34:51,741] {dag.py:2396} INFO - Sync 1 DAGs
[2022-07-09 03:34:51,769] {logging_mixin.py:109} INFO - [2022-07-09 03:34:51,769] {dag.py:2935} INFO - Setting next_dagrun for fhv_dag to None
[2022-07-09 03:34:51,786] {processor.py:171} INFO - Processing /opt/airflow/dags/fhv_dag.py took 0.260 seconds
[2022-07-09 03:35:22,458] {processor.py:163} INFO - Started process (PID=28654) to work on /opt/airflow/dags/fhv_dag.py
[2022-07-09 03:35:22,464] {processor.py:642} INFO - Processing file /opt/airflow/dags/fhv_dag.py for tasks to queue
[2022-07-09 03:35:22,468] {logging_mixin.py:109} INFO - [2022-07-09 03:35:22,468] {dagbag.py:500} INFO - Filling up the DagBag from /opt/airflow/dags/fhv_dag.py
[2022-07-09 03:35:22,704] {processor.py:654} INFO - DAG(s) dict_keys(['fhv_dag']) retrieved from /opt/airflow/dags/fhv_dag.py
[2022-07-09 03:35:22,740] {logging_mixin.py:109} INFO - [2022-07-09 03:35:22,737] {dag.py:2396} INFO - Sync 1 DAGs
[2022-07-09 03:35:22,798] {logging_mixin.py:109} INFO - [2022-07-09 03:35:22,797] {dag.py:2935} INFO - Setting next_dagrun for fhv_dag to None
[2022-07-09 03:35:22,840] {processor.py:171} INFO - Processing /opt/airflow/dags/fhv_dag.py took 0.389 seconds
[2022-07-09 03:35:53,778] {processor.py:163} INFO - Started process (PID=28685) to work on /opt/airflow/dags/fhv_dag.py
[2022-07-09 03:35:53,781] {processor.py:642} INFO - Processing file /opt/airflow/dags/fhv_dag.py for tasks to queue
[2022-07-09 03:35:53,783] {logging_mixin.py:109} INFO - [2022-07-09 03:35:53,783] {dagbag.py:500} INFO - Filling up the DagBag from /opt/airflow/dags/fhv_dag.py
[2022-07-09 03:35:53,992] {processor.py:654} INFO - DAG(s) dict_keys(['fhv_dag']) retrieved from /opt/airflow/dags/fhv_dag.py
[2022-07-09 03:35:54,037] {logging_mixin.py:109} INFO - [2022-07-09 03:35:54,035] {dag.py:2396} INFO - Sync 1 DAGs
[2022-07-09 03:35:54,079] {logging_mixin.py:109} INFO - [2022-07-09 03:35:54,078] {dag.py:2935} INFO - Setting next_dagrun for fhv_dag to None
[2022-07-09 03:35:54,116] {processor.py:171} INFO - Processing /opt/airflow/dags/fhv_dag.py took 0.352 seconds
[2022-07-09 03:36:24,236] {processor.py:163} INFO - Started process (PID=28728) to work on /opt/airflow/dags/fhv_dag.py
[2022-07-09 03:36:24,248] {processor.py:642} INFO - Processing file /opt/airflow/dags/fhv_dag.py for tasks to queue
[2022-07-09 03:36:24,253] {logging_mixin.py:109} INFO - [2022-07-09 03:36:24,253] {dagbag.py:500} INFO - Filling up the DagBag from /opt/airflow/dags/fhv_dag.py
[2022-07-09 03:36:24,666] {processor.py:654} INFO - DAG(s) dict_keys(['fhv_dag']) retrieved from /opt/airflow/dags/fhv_dag.py
[2022-07-09 03:36:24,697] {logging_mixin.py:109} INFO - [2022-07-09 03:36:24,694] {dag.py:2396} INFO - Sync 1 DAGs
[2022-07-09 03:36:24,747] {logging_mixin.py:109} INFO - [2022-07-09 03:36:24,747] {dag.py:2935} INFO - Setting next_dagrun for fhv_dag to None
[2022-07-09 03:36:24,773] {processor.py:171} INFO - Processing /opt/airflow/dags/fhv_dag.py took 0.551 seconds
[2022-07-09 03:36:54,861] {processor.py:163} INFO - Started process (PID=28760) to work on /opt/airflow/dags/fhv_dag.py
[2022-07-09 03:36:54,866] {processor.py:642} INFO - Processing file /opt/airflow/dags/fhv_dag.py for tasks to queue
[2022-07-09 03:36:54,868] {logging_mixin.py:109} INFO - [2022-07-09 03:36:54,868] {dagbag.py:500} INFO - Filling up the DagBag from /opt/airflow/dags/fhv_dag.py
[2022-07-09 03:36:55,032] {processor.py:654} INFO - DAG(s) dict_keys(['fhv_dag']) retrieved from /opt/airflow/dags/fhv_dag.py
[2022-07-09 03:36:55,052] {logging_mixin.py:109} INFO - [2022-07-09 03:36:55,049] {dag.py:2396} INFO - Sync 1 DAGs
[2022-07-09 03:36:55,086] {logging_mixin.py:109} INFO - [2022-07-09 03:36:55,086] {dag.py:2935} INFO - Setting next_dagrun for fhv_dag to None
[2022-07-09 03:36:55,101] {processor.py:171} INFO - Processing /opt/airflow/dags/fhv_dag.py took 0.248 seconds
[2022-07-09 03:37:25,752] {processor.py:163} INFO - Started process (PID=28794) to work on /opt/airflow/dags/fhv_dag.py
[2022-07-09 03:37:25,755] {processor.py:642} INFO - Processing file /opt/airflow/dags/fhv_dag.py for tasks to queue
[2022-07-09 03:37:25,757] {logging_mixin.py:109} INFO - [2022-07-09 03:37:25,756] {dagbag.py:500} INFO - Filling up the DagBag from /opt/airflow/dags/fhv_dag.py
[2022-07-09 03:37:25,888] {processor.py:654} INFO - DAG(s) dict_keys(['fhv_dag']) retrieved from /opt/airflow/dags/fhv_dag.py
[2022-07-09 03:37:25,913] {logging_mixin.py:109} INFO - [2022-07-09 03:37:25,909] {dag.py:2396} INFO - Sync 1 DAGs
[2022-07-09 03:37:25,947] {logging_mixin.py:109} INFO - [2022-07-09 03:37:25,947] {dag.py:2935} INFO - Setting next_dagrun for fhv_dag to None
[2022-07-09 03:37:25,961] {processor.py:171} INFO - Processing /opt/airflow/dags/fhv_dag.py took 0.216 seconds
[2022-07-09 03:37:56,695] {processor.py:163} INFO - Started process (PID=28829) to work on /opt/airflow/dags/fhv_dag.py
[2022-07-09 03:37:56,698] {processor.py:642} INFO - Processing file /opt/airflow/dags/fhv_dag.py for tasks to queue
[2022-07-09 03:37:56,700] {logging_mixin.py:109} INFO - [2022-07-09 03:37:56,700] {dagbag.py:500} INFO - Filling up the DagBag from /opt/airflow/dags/fhv_dag.py
[2022-07-09 03:37:56,843] {processor.py:654} INFO - DAG(s) dict_keys(['fhv_dag']) retrieved from /opt/airflow/dags/fhv_dag.py
[2022-07-09 03:37:56,859] {logging_mixin.py:109} INFO - [2022-07-09 03:37:56,857] {dag.py:2396} INFO - Sync 1 DAGs
[2022-07-09 03:37:56,885] {logging_mixin.py:109} INFO - [2022-07-09 03:37:56,885] {dag.py:2935} INFO - Setting next_dagrun for fhv_dag to None
[2022-07-09 03:37:56,899] {processor.py:171} INFO - Processing /opt/airflow/dags/fhv_dag.py took 0.208 seconds
[2022-07-09 03:38:27,676] {processor.py:163} INFO - Started process (PID=28872) to work on /opt/airflow/dags/fhv_dag.py
[2022-07-09 03:38:27,682] {processor.py:642} INFO - Processing file /opt/airflow/dags/fhv_dag.py for tasks to queue
[2022-07-09 03:38:27,684] {logging_mixin.py:109} INFO - [2022-07-09 03:38:27,684] {dagbag.py:500} INFO - Filling up the DagBag from /opt/airflow/dags/fhv_dag.py
[2022-07-09 03:38:27,838] {processor.py:654} INFO - DAG(s) dict_keys(['fhv_dag']) retrieved from /opt/airflow/dags/fhv_dag.py
[2022-07-09 03:38:27,861] {logging_mixin.py:109} INFO - [2022-07-09 03:38:27,859] {dag.py:2396} INFO - Sync 1 DAGs
[2022-07-09 03:38:27,901] {logging_mixin.py:109} INFO - [2022-07-09 03:38:27,901] {dag.py:2935} INFO - Setting next_dagrun for fhv_dag to None
[2022-07-09 03:38:27,919] {processor.py:171} INFO - Processing /opt/airflow/dags/fhv_dag.py took 0.256 seconds
[2022-07-09 03:38:58,602] {processor.py:163} INFO - Started process (PID=28906) to work on /opt/airflow/dags/fhv_dag.py
[2022-07-09 03:38:58,609] {processor.py:642} INFO - Processing file /opt/airflow/dags/fhv_dag.py for tasks to queue
[2022-07-09 03:38:58,613] {logging_mixin.py:109} INFO - [2022-07-09 03:38:58,612] {dagbag.py:500} INFO - Filling up the DagBag from /opt/airflow/dags/fhv_dag.py
[2022-07-09 03:38:58,797] {processor.py:654} INFO - DAG(s) dict_keys(['fhv_dag']) retrieved from /opt/airflow/dags/fhv_dag.py
[2022-07-09 03:38:58,816] {logging_mixin.py:109} INFO - [2022-07-09 03:38:58,815] {dag.py:2396} INFO - Sync 1 DAGs
[2022-07-09 03:38:58,856] {logging_mixin.py:109} INFO - [2022-07-09 03:38:58,856] {dag.py:2935} INFO - Setting next_dagrun for fhv_dag to None
[2022-07-09 03:38:58,899] {processor.py:171} INFO - Processing /opt/airflow/dags/fhv_dag.py took 0.305 seconds
[2022-07-09 03:39:29,400] {processor.py:163} INFO - Started process (PID=28950) to work on /opt/airflow/dags/fhv_dag.py
[2022-07-09 03:39:29,410] {processor.py:642} INFO - Processing file /opt/airflow/dags/fhv_dag.py for tasks to queue
[2022-07-09 03:39:29,413] {logging_mixin.py:109} INFO - [2022-07-09 03:39:29,412] {dagbag.py:500} INFO - Filling up the DagBag from /opt/airflow/dags/fhv_dag.py
[2022-07-09 03:39:29,810] {processor.py:654} INFO - DAG(s) dict_keys(['fhv_dag']) retrieved from /opt/airflow/dags/fhv_dag.py
[2022-07-09 03:39:29,838] {logging_mixin.py:109} INFO - [2022-07-09 03:39:29,836] {dag.py:2396} INFO - Sync 1 DAGs
[2022-07-09 03:39:29,893] {logging_mixin.py:109} INFO - [2022-07-09 03:39:29,892] {dag.py:2935} INFO - Setting next_dagrun for fhv_dag to None
[2022-07-09 03:39:29,941] {processor.py:171} INFO - Processing /opt/airflow/dags/fhv_dag.py took 0.549 seconds
[2022-07-09 03:40:00,712] {processor.py:163} INFO - Started process (PID=28984) to work on /opt/airflow/dags/fhv_dag.py
[2022-07-09 03:40:00,721] {processor.py:642} INFO - Processing file /opt/airflow/dags/fhv_dag.py for tasks to queue
[2022-07-09 03:40:00,724] {logging_mixin.py:109} INFO - [2022-07-09 03:40:00,723] {dagbag.py:500} INFO - Filling up the DagBag from /opt/airflow/dags/fhv_dag.py
[2022-07-09 03:40:00,905] {processor.py:654} INFO - DAG(s) dict_keys(['fhv_dag']) retrieved from /opt/airflow/dags/fhv_dag.py
[2022-07-09 03:40:00,924] {logging_mixin.py:109} INFO - [2022-07-09 03:40:00,922] {dag.py:2396} INFO - Sync 1 DAGs
[2022-07-09 03:40:00,951] {logging_mixin.py:109} INFO - [2022-07-09 03:40:00,951] {dag.py:2935} INFO - Setting next_dagrun for fhv_dag to None
[2022-07-09 03:40:00,966] {processor.py:171} INFO - Processing /opt/airflow/dags/fhv_dag.py took 0.263 seconds
[2022-07-09 03:40:31,759] {processor.py:163} INFO - Started process (PID=29018) to work on /opt/airflow/dags/fhv_dag.py
[2022-07-09 03:40:31,763] {processor.py:642} INFO - Processing file /opt/airflow/dags/fhv_dag.py for tasks to queue
[2022-07-09 03:40:31,765] {logging_mixin.py:109} INFO - [2022-07-09 03:40:31,765] {dagbag.py:500} INFO - Filling up the DagBag from /opt/airflow/dags/fhv_dag.py
[2022-07-09 03:40:31,900] {processor.py:654} INFO - DAG(s) dict_keys(['fhv_dag']) retrieved from /opt/airflow/dags/fhv_dag.py
[2022-07-09 03:40:31,916] {logging_mixin.py:109} INFO - [2022-07-09 03:40:31,914] {dag.py:2396} INFO - Sync 1 DAGs
[2022-07-09 03:40:31,940] {logging_mixin.py:109} INFO - [2022-07-09 03:40:31,940] {dag.py:2935} INFO - Setting next_dagrun for fhv_dag to None
[2022-07-09 03:40:31,952] {processor.py:171} INFO - Processing /opt/airflow/dags/fhv_dag.py took 0.199 seconds
[2022-07-09 03:41:02,218] {processor.py:163} INFO - Started process (PID=29062) to work on /opt/airflow/dags/fhv_dag.py
[2022-07-09 03:41:02,223] {processor.py:642} INFO - Processing file /opt/airflow/dags/fhv_dag.py for tasks to queue
[2022-07-09 03:41:02,227] {logging_mixin.py:109} INFO - [2022-07-09 03:41:02,226] {dagbag.py:500} INFO - Filling up the DagBag from /opt/airflow/dags/fhv_dag.py
[2022-07-09 03:41:02,430] {processor.py:654} INFO - DAG(s) dict_keys(['fhv_dag']) retrieved from /opt/airflow/dags/fhv_dag.py
[2022-07-09 03:41:02,453] {logging_mixin.py:109} INFO - [2022-07-09 03:41:02,451] {dag.py:2396} INFO - Sync 1 DAGs
[2022-07-09 03:41:02,482] {logging_mixin.py:109} INFO - [2022-07-09 03:41:02,482] {dag.py:2935} INFO - Setting next_dagrun for fhv_dag to None
[2022-07-09 03:41:02,502] {processor.py:171} INFO - Processing /opt/airflow/dags/fhv_dag.py took 0.291 seconds
[2022-07-09 03:41:33,310] {processor.py:163} INFO - Started process (PID=29094) to work on /opt/airflow/dags/fhv_dag.py
[2022-07-09 03:41:33,314] {processor.py:642} INFO - Processing file /opt/airflow/dags/fhv_dag.py for tasks to queue
[2022-07-09 03:41:33,316] {logging_mixin.py:109} INFO - [2022-07-09 03:41:33,315] {dagbag.py:500} INFO - Filling up the DagBag from /opt/airflow/dags/fhv_dag.py
[2022-07-09 03:41:33,442] {processor.py:654} INFO - DAG(s) dict_keys(['fhv_dag']) retrieved from /opt/airflow/dags/fhv_dag.py
[2022-07-09 03:41:33,459] {logging_mixin.py:109} INFO - [2022-07-09 03:41:33,457] {dag.py:2396} INFO - Sync 1 DAGs
[2022-07-09 03:41:33,482] {logging_mixin.py:109} INFO - [2022-07-09 03:41:33,482] {dag.py:2935} INFO - Setting next_dagrun for fhv_dag to None
[2022-07-09 03:41:33,494] {processor.py:171} INFO - Processing /opt/airflow/dags/fhv_dag.py took 0.188 seconds
[2022-07-09 03:42:03,585] {processor.py:163} INFO - Started process (PID=29129) to work on /opt/airflow/dags/fhv_dag.py
[2022-07-09 03:42:03,589] {processor.py:642} INFO - Processing file /opt/airflow/dags/fhv_dag.py for tasks to queue
[2022-07-09 03:42:03,591] {logging_mixin.py:109} INFO - [2022-07-09 03:42:03,591] {dagbag.py:500} INFO - Filling up the DagBag from /opt/airflow/dags/fhv_dag.py
[2022-07-09 03:42:03,741] {processor.py:654} INFO - DAG(s) dict_keys(['fhv_dag']) retrieved from /opt/airflow/dags/fhv_dag.py
[2022-07-09 03:42:03,758] {logging_mixin.py:109} INFO - [2022-07-09 03:42:03,756] {dag.py:2396} INFO - Sync 1 DAGs
[2022-07-09 03:42:03,786] {logging_mixin.py:109} INFO - [2022-07-09 03:42:03,786] {dag.py:2935} INFO - Setting next_dagrun for fhv_dag to None
[2022-07-09 03:42:03,801] {processor.py:171} INFO - Processing /opt/airflow/dags/fhv_dag.py took 0.224 seconds
[2022-07-09 03:42:34,617] {processor.py:163} INFO - Started process (PID=29162) to work on /opt/airflow/dags/fhv_dag.py
[2022-07-09 03:42:34,620] {processor.py:642} INFO - Processing file /opt/airflow/dags/fhv_dag.py for tasks to queue
[2022-07-09 03:42:34,622] {logging_mixin.py:109} INFO - [2022-07-09 03:42:34,622] {dagbag.py:500} INFO - Filling up the DagBag from /opt/airflow/dags/fhv_dag.py
[2022-07-09 03:42:34,779] {processor.py:654} INFO - DAG(s) dict_keys(['fhv_dag']) retrieved from /opt/airflow/dags/fhv_dag.py
[2022-07-09 03:42:34,800] {logging_mixin.py:109} INFO - [2022-07-09 03:42:34,797] {dag.py:2396} INFO - Sync 1 DAGs
[2022-07-09 03:42:34,830] {logging_mixin.py:109} INFO - [2022-07-09 03:42:34,830] {dag.py:2935} INFO - Setting next_dagrun for fhv_dag to None
[2022-07-09 03:42:34,848] {processor.py:171} INFO - Processing /opt/airflow/dags/fhv_dag.py took 0.238 seconds
[2022-07-09 03:43:05,247] {processor.py:163} INFO - Started process (PID=29206) to work on /opt/airflow/dags/fhv_dag.py
[2022-07-09 03:43:05,250] {processor.py:642} INFO - Processing file /opt/airflow/dags/fhv_dag.py for tasks to queue
[2022-07-09 03:43:05,251] {logging_mixin.py:109} INFO - [2022-07-09 03:43:05,251] {dagbag.py:500} INFO - Filling up the DagBag from /opt/airflow/dags/fhv_dag.py
[2022-07-09 03:43:05,379] {processor.py:654} INFO - DAG(s) dict_keys(['fhv_dag']) retrieved from /opt/airflow/dags/fhv_dag.py
[2022-07-09 03:43:05,395] {logging_mixin.py:109} INFO - [2022-07-09 03:43:05,393] {dag.py:2396} INFO - Sync 1 DAGs
[2022-07-09 03:43:05,419] {logging_mixin.py:109} INFO - [2022-07-09 03:43:05,419] {dag.py:2935} INFO - Setting next_dagrun for fhv_dag to None
[2022-07-09 03:43:05,431] {processor.py:171} INFO - Processing /opt/airflow/dags/fhv_dag.py took 0.189 seconds
[2022-07-09 03:43:35,518] {processor.py:163} INFO - Started process (PID=29236) to work on /opt/airflow/dags/fhv_dag.py
[2022-07-09 03:43:35,520] {processor.py:642} INFO - Processing file /opt/airflow/dags/fhv_dag.py for tasks to queue
[2022-07-09 03:43:35,522] {logging_mixin.py:109} INFO - [2022-07-09 03:43:35,522] {dagbag.py:500} INFO - Filling up the DagBag from /opt/airflow/dags/fhv_dag.py
[2022-07-09 03:43:35,670] {processor.py:654} INFO - DAG(s) dict_keys(['fhv_dag']) retrieved from /opt/airflow/dags/fhv_dag.py
[2022-07-09 03:43:35,695] {logging_mixin.py:109} INFO - [2022-07-09 03:43:35,693] {dag.py:2396} INFO - Sync 1 DAGs
[2022-07-09 03:43:35,736] {logging_mixin.py:109} INFO - [2022-07-09 03:43:35,736] {dag.py:2935} INFO - Setting next_dagrun for fhv_dag to None
[2022-07-09 03:43:35,758] {processor.py:171} INFO - Processing /opt/airflow/dags/fhv_dag.py took 0.245 seconds
[2022-07-09 03:44:06,094] {processor.py:163} INFO - Started process (PID=29268) to work on /opt/airflow/dags/fhv_dag.py
[2022-07-09 03:44:06,096] {processor.py:642} INFO - Processing file /opt/airflow/dags/fhv_dag.py for tasks to queue
[2022-07-09 03:44:06,097] {logging_mixin.py:109} INFO - [2022-07-09 03:44:06,097] {dagbag.py:500} INFO - Filling up the DagBag from /opt/airflow/dags/fhv_dag.py
[2022-07-09 03:44:06,222] {processor.py:654} INFO - DAG(s) dict_keys(['fhv_dag']) retrieved from /opt/airflow/dags/fhv_dag.py
[2022-07-09 03:44:06,238] {logging_mixin.py:109} INFO - [2022-07-09 03:44:06,236] {dag.py:2396} INFO - Sync 1 DAGs
[2022-07-09 03:44:06,262] {logging_mixin.py:109} INFO - [2022-07-09 03:44:06,262] {dag.py:2935} INFO - Setting next_dagrun for fhv_dag to None
[2022-07-09 03:44:06,275] {processor.py:171} INFO - Processing /opt/airflow/dags/fhv_dag.py took 0.186 seconds
[2022-07-09 03:44:37,289] {processor.py:163} INFO - Started process (PID=29312) to work on /opt/airflow/dags/fhv_dag.py
[2022-07-09 03:44:37,294] {processor.py:642} INFO - Processing file /opt/airflow/dags/fhv_dag.py for tasks to queue
[2022-07-09 03:44:37,304] {logging_mixin.py:109} INFO - [2022-07-09 03:44:37,304] {dagbag.py:500} INFO - Filling up the DagBag from /opt/airflow/dags/fhv_dag.py
[2022-07-09 03:44:37,445] {processor.py:654} INFO - DAG(s) dict_keys(['fhv_dag']) retrieved from /opt/airflow/dags/fhv_dag.py
[2022-07-09 03:44:37,468] {logging_mixin.py:109} INFO - [2022-07-09 03:44:37,465] {dag.py:2396} INFO - Sync 1 DAGs
[2022-07-09 03:44:37,501] {logging_mixin.py:109} INFO - [2022-07-09 03:44:37,501] {dag.py:2935} INFO - Setting next_dagrun for fhv_dag to None
[2022-07-09 03:44:37,525] {processor.py:171} INFO - Processing /opt/airflow/dags/fhv_dag.py took 0.241 seconds
[2022-07-09 03:45:07,793] {processor.py:163} INFO - Started process (PID=29346) to work on /opt/airflow/dags/fhv_dag.py
[2022-07-09 03:45:07,796] {processor.py:642} INFO - Processing file /opt/airflow/dags/fhv_dag.py for tasks to queue
[2022-07-09 03:45:07,798] {logging_mixin.py:109} INFO - [2022-07-09 03:45:07,798] {dagbag.py:500} INFO - Filling up the DagBag from /opt/airflow/dags/fhv_dag.py
[2022-07-09 03:45:07,950] {processor.py:654} INFO - DAG(s) dict_keys(['fhv_dag']) retrieved from /opt/airflow/dags/fhv_dag.py
[2022-07-09 03:45:07,965] {logging_mixin.py:109} INFO - [2022-07-09 03:45:07,963] {dag.py:2396} INFO - Sync 1 DAGs
[2022-07-09 03:45:07,993] {logging_mixin.py:109} INFO - [2022-07-09 03:45:07,993] {dag.py:2935} INFO - Setting next_dagrun for fhv_dag to None
[2022-07-09 03:45:08,004] {processor.py:171} INFO - Processing /opt/airflow/dags/fhv_dag.py took 0.223 seconds
[2022-07-09 03:45:38,884] {processor.py:163} INFO - Started process (PID=29379) to work on /opt/airflow/dags/fhv_dag.py
[2022-07-09 03:45:38,890] {processor.py:642} INFO - Processing file /opt/airflow/dags/fhv_dag.py for tasks to queue
[2022-07-09 03:45:38,895] {logging_mixin.py:109} INFO - [2022-07-09 03:45:38,895] {dagbag.py:500} INFO - Filling up the DagBag from /opt/airflow/dags/fhv_dag.py
[2022-07-09 03:45:39,021] {processor.py:654} INFO - DAG(s) dict_keys(['fhv_dag']) retrieved from /opt/airflow/dags/fhv_dag.py
[2022-07-09 03:45:39,039] {logging_mixin.py:109} INFO - [2022-07-09 03:45:39,037] {dag.py:2396} INFO - Sync 1 DAGs
[2022-07-09 03:45:39,060] {logging_mixin.py:109} INFO - [2022-07-09 03:45:39,060] {dag.py:2935} INFO - Setting next_dagrun for fhv_dag to None
[2022-07-09 03:45:39,072] {processor.py:171} INFO - Processing /opt/airflow/dags/fhv_dag.py took 0.192 seconds
[2022-07-09 03:46:09,680] {processor.py:163} INFO - Started process (PID=29423) to work on /opt/airflow/dags/fhv_dag.py
[2022-07-09 03:46:09,683] {processor.py:642} INFO - Processing file /opt/airflow/dags/fhv_dag.py for tasks to queue
[2022-07-09 03:46:09,684] {logging_mixin.py:109} INFO - [2022-07-09 03:46:09,684] {dagbag.py:500} INFO - Filling up the DagBag from /opt/airflow/dags/fhv_dag.py
[2022-07-09 03:46:09,815] {processor.py:654} INFO - DAG(s) dict_keys(['fhv_dag']) retrieved from /opt/airflow/dags/fhv_dag.py
[2022-07-09 03:46:09,831] {logging_mixin.py:109} INFO - [2022-07-09 03:46:09,829] {dag.py:2396} INFO - Sync 1 DAGs
[2022-07-09 03:46:09,855] {logging_mixin.py:109} INFO - [2022-07-09 03:46:09,855] {dag.py:2935} INFO - Setting next_dagrun for fhv_dag to None
[2022-07-09 03:46:09,868] {processor.py:171} INFO - Processing /opt/airflow/dags/fhv_dag.py took 0.196 seconds
[2022-07-09 03:46:40,632] {processor.py:163} INFO - Started process (PID=29458) to work on /opt/airflow/dags/fhv_dag.py
[2022-07-09 03:46:40,635] {processor.py:642} INFO - Processing file /opt/airflow/dags/fhv_dag.py for tasks to queue
[2022-07-09 03:46:40,636] {logging_mixin.py:109} INFO - [2022-07-09 03:46:40,636] {dagbag.py:500} INFO - Filling up the DagBag from /opt/airflow/dags/fhv_dag.py
[2022-07-09 03:46:40,765] {processor.py:654} INFO - DAG(s) dict_keys(['fhv_dag']) retrieved from /opt/airflow/dags/fhv_dag.py
[2022-07-09 03:46:40,781] {logging_mixin.py:109} INFO - [2022-07-09 03:46:40,779] {dag.py:2396} INFO - Sync 1 DAGs
[2022-07-09 03:46:40,804] {logging_mixin.py:109} INFO - [2022-07-09 03:46:40,804] {dag.py:2935} INFO - Setting next_dagrun for fhv_dag to None
[2022-07-09 03:46:40,815] {processor.py:171} INFO - Processing /opt/airflow/dags/fhv_dag.py took 0.188 seconds
[2022-07-09 03:47:11,139] {processor.py:163} INFO - Started process (PID=29492) to work on /opt/airflow/dags/fhv_dag.py
[2022-07-09 03:47:11,143] {processor.py:642} INFO - Processing file /opt/airflow/dags/fhv_dag.py for tasks to queue
[2022-07-09 03:47:11,145] {logging_mixin.py:109} INFO - [2022-07-09 03:47:11,145] {dagbag.py:500} INFO - Filling up the DagBag from /opt/airflow/dags/fhv_dag.py
[2022-07-09 03:47:11,344] {processor.py:654} INFO - DAG(s) dict_keys(['fhv_dag']) retrieved from /opt/airflow/dags/fhv_dag.py
[2022-07-09 03:47:11,366] {logging_mixin.py:109} INFO - [2022-07-09 03:47:11,364] {dag.py:2396} INFO - Sync 1 DAGs
[2022-07-09 03:47:11,411] {logging_mixin.py:109} INFO - [2022-07-09 03:47:11,411] {dag.py:2935} INFO - Setting next_dagrun for fhv_dag to None
[2022-07-09 03:47:11,434] {processor.py:171} INFO - Processing /opt/airflow/dags/fhv_dag.py took 0.315 seconds
[2022-07-09 03:47:41,818] {processor.py:163} INFO - Started process (PID=29526) to work on /opt/airflow/dags/fhv_dag.py
[2022-07-09 03:47:41,821] {processor.py:642} INFO - Processing file /opt/airflow/dags/fhv_dag.py for tasks to queue
[2022-07-09 03:47:41,822] {logging_mixin.py:109} INFO - [2022-07-09 03:47:41,822] {dagbag.py:500} INFO - Filling up the DagBag from /opt/airflow/dags/fhv_dag.py
[2022-07-09 03:47:41,966] {processor.py:654} INFO - DAG(s) dict_keys(['fhv_dag']) retrieved from /opt/airflow/dags/fhv_dag.py
[2022-07-09 03:47:41,986] {logging_mixin.py:109} INFO - [2022-07-09 03:47:41,983] {dag.py:2396} INFO - Sync 1 DAGs
[2022-07-09 03:47:42,050] {logging_mixin.py:109} INFO - [2022-07-09 03:47:42,050] {dag.py:2935} INFO - Setting next_dagrun for fhv_dag to None
[2022-07-09 03:47:42,086] {processor.py:171} INFO - Processing /opt/airflow/dags/fhv_dag.py took 0.274 seconds
[2022-07-09 03:48:12,240] {processor.py:163} INFO - Started process (PID=29562) to work on /opt/airflow/dags/fhv_dag.py
[2022-07-09 03:48:12,246] {processor.py:642} INFO - Processing file /opt/airflow/dags/fhv_dag.py for tasks to queue
[2022-07-09 03:48:12,251] {logging_mixin.py:109} INFO - [2022-07-09 03:48:12,250] {dagbag.py:500} INFO - Filling up the DagBag from /opt/airflow/dags/fhv_dag.py
[2022-07-09 03:48:12,491] {processor.py:654} INFO - DAG(s) dict_keys(['fhv_dag']) retrieved from /opt/airflow/dags/fhv_dag.py
[2022-07-09 03:48:12,513] {logging_mixin.py:109} INFO - [2022-07-09 03:48:12,511] {dag.py:2396} INFO - Sync 1 DAGs
[2022-07-09 03:48:12,550] {logging_mixin.py:109} INFO - [2022-07-09 03:48:12,550] {dag.py:2935} INFO - Setting next_dagrun for fhv_dag to None
[2022-07-09 03:48:12,570] {processor.py:171} INFO - Processing /opt/airflow/dags/fhv_dag.py took 0.346 seconds
[2022-07-09 03:48:42,797] {processor.py:163} INFO - Started process (PID=29607) to work on /opt/airflow/dags/fhv_dag.py
[2022-07-09 03:48:42,800] {processor.py:642} INFO - Processing file /opt/airflow/dags/fhv_dag.py for tasks to queue
[2022-07-09 03:48:42,802] {logging_mixin.py:109} INFO - [2022-07-09 03:48:42,802] {dagbag.py:500} INFO - Filling up the DagBag from /opt/airflow/dags/fhv_dag.py
[2022-07-09 03:48:42,949] {processor.py:654} INFO - DAG(s) dict_keys(['fhv_dag']) retrieved from /opt/airflow/dags/fhv_dag.py
[2022-07-09 03:48:42,965] {logging_mixin.py:109} INFO - [2022-07-09 03:48:42,963] {dag.py:2396} INFO - Sync 1 DAGs
[2022-07-09 03:48:42,991] {logging_mixin.py:109} INFO - [2022-07-09 03:48:42,991] {dag.py:2935} INFO - Setting next_dagrun for fhv_dag to None
[2022-07-09 03:48:43,007] {processor.py:171} INFO - Processing /opt/airflow/dags/fhv_dag.py took 0.214 seconds
[2022-07-09 03:49:13,897] {processor.py:163} INFO - Started process (PID=29639) to work on /opt/airflow/dags/fhv_dag.py
[2022-07-09 03:49:13,901] {processor.py:642} INFO - Processing file /opt/airflow/dags/fhv_dag.py for tasks to queue
[2022-07-09 03:49:13,902] {logging_mixin.py:109} INFO - [2022-07-09 03:49:13,902] {dagbag.py:500} INFO - Filling up the DagBag from /opt/airflow/dags/fhv_dag.py
[2022-07-09 03:49:14,034] {processor.py:654} INFO - DAG(s) dict_keys(['fhv_dag']) retrieved from /opt/airflow/dags/fhv_dag.py
[2022-07-09 03:49:14,052] {logging_mixin.py:109} INFO - [2022-07-09 03:49:14,050] {dag.py:2396} INFO - Sync 1 DAGs
[2022-07-09 03:49:14,087] {logging_mixin.py:109} INFO - [2022-07-09 03:49:14,087] {dag.py:2935} INFO - Setting next_dagrun for fhv_dag to None
[2022-07-09 03:49:14,103] {processor.py:171} INFO - Processing /opt/airflow/dags/fhv_dag.py took 0.211 seconds
[2022-07-09 03:49:44,480] {processor.py:163} INFO - Started process (PID=29673) to work on /opt/airflow/dags/fhv_dag.py
[2022-07-09 03:49:44,483] {processor.py:642} INFO - Processing file /opt/airflow/dags/fhv_dag.py for tasks to queue
[2022-07-09 03:49:44,486] {logging_mixin.py:109} INFO - [2022-07-09 03:49:44,486] {dagbag.py:500} INFO - Filling up the DagBag from /opt/airflow/dags/fhv_dag.py
[2022-07-09 03:49:44,679] {processor.py:654} INFO - DAG(s) dict_keys(['fhv_dag']) retrieved from /opt/airflow/dags/fhv_dag.py
[2022-07-09 03:49:44,700] {logging_mixin.py:109} INFO - [2022-07-09 03:49:44,698] {dag.py:2396} INFO - Sync 1 DAGs
[2022-07-09 03:49:44,753] {logging_mixin.py:109} INFO - [2022-07-09 03:49:44,753] {dag.py:2935} INFO - Setting next_dagrun for fhv_dag to None
[2022-07-09 03:49:44,774] {processor.py:171} INFO - Processing /opt/airflow/dags/fhv_dag.py took 0.303 seconds
[2022-07-09 03:50:15,015] {processor.py:163} INFO - Started process (PID=29705) to work on /opt/airflow/dags/fhv_dag.py
[2022-07-09 03:50:15,020] {processor.py:642} INFO - Processing file /opt/airflow/dags/fhv_dag.py for tasks to queue
[2022-07-09 03:50:15,027] {logging_mixin.py:109} INFO - [2022-07-09 03:50:15,026] {dagbag.py:500} INFO - Filling up the DagBag from /opt/airflow/dags/fhv_dag.py
[2022-07-09 03:50:15,270] {processor.py:654} INFO - DAG(s) dict_keys(['fhv_dag']) retrieved from /opt/airflow/dags/fhv_dag.py
[2022-07-09 03:50:15,293] {logging_mixin.py:109} INFO - [2022-07-09 03:50:15,289] {dag.py:2396} INFO - Sync 1 DAGs
[2022-07-09 03:50:15,322] {logging_mixin.py:109} INFO - [2022-07-09 03:50:15,322] {dag.py:2935} INFO - Setting next_dagrun for fhv_dag to None
[2022-07-09 03:50:15,341] {processor.py:171} INFO - Processing /opt/airflow/dags/fhv_dag.py took 0.332 seconds
[2022-07-09 03:50:46,521] {processor.py:163} INFO - Started process (PID=29749) to work on /opt/airflow/dags/fhv_dag.py
[2022-07-09 03:50:46,528] {processor.py:642} INFO - Processing file /opt/airflow/dags/fhv_dag.py for tasks to queue
[2022-07-09 03:50:46,537] {logging_mixin.py:109} INFO - [2022-07-09 03:50:46,536] {dagbag.py:500} INFO - Filling up the DagBag from /opt/airflow/dags/fhv_dag.py
[2022-07-09 03:50:47,148] {processor.py:654} INFO - DAG(s) dict_keys(['fhv_dag']) retrieved from /opt/airflow/dags/fhv_dag.py
[2022-07-09 03:50:47,322] {logging_mixin.py:109} INFO - [2022-07-09 03:50:47,315] {dag.py:2396} INFO - Sync 1 DAGs
[2022-07-09 03:50:47,461] {logging_mixin.py:109} INFO - [2022-07-09 03:50:47,460] {dag.py:2935} INFO - Setting next_dagrun for fhv_dag to None
[2022-07-09 03:50:47,494] {processor.py:171} INFO - Processing /opt/airflow/dags/fhv_dag.py took 0.996 seconds
[2022-07-09 03:51:18,363] {processor.py:163} INFO - Started process (PID=29781) to work on /opt/airflow/dags/fhv_dag.py
[2022-07-09 03:51:18,367] {processor.py:642} INFO - Processing file /opt/airflow/dags/fhv_dag.py for tasks to queue
[2022-07-09 03:51:18,369] {logging_mixin.py:109} INFO - [2022-07-09 03:51:18,369] {dagbag.py:500} INFO - Filling up the DagBag from /opt/airflow/dags/fhv_dag.py
[2022-07-09 03:51:18,521] {processor.py:654} INFO - DAG(s) dict_keys(['fhv_dag']) retrieved from /opt/airflow/dags/fhv_dag.py
[2022-07-09 03:51:18,542] {logging_mixin.py:109} INFO - [2022-07-09 03:51:18,541] {dag.py:2396} INFO - Sync 1 DAGs
[2022-07-09 03:51:18,571] {logging_mixin.py:109} INFO - [2022-07-09 03:51:18,571] {dag.py:2935} INFO - Setting next_dagrun for fhv_dag to None
[2022-07-09 03:51:18,584] {processor.py:171} INFO - Processing /opt/airflow/dags/fhv_dag.py took 0.228 seconds
[2022-07-09 03:51:48,724] {processor.py:163} INFO - Started process (PID=29814) to work on /opt/airflow/dags/fhv_dag.py
[2022-07-09 03:51:48,726] {processor.py:642} INFO - Processing file /opt/airflow/dags/fhv_dag.py for tasks to queue
[2022-07-09 03:51:48,728] {logging_mixin.py:109} INFO - [2022-07-09 03:51:48,728] {dagbag.py:500} INFO - Filling up the DagBag from /opt/airflow/dags/fhv_dag.py
[2022-07-09 03:51:48,868] {processor.py:654} INFO - DAG(s) dict_keys(['fhv_dag']) retrieved from /opt/airflow/dags/fhv_dag.py
[2022-07-09 03:51:48,887] {logging_mixin.py:109} INFO - [2022-07-09 03:51:48,885] {dag.py:2396} INFO - Sync 1 DAGs
[2022-07-09 03:51:48,912] {logging_mixin.py:109} INFO - [2022-07-09 03:51:48,912] {dag.py:2935} INFO - Setting next_dagrun for fhv_dag to None
[2022-07-09 03:51:48,929] {processor.py:171} INFO - Processing /opt/airflow/dags/fhv_dag.py took 0.210 seconds
[2022-07-09 03:52:19,832] {processor.py:163} INFO - Started process (PID=29847) to work on /opt/airflow/dags/fhv_dag.py
[2022-07-09 03:52:19,835] {processor.py:642} INFO - Processing file /opt/airflow/dags/fhv_dag.py for tasks to queue
[2022-07-09 03:52:19,836] {logging_mixin.py:109} INFO - [2022-07-09 03:52:19,836] {dagbag.py:500} INFO - Filling up the DagBag from /opt/airflow/dags/fhv_dag.py
[2022-07-09 03:52:19,982] {processor.py:654} INFO - DAG(s) dict_keys(['fhv_dag']) retrieved from /opt/airflow/dags/fhv_dag.py
[2022-07-09 03:52:20,002] {logging_mixin.py:109} INFO - [2022-07-09 03:52:20,001] {dag.py:2396} INFO - Sync 1 DAGs
[2022-07-09 03:52:20,032] {logging_mixin.py:109} INFO - [2022-07-09 03:52:20,032] {dag.py:2935} INFO - Setting next_dagrun for fhv_dag to None
[2022-07-09 03:52:20,045] {processor.py:171} INFO - Processing /opt/airflow/dags/fhv_dag.py took 0.218 seconds
[2022-07-09 03:52:50,897] {processor.py:163} INFO - Started process (PID=29891) to work on /opt/airflow/dags/fhv_dag.py
[2022-07-09 03:52:50,906] {processor.py:642} INFO - Processing file /opt/airflow/dags/fhv_dag.py for tasks to queue
[2022-07-09 03:52:50,908] {logging_mixin.py:109} INFO - [2022-07-09 03:52:50,908] {dagbag.py:500} INFO - Filling up the DagBag from /opt/airflow/dags/fhv_dag.py
[2022-07-09 03:52:51,194] {processor.py:654} INFO - DAG(s) dict_keys(['fhv_dag']) retrieved from /opt/airflow/dags/fhv_dag.py
[2022-07-09 03:52:51,219] {logging_mixin.py:109} INFO - [2022-07-09 03:52:51,215] {dag.py:2396} INFO - Sync 1 DAGs
[2022-07-09 03:52:51,254] {logging_mixin.py:109} INFO - [2022-07-09 03:52:51,253] {dag.py:2935} INFO - Setting next_dagrun for fhv_dag to None
[2022-07-09 03:52:51,273] {processor.py:171} INFO - Processing /opt/airflow/dags/fhv_dag.py took 0.386 seconds
[2022-07-09 03:53:21,496] {processor.py:163} INFO - Started process (PID=29923) to work on /opt/airflow/dags/fhv_dag.py
[2022-07-09 03:53:21,498] {processor.py:642} INFO - Processing file /opt/airflow/dags/fhv_dag.py for tasks to queue
[2022-07-09 03:53:21,500] {logging_mixin.py:109} INFO - [2022-07-09 03:53:21,500] {dagbag.py:500} INFO - Filling up the DagBag from /opt/airflow/dags/fhv_dag.py
[2022-07-09 03:53:22,074] {processor.py:654} INFO - DAG(s) dict_keys(['fhv_dag']) retrieved from /opt/airflow/dags/fhv_dag.py
[2022-07-09 03:53:22,093] {logging_mixin.py:109} INFO - [2022-07-09 03:53:22,090] {dag.py:2396} INFO - Sync 1 DAGs
[2022-07-09 03:53:22,120] {logging_mixin.py:109} INFO - [2022-07-09 03:53:22,120] {dag.py:2935} INFO - Setting next_dagrun for fhv_dag to None
[2022-07-09 03:53:22,133] {processor.py:171} INFO - Processing /opt/airflow/dags/fhv_dag.py took 0.643 seconds
[2022-07-09 03:53:52,303] {processor.py:163} INFO - Started process (PID=29957) to work on /opt/airflow/dags/fhv_dag.py
[2022-07-09 03:53:52,306] {processor.py:642} INFO - Processing file /opt/airflow/dags/fhv_dag.py for tasks to queue
[2022-07-09 03:53:52,308] {logging_mixin.py:109} INFO - [2022-07-09 03:53:52,308] {dagbag.py:500} INFO - Filling up the DagBag from /opt/airflow/dags/fhv_dag.py
[2022-07-09 03:53:52,467] {processor.py:654} INFO - DAG(s) dict_keys(['fhv_dag']) retrieved from /opt/airflow/dags/fhv_dag.py
[2022-07-09 03:53:52,487] {logging_mixin.py:109} INFO - [2022-07-09 03:53:52,484] {dag.py:2396} INFO - Sync 1 DAGs
[2022-07-09 03:53:52,516] {logging_mixin.py:109} INFO - [2022-07-09 03:53:52,516] {dag.py:2935} INFO - Setting next_dagrun for fhv_dag to None
[2022-07-09 03:53:52,530] {processor.py:171} INFO - Processing /opt/airflow/dags/fhv_dag.py took 0.235 seconds
[2022-07-09 03:54:22,646] {processor.py:163} INFO - Started process (PID=29991) to work on /opt/airflow/dags/fhv_dag.py
[2022-07-09 03:54:22,649] {processor.py:642} INFO - Processing file /opt/airflow/dags/fhv_dag.py for tasks to queue
[2022-07-09 03:54:22,652] {logging_mixin.py:109} INFO - [2022-07-09 03:54:22,651] {dagbag.py:500} INFO - Filling up the DagBag from /opt/airflow/dags/fhv_dag.py
[2022-07-09 03:54:22,803] {processor.py:654} INFO - DAG(s) dict_keys(['fhv_dag']) retrieved from /opt/airflow/dags/fhv_dag.py
[2022-07-09 03:54:22,823] {logging_mixin.py:109} INFO - [2022-07-09 03:54:22,821] {dag.py:2396} INFO - Sync 1 DAGs
[2022-07-09 03:54:22,862] {logging_mixin.py:109} INFO - [2022-07-09 03:54:22,862] {dag.py:2935} INFO - Setting next_dagrun for fhv_dag to None
[2022-07-09 03:54:22,887] {processor.py:171} INFO - Processing /opt/airflow/dags/fhv_dag.py took 0.247 seconds
[2022-07-09 03:54:53,810] {processor.py:163} INFO - Started process (PID=30025) to work on /opt/airflow/dags/fhv_dag.py
[2022-07-09 03:54:53,814] {processor.py:642} INFO - Processing file /opt/airflow/dags/fhv_dag.py for tasks to queue
[2022-07-09 03:54:53,823] {logging_mixin.py:109} INFO - [2022-07-09 03:54:53,822] {dagbag.py:500} INFO - Filling up the DagBag from /opt/airflow/dags/fhv_dag.py
[2022-07-09 03:54:54,014] {processor.py:654} INFO - DAG(s) dict_keys(['fhv_dag']) retrieved from /opt/airflow/dags/fhv_dag.py
[2022-07-09 03:54:54,035] {logging_mixin.py:109} INFO - [2022-07-09 03:54:54,032] {dag.py:2396} INFO - Sync 1 DAGs
[2022-07-09 03:54:54,067] {logging_mixin.py:109} INFO - [2022-07-09 03:54:54,066] {dag.py:2935} INFO - Setting next_dagrun for fhv_dag to None
[2022-07-09 03:54:54,094] {processor.py:171} INFO - Processing /opt/airflow/dags/fhv_dag.py took 0.292 seconds
[2022-07-09 03:55:25,009] {processor.py:163} INFO - Started process (PID=30070) to work on /opt/airflow/dags/fhv_dag.py
[2022-07-09 03:55:25,012] {processor.py:642} INFO - Processing file /opt/airflow/dags/fhv_dag.py for tasks to queue
[2022-07-09 03:55:25,014] {logging_mixin.py:109} INFO - [2022-07-09 03:55:25,014] {dagbag.py:500} INFO - Filling up the DagBag from /opt/airflow/dags/fhv_dag.py
[2022-07-09 03:55:25,193] {processor.py:654} INFO - DAG(s) dict_keys(['fhv_dag']) retrieved from /opt/airflow/dags/fhv_dag.py
[2022-07-09 03:55:25,223] {logging_mixin.py:109} INFO - [2022-07-09 03:55:25,218] {dag.py:2396} INFO - Sync 1 DAGs
[2022-07-09 03:55:25,266] {logging_mixin.py:109} INFO - [2022-07-09 03:55:25,262] {dag.py:2935} INFO - Setting next_dagrun for fhv_dag to None
[2022-07-09 03:55:25,290] {processor.py:171} INFO - Processing /opt/airflow/dags/fhv_dag.py took 0.286 seconds
[2022-07-09 03:55:55,685] {processor.py:163} INFO - Started process (PID=30104) to work on /opt/airflow/dags/fhv_dag.py
[2022-07-09 03:55:55,687] {processor.py:642} INFO - Processing file /opt/airflow/dags/fhv_dag.py for tasks to queue
[2022-07-09 03:55:55,689] {logging_mixin.py:109} INFO - [2022-07-09 03:55:55,689] {dagbag.py:500} INFO - Filling up the DagBag from /opt/airflow/dags/fhv_dag.py
[2022-07-09 03:55:55,829] {processor.py:654} INFO - DAG(s) dict_keys(['fhv_dag']) retrieved from /opt/airflow/dags/fhv_dag.py
[2022-07-09 03:55:55,845] {logging_mixin.py:109} INFO - [2022-07-09 03:55:55,843] {dag.py:2396} INFO - Sync 1 DAGs
[2022-07-09 03:55:55,873] {logging_mixin.py:109} INFO - [2022-07-09 03:55:55,873] {dag.py:2935} INFO - Setting next_dagrun for fhv_dag to None
[2022-07-09 03:55:55,887] {processor.py:171} INFO - Processing /opt/airflow/dags/fhv_dag.py took 0.207 seconds
[2022-07-09 03:56:26,070] {processor.py:163} INFO - Started process (PID=30138) to work on /opt/airflow/dags/fhv_dag.py
[2022-07-09 03:56:26,078] {processor.py:642} INFO - Processing file /opt/airflow/dags/fhv_dag.py for tasks to queue
[2022-07-09 03:56:26,081] {logging_mixin.py:109} INFO - [2022-07-09 03:56:26,081] {dagbag.py:500} INFO - Filling up the DagBag from /opt/airflow/dags/fhv_dag.py
[2022-07-09 03:56:26,411] {processor.py:654} INFO - DAG(s) dict_keys(['fhv_dag']) retrieved from /opt/airflow/dags/fhv_dag.py
[2022-07-09 03:56:26,435] {logging_mixin.py:109} INFO - [2022-07-09 03:56:26,432] {dag.py:2396} INFO - Sync 1 DAGs
[2022-07-09 03:56:26,476] {logging_mixin.py:109} INFO - [2022-07-09 03:56:26,476] {dag.py:2935} INFO - Setting next_dagrun for fhv_dag to None
[2022-07-09 03:56:26,493] {processor.py:171} INFO - Processing /opt/airflow/dags/fhv_dag.py took 0.431 seconds
[2022-07-09 03:56:56,721] {processor.py:163} INFO - Started process (PID=30171) to work on /opt/airflow/dags/fhv_dag.py
[2022-07-09 03:56:56,725] {processor.py:642} INFO - Processing file /opt/airflow/dags/fhv_dag.py for tasks to queue
[2022-07-09 03:56:56,727] {logging_mixin.py:109} INFO - [2022-07-09 03:56:56,727] {dagbag.py:500} INFO - Filling up the DagBag from /opt/airflow/dags/fhv_dag.py
[2022-07-09 03:56:56,872] {processor.py:654} INFO - DAG(s) dict_keys(['fhv_dag']) retrieved from /opt/airflow/dags/fhv_dag.py
[2022-07-09 03:56:56,889] {logging_mixin.py:109} INFO - [2022-07-09 03:56:56,887] {dag.py:2396} INFO - Sync 1 DAGs
[2022-07-09 03:56:56,920] {logging_mixin.py:109} INFO - [2022-07-09 03:56:56,919] {dag.py:2935} INFO - Setting next_dagrun for fhv_dag to None
[2022-07-09 03:56:56,935] {processor.py:171} INFO - Processing /opt/airflow/dags/fhv_dag.py took 0.219 seconds
[2022-07-09 03:57:27,190] {processor.py:163} INFO - Started process (PID=30204) to work on /opt/airflow/dags/fhv_dag.py
[2022-07-09 03:57:27,197] {processor.py:642} INFO - Processing file /opt/airflow/dags/fhv_dag.py for tasks to queue
[2022-07-09 03:57:27,207] {logging_mixin.py:109} INFO - [2022-07-09 03:57:27,206] {dagbag.py:500} INFO - Filling up the DagBag from /opt/airflow/dags/fhv_dag.py
[2022-07-09 03:57:27,378] {processor.py:654} INFO - DAG(s) dict_keys(['fhv_dag']) retrieved from /opt/airflow/dags/fhv_dag.py
[2022-07-09 03:57:27,400] {logging_mixin.py:109} INFO - [2022-07-09 03:57:27,398] {dag.py:2396} INFO - Sync 1 DAGs
[2022-07-09 03:57:27,424] {logging_mixin.py:109} INFO - [2022-07-09 03:57:27,424] {dag.py:2935} INFO - Setting next_dagrun for fhv_dag to None
[2022-07-09 03:57:27,441] {processor.py:171} INFO - Processing /opt/airflow/dags/fhv_dag.py took 0.265 seconds
[2022-07-09 03:57:57,616] {processor.py:163} INFO - Started process (PID=30237) to work on /opt/airflow/dags/fhv_dag.py
[2022-07-09 03:57:57,623] {processor.py:642} INFO - Processing file /opt/airflow/dags/fhv_dag.py for tasks to queue
[2022-07-09 03:57:57,627] {logging_mixin.py:109} INFO - [2022-07-09 03:57:57,627] {dagbag.py:500} INFO - Filling up the DagBag from /opt/airflow/dags/fhv_dag.py
[2022-07-09 03:57:57,794] {processor.py:654} INFO - DAG(s) dict_keys(['fhv_dag']) retrieved from /opt/airflow/dags/fhv_dag.py
[2022-07-09 03:57:57,813] {logging_mixin.py:109} INFO - [2022-07-09 03:57:57,811] {dag.py:2396} INFO - Sync 1 DAGs
[2022-07-09 03:57:57,865] {logging_mixin.py:109} INFO - [2022-07-09 03:57:57,865] {dag.py:2935} INFO - Setting next_dagrun for fhv_dag to None
[2022-07-09 03:57:57,892] {processor.py:171} INFO - Processing /opt/airflow/dags/fhv_dag.py took 0.286 seconds
[2022-07-09 03:58:28,437] {processor.py:163} INFO - Started process (PID=30271) to work on /opt/airflow/dags/fhv_dag.py
[2022-07-09 03:58:28,440] {processor.py:642} INFO - Processing file /opt/airflow/dags/fhv_dag.py for tasks to queue
[2022-07-09 03:58:28,442] {logging_mixin.py:109} INFO - [2022-07-09 03:58:28,442] {dagbag.py:500} INFO - Filling up the DagBag from /opt/airflow/dags/fhv_dag.py
[2022-07-09 03:58:28,573] {processor.py:654} INFO - DAG(s) dict_keys(['fhv_dag']) retrieved from /opt/airflow/dags/fhv_dag.py
[2022-07-09 03:58:28,588] {logging_mixin.py:109} INFO - [2022-07-09 03:58:28,586] {dag.py:2396} INFO - Sync 1 DAGs
[2022-07-09 03:58:28,612] {logging_mixin.py:109} INFO - [2022-07-09 03:58:28,612] {dag.py:2935} INFO - Setting next_dagrun for fhv_dag to None
[2022-07-09 03:58:28,628] {processor.py:171} INFO - Processing /opt/airflow/dags/fhv_dag.py took 0.195 seconds
[2022-07-09 03:58:59,743] {processor.py:163} INFO - Started process (PID=30314) to work on /opt/airflow/dags/fhv_dag.py
[2022-07-09 03:58:59,748] {processor.py:642} INFO - Processing file /opt/airflow/dags/fhv_dag.py for tasks to queue
[2022-07-09 03:58:59,750] {logging_mixin.py:109} INFO - [2022-07-09 03:58:59,750] {dagbag.py:500} INFO - Filling up the DagBag from /opt/airflow/dags/fhv_dag.py
[2022-07-09 03:58:59,911] {processor.py:654} INFO - DAG(s) dict_keys(['fhv_dag']) retrieved from /opt/airflow/dags/fhv_dag.py
[2022-07-09 03:58:59,929] {logging_mixin.py:109} INFO - [2022-07-09 03:58:59,927] {dag.py:2396} INFO - Sync 1 DAGs
[2022-07-09 03:58:59,959] {logging_mixin.py:109} INFO - [2022-07-09 03:58:59,958] {dag.py:2935} INFO - Setting next_dagrun for fhv_dag to None
[2022-07-09 03:58:59,976] {processor.py:171} INFO - Processing /opt/airflow/dags/fhv_dag.py took 0.240 seconds
[2022-07-09 03:59:30,218] {processor.py:163} INFO - Started process (PID=30345) to work on /opt/airflow/dags/fhv_dag.py
[2022-07-09 03:59:30,221] {processor.py:642} INFO - Processing file /opt/airflow/dags/fhv_dag.py for tasks to queue
[2022-07-09 03:59:30,223] {logging_mixin.py:109} INFO - [2022-07-09 03:59:30,223] {dagbag.py:500} INFO - Filling up the DagBag from /opt/airflow/dags/fhv_dag.py
[2022-07-09 03:59:30,382] {processor.py:654} INFO - DAG(s) dict_keys(['fhv_dag']) retrieved from /opt/airflow/dags/fhv_dag.py
[2022-07-09 03:59:30,401] {logging_mixin.py:109} INFO - [2022-07-09 03:59:30,399] {dag.py:2396} INFO - Sync 1 DAGs
[2022-07-09 03:59:30,428] {logging_mixin.py:109} INFO - [2022-07-09 03:59:30,428] {dag.py:2935} INFO - Setting next_dagrun for fhv_dag to None
[2022-07-09 03:59:30,443] {processor.py:171} INFO - Processing /opt/airflow/dags/fhv_dag.py took 0.230 seconds
[2022-07-09 04:00:01,396] {processor.py:163} INFO - Started process (PID=30377) to work on /opt/airflow/dags/fhv_dag.py
[2022-07-09 04:00:01,399] {processor.py:642} INFO - Processing file /opt/airflow/dags/fhv_dag.py for tasks to queue
[2022-07-09 04:00:01,402] {logging_mixin.py:109} INFO - [2022-07-09 04:00:01,402] {dagbag.py:500} INFO - Filling up the DagBag from /opt/airflow/dags/fhv_dag.py
[2022-07-09 04:00:01,557] {processor.py:654} INFO - DAG(s) dict_keys(['fhv_dag']) retrieved from /opt/airflow/dags/fhv_dag.py
[2022-07-09 04:00:01,578] {logging_mixin.py:109} INFO - [2022-07-09 04:00:01,576] {dag.py:2396} INFO - Sync 1 DAGs
[2022-07-09 04:00:01,617] {logging_mixin.py:109} INFO - [2022-07-09 04:00:01,617] {dag.py:2935} INFO - Setting next_dagrun for fhv_dag to None
[2022-07-09 04:00:01,639] {processor.py:171} INFO - Processing /opt/airflow/dags/fhv_dag.py took 0.248 seconds
[2022-07-09 04:00:31,726] {processor.py:163} INFO - Started process (PID=30411) to work on /opt/airflow/dags/fhv_dag.py
[2022-07-09 04:00:31,729] {processor.py:642} INFO - Processing file /opt/airflow/dags/fhv_dag.py for tasks to queue
[2022-07-09 04:00:31,731] {logging_mixin.py:109} INFO - [2022-07-09 04:00:31,730] {dagbag.py:500} INFO - Filling up the DagBag from /opt/airflow/dags/fhv_dag.py
[2022-07-09 04:00:31,854] {processor.py:654} INFO - DAG(s) dict_keys(['fhv_dag']) retrieved from /opt/airflow/dags/fhv_dag.py
[2022-07-09 04:00:31,869] {logging_mixin.py:109} INFO - [2022-07-09 04:00:31,867] {dag.py:2396} INFO - Sync 1 DAGs
[2022-07-09 04:00:31,895] {logging_mixin.py:109} INFO - [2022-07-09 04:00:31,895] {dag.py:2935} INFO - Setting next_dagrun for fhv_dag to None
[2022-07-09 04:00:31,906] {processor.py:171} INFO - Processing /opt/airflow/dags/fhv_dag.py took 0.190 seconds
[2022-07-09 04:01:02,574] {processor.py:163} INFO - Started process (PID=30456) to work on /opt/airflow/dags/fhv_dag.py
[2022-07-09 04:01:02,583] {processor.py:642} INFO - Processing file /opt/airflow/dags/fhv_dag.py for tasks to queue
[2022-07-09 04:01:02,585] {logging_mixin.py:109} INFO - [2022-07-09 04:01:02,585] {dagbag.py:500} INFO - Filling up the DagBag from /opt/airflow/dags/fhv_dag.py
[2022-07-09 04:01:02,825] {processor.py:654} INFO - DAG(s) dict_keys(['fhv_dag']) retrieved from /opt/airflow/dags/fhv_dag.py
[2022-07-09 04:01:02,853] {logging_mixin.py:109} INFO - [2022-07-09 04:01:02,850] {dag.py:2396} INFO - Sync 1 DAGs
[2022-07-09 04:01:02,898] {logging_mixin.py:109} INFO - [2022-07-09 04:01:02,898] {dag.py:2935} INFO - Setting next_dagrun for fhv_dag to None
[2022-07-09 04:01:02,912] {processor.py:171} INFO - Processing /opt/airflow/dags/fhv_dag.py took 0.352 seconds
[2022-07-09 04:01:33,331] {processor.py:163} INFO - Started process (PID=30490) to work on /opt/airflow/dags/fhv_dag.py
[2022-07-09 04:01:33,336] {processor.py:642} INFO - Processing file /opt/airflow/dags/fhv_dag.py for tasks to queue
[2022-07-09 04:01:33,340] {logging_mixin.py:109} INFO - [2022-07-09 04:01:33,339] {dagbag.py:500} INFO - Filling up the DagBag from /opt/airflow/dags/fhv_dag.py
[2022-07-09 04:01:33,573] {processor.py:654} INFO - DAG(s) dict_keys(['fhv_dag']) retrieved from /opt/airflow/dags/fhv_dag.py
[2022-07-09 04:01:33,603] {logging_mixin.py:109} INFO - [2022-07-09 04:01:33,600] {dag.py:2396} INFO - Sync 1 DAGs
[2022-07-09 04:01:33,641] {logging_mixin.py:109} INFO - [2022-07-09 04:01:33,641] {dag.py:2935} INFO - Setting next_dagrun for fhv_dag to None
[2022-07-09 04:01:33,656] {processor.py:171} INFO - Processing /opt/airflow/dags/fhv_dag.py took 0.337 seconds
[2022-07-09 04:02:04,210] {processor.py:163} INFO - Started process (PID=30522) to work on /opt/airflow/dags/fhv_dag.py
[2022-07-09 04:02:04,213] {processor.py:642} INFO - Processing file /opt/airflow/dags/fhv_dag.py for tasks to queue
[2022-07-09 04:02:04,215] {logging_mixin.py:109} INFO - [2022-07-09 04:02:04,215] {dagbag.py:500} INFO - Filling up the DagBag from /opt/airflow/dags/fhv_dag.py
[2022-07-09 04:02:04,362] {processor.py:654} INFO - DAG(s) dict_keys(['fhv_dag']) retrieved from /opt/airflow/dags/fhv_dag.py
[2022-07-09 04:02:04,380] {logging_mixin.py:109} INFO - [2022-07-09 04:02:04,378] {dag.py:2396} INFO - Sync 1 DAGs
[2022-07-09 04:02:04,413] {logging_mixin.py:109} INFO - [2022-07-09 04:02:04,413] {dag.py:2935} INFO - Setting next_dagrun for fhv_dag to None
[2022-07-09 04:02:04,427] {processor.py:171} INFO - Processing /opt/airflow/dags/fhv_dag.py took 0.224 seconds
[2022-07-09 04:02:34,906] {processor.py:163} INFO - Started process (PID=30554) to work on /opt/airflow/dags/fhv_dag.py
[2022-07-09 04:02:34,912] {processor.py:642} INFO - Processing file /opt/airflow/dags/fhv_dag.py for tasks to queue
[2022-07-09 04:02:34,921] {logging_mixin.py:109} INFO - [2022-07-09 04:02:34,921] {dagbag.py:500} INFO - Filling up the DagBag from /opt/airflow/dags/fhv_dag.py
[2022-07-09 04:02:35,436] {processor.py:654} INFO - DAG(s) dict_keys(['fhv_dag']) retrieved from /opt/airflow/dags/fhv_dag.py
[2022-07-09 04:02:35,491] {logging_mixin.py:109} INFO - [2022-07-09 04:02:35,487] {dag.py:2396} INFO - Sync 1 DAGs
[2022-07-09 04:02:35,581] {logging_mixin.py:109} INFO - [2022-07-09 04:02:35,580] {dag.py:2935} INFO - Setting next_dagrun for fhv_dag to None
[2022-07-09 04:02:35,601] {processor.py:171} INFO - Processing /opt/airflow/dags/fhv_dag.py took 0.714 seconds
[2022-07-09 04:03:07,283] {processor.py:163} INFO - Started process (PID=30594) to work on /opt/airflow/dags/fhv_dag.py
[2022-07-09 04:03:07,314] {processor.py:642} INFO - Processing file /opt/airflow/dags/fhv_dag.py for tasks to queue
[2022-07-09 04:03:07,324] {logging_mixin.py:109} INFO - [2022-07-09 04:03:07,324] {dagbag.py:500} INFO - Filling up the DagBag from /opt/airflow/dags/fhv_dag.py
[2022-07-09 04:03:08,854] {processor.py:654} INFO - DAG(s) dict_keys(['fhv_dag']) retrieved from /opt/airflow/dags/fhv_dag.py
[2022-07-09 04:03:08,921] {logging_mixin.py:109} INFO - [2022-07-09 04:03:08,911] {dag.py:2396} INFO - Sync 1 DAGs
[2022-07-09 04:03:09,100] {logging_mixin.py:109} INFO - [2022-07-09 04:03:09,099] {dag.py:2935} INFO - Setting next_dagrun for fhv_dag to None
[2022-07-09 04:03:09,168] {processor.py:171} INFO - Processing /opt/airflow/dags/fhv_dag.py took 1.918 seconds
[2022-07-09 04:03:41,400] {processor.py:163} INFO - Started process (PID=30618) to work on /opt/airflow/dags/fhv_dag.py
[2022-07-09 04:03:41,447] {processor.py:642} INFO - Processing file /opt/airflow/dags/fhv_dag.py for tasks to queue
[2022-07-09 04:03:41,458] {logging_mixin.py:109} INFO - [2022-07-09 04:03:41,457] {dagbag.py:500} INFO - Filling up the DagBag from /opt/airflow/dags/fhv_dag.py
[2022-07-09 04:03:43,463] {processor.py:654} INFO - DAG(s) dict_keys(['fhv_dag']) retrieved from /opt/airflow/dags/fhv_dag.py
[2022-07-09 04:03:43,663] {logging_mixin.py:109} INFO - [2022-07-09 04:03:43,644] {dag.py:2396} INFO - Sync 1 DAGs
[2022-07-09 04:03:44,007] {logging_mixin.py:109} INFO - [2022-07-09 04:03:44,005] {dag.py:2935} INFO - Setting next_dagrun for fhv_dag to None
[2022-07-09 04:03:44,144] {processor.py:171} INFO - Processing /opt/airflow/dags/fhv_dag.py took 2.811 seconds
[2022-07-09 04:04:19,975] {processor.py:163} INFO - Started process (PID=30651) to work on /opt/airflow/dags/fhv_dag.py
[2022-07-09 04:04:19,996] {processor.py:642} INFO - Processing file /opt/airflow/dags/fhv_dag.py for tasks to queue
[2022-07-09 04:04:20,003] {logging_mixin.py:109} INFO - [2022-07-09 04:04:20,002] {dagbag.py:500} INFO - Filling up the DagBag from /opt/airflow/dags/fhv_dag.py
[2022-07-09 04:04:21,825] {processor.py:654} INFO - DAG(s) dict_keys(['fhv_dag']) retrieved from /opt/airflow/dags/fhv_dag.py
[2022-07-09 04:04:22,040] {logging_mixin.py:109} INFO - [2022-07-09 04:04:21,996] {dag.py:2396} INFO - Sync 1 DAGs
[2022-07-09 04:04:22,240] {logging_mixin.py:109} INFO - [2022-07-09 04:04:22,239] {dag.py:2935} INFO - Setting next_dagrun for fhv_dag to None
[2022-07-09 04:04:22,300] {processor.py:171} INFO - Processing /opt/airflow/dags/fhv_dag.py took 2.523 seconds
