[2022-07-09 03:18:22,179] {processor.py:163} INFO - Started process (PID=27467) to work on /opt/airflow/dags/green_taxi_dag.py
[2022-07-09 03:18:22,225] {processor.py:642} INFO - Processing file /opt/airflow/dags/green_taxi_dag.py for tasks to queue
[2022-07-09 03:18:22,241] {logging_mixin.py:109} INFO - [2022-07-09 03:18:22,240] {dagbag.py:500} INFO - Filling up the DagBag from /opt/airflow/dags/green_taxi_dag.py
[2022-07-09 03:18:24,224] {processor.py:654} INFO - DAG(s) dict_keys(['gt_dag']) retrieved from /opt/airflow/dags/green_taxi_dag.py
[2022-07-09 03:18:24,403] {logging_mixin.py:109} INFO - [2022-07-09 03:18:24,385] {dag.py:2396} INFO - Sync 1 DAGs
[2022-07-09 03:18:24,687] {logging_mixin.py:109} INFO - [2022-07-09 03:18:24,676] {dag.py:2935} INFO - Setting next_dagrun for gt_dag to None
[2022-07-09 03:18:24,778] {processor.py:171} INFO - Processing /opt/airflow/dags/green_taxi_dag.py took 2.747 seconds
[2022-07-09 03:18:55,227] {processor.py:163} INFO - Started process (PID=27502) to work on /opt/airflow/dags/green_taxi_dag.py
[2022-07-09 03:18:55,244] {processor.py:642} INFO - Processing file /opt/airflow/dags/green_taxi_dag.py for tasks to queue
[2022-07-09 03:18:55,248] {logging_mixin.py:109} INFO - [2022-07-09 03:18:55,248] {dagbag.py:500} INFO - Filling up the DagBag from /opt/airflow/dags/green_taxi_dag.py
[2022-07-09 03:18:55,822] {processor.py:654} INFO - DAG(s) dict_keys(['gt_dag']) retrieved from /opt/airflow/dags/green_taxi_dag.py
[2022-07-09 03:18:55,854] {logging_mixin.py:109} INFO - [2022-07-09 03:18:55,851] {dag.py:2396} INFO - Sync 1 DAGs
[2022-07-09 03:18:55,955] {logging_mixin.py:109} INFO - [2022-07-09 03:18:55,955] {dag.py:2935} INFO - Setting next_dagrun for gt_dag to None
[2022-07-09 03:18:55,994] {processor.py:171} INFO - Processing /opt/airflow/dags/green_taxi_dag.py took 0.796 seconds
[2022-07-09 03:19:26,703] {processor.py:163} INFO - Started process (PID=27535) to work on /opt/airflow/dags/green_taxi_dag.py
[2022-07-09 03:19:26,708] {processor.py:642} INFO - Processing file /opt/airflow/dags/green_taxi_dag.py for tasks to queue
[2022-07-09 03:19:26,715] {logging_mixin.py:109} INFO - [2022-07-09 03:19:26,712] {dagbag.py:500} INFO - Filling up the DagBag from /opt/airflow/dags/green_taxi_dag.py
[2022-07-09 03:19:27,396] {processor.py:654} INFO - DAG(s) dict_keys(['gt_dag']) retrieved from /opt/airflow/dags/green_taxi_dag.py
[2022-07-09 03:19:27,433] {logging_mixin.py:109} INFO - [2022-07-09 03:19:27,430] {dag.py:2396} INFO - Sync 1 DAGs
[2022-07-09 03:19:27,472] {logging_mixin.py:109} INFO - [2022-07-09 03:19:27,472] {dag.py:2935} INFO - Setting next_dagrun for gt_dag to None
[2022-07-09 03:19:27,492] {processor.py:171} INFO - Processing /opt/airflow/dags/green_taxi_dag.py took 0.828 seconds
[2022-07-09 03:19:57,779] {processor.py:163} INFO - Started process (PID=27569) to work on /opt/airflow/dags/green_taxi_dag.py
[2022-07-09 03:19:57,783] {processor.py:642} INFO - Processing file /opt/airflow/dags/green_taxi_dag.py for tasks to queue
[2022-07-09 03:19:57,785] {logging_mixin.py:109} INFO - [2022-07-09 03:19:57,785] {dagbag.py:500} INFO - Filling up the DagBag from /opt/airflow/dags/green_taxi_dag.py
[2022-07-09 03:19:58,217] {processor.py:654} INFO - DAG(s) dict_keys(['gt_dag']) retrieved from /opt/airflow/dags/green_taxi_dag.py
[2022-07-09 03:19:58,273] {logging_mixin.py:109} INFO - [2022-07-09 03:19:58,270] {dag.py:2396} INFO - Sync 1 DAGs
[2022-07-09 03:19:58,432] {logging_mixin.py:109} INFO - [2022-07-09 03:19:58,432] {dag.py:2935} INFO - Setting next_dagrun for gt_dag to None
[2022-07-09 03:19:58,463] {processor.py:171} INFO - Processing /opt/airflow/dags/green_taxi_dag.py took 0.690 seconds
[2022-07-09 03:20:28,606] {processor.py:163} INFO - Started process (PID=27602) to work on /opt/airflow/dags/green_taxi_dag.py
[2022-07-09 03:20:28,616] {processor.py:642} INFO - Processing file /opt/airflow/dags/green_taxi_dag.py for tasks to queue
[2022-07-09 03:20:28,624] {logging_mixin.py:109} INFO - [2022-07-09 03:20:28,622] {dagbag.py:500} INFO - Filling up the DagBag from /opt/airflow/dags/green_taxi_dag.py
[2022-07-09 03:20:28,909] {processor.py:654} INFO - DAG(s) dict_keys(['gt_dag']) retrieved from /opt/airflow/dags/green_taxi_dag.py
[2022-07-09 03:20:28,945] {logging_mixin.py:109} INFO - [2022-07-09 03:20:28,942] {dag.py:2396} INFO - Sync 1 DAGs
[2022-07-09 03:20:29,032] {logging_mixin.py:109} INFO - [2022-07-09 03:20:29,032] {dag.py:2935} INFO - Setting next_dagrun for gt_dag to None
[2022-07-09 03:20:29,062] {processor.py:171} INFO - Processing /opt/airflow/dags/green_taxi_dag.py took 0.471 seconds
[2022-07-09 03:20:59,145] {processor.py:163} INFO - Started process (PID=27635) to work on /opt/airflow/dags/green_taxi_dag.py
[2022-07-09 03:20:59,148] {processor.py:642} INFO - Processing file /opt/airflow/dags/green_taxi_dag.py for tasks to queue
[2022-07-09 03:20:59,151] {logging_mixin.py:109} INFO - [2022-07-09 03:20:59,151] {dagbag.py:500} INFO - Filling up the DagBag from /opt/airflow/dags/green_taxi_dag.py
[2022-07-09 03:20:59,306] {processor.py:654} INFO - DAG(s) dict_keys(['gt_dag']) retrieved from /opt/airflow/dags/green_taxi_dag.py
[2022-07-09 03:20:59,322] {logging_mixin.py:109} INFO - [2022-07-09 03:20:59,320] {dag.py:2396} INFO - Sync 1 DAGs
[2022-07-09 03:20:59,350] {logging_mixin.py:109} INFO - [2022-07-09 03:20:59,349] {dag.py:2935} INFO - Setting next_dagrun for gt_dag to None
[2022-07-09 03:20:59,365] {processor.py:171} INFO - Processing /opt/airflow/dags/green_taxi_dag.py took 0.225 seconds
[2022-07-09 03:21:29,603] {processor.py:163} INFO - Started process (PID=27670) to work on /opt/airflow/dags/green_taxi_dag.py
[2022-07-09 03:21:29,606] {processor.py:642} INFO - Processing file /opt/airflow/dags/green_taxi_dag.py for tasks to queue
[2022-07-09 03:21:29,608] {logging_mixin.py:109} INFO - [2022-07-09 03:21:29,607] {dagbag.py:500} INFO - Filling up the DagBag from /opt/airflow/dags/green_taxi_dag.py
[2022-07-09 03:21:29,746] {processor.py:654} INFO - DAG(s) dict_keys(['gt_dag']) retrieved from /opt/airflow/dags/green_taxi_dag.py
[2022-07-09 03:21:29,764] {logging_mixin.py:109} INFO - [2022-07-09 03:21:29,762] {dag.py:2396} INFO - Sync 1 DAGs
[2022-07-09 03:21:29,791] {logging_mixin.py:109} INFO - [2022-07-09 03:21:29,790] {dag.py:2935} INFO - Setting next_dagrun for gt_dag to None
[2022-07-09 03:21:29,807] {processor.py:171} INFO - Processing /opt/airflow/dags/green_taxi_dag.py took 0.211 seconds
[2022-07-09 03:21:59,924] {processor.py:163} INFO - Started process (PID=27714) to work on /opt/airflow/dags/green_taxi_dag.py
[2022-07-09 03:21:59,931] {processor.py:642} INFO - Processing file /opt/airflow/dags/green_taxi_dag.py for tasks to queue
[2022-07-09 03:21:59,935] {logging_mixin.py:109} INFO - [2022-07-09 03:21:59,934] {dagbag.py:500} INFO - Filling up the DagBag from /opt/airflow/dags/green_taxi_dag.py
[2022-07-09 03:22:00,101] {processor.py:654} INFO - DAG(s) dict_keys(['gt_dag']) retrieved from /opt/airflow/dags/green_taxi_dag.py
[2022-07-09 03:22:00,125] {logging_mixin.py:109} INFO - [2022-07-09 03:22:00,123] {dag.py:2396} INFO - Sync 1 DAGs
[2022-07-09 03:22:00,157] {logging_mixin.py:109} INFO - [2022-07-09 03:22:00,157] {dag.py:2935} INFO - Setting next_dagrun for gt_dag to None
[2022-07-09 03:22:00,177] {processor.py:171} INFO - Processing /opt/airflow/dags/green_taxi_dag.py took 0.262 seconds
[2022-07-09 03:22:30,253] {processor.py:163} INFO - Started process (PID=27748) to work on /opt/airflow/dags/green_taxi_dag.py
[2022-07-09 03:22:30,257] {processor.py:642} INFO - Processing file /opt/airflow/dags/green_taxi_dag.py for tasks to queue
[2022-07-09 03:22:30,260] {logging_mixin.py:109} INFO - [2022-07-09 03:22:30,260] {dagbag.py:500} INFO - Filling up the DagBag from /opt/airflow/dags/green_taxi_dag.py
[2022-07-09 03:22:30,450] {processor.py:654} INFO - DAG(s) dict_keys(['gt_dag']) retrieved from /opt/airflow/dags/green_taxi_dag.py
[2022-07-09 03:22:30,470] {logging_mixin.py:109} INFO - [2022-07-09 03:22:30,468] {dag.py:2396} INFO - Sync 1 DAGs
[2022-07-09 03:22:30,504] {logging_mixin.py:109} INFO - [2022-07-09 03:22:30,503] {dag.py:2935} INFO - Setting next_dagrun for gt_dag to None
[2022-07-09 03:22:30,519] {processor.py:171} INFO - Processing /opt/airflow/dags/green_taxi_dag.py took 0.275 seconds
[2022-07-09 03:23:01,421] {processor.py:163} INFO - Started process (PID=27780) to work on /opt/airflow/dags/green_taxi_dag.py
[2022-07-09 03:23:01,424] {processor.py:642} INFO - Processing file /opt/airflow/dags/green_taxi_dag.py for tasks to queue
[2022-07-09 03:23:01,425] {logging_mixin.py:109} INFO - [2022-07-09 03:23:01,425] {dagbag.py:500} INFO - Filling up the DagBag from /opt/airflow/dags/green_taxi_dag.py
[2022-07-09 03:23:01,555] {processor.py:654} INFO - DAG(s) dict_keys(['gt_dag']) retrieved from /opt/airflow/dags/green_taxi_dag.py
[2022-07-09 03:23:01,571] {logging_mixin.py:109} INFO - [2022-07-09 03:23:01,569] {dag.py:2396} INFO - Sync 1 DAGs
[2022-07-09 03:23:01,595] {logging_mixin.py:109} INFO - [2022-07-09 03:23:01,595] {dag.py:2935} INFO - Setting next_dagrun for gt_dag to None
[2022-07-09 03:23:01,608] {processor.py:171} INFO - Processing /opt/airflow/dags/green_taxi_dag.py took 0.191 seconds
[2022-07-09 03:23:32,601] {processor.py:163} INFO - Started process (PID=27818) to work on /opt/airflow/dags/green_taxi_dag.py
[2022-07-09 03:23:32,611] {processor.py:642} INFO - Processing file /opt/airflow/dags/green_taxi_dag.py for tasks to queue
[2022-07-09 03:23:32,618] {logging_mixin.py:109} INFO - [2022-07-09 03:23:32,617] {dagbag.py:500} INFO - Filling up the DagBag from /opt/airflow/dags/green_taxi_dag.py
[2022-07-09 03:23:33,099] {processor.py:654} INFO - DAG(s) dict_keys(['gt_dag']) retrieved from /opt/airflow/dags/green_taxi_dag.py
[2022-07-09 03:23:33,148] {logging_mixin.py:109} INFO - [2022-07-09 03:23:33,143] {dag.py:2396} INFO - Sync 1 DAGs
[2022-07-09 03:23:33,195] {logging_mixin.py:109} INFO - [2022-07-09 03:23:33,194] {dag.py:2935} INFO - Setting next_dagrun for gt_dag to None
[2022-07-09 03:23:33,219] {processor.py:171} INFO - Processing /opt/airflow/dags/green_taxi_dag.py took 0.624 seconds
[2022-07-09 03:24:03,360] {processor.py:163} INFO - Started process (PID=27853) to work on /opt/airflow/dags/green_taxi_dag.py
[2022-07-09 03:24:03,364] {processor.py:642} INFO - Processing file /opt/airflow/dags/green_taxi_dag.py for tasks to queue
[2022-07-09 03:24:03,366] {logging_mixin.py:109} INFO - [2022-07-09 03:24:03,366] {dagbag.py:500} INFO - Filling up the DagBag from /opt/airflow/dags/green_taxi_dag.py
[2022-07-09 03:24:03,506] {processor.py:654} INFO - DAG(s) dict_keys(['gt_dag']) retrieved from /opt/airflow/dags/green_taxi_dag.py
[2022-07-09 03:24:03,524] {logging_mixin.py:109} INFO - [2022-07-09 03:24:03,521] {dag.py:2396} INFO - Sync 1 DAGs
[2022-07-09 03:24:03,550] {logging_mixin.py:109} INFO - [2022-07-09 03:24:03,550] {dag.py:2935} INFO - Setting next_dagrun for gt_dag to None
[2022-07-09 03:24:03,566] {processor.py:171} INFO - Processing /opt/airflow/dags/green_taxi_dag.py took 0.212 seconds
[2022-07-09 03:24:33,766] {processor.py:163} INFO - Started process (PID=27884) to work on /opt/airflow/dags/green_taxi_dag.py
[2022-07-09 03:24:33,769] {processor.py:642} INFO - Processing file /opt/airflow/dags/green_taxi_dag.py for tasks to queue
[2022-07-09 03:24:33,772] {logging_mixin.py:109} INFO - [2022-07-09 03:24:33,772] {dagbag.py:500} INFO - Filling up the DagBag from /opt/airflow/dags/green_taxi_dag.py
[2022-07-09 03:24:33,930] {processor.py:654} INFO - DAG(s) dict_keys(['gt_dag']) retrieved from /opt/airflow/dags/green_taxi_dag.py
[2022-07-09 03:24:33,960] {logging_mixin.py:109} INFO - [2022-07-09 03:24:33,955] {dag.py:2396} INFO - Sync 1 DAGs
[2022-07-09 03:24:34,068] {logging_mixin.py:109} INFO - [2022-07-09 03:24:34,068] {dag.py:2935} INFO - Setting next_dagrun for gt_dag to None
[2022-07-09 03:24:34,110] {processor.py:171} INFO - Processing /opt/airflow/dags/green_taxi_dag.py took 0.349 seconds
[2022-07-09 03:25:04,987] {processor.py:163} INFO - Started process (PID=27919) to work on /opt/airflow/dags/green_taxi_dag.py
[2022-07-09 03:25:04,999] {processor.py:642} INFO - Processing file /opt/airflow/dags/green_taxi_dag.py for tasks to queue
[2022-07-09 03:25:05,003] {logging_mixin.py:109} INFO - [2022-07-09 03:25:05,002] {dagbag.py:500} INFO - Filling up the DagBag from /opt/airflow/dags/green_taxi_dag.py
[2022-07-09 03:25:05,207] {processor.py:654} INFO - DAG(s) dict_keys(['gt_dag']) retrieved from /opt/airflow/dags/green_taxi_dag.py
[2022-07-09 03:25:05,243] {logging_mixin.py:109} INFO - [2022-07-09 03:25:05,240] {dag.py:2396} INFO - Sync 1 DAGs
[2022-07-09 03:25:05,296] {logging_mixin.py:109} INFO - [2022-07-09 03:25:05,296] {dag.py:2935} INFO - Setting next_dagrun for gt_dag to None
[2022-07-09 03:25:05,310] {processor.py:171} INFO - Processing /opt/airflow/dags/green_taxi_dag.py took 0.337 seconds
[2022-07-09 03:25:35,443] {processor.py:163} INFO - Started process (PID=27952) to work on /opt/airflow/dags/green_taxi_dag.py
[2022-07-09 03:25:35,450] {processor.py:642} INFO - Processing file /opt/airflow/dags/green_taxi_dag.py for tasks to queue
[2022-07-09 03:25:35,455] {logging_mixin.py:109} INFO - [2022-07-09 03:25:35,455] {dagbag.py:500} INFO - Filling up the DagBag from /opt/airflow/dags/green_taxi_dag.py
[2022-07-09 03:25:35,707] {processor.py:654} INFO - DAG(s) dict_keys(['gt_dag']) retrieved from /opt/airflow/dags/green_taxi_dag.py
[2022-07-09 03:25:35,757] {logging_mixin.py:109} INFO - [2022-07-09 03:25:35,751] {dag.py:2396} INFO - Sync 1 DAGs
[2022-07-09 03:25:35,807] {logging_mixin.py:109} INFO - [2022-07-09 03:25:35,807] {dag.py:2935} INFO - Setting next_dagrun for gt_dag to None
[2022-07-09 03:25:35,821] {processor.py:171} INFO - Processing /opt/airflow/dags/green_taxi_dag.py took 0.387 seconds
[2022-07-09 03:26:06,317] {processor.py:163} INFO - Started process (PID=27986) to work on /opt/airflow/dags/green_taxi_dag.py
[2022-07-09 03:26:06,321] {processor.py:642} INFO - Processing file /opt/airflow/dags/green_taxi_dag.py for tasks to queue
[2022-07-09 03:26:06,323] {logging_mixin.py:109} INFO - [2022-07-09 03:26:06,322] {dagbag.py:500} INFO - Filling up the DagBag from /opt/airflow/dags/green_taxi_dag.py
[2022-07-09 03:26:06,474] {processor.py:654} INFO - DAG(s) dict_keys(['gt_dag']) retrieved from /opt/airflow/dags/green_taxi_dag.py
[2022-07-09 03:26:06,504] {logging_mixin.py:109} INFO - [2022-07-09 03:26:06,502] {dag.py:2396} INFO - Sync 1 DAGs
[2022-07-09 03:26:06,535] {logging_mixin.py:109} INFO - [2022-07-09 03:26:06,535] {dag.py:2935} INFO - Setting next_dagrun for gt_dag to None
[2022-07-09 03:26:06,552] {processor.py:171} INFO - Processing /opt/airflow/dags/green_taxi_dag.py took 0.240 seconds
[2022-07-09 03:26:37,207] {processor.py:163} INFO - Started process (PID=28032) to work on /opt/airflow/dags/green_taxi_dag.py
[2022-07-09 03:26:37,212] {processor.py:642} INFO - Processing file /opt/airflow/dags/green_taxi_dag.py for tasks to queue
[2022-07-09 03:26:37,215] {logging_mixin.py:109} INFO - [2022-07-09 03:26:37,215] {dagbag.py:500} INFO - Filling up the DagBag from /opt/airflow/dags/green_taxi_dag.py
[2022-07-09 03:26:37,352] {processor.py:654} INFO - DAG(s) dict_keys(['gt_dag']) retrieved from /opt/airflow/dags/green_taxi_dag.py
[2022-07-09 03:26:37,369] {logging_mixin.py:109} INFO - [2022-07-09 03:26:37,367] {dag.py:2396} INFO - Sync 1 DAGs
[2022-07-09 03:26:37,392] {logging_mixin.py:109} INFO - [2022-07-09 03:26:37,392] {dag.py:2935} INFO - Setting next_dagrun for gt_dag to None
[2022-07-09 03:26:37,408] {processor.py:171} INFO - Processing /opt/airflow/dags/green_taxi_dag.py took 0.207 seconds
[2022-07-09 03:27:07,969] {processor.py:163} INFO - Started process (PID=28065) to work on /opt/airflow/dags/green_taxi_dag.py
[2022-07-09 03:27:07,973] {processor.py:642} INFO - Processing file /opt/airflow/dags/green_taxi_dag.py for tasks to queue
[2022-07-09 03:27:07,976] {logging_mixin.py:109} INFO - [2022-07-09 03:27:07,976] {dagbag.py:500} INFO - Filling up the DagBag from /opt/airflow/dags/green_taxi_dag.py
[2022-07-09 03:27:08,208] {processor.py:654} INFO - DAG(s) dict_keys(['gt_dag']) retrieved from /opt/airflow/dags/green_taxi_dag.py
[2022-07-09 03:27:08,233] {logging_mixin.py:109} INFO - [2022-07-09 03:27:08,230] {dag.py:2396} INFO - Sync 1 DAGs
[2022-07-09 03:27:08,302] {logging_mixin.py:109} INFO - [2022-07-09 03:27:08,301] {dag.py:2935} INFO - Setting next_dagrun for gt_dag to None
[2022-07-09 03:27:08,330] {processor.py:171} INFO - Processing /opt/airflow/dags/green_taxi_dag.py took 0.368 seconds
[2022-07-09 03:27:38,787] {processor.py:163} INFO - Started process (PID=28109) to work on /opt/airflow/dags/green_taxi_dag.py
[2022-07-09 03:27:38,809] {processor.py:642} INFO - Processing file /opt/airflow/dags/green_taxi_dag.py for tasks to queue
[2022-07-09 03:27:38,817] {logging_mixin.py:109} INFO - [2022-07-09 03:27:38,817] {dagbag.py:500} INFO - Filling up the DagBag from /opt/airflow/dags/green_taxi_dag.py
[2022-07-09 03:27:39,057] {processor.py:654} INFO - DAG(s) dict_keys(['gt_dag']) retrieved from /opt/airflow/dags/green_taxi_dag.py
[2022-07-09 03:27:39,085] {logging_mixin.py:109} INFO - [2022-07-09 03:27:39,082] {dag.py:2396} INFO - Sync 1 DAGs
[2022-07-09 03:27:39,127] {logging_mixin.py:109} INFO - [2022-07-09 03:27:39,126] {dag.py:2935} INFO - Setting next_dagrun for gt_dag to None
[2022-07-09 03:27:39,143] {processor.py:171} INFO - Processing /opt/airflow/dags/green_taxi_dag.py took 0.371 seconds
[2022-07-09 03:28:09,892] {processor.py:163} INFO - Started process (PID=28144) to work on /opt/airflow/dags/green_taxi_dag.py
[2022-07-09 03:28:09,896] {processor.py:642} INFO - Processing file /opt/airflow/dags/green_taxi_dag.py for tasks to queue
[2022-07-09 03:28:09,900] {logging_mixin.py:109} INFO - [2022-07-09 03:28:09,900] {dagbag.py:500} INFO - Filling up the DagBag from /opt/airflow/dags/green_taxi_dag.py
[2022-07-09 03:28:10,104] {processor.py:654} INFO - DAG(s) dict_keys(['gt_dag']) retrieved from /opt/airflow/dags/green_taxi_dag.py
[2022-07-09 03:28:10,130] {logging_mixin.py:109} INFO - [2022-07-09 03:28:10,126] {dag.py:2396} INFO - Sync 1 DAGs
[2022-07-09 03:28:10,193] {logging_mixin.py:109} INFO - [2022-07-09 03:28:10,193] {dag.py:2935} INFO - Setting next_dagrun for gt_dag to None
[2022-07-09 03:28:10,213] {processor.py:171} INFO - Processing /opt/airflow/dags/green_taxi_dag.py took 0.326 seconds
[2022-07-09 03:28:40,349] {processor.py:163} INFO - Started process (PID=28177) to work on /opt/airflow/dags/green_taxi_dag.py
[2022-07-09 03:28:40,352] {processor.py:642} INFO - Processing file /opt/airflow/dags/green_taxi_dag.py for tasks to queue
[2022-07-09 03:28:40,354] {logging_mixin.py:109} INFO - [2022-07-09 03:28:40,354] {dagbag.py:500} INFO - Filling up the DagBag from /opt/airflow/dags/green_taxi_dag.py
[2022-07-09 03:28:40,494] {processor.py:654} INFO - DAG(s) dict_keys(['gt_dag']) retrieved from /opt/airflow/dags/green_taxi_dag.py
[2022-07-09 03:28:40,512] {logging_mixin.py:109} INFO - [2022-07-09 03:28:40,510] {dag.py:2396} INFO - Sync 1 DAGs
[2022-07-09 03:28:40,538] {logging_mixin.py:109} INFO - [2022-07-09 03:28:40,538] {dag.py:2935} INFO - Setting next_dagrun for gt_dag to None
[2022-07-09 03:28:40,552] {processor.py:171} INFO - Processing /opt/airflow/dags/green_taxi_dag.py took 0.210 seconds
[2022-07-09 03:29:11,418] {processor.py:163} INFO - Started process (PID=28210) to work on /opt/airflow/dags/green_taxi_dag.py
[2022-07-09 03:29:11,424] {processor.py:642} INFO - Processing file /opt/airflow/dags/green_taxi_dag.py for tasks to queue
[2022-07-09 03:29:11,427] {logging_mixin.py:109} INFO - [2022-07-09 03:29:11,426] {dagbag.py:500} INFO - Filling up the DagBag from /opt/airflow/dags/green_taxi_dag.py
[2022-07-09 03:29:11,582] {processor.py:654} INFO - DAG(s) dict_keys(['gt_dag']) retrieved from /opt/airflow/dags/green_taxi_dag.py
[2022-07-09 03:29:11,601] {logging_mixin.py:109} INFO - [2022-07-09 03:29:11,598] {dag.py:2396} INFO - Sync 1 DAGs
[2022-07-09 03:29:11,633] {logging_mixin.py:109} INFO - [2022-07-09 03:29:11,633] {dag.py:2935} INFO - Setting next_dagrun for gt_dag to None
[2022-07-09 03:29:11,651] {processor.py:171} INFO - Processing /opt/airflow/dags/green_taxi_dag.py took 0.245 seconds
[2022-07-09 03:29:42,034] {processor.py:163} INFO - Started process (PID=28255) to work on /opt/airflow/dags/green_taxi_dag.py
[2022-07-09 03:29:42,036] {processor.py:642} INFO - Processing file /opt/airflow/dags/green_taxi_dag.py for tasks to queue
[2022-07-09 03:29:42,038] {logging_mixin.py:109} INFO - [2022-07-09 03:29:42,037] {dagbag.py:500} INFO - Filling up the DagBag from /opt/airflow/dags/green_taxi_dag.py
[2022-07-09 03:29:42,165] {processor.py:654} INFO - DAG(s) dict_keys(['gt_dag']) retrieved from /opt/airflow/dags/green_taxi_dag.py
[2022-07-09 03:29:42,181] {logging_mixin.py:109} INFO - [2022-07-09 03:29:42,179] {dag.py:2396} INFO - Sync 1 DAGs
[2022-07-09 03:29:42,204] {logging_mixin.py:109} INFO - [2022-07-09 03:29:42,204] {dag.py:2935} INFO - Setting next_dagrun for gt_dag to None
[2022-07-09 03:29:42,217] {processor.py:171} INFO - Processing /opt/airflow/dags/green_taxi_dag.py took 0.189 seconds
[2022-07-09 03:30:12,291] {processor.py:163} INFO - Started process (PID=28293) to work on /opt/airflow/dags/green_taxi_dag.py
[2022-07-09 03:30:12,295] {processor.py:642} INFO - Processing file /opt/airflow/dags/green_taxi_dag.py for tasks to queue
[2022-07-09 03:30:12,298] {logging_mixin.py:109} INFO - [2022-07-09 03:30:12,298] {dagbag.py:500} INFO - Filling up the DagBag from /opt/airflow/dags/green_taxi_dag.py
[2022-07-09 03:30:12,482] {processor.py:654} INFO - DAG(s) dict_keys(['gt_dag']) retrieved from /opt/airflow/dags/green_taxi_dag.py
[2022-07-09 03:30:12,505] {logging_mixin.py:109} INFO - [2022-07-09 03:30:12,503] {dag.py:2396} INFO - Sync 1 DAGs
[2022-07-09 03:30:12,543] {logging_mixin.py:109} INFO - [2022-07-09 03:30:12,543] {dag.py:2935} INFO - Setting next_dagrun for gt_dag to None
[2022-07-09 03:30:12,561] {processor.py:171} INFO - Processing /opt/airflow/dags/green_taxi_dag.py took 0.281 seconds
[2022-07-09 03:30:42,652] {processor.py:163} INFO - Started process (PID=28325) to work on /opt/airflow/dags/green_taxi_dag.py
[2022-07-09 03:30:42,665] {processor.py:642} INFO - Processing file /opt/airflow/dags/green_taxi_dag.py for tasks to queue
[2022-07-09 03:30:42,667] {logging_mixin.py:109} INFO - [2022-07-09 03:30:42,667] {dagbag.py:500} INFO - Filling up the DagBag from /opt/airflow/dags/green_taxi_dag.py
[2022-07-09 03:30:43,004] {processor.py:654} INFO - DAG(s) dict_keys(['gt_dag']) retrieved from /opt/airflow/dags/green_taxi_dag.py
[2022-07-09 03:30:43,035] {logging_mixin.py:109} INFO - [2022-07-09 03:30:43,033] {dag.py:2396} INFO - Sync 1 DAGs
[2022-07-09 03:30:43,068] {logging_mixin.py:109} INFO - [2022-07-09 03:30:43,068] {dag.py:2935} INFO - Setting next_dagrun for gt_dag to None
[2022-07-09 03:30:43,091] {processor.py:171} INFO - Processing /opt/airflow/dags/green_taxi_dag.py took 0.449 seconds
[2022-07-09 03:31:13,452] {processor.py:163} INFO - Started process (PID=28368) to work on /opt/airflow/dags/green_taxi_dag.py
[2022-07-09 03:31:13,457] {processor.py:642} INFO - Processing file /opt/airflow/dags/green_taxi_dag.py for tasks to queue
[2022-07-09 03:31:13,460] {logging_mixin.py:109} INFO - [2022-07-09 03:31:13,460] {dagbag.py:500} INFO - Filling up the DagBag from /opt/airflow/dags/green_taxi_dag.py
[2022-07-09 03:31:13,603] {processor.py:654} INFO - DAG(s) dict_keys(['gt_dag']) retrieved from /opt/airflow/dags/green_taxi_dag.py
[2022-07-09 03:31:13,630] {logging_mixin.py:109} INFO - [2022-07-09 03:31:13,627] {dag.py:2396} INFO - Sync 1 DAGs
[2022-07-09 03:31:13,658] {logging_mixin.py:109} INFO - [2022-07-09 03:31:13,657] {dag.py:2935} INFO - Setting next_dagrun for gt_dag to None
[2022-07-09 03:31:13,678] {processor.py:171} INFO - Processing /opt/airflow/dags/green_taxi_dag.py took 0.230 seconds
[2022-07-09 03:31:44,053] {processor.py:163} INFO - Started process (PID=28399) to work on /opt/airflow/dags/green_taxi_dag.py
[2022-07-09 03:31:44,057] {processor.py:642} INFO - Processing file /opt/airflow/dags/green_taxi_dag.py for tasks to queue
[2022-07-09 03:31:44,060] {logging_mixin.py:109} INFO - [2022-07-09 03:31:44,059] {dagbag.py:500} INFO - Filling up the DagBag from /opt/airflow/dags/green_taxi_dag.py
[2022-07-09 03:31:44,240] {processor.py:654} INFO - DAG(s) dict_keys(['gt_dag']) retrieved from /opt/airflow/dags/green_taxi_dag.py
[2022-07-09 03:31:44,265] {logging_mixin.py:109} INFO - [2022-07-09 03:31:44,263] {dag.py:2396} INFO - Sync 1 DAGs
[2022-07-09 03:31:44,301] {logging_mixin.py:109} INFO - [2022-07-09 03:31:44,301] {dag.py:2935} INFO - Setting next_dagrun for gt_dag to None
[2022-07-09 03:31:44,318] {processor.py:171} INFO - Processing /opt/airflow/dags/green_taxi_dag.py took 0.272 seconds
[2022-07-09 03:32:15,396] {processor.py:163} INFO - Started process (PID=28441) to work on /opt/airflow/dags/green_taxi_dag.py
[2022-07-09 03:32:15,401] {processor.py:642} INFO - Processing file /opt/airflow/dags/green_taxi_dag.py for tasks to queue
[2022-07-09 03:32:15,407] {logging_mixin.py:109} INFO - [2022-07-09 03:32:15,407] {dagbag.py:500} INFO - Filling up the DagBag from /opt/airflow/dags/green_taxi_dag.py
[2022-07-09 03:32:15,844] {processor.py:654} INFO - DAG(s) dict_keys(['gt_dag']) retrieved from /opt/airflow/dags/green_taxi_dag.py
[2022-07-09 03:32:15,874] {logging_mixin.py:109} INFO - [2022-07-09 03:32:15,869] {dag.py:2396} INFO - Sync 1 DAGs
[2022-07-09 03:32:15,956] {logging_mixin.py:109} INFO - [2022-07-09 03:32:15,956] {dag.py:2935} INFO - Setting next_dagrun for gt_dag to None
[2022-07-09 03:32:15,999] {processor.py:171} INFO - Processing /opt/airflow/dags/green_taxi_dag.py took 0.628 seconds
[2022-07-09 03:32:46,430] {processor.py:163} INFO - Started process (PID=28475) to work on /opt/airflow/dags/green_taxi_dag.py
[2022-07-09 03:32:46,434] {processor.py:642} INFO - Processing file /opt/airflow/dags/green_taxi_dag.py for tasks to queue
[2022-07-09 03:32:46,437] {logging_mixin.py:109} INFO - [2022-07-09 03:32:46,436] {dagbag.py:500} INFO - Filling up the DagBag from /opt/airflow/dags/green_taxi_dag.py
[2022-07-09 03:32:46,635] {processor.py:654} INFO - DAG(s) dict_keys(['gt_dag']) retrieved from /opt/airflow/dags/green_taxi_dag.py
[2022-07-09 03:32:46,650] {logging_mixin.py:109} INFO - [2022-07-09 03:32:46,648] {dag.py:2396} INFO - Sync 1 DAGs
[2022-07-09 03:32:46,673] {logging_mixin.py:109} INFO - [2022-07-09 03:32:46,673] {dag.py:2935} INFO - Setting next_dagrun for gt_dag to None
[2022-07-09 03:32:46,685] {processor.py:171} INFO - Processing /opt/airflow/dags/green_taxi_dag.py took 0.271 seconds
[2022-07-09 03:33:17,272] {processor.py:163} INFO - Started process (PID=28509) to work on /opt/airflow/dags/green_taxi_dag.py
[2022-07-09 03:33:17,282] {processor.py:642} INFO - Processing file /opt/airflow/dags/green_taxi_dag.py for tasks to queue
[2022-07-09 03:33:17,292] {logging_mixin.py:109} INFO - [2022-07-09 03:33:17,292] {dagbag.py:500} INFO - Filling up the DagBag from /opt/airflow/dags/green_taxi_dag.py
[2022-07-09 03:33:17,604] {processor.py:654} INFO - DAG(s) dict_keys(['gt_dag']) retrieved from /opt/airflow/dags/green_taxi_dag.py
[2022-07-09 03:33:17,659] {logging_mixin.py:109} INFO - [2022-07-09 03:33:17,648] {dag.py:2396} INFO - Sync 1 DAGs
[2022-07-09 03:33:17,713] {logging_mixin.py:109} INFO - [2022-07-09 03:33:17,712] {dag.py:2935} INFO - Setting next_dagrun for gt_dag to None
[2022-07-09 03:33:17,785] {processor.py:171} INFO - Processing /opt/airflow/dags/green_taxi_dag.py took 0.523 seconds
[2022-07-09 03:33:48,581] {processor.py:163} INFO - Started process (PID=28538) to work on /opt/airflow/dags/green_taxi_dag.py
[2022-07-09 03:33:48,585] {processor.py:642} INFO - Processing file /opt/airflow/dags/green_taxi_dag.py for tasks to queue
[2022-07-09 03:33:48,588] {logging_mixin.py:109} INFO - [2022-07-09 03:33:48,588] {dagbag.py:500} INFO - Filling up the DagBag from /opt/airflow/dags/green_taxi_dag.py
[2022-07-09 03:33:48,763] {processor.py:654} INFO - DAG(s) dict_keys(['gt_dag']) retrieved from /opt/airflow/dags/green_taxi_dag.py
[2022-07-09 03:33:48,782] {logging_mixin.py:109} INFO - [2022-07-09 03:33:48,779] {dag.py:2396} INFO - Sync 1 DAGs
[2022-07-09 03:33:48,810] {logging_mixin.py:109} INFO - [2022-07-09 03:33:48,810] {dag.py:2935} INFO - Setting next_dagrun for gt_dag to None
[2022-07-09 03:33:48,851] {processor.py:171} INFO - Processing /opt/airflow/dags/green_taxi_dag.py took 0.277 seconds
[2022-07-09 03:34:19,587] {processor.py:163} INFO - Started process (PID=28572) to work on /opt/airflow/dags/green_taxi_dag.py
[2022-07-09 03:34:19,593] {processor.py:642} INFO - Processing file /opt/airflow/dags/green_taxi_dag.py for tasks to queue
[2022-07-09 03:34:19,598] {logging_mixin.py:109} INFO - [2022-07-09 03:34:19,598] {dagbag.py:500} INFO - Filling up the DagBag from /opt/airflow/dags/green_taxi_dag.py
[2022-07-09 03:34:19,811] {processor.py:654} INFO - DAG(s) dict_keys(['gt_dag']) retrieved from /opt/airflow/dags/green_taxi_dag.py
[2022-07-09 03:34:19,862] {logging_mixin.py:109} INFO - [2022-07-09 03:34:19,859] {dag.py:2396} INFO - Sync 1 DAGs
[2022-07-09 03:34:19,898] {logging_mixin.py:109} INFO - [2022-07-09 03:34:19,898] {dag.py:2935} INFO - Setting next_dagrun for gt_dag to None
[2022-07-09 03:34:19,933] {processor.py:171} INFO - Processing /opt/airflow/dags/green_taxi_dag.py took 0.355 seconds
[2022-07-09 03:34:50,047] {processor.py:163} INFO - Started process (PID=28619) to work on /opt/airflow/dags/green_taxi_dag.py
[2022-07-09 03:34:50,057] {processor.py:642} INFO - Processing file /opt/airflow/dags/green_taxi_dag.py for tasks to queue
[2022-07-09 03:34:50,061] {logging_mixin.py:109} INFO - [2022-07-09 03:34:50,060] {dagbag.py:500} INFO - Filling up the DagBag from /opt/airflow/dags/green_taxi_dag.py
[2022-07-09 03:34:50,295] {processor.py:654} INFO - DAG(s) dict_keys(['gt_dag']) retrieved from /opt/airflow/dags/green_taxi_dag.py
[2022-07-09 03:34:50,331] {logging_mixin.py:109} INFO - [2022-07-09 03:34:50,327] {dag.py:2396} INFO - Sync 1 DAGs
[2022-07-09 03:34:50,421] {logging_mixin.py:109} INFO - [2022-07-09 03:34:50,420] {dag.py:2935} INFO - Setting next_dagrun for gt_dag to None
[2022-07-09 03:34:50,474] {processor.py:171} INFO - Processing /opt/airflow/dags/green_taxi_dag.py took 0.436 seconds
[2022-07-09 03:35:21,182] {processor.py:163} INFO - Started process (PID=28652) to work on /opt/airflow/dags/green_taxi_dag.py
[2022-07-09 03:35:21,186] {processor.py:642} INFO - Processing file /opt/airflow/dags/green_taxi_dag.py for tasks to queue
[2022-07-09 03:35:21,189] {logging_mixin.py:109} INFO - [2022-07-09 03:35:21,189] {dagbag.py:500} INFO - Filling up the DagBag from /opt/airflow/dags/green_taxi_dag.py
[2022-07-09 03:35:21,349] {processor.py:654} INFO - DAG(s) dict_keys(['gt_dag']) retrieved from /opt/airflow/dags/green_taxi_dag.py
[2022-07-09 03:35:21,368] {logging_mixin.py:109} INFO - [2022-07-09 03:35:21,365] {dag.py:2396} INFO - Sync 1 DAGs
[2022-07-09 03:35:21,405] {logging_mixin.py:109} INFO - [2022-07-09 03:35:21,405] {dag.py:2935} INFO - Setting next_dagrun for gt_dag to None
[2022-07-09 03:35:21,418] {processor.py:171} INFO - Processing /opt/airflow/dags/green_taxi_dag.py took 0.243 seconds
[2022-07-09 03:35:51,525] {processor.py:163} INFO - Started process (PID=28683) to work on /opt/airflow/dags/green_taxi_dag.py
[2022-07-09 03:35:51,528] {processor.py:642} INFO - Processing file /opt/airflow/dags/green_taxi_dag.py for tasks to queue
[2022-07-09 03:35:51,530] {logging_mixin.py:109} INFO - [2022-07-09 03:35:51,530] {dagbag.py:500} INFO - Filling up the DagBag from /opt/airflow/dags/green_taxi_dag.py
[2022-07-09 03:35:51,665] {processor.py:654} INFO - DAG(s) dict_keys(['gt_dag']) retrieved from /opt/airflow/dags/green_taxi_dag.py
[2022-07-09 03:35:51,682] {logging_mixin.py:109} INFO - [2022-07-09 03:35:51,680] {dag.py:2396} INFO - Sync 1 DAGs
[2022-07-09 03:35:51,707] {logging_mixin.py:109} INFO - [2022-07-09 03:35:51,707] {dag.py:2935} INFO - Setting next_dagrun for gt_dag to None
[2022-07-09 03:35:51,720] {processor.py:171} INFO - Processing /opt/airflow/dags/green_taxi_dag.py took 0.202 seconds
[2022-07-09 03:36:21,835] {processor.py:163} INFO - Started process (PID=28715) to work on /opt/airflow/dags/green_taxi_dag.py
[2022-07-09 03:36:21,839] {processor.py:642} INFO - Processing file /opt/airflow/dags/green_taxi_dag.py for tasks to queue
[2022-07-09 03:36:21,841] {logging_mixin.py:109} INFO - [2022-07-09 03:36:21,841] {dagbag.py:500} INFO - Filling up the DagBag from /opt/airflow/dags/green_taxi_dag.py
[2022-07-09 03:36:22,006] {processor.py:654} INFO - DAG(s) dict_keys(['gt_dag']) retrieved from /opt/airflow/dags/green_taxi_dag.py
[2022-07-09 03:36:22,026] {logging_mixin.py:109} INFO - [2022-07-09 03:36:22,024] {dag.py:2396} INFO - Sync 1 DAGs
[2022-07-09 03:36:22,056] {logging_mixin.py:109} INFO - [2022-07-09 03:36:22,056] {dag.py:2935} INFO - Setting next_dagrun for gt_dag to None
[2022-07-09 03:36:22,070] {processor.py:171} INFO - Processing /opt/airflow/dags/green_taxi_dag.py took 0.242 seconds
[2022-07-09 03:36:52,441] {processor.py:163} INFO - Started process (PID=28758) to work on /opt/airflow/dags/green_taxi_dag.py
[2022-07-09 03:36:52,448] {processor.py:642} INFO - Processing file /opt/airflow/dags/green_taxi_dag.py for tasks to queue
[2022-07-09 03:36:52,450] {logging_mixin.py:109} INFO - [2022-07-09 03:36:52,450] {dagbag.py:500} INFO - Filling up the DagBag from /opt/airflow/dags/green_taxi_dag.py
[2022-07-09 03:36:52,688] {processor.py:654} INFO - DAG(s) dict_keys(['gt_dag']) retrieved from /opt/airflow/dags/green_taxi_dag.py
[2022-07-09 03:36:52,717] {logging_mixin.py:109} INFO - [2022-07-09 03:36:52,715] {dag.py:2396} INFO - Sync 1 DAGs
[2022-07-09 03:36:52,776] {logging_mixin.py:109} INFO - [2022-07-09 03:36:52,776] {dag.py:2935} INFO - Setting next_dagrun for gt_dag to None
[2022-07-09 03:36:52,805] {processor.py:171} INFO - Processing /opt/airflow/dags/green_taxi_dag.py took 0.371 seconds
[2022-07-09 03:37:23,472] {processor.py:163} INFO - Started process (PID=28792) to work on /opt/airflow/dags/green_taxi_dag.py
[2022-07-09 03:37:23,476] {processor.py:642} INFO - Processing file /opt/airflow/dags/green_taxi_dag.py for tasks to queue
[2022-07-09 03:37:23,479] {logging_mixin.py:109} INFO - [2022-07-09 03:37:23,479] {dagbag.py:500} INFO - Filling up the DagBag from /opt/airflow/dags/green_taxi_dag.py
[2022-07-09 03:37:23,640] {processor.py:654} INFO - DAG(s) dict_keys(['gt_dag']) retrieved from /opt/airflow/dags/green_taxi_dag.py
[2022-07-09 03:37:23,659] {logging_mixin.py:109} INFO - [2022-07-09 03:37:23,657] {dag.py:2396} INFO - Sync 1 DAGs
[2022-07-09 03:37:23,687] {logging_mixin.py:109} INFO - [2022-07-09 03:37:23,687] {dag.py:2935} INFO - Setting next_dagrun for gt_dag to None
[2022-07-09 03:37:23,701] {processor.py:171} INFO - Processing /opt/airflow/dags/green_taxi_dag.py took 0.235 seconds
[2022-07-09 03:37:54,363] {processor.py:163} INFO - Started process (PID=28827) to work on /opt/airflow/dags/green_taxi_dag.py
[2022-07-09 03:37:54,367] {processor.py:642} INFO - Processing file /opt/airflow/dags/green_taxi_dag.py for tasks to queue
[2022-07-09 03:37:54,370] {logging_mixin.py:109} INFO - [2022-07-09 03:37:54,370] {dagbag.py:500} INFO - Filling up the DagBag from /opt/airflow/dags/green_taxi_dag.py
[2022-07-09 03:37:54,580] {processor.py:654} INFO - DAG(s) dict_keys(['gt_dag']) retrieved from /opt/airflow/dags/green_taxi_dag.py
[2022-07-09 03:37:54,602] {logging_mixin.py:109} INFO - [2022-07-09 03:37:54,600] {dag.py:2396} INFO - Sync 1 DAGs
[2022-07-09 03:37:54,634] {logging_mixin.py:109} INFO - [2022-07-09 03:37:54,634] {dag.py:2935} INFO - Setting next_dagrun for gt_dag to None
[2022-07-09 03:37:54,651] {processor.py:171} INFO - Processing /opt/airflow/dags/green_taxi_dag.py took 0.302 seconds
[2022-07-09 03:38:25,366] {processor.py:163} INFO - Started process (PID=28870) to work on /opt/airflow/dags/green_taxi_dag.py
[2022-07-09 03:38:25,373] {processor.py:642} INFO - Processing file /opt/airflow/dags/green_taxi_dag.py for tasks to queue
[2022-07-09 03:38:25,377] {logging_mixin.py:109} INFO - [2022-07-09 03:38:25,376] {dagbag.py:500} INFO - Filling up the DagBag from /opt/airflow/dags/green_taxi_dag.py
[2022-07-09 03:38:25,536] {processor.py:654} INFO - DAG(s) dict_keys(['gt_dag']) retrieved from /opt/airflow/dags/green_taxi_dag.py
[2022-07-09 03:38:25,561] {logging_mixin.py:109} INFO - [2022-07-09 03:38:25,558] {dag.py:2396} INFO - Sync 1 DAGs
[2022-07-09 03:38:25,596] {logging_mixin.py:109} INFO - [2022-07-09 03:38:25,596] {dag.py:2935} INFO - Setting next_dagrun for gt_dag to None
[2022-07-09 03:38:25,615] {processor.py:171} INFO - Processing /opt/airflow/dags/green_taxi_dag.py took 0.265 seconds
[2022-07-09 03:38:56,357] {processor.py:163} INFO - Started process (PID=28904) to work on /opt/airflow/dags/green_taxi_dag.py
[2022-07-09 03:38:56,359] {processor.py:642} INFO - Processing file /opt/airflow/dags/green_taxi_dag.py for tasks to queue
[2022-07-09 03:38:56,361] {logging_mixin.py:109} INFO - [2022-07-09 03:38:56,361] {dagbag.py:500} INFO - Filling up the DagBag from /opt/airflow/dags/green_taxi_dag.py
[2022-07-09 03:38:56,489] {processor.py:654} INFO - DAG(s) dict_keys(['gt_dag']) retrieved from /opt/airflow/dags/green_taxi_dag.py
[2022-07-09 03:38:56,505] {logging_mixin.py:109} INFO - [2022-07-09 03:38:56,503] {dag.py:2396} INFO - Sync 1 DAGs
[2022-07-09 03:38:56,531] {logging_mixin.py:109} INFO - [2022-07-09 03:38:56,531] {dag.py:2935} INFO - Setting next_dagrun for gt_dag to None
[2022-07-09 03:38:56,544] {processor.py:171} INFO - Processing /opt/airflow/dags/green_taxi_dag.py took 0.194 seconds
[2022-07-09 03:39:27,312] {processor.py:163} INFO - Started process (PID=28937) to work on /opt/airflow/dags/green_taxi_dag.py
[2022-07-09 03:39:27,322] {processor.py:642} INFO - Processing file /opt/airflow/dags/green_taxi_dag.py for tasks to queue
[2022-07-09 03:39:27,327] {logging_mixin.py:109} INFO - [2022-07-09 03:39:27,326] {dagbag.py:500} INFO - Filling up the DagBag from /opt/airflow/dags/green_taxi_dag.py
[2022-07-09 03:39:27,769] {processor.py:654} INFO - DAG(s) dict_keys(['gt_dag']) retrieved from /opt/airflow/dags/green_taxi_dag.py
[2022-07-09 03:39:27,815] {logging_mixin.py:109} INFO - [2022-07-09 03:39:27,812] {dag.py:2396} INFO - Sync 1 DAGs
[2022-07-09 03:39:27,854] {logging_mixin.py:109} INFO - [2022-07-09 03:39:27,854] {dag.py:2935} INFO - Setting next_dagrun for gt_dag to None
[2022-07-09 03:39:27,868] {processor.py:171} INFO - Processing /opt/airflow/dags/green_taxi_dag.py took 0.568 seconds
[2022-07-09 03:39:58,225] {processor.py:163} INFO - Started process (PID=28981) to work on /opt/airflow/dags/green_taxi_dag.py
[2022-07-09 03:39:58,229] {processor.py:642} INFO - Processing file /opt/airflow/dags/green_taxi_dag.py for tasks to queue
[2022-07-09 03:39:58,235] {logging_mixin.py:109} INFO - [2022-07-09 03:39:58,235] {dagbag.py:500} INFO - Filling up the DagBag from /opt/airflow/dags/green_taxi_dag.py
[2022-07-09 03:39:58,446] {processor.py:654} INFO - DAG(s) dict_keys(['gt_dag']) retrieved from /opt/airflow/dags/green_taxi_dag.py
[2022-07-09 03:39:58,536] {logging_mixin.py:109} INFO - [2022-07-09 03:39:58,520] {dag.py:2396} INFO - Sync 1 DAGs
[2022-07-09 03:39:58,615] {logging_mixin.py:109} INFO - [2022-07-09 03:39:58,615] {dag.py:2935} INFO - Setting next_dagrun for gt_dag to None
[2022-07-09 03:39:58,637] {processor.py:171} INFO - Processing /opt/airflow/dags/green_taxi_dag.py took 0.424 seconds
[2022-07-09 03:40:29,408] {processor.py:163} INFO - Started process (PID=29015) to work on /opt/airflow/dags/green_taxi_dag.py
[2022-07-09 03:40:29,416] {processor.py:642} INFO - Processing file /opt/airflow/dags/green_taxi_dag.py for tasks to queue
[2022-07-09 03:40:29,419] {logging_mixin.py:109} INFO - [2022-07-09 03:40:29,418] {dagbag.py:500} INFO - Filling up the DagBag from /opt/airflow/dags/green_taxi_dag.py
[2022-07-09 03:40:29,585] {processor.py:654} INFO - DAG(s) dict_keys(['gt_dag']) retrieved from /opt/airflow/dags/green_taxi_dag.py
[2022-07-09 03:40:29,605] {logging_mixin.py:109} INFO - [2022-07-09 03:40:29,603] {dag.py:2396} INFO - Sync 1 DAGs
[2022-07-09 03:40:29,632] {logging_mixin.py:109} INFO - [2022-07-09 03:40:29,631] {dag.py:2935} INFO - Setting next_dagrun for gt_dag to None
[2022-07-09 03:40:29,647] {processor.py:171} INFO - Processing /opt/airflow/dags/green_taxi_dag.py took 0.246 seconds
[2022-07-09 03:41:00,373] {processor.py:163} INFO - Started process (PID=29048) to work on /opt/airflow/dags/green_taxi_dag.py
[2022-07-09 03:41:00,385] {processor.py:642} INFO - Processing file /opt/airflow/dags/green_taxi_dag.py for tasks to queue
[2022-07-09 03:41:00,388] {logging_mixin.py:109} INFO - [2022-07-09 03:41:00,388] {dagbag.py:500} INFO - Filling up the DagBag from /opt/airflow/dags/green_taxi_dag.py
[2022-07-09 03:41:00,594] {processor.py:654} INFO - DAG(s) dict_keys(['gt_dag']) retrieved from /opt/airflow/dags/green_taxi_dag.py
[2022-07-09 03:41:00,614] {logging_mixin.py:109} INFO - [2022-07-09 03:41:00,612] {dag.py:2396} INFO - Sync 1 DAGs
[2022-07-09 03:41:00,648] {logging_mixin.py:109} INFO - [2022-07-09 03:41:00,648] {dag.py:2935} INFO - Setting next_dagrun for gt_dag to None
[2022-07-09 03:41:00,682] {processor.py:171} INFO - Processing /opt/airflow/dags/green_taxi_dag.py took 0.317 seconds
[2022-07-09 03:41:31,705] {processor.py:163} INFO - Started process (PID=29091) to work on /opt/airflow/dags/green_taxi_dag.py
[2022-07-09 03:41:31,710] {processor.py:642} INFO - Processing file /opt/airflow/dags/green_taxi_dag.py for tasks to queue
[2022-07-09 03:41:31,713] {logging_mixin.py:109} INFO - [2022-07-09 03:41:31,713] {dagbag.py:500} INFO - Filling up the DagBag from /opt/airflow/dags/green_taxi_dag.py
[2022-07-09 03:41:31,957] {processor.py:654} INFO - DAG(s) dict_keys(['gt_dag']) retrieved from /opt/airflow/dags/green_taxi_dag.py
[2022-07-09 03:41:31,993] {logging_mixin.py:109} INFO - [2022-07-09 03:41:31,990] {dag.py:2396} INFO - Sync 1 DAGs
[2022-07-09 03:41:32,027] {logging_mixin.py:109} INFO - [2022-07-09 03:41:32,027] {dag.py:2935} INFO - Setting next_dagrun for gt_dag to None
[2022-07-09 03:41:32,047] {processor.py:171} INFO - Processing /opt/airflow/dags/green_taxi_dag.py took 0.353 seconds
[2022-07-09 03:42:02,932] {processor.py:163} INFO - Started process (PID=29126) to work on /opt/airflow/dags/green_taxi_dag.py
[2022-07-09 03:42:02,940] {processor.py:642} INFO - Processing file /opt/airflow/dags/green_taxi_dag.py for tasks to queue
[2022-07-09 03:42:02,944] {logging_mixin.py:109} INFO - [2022-07-09 03:42:02,943] {dagbag.py:500} INFO - Filling up the DagBag from /opt/airflow/dags/green_taxi_dag.py
[2022-07-09 03:42:03,168] {processor.py:654} INFO - DAG(s) dict_keys(['gt_dag']) retrieved from /opt/airflow/dags/green_taxi_dag.py
[2022-07-09 03:42:03,192] {logging_mixin.py:109} INFO - [2022-07-09 03:42:03,190] {dag.py:2396} INFO - Sync 1 DAGs
[2022-07-09 03:42:03,217] {logging_mixin.py:109} INFO - [2022-07-09 03:42:03,217] {dag.py:2935} INFO - Setting next_dagrun for gt_dag to None
[2022-07-09 03:42:03,232] {processor.py:171} INFO - Processing /opt/airflow/dags/green_taxi_dag.py took 0.314 seconds
[2022-07-09 03:42:34,096] {processor.py:163} INFO - Started process (PID=29160) to work on /opt/airflow/dags/green_taxi_dag.py
[2022-07-09 03:42:34,099] {processor.py:642} INFO - Processing file /opt/airflow/dags/green_taxi_dag.py for tasks to queue
[2022-07-09 03:42:34,101] {logging_mixin.py:109} INFO - [2022-07-09 03:42:34,101] {dagbag.py:500} INFO - Filling up the DagBag from /opt/airflow/dags/green_taxi_dag.py
[2022-07-09 03:42:34,409] {processor.py:654} INFO - DAG(s) dict_keys(['gt_dag']) retrieved from /opt/airflow/dags/green_taxi_dag.py
[2022-07-09 03:42:34,458] {logging_mixin.py:109} INFO - [2022-07-09 03:42:34,455] {dag.py:2396} INFO - Sync 1 DAGs
[2022-07-09 03:42:34,513] {logging_mixin.py:109} INFO - [2022-07-09 03:42:34,513] {dag.py:2935} INFO - Setting next_dagrun for gt_dag to None
[2022-07-09 03:42:34,551] {processor.py:171} INFO - Processing /opt/airflow/dags/green_taxi_dag.py took 0.460 seconds
[2022-07-09 03:43:04,750] {processor.py:163} INFO - Started process (PID=29204) to work on /opt/airflow/dags/green_taxi_dag.py
[2022-07-09 03:43:04,754] {processor.py:642} INFO - Processing file /opt/airflow/dags/green_taxi_dag.py for tasks to queue
[2022-07-09 03:43:04,757] {logging_mixin.py:109} INFO - [2022-07-09 03:43:04,756] {dagbag.py:500} INFO - Filling up the DagBag from /opt/airflow/dags/green_taxi_dag.py
[2022-07-09 03:43:04,890] {processor.py:654} INFO - DAG(s) dict_keys(['gt_dag']) retrieved from /opt/airflow/dags/green_taxi_dag.py
[2022-07-09 03:43:04,906] {logging_mixin.py:109} INFO - [2022-07-09 03:43:04,904] {dag.py:2396} INFO - Sync 1 DAGs
[2022-07-09 03:43:04,930] {logging_mixin.py:109} INFO - [2022-07-09 03:43:04,929] {dag.py:2935} INFO - Setting next_dagrun for gt_dag to None
[2022-07-09 03:43:04,942] {processor.py:171} INFO - Processing /opt/airflow/dags/green_taxi_dag.py took 0.203 seconds
[2022-07-09 03:43:35,049] {processor.py:163} INFO - Started process (PID=29234) to work on /opt/airflow/dags/green_taxi_dag.py
[2022-07-09 03:43:35,052] {processor.py:642} INFO - Processing file /opt/airflow/dags/green_taxi_dag.py for tasks to queue
[2022-07-09 03:43:35,054] {logging_mixin.py:109} INFO - [2022-07-09 03:43:35,053] {dagbag.py:500} INFO - Filling up the DagBag from /opt/airflow/dags/green_taxi_dag.py
[2022-07-09 03:43:35,180] {processor.py:654} INFO - DAG(s) dict_keys(['gt_dag']) retrieved from /opt/airflow/dags/green_taxi_dag.py
[2022-07-09 03:43:35,196] {logging_mixin.py:109} INFO - [2022-07-09 03:43:35,194] {dag.py:2396} INFO - Sync 1 DAGs
[2022-07-09 03:43:35,218] {logging_mixin.py:109} INFO - [2022-07-09 03:43:35,218] {dag.py:2935} INFO - Setting next_dagrun for gt_dag to None
[2022-07-09 03:43:35,232] {processor.py:171} INFO - Processing /opt/airflow/dags/green_taxi_dag.py took 0.188 seconds
[2022-07-09 03:44:05,863] {processor.py:163} INFO - Started process (PID=29266) to work on /opt/airflow/dags/green_taxi_dag.py
[2022-07-09 03:44:05,865] {processor.py:642} INFO - Processing file /opt/airflow/dags/green_taxi_dag.py for tasks to queue
[2022-07-09 03:44:05,867] {logging_mixin.py:109} INFO - [2022-07-09 03:44:05,867] {dagbag.py:500} INFO - Filling up the DagBag from /opt/airflow/dags/green_taxi_dag.py
[2022-07-09 03:44:05,994] {processor.py:654} INFO - DAG(s) dict_keys(['gt_dag']) retrieved from /opt/airflow/dags/green_taxi_dag.py
[2022-07-09 03:44:06,011] {logging_mixin.py:109} INFO - [2022-07-09 03:44:06,008] {dag.py:2396} INFO - Sync 1 DAGs
[2022-07-09 03:44:06,040] {logging_mixin.py:109} INFO - [2022-07-09 03:44:06,040] {dag.py:2935} INFO - Setting next_dagrun for gt_dag to None
[2022-07-09 03:44:06,054] {processor.py:171} INFO - Processing /opt/airflow/dags/green_taxi_dag.py took 0.196 seconds
[2022-07-09 03:44:36,771] {processor.py:163} INFO - Started process (PID=29310) to work on /opt/airflow/dags/green_taxi_dag.py
[2022-07-09 03:44:36,775] {processor.py:642} INFO - Processing file /opt/airflow/dags/green_taxi_dag.py for tasks to queue
[2022-07-09 03:44:36,778] {logging_mixin.py:109} INFO - [2022-07-09 03:44:36,778] {dagbag.py:500} INFO - Filling up the DagBag from /opt/airflow/dags/green_taxi_dag.py
[2022-07-09 03:44:37,103] {processor.py:654} INFO - DAG(s) dict_keys(['gt_dag']) retrieved from /opt/airflow/dags/green_taxi_dag.py
[2022-07-09 03:44:37,125] {logging_mixin.py:109} INFO - [2022-07-09 03:44:37,122] {dag.py:2396} INFO - Sync 1 DAGs
[2022-07-09 03:44:37,167] {logging_mixin.py:109} INFO - [2022-07-09 03:44:37,167] {dag.py:2935} INFO - Setting next_dagrun for gt_dag to None
[2022-07-09 03:44:37,193] {processor.py:171} INFO - Processing /opt/airflow/dags/green_taxi_dag.py took 0.429 seconds
[2022-07-09 03:45:07,506] {processor.py:163} INFO - Started process (PID=29344) to work on /opt/airflow/dags/green_taxi_dag.py
[2022-07-09 03:45:07,512] {processor.py:642} INFO - Processing file /opt/airflow/dags/green_taxi_dag.py for tasks to queue
[2022-07-09 03:45:07,515] {logging_mixin.py:109} INFO - [2022-07-09 03:45:07,515] {dagbag.py:500} INFO - Filling up the DagBag from /opt/airflow/dags/green_taxi_dag.py
[2022-07-09 03:45:07,687] {processor.py:654} INFO - DAG(s) dict_keys(['gt_dag']) retrieved from /opt/airflow/dags/green_taxi_dag.py
[2022-07-09 03:45:07,704] {logging_mixin.py:109} INFO - [2022-07-09 03:45:07,702] {dag.py:2396} INFO - Sync 1 DAGs
[2022-07-09 03:45:07,730] {logging_mixin.py:109} INFO - [2022-07-09 03:45:07,729] {dag.py:2935} INFO - Setting next_dagrun for gt_dag to None
[2022-07-09 03:45:07,744] {processor.py:171} INFO - Processing /opt/airflow/dags/green_taxi_dag.py took 0.246 seconds
[2022-07-09 03:45:38,658] {processor.py:163} INFO - Started process (PID=29377) to work on /opt/airflow/dags/green_taxi_dag.py
[2022-07-09 03:45:38,666] {processor.py:642} INFO - Processing file /opt/airflow/dags/green_taxi_dag.py for tasks to queue
[2022-07-09 03:45:38,669] {logging_mixin.py:109} INFO - [2022-07-09 03:45:38,668] {dagbag.py:500} INFO - Filling up the DagBag from /opt/airflow/dags/green_taxi_dag.py
[2022-07-09 03:45:38,795] {processor.py:654} INFO - DAG(s) dict_keys(['gt_dag']) retrieved from /opt/airflow/dags/green_taxi_dag.py
[2022-07-09 03:45:38,817] {logging_mixin.py:109} INFO - [2022-07-09 03:45:38,813] {dag.py:2396} INFO - Sync 1 DAGs
[2022-07-09 03:45:38,847] {logging_mixin.py:109} INFO - [2022-07-09 03:45:38,847] {dag.py:2935} INFO - Setting next_dagrun for gt_dag to None
[2022-07-09 03:45:38,869] {processor.py:171} INFO - Processing /opt/airflow/dags/green_taxi_dag.py took 0.216 seconds
[2022-07-09 03:46:09,411] {processor.py:163} INFO - Started process (PID=29421) to work on /opt/airflow/dags/green_taxi_dag.py
[2022-07-09 03:46:09,413] {processor.py:642} INFO - Processing file /opt/airflow/dags/green_taxi_dag.py for tasks to queue
[2022-07-09 03:46:09,415] {logging_mixin.py:109} INFO - [2022-07-09 03:46:09,415] {dagbag.py:500} INFO - Filling up the DagBag from /opt/airflow/dags/green_taxi_dag.py
[2022-07-09 03:46:09,553] {processor.py:654} INFO - DAG(s) dict_keys(['gt_dag']) retrieved from /opt/airflow/dags/green_taxi_dag.py
[2022-07-09 03:46:09,584] {logging_mixin.py:109} INFO - [2022-07-09 03:46:09,582] {dag.py:2396} INFO - Sync 1 DAGs
[2022-07-09 03:46:09,619] {logging_mixin.py:109} INFO - [2022-07-09 03:46:09,619] {dag.py:2935} INFO - Setting next_dagrun for gt_dag to None
[2022-07-09 03:46:09,634] {processor.py:171} INFO - Processing /opt/airflow/dags/green_taxi_dag.py took 0.228 seconds
[2022-07-09 03:46:40,410] {processor.py:163} INFO - Started process (PID=29456) to work on /opt/airflow/dags/green_taxi_dag.py
[2022-07-09 03:46:40,412] {processor.py:642} INFO - Processing file /opt/airflow/dags/green_taxi_dag.py for tasks to queue
[2022-07-09 03:46:40,414] {logging_mixin.py:109} INFO - [2022-07-09 03:46:40,414] {dagbag.py:500} INFO - Filling up the DagBag from /opt/airflow/dags/green_taxi_dag.py
[2022-07-09 03:46:40,544] {processor.py:654} INFO - DAG(s) dict_keys(['gt_dag']) retrieved from /opt/airflow/dags/green_taxi_dag.py
[2022-07-09 03:46:40,560] {logging_mixin.py:109} INFO - [2022-07-09 03:46:40,558] {dag.py:2396} INFO - Sync 1 DAGs
[2022-07-09 03:46:40,583] {logging_mixin.py:109} INFO - [2022-07-09 03:46:40,583] {dag.py:2935} INFO - Setting next_dagrun for gt_dag to None
[2022-07-09 03:46:40,596] {processor.py:171} INFO - Processing /opt/airflow/dags/green_taxi_dag.py took 0.194 seconds
[2022-07-09 03:47:10,721] {processor.py:163} INFO - Started process (PID=29490) to work on /opt/airflow/dags/green_taxi_dag.py
[2022-07-09 03:47:10,726] {processor.py:642} INFO - Processing file /opt/airflow/dags/green_taxi_dag.py for tasks to queue
[2022-07-09 03:47:10,728] {logging_mixin.py:109} INFO - [2022-07-09 03:47:10,728] {dagbag.py:500} INFO - Filling up the DagBag from /opt/airflow/dags/green_taxi_dag.py
[2022-07-09 03:47:10,922] {processor.py:654} INFO - DAG(s) dict_keys(['gt_dag']) retrieved from /opt/airflow/dags/green_taxi_dag.py
[2022-07-09 03:47:10,952] {logging_mixin.py:109} INFO - [2022-07-09 03:47:10,949] {dag.py:2396} INFO - Sync 1 DAGs
[2022-07-09 03:47:10,989] {logging_mixin.py:109} INFO - [2022-07-09 03:47:10,989] {dag.py:2935} INFO - Setting next_dagrun for gt_dag to None
[2022-07-09 03:47:11,020] {processor.py:171} INFO - Processing /opt/airflow/dags/green_taxi_dag.py took 0.308 seconds
[2022-07-09 03:47:41,571] {processor.py:163} INFO - Started process (PID=29524) to work on /opt/airflow/dags/green_taxi_dag.py
[2022-07-09 03:47:41,576] {processor.py:642} INFO - Processing file /opt/airflow/dags/green_taxi_dag.py for tasks to queue
[2022-07-09 03:47:41,579] {logging_mixin.py:109} INFO - [2022-07-09 03:47:41,578] {dagbag.py:500} INFO - Filling up the DagBag from /opt/airflow/dags/green_taxi_dag.py
[2022-07-09 03:47:41,718] {processor.py:654} INFO - DAG(s) dict_keys(['gt_dag']) retrieved from /opt/airflow/dags/green_taxi_dag.py
[2022-07-09 03:47:41,736] {logging_mixin.py:109} INFO - [2022-07-09 03:47:41,734] {dag.py:2396} INFO - Sync 1 DAGs
[2022-07-09 03:47:41,762] {logging_mixin.py:109} INFO - [2022-07-09 03:47:41,761] {dag.py:2935} INFO - Setting next_dagrun for gt_dag to None
[2022-07-09 03:47:41,775] {processor.py:171} INFO - Processing /opt/airflow/dags/green_taxi_dag.py took 0.209 seconds
[2022-07-09 03:48:11,856] {processor.py:163} INFO - Started process (PID=29560) to work on /opt/airflow/dags/green_taxi_dag.py
[2022-07-09 03:48:11,862] {processor.py:642} INFO - Processing file /opt/airflow/dags/green_taxi_dag.py for tasks to queue
[2022-07-09 03:48:11,865] {logging_mixin.py:109} INFO - [2022-07-09 03:48:11,865] {dagbag.py:500} INFO - Filling up the DagBag from /opt/airflow/dags/green_taxi_dag.py
[2022-07-09 03:48:12,043] {processor.py:654} INFO - DAG(s) dict_keys(['gt_dag']) retrieved from /opt/airflow/dags/green_taxi_dag.py
[2022-07-09 03:48:12,071] {logging_mixin.py:109} INFO - [2022-07-09 03:48:12,069] {dag.py:2396} INFO - Sync 1 DAGs
[2022-07-09 03:48:12,098] {logging_mixin.py:109} INFO - [2022-07-09 03:48:12,098] {dag.py:2935} INFO - Setting next_dagrun for gt_dag to None
[2022-07-09 03:48:12,111] {processor.py:171} INFO - Processing /opt/airflow/dags/green_taxi_dag.py took 0.263 seconds
[2022-07-09 03:48:42,532] {processor.py:163} INFO - Started process (PID=29604) to work on /opt/airflow/dags/green_taxi_dag.py
[2022-07-09 03:48:42,536] {processor.py:642} INFO - Processing file /opt/airflow/dags/green_taxi_dag.py for tasks to queue
[2022-07-09 03:48:42,540] {logging_mixin.py:109} INFO - [2022-07-09 03:48:42,540] {dagbag.py:500} INFO - Filling up the DagBag from /opt/airflow/dags/green_taxi_dag.py
[2022-07-09 03:48:42,707] {processor.py:654} INFO - DAG(s) dict_keys(['gt_dag']) retrieved from /opt/airflow/dags/green_taxi_dag.py
[2022-07-09 03:48:42,724] {logging_mixin.py:109} INFO - [2022-07-09 03:48:42,722] {dag.py:2396} INFO - Sync 1 DAGs
[2022-07-09 03:48:42,747] {logging_mixin.py:109} INFO - [2022-07-09 03:48:42,747] {dag.py:2935} INFO - Setting next_dagrun for gt_dag to None
[2022-07-09 03:48:42,760] {processor.py:171} INFO - Processing /opt/airflow/dags/green_taxi_dag.py took 0.249 seconds
[2022-07-09 03:49:13,588] {processor.py:163} INFO - Started process (PID=29637) to work on /opt/airflow/dags/green_taxi_dag.py
[2022-07-09 03:49:13,594] {processor.py:642} INFO - Processing file /opt/airflow/dags/green_taxi_dag.py for tasks to queue
[2022-07-09 03:49:13,596] {logging_mixin.py:109} INFO - [2022-07-09 03:49:13,596] {dagbag.py:500} INFO - Filling up the DagBag from /opt/airflow/dags/green_taxi_dag.py
[2022-07-09 03:49:13,768] {processor.py:654} INFO - DAG(s) dict_keys(['gt_dag']) retrieved from /opt/airflow/dags/green_taxi_dag.py
[2022-07-09 03:49:13,790] {logging_mixin.py:109} INFO - [2022-07-09 03:49:13,788] {dag.py:2396} INFO - Sync 1 DAGs
[2022-07-09 03:49:13,830] {logging_mixin.py:109} INFO - [2022-07-09 03:49:13,830] {dag.py:2935} INFO - Setting next_dagrun for gt_dag to None
[2022-07-09 03:49:13,851] {processor.py:171} INFO - Processing /opt/airflow/dags/green_taxi_dag.py took 0.269 seconds
[2022-07-09 03:49:44,068] {processor.py:163} INFO - Started process (PID=29671) to work on /opt/airflow/dags/green_taxi_dag.py
[2022-07-09 03:49:44,074] {processor.py:642} INFO - Processing file /opt/airflow/dags/green_taxi_dag.py for tasks to queue
[2022-07-09 03:49:44,078] {logging_mixin.py:109} INFO - [2022-07-09 03:49:44,078] {dagbag.py:500} INFO - Filling up the DagBag from /opt/airflow/dags/green_taxi_dag.py
[2022-07-09 03:49:44,313] {processor.py:654} INFO - DAG(s) dict_keys(['gt_dag']) retrieved from /opt/airflow/dags/green_taxi_dag.py
[2022-07-09 03:49:44,345] {logging_mixin.py:109} INFO - [2022-07-09 03:49:44,342] {dag.py:2396} INFO - Sync 1 DAGs
[2022-07-09 03:49:44,387] {logging_mixin.py:109} INFO - [2022-07-09 03:49:44,386] {dag.py:2935} INFO - Setting next_dagrun for gt_dag to None
[2022-07-09 03:49:44,409] {processor.py:171} INFO - Processing /opt/airflow/dags/green_taxi_dag.py took 0.351 seconds
[2022-07-09 03:50:14,660] {processor.py:163} INFO - Started process (PID=29703) to work on /opt/airflow/dags/green_taxi_dag.py
[2022-07-09 03:50:14,670] {processor.py:642} INFO - Processing file /opt/airflow/dags/green_taxi_dag.py for tasks to queue
[2022-07-09 03:50:14,674] {logging_mixin.py:109} INFO - [2022-07-09 03:50:14,674] {dagbag.py:500} INFO - Filling up the DagBag from /opt/airflow/dags/green_taxi_dag.py
[2022-07-09 03:50:14,843] {processor.py:654} INFO - DAG(s) dict_keys(['gt_dag']) retrieved from /opt/airflow/dags/green_taxi_dag.py
[2022-07-09 03:50:14,872] {logging_mixin.py:109} INFO - [2022-07-09 03:50:14,869] {dag.py:2396} INFO - Sync 1 DAGs
[2022-07-09 03:50:14,906] {logging_mixin.py:109} INFO - [2022-07-09 03:50:14,906] {dag.py:2935} INFO - Setting next_dagrun for gt_dag to None
[2022-07-09 03:50:14,921] {processor.py:171} INFO - Processing /opt/airflow/dags/green_taxi_dag.py took 0.285 seconds
[2022-07-09 03:50:45,269] {processor.py:163} INFO - Started process (PID=29747) to work on /opt/airflow/dags/green_taxi_dag.py
[2022-07-09 03:50:45,280] {processor.py:642} INFO - Processing file /opt/airflow/dags/green_taxi_dag.py for tasks to queue
[2022-07-09 03:50:45,306] {logging_mixin.py:109} INFO - [2022-07-09 03:50:45,302] {dagbag.py:500} INFO - Filling up the DagBag from /opt/airflow/dags/green_taxi_dag.py
[2022-07-09 03:50:46,216] {processor.py:654} INFO - DAG(s) dict_keys(['gt_dag']) retrieved from /opt/airflow/dags/green_taxi_dag.py
[2022-07-09 03:50:46,270] {logging_mixin.py:109} INFO - [2022-07-09 03:50:46,265] {dag.py:2396} INFO - Sync 1 DAGs
[2022-07-09 03:50:46,378] {logging_mixin.py:109} INFO - [2022-07-09 03:50:46,377] {dag.py:2935} INFO - Setting next_dagrun for gt_dag to None
[2022-07-09 03:50:46,447] {processor.py:171} INFO - Processing /opt/airflow/dags/green_taxi_dag.py took 1.193 seconds
[2022-07-09 03:51:17,106] {processor.py:163} INFO - Started process (PID=29779) to work on /opt/airflow/dags/green_taxi_dag.py
[2022-07-09 03:51:17,109] {processor.py:642} INFO - Processing file /opt/airflow/dags/green_taxi_dag.py for tasks to queue
[2022-07-09 03:51:17,111] {logging_mixin.py:109} INFO - [2022-07-09 03:51:17,111] {dagbag.py:500} INFO - Filling up the DagBag from /opt/airflow/dags/green_taxi_dag.py
[2022-07-09 03:51:17,250] {processor.py:654} INFO - DAG(s) dict_keys(['gt_dag']) retrieved from /opt/airflow/dags/green_taxi_dag.py
[2022-07-09 03:51:17,269] {logging_mixin.py:109} INFO - [2022-07-09 03:51:17,267] {dag.py:2396} INFO - Sync 1 DAGs
[2022-07-09 03:51:17,296] {logging_mixin.py:109} INFO - [2022-07-09 03:51:17,296] {dag.py:2935} INFO - Setting next_dagrun for gt_dag to None
[2022-07-09 03:51:17,320] {processor.py:171} INFO - Processing /opt/airflow/dags/green_taxi_dag.py took 0.221 seconds
[2022-07-09 03:51:47,719] {processor.py:163} INFO - Started process (PID=29813) to work on /opt/airflow/dags/green_taxi_dag.py
[2022-07-09 03:51:47,722] {processor.py:642} INFO - Processing file /opt/airflow/dags/green_taxi_dag.py for tasks to queue
[2022-07-09 03:51:47,724] {logging_mixin.py:109} INFO - [2022-07-09 03:51:47,723] {dagbag.py:500} INFO - Filling up the DagBag from /opt/airflow/dags/green_taxi_dag.py
[2022-07-09 03:51:47,889] {processor.py:654} INFO - DAG(s) dict_keys(['gt_dag']) retrieved from /opt/airflow/dags/green_taxi_dag.py
[2022-07-09 03:51:47,929] {logging_mixin.py:109} INFO - [2022-07-09 03:51:47,927] {dag.py:2396} INFO - Sync 1 DAGs
[2022-07-09 03:51:47,962] {logging_mixin.py:109} INFO - [2022-07-09 03:51:47,962] {dag.py:2935} INFO - Setting next_dagrun for gt_dag to None
[2022-07-09 03:51:47,977] {processor.py:171} INFO - Processing /opt/airflow/dags/green_taxi_dag.py took 0.264 seconds
[2022-07-09 03:52:18,504] {processor.py:163} INFO - Started process (PID=29845) to work on /opt/airflow/dags/green_taxi_dag.py
[2022-07-09 03:52:18,512] {processor.py:642} INFO - Processing file /opt/airflow/dags/green_taxi_dag.py for tasks to queue
[2022-07-09 03:52:18,514] {logging_mixin.py:109} INFO - [2022-07-09 03:52:18,514] {dagbag.py:500} INFO - Filling up the DagBag from /opt/airflow/dags/green_taxi_dag.py
[2022-07-09 03:52:18,680] {processor.py:654} INFO - DAG(s) dict_keys(['gt_dag']) retrieved from /opt/airflow/dags/green_taxi_dag.py
[2022-07-09 03:52:18,701] {logging_mixin.py:109} INFO - [2022-07-09 03:52:18,698] {dag.py:2396} INFO - Sync 1 DAGs
[2022-07-09 03:52:18,756] {logging_mixin.py:109} INFO - [2022-07-09 03:52:18,755] {dag.py:2935} INFO - Setting next_dagrun for gt_dag to None
[2022-07-09 03:52:18,792] {processor.py:171} INFO - Processing /opt/airflow/dags/green_taxi_dag.py took 0.295 seconds
[2022-07-09 03:52:49,447] {processor.py:163} INFO - Started process (PID=29888) to work on /opt/airflow/dags/green_taxi_dag.py
[2022-07-09 03:52:49,454] {processor.py:642} INFO - Processing file /opt/airflow/dags/green_taxi_dag.py for tasks to queue
[2022-07-09 03:52:49,463] {logging_mixin.py:109} INFO - [2022-07-09 03:52:49,463] {dagbag.py:500} INFO - Filling up the DagBag from /opt/airflow/dags/green_taxi_dag.py
[2022-07-09 03:52:49,717] {processor.py:654} INFO - DAG(s) dict_keys(['gt_dag']) retrieved from /opt/airflow/dags/green_taxi_dag.py
[2022-07-09 03:52:49,757] {logging_mixin.py:109} INFO - [2022-07-09 03:52:49,745] {dag.py:2396} INFO - Sync 1 DAGs
[2022-07-09 03:52:49,821] {logging_mixin.py:109} INFO - [2022-07-09 03:52:49,820] {dag.py:2935} INFO - Setting next_dagrun for gt_dag to None
[2022-07-09 03:52:49,861] {processor.py:171} INFO - Processing /opt/airflow/dags/green_taxi_dag.py took 0.430 seconds
[2022-07-09 03:53:20,030] {processor.py:163} INFO - Started process (PID=29921) to work on /opt/airflow/dags/green_taxi_dag.py
[2022-07-09 03:53:20,046] {processor.py:642} INFO - Processing file /opt/airflow/dags/green_taxi_dag.py for tasks to queue
[2022-07-09 03:53:20,050] {logging_mixin.py:109} INFO - [2022-07-09 03:53:20,050] {dagbag.py:500} INFO - Filling up the DagBag from /opt/airflow/dags/green_taxi_dag.py
[2022-07-09 03:53:20,304] {processor.py:654} INFO - DAG(s) dict_keys(['gt_dag']) retrieved from /opt/airflow/dags/green_taxi_dag.py
[2022-07-09 03:53:20,326] {logging_mixin.py:109} INFO - [2022-07-09 03:53:20,322] {dag.py:2396} INFO - Sync 1 DAGs
[2022-07-09 03:53:20,380] {logging_mixin.py:109} INFO - [2022-07-09 03:53:20,380] {dag.py:2935} INFO - Setting next_dagrun for gt_dag to None
[2022-07-09 03:53:20,431] {processor.py:171} INFO - Processing /opt/airflow/dags/green_taxi_dag.py took 0.406 seconds
[2022-07-09 03:53:50,979] {processor.py:163} INFO - Started process (PID=29955) to work on /opt/airflow/dags/green_taxi_dag.py
[2022-07-09 03:53:50,987] {processor.py:642} INFO - Processing file /opt/airflow/dags/green_taxi_dag.py for tasks to queue
[2022-07-09 03:53:50,989] {logging_mixin.py:109} INFO - [2022-07-09 03:53:50,989] {dagbag.py:500} INFO - Filling up the DagBag from /opt/airflow/dags/green_taxi_dag.py
[2022-07-09 03:53:51,174] {processor.py:654} INFO - DAG(s) dict_keys(['gt_dag']) retrieved from /opt/airflow/dags/green_taxi_dag.py
[2022-07-09 03:53:51,203] {logging_mixin.py:109} INFO - [2022-07-09 03:53:51,200] {dag.py:2396} INFO - Sync 1 DAGs
[2022-07-09 03:53:51,236] {logging_mixin.py:109} INFO - [2022-07-09 03:53:51,235] {dag.py:2935} INFO - Setting next_dagrun for gt_dag to None
[2022-07-09 03:53:51,250] {processor.py:171} INFO - Processing /opt/airflow/dags/green_taxi_dag.py took 0.283 seconds
[2022-07-09 03:54:21,338] {processor.py:163} INFO - Started process (PID=29989) to work on /opt/airflow/dags/green_taxi_dag.py
[2022-07-09 03:54:21,342] {processor.py:642} INFO - Processing file /opt/airflow/dags/green_taxi_dag.py for tasks to queue
[2022-07-09 03:54:21,346] {logging_mixin.py:109} INFO - [2022-07-09 03:54:21,345] {dagbag.py:500} INFO - Filling up the DagBag from /opt/airflow/dags/green_taxi_dag.py
[2022-07-09 03:54:21,497] {processor.py:654} INFO - DAG(s) dict_keys(['gt_dag']) retrieved from /opt/airflow/dags/green_taxi_dag.py
[2022-07-09 03:54:21,526] {logging_mixin.py:109} INFO - [2022-07-09 03:54:21,523] {dag.py:2396} INFO - Sync 1 DAGs
[2022-07-09 03:54:21,584] {logging_mixin.py:109} INFO - [2022-07-09 03:54:21,584] {dag.py:2935} INFO - Setting next_dagrun for gt_dag to None
[2022-07-09 03:54:21,597] {processor.py:171} INFO - Processing /opt/airflow/dags/green_taxi_dag.py took 0.264 seconds
[2022-07-09 03:54:52,399] {processor.py:163} INFO - Started process (PID=30023) to work on /opt/airflow/dags/green_taxi_dag.py
[2022-07-09 03:54:52,407] {processor.py:642} INFO - Processing file /opt/airflow/dags/green_taxi_dag.py for tasks to queue
[2022-07-09 03:54:52,412] {logging_mixin.py:109} INFO - [2022-07-09 03:54:52,411] {dagbag.py:500} INFO - Filling up the DagBag from /opt/airflow/dags/green_taxi_dag.py
[2022-07-09 03:54:52,680] {processor.py:654} INFO - DAG(s) dict_keys(['gt_dag']) retrieved from /opt/airflow/dags/green_taxi_dag.py
[2022-07-09 03:54:52,705] {logging_mixin.py:109} INFO - [2022-07-09 03:54:52,702] {dag.py:2396} INFO - Sync 1 DAGs
[2022-07-09 03:54:52,740] {logging_mixin.py:109} INFO - [2022-07-09 03:54:52,740] {dag.py:2935} INFO - Setting next_dagrun for gt_dag to None
[2022-07-09 03:54:52,759] {processor.py:171} INFO - Processing /opt/airflow/dags/green_taxi_dag.py took 0.371 seconds
[2022-07-09 03:55:23,656] {processor.py:163} INFO - Started process (PID=30068) to work on /opt/airflow/dags/green_taxi_dag.py
[2022-07-09 03:55:23,659] {processor.py:642} INFO - Processing file /opt/airflow/dags/green_taxi_dag.py for tasks to queue
[2022-07-09 03:55:23,663] {logging_mixin.py:109} INFO - [2022-07-09 03:55:23,662] {dagbag.py:500} INFO - Filling up the DagBag from /opt/airflow/dags/green_taxi_dag.py
[2022-07-09 03:55:23,860] {processor.py:654} INFO - DAG(s) dict_keys(['gt_dag']) retrieved from /opt/airflow/dags/green_taxi_dag.py
[2022-07-09 03:55:23,890] {logging_mixin.py:109} INFO - [2022-07-09 03:55:23,888] {dag.py:2396} INFO - Sync 1 DAGs
[2022-07-09 03:55:23,934] {logging_mixin.py:109} INFO - [2022-07-09 03:55:23,933] {dag.py:2935} INFO - Setting next_dagrun for gt_dag to None
[2022-07-09 03:55:23,961] {processor.py:171} INFO - Processing /opt/airflow/dags/green_taxi_dag.py took 0.315 seconds
[2022-07-09 03:55:54,631] {processor.py:163} INFO - Started process (PID=30102) to work on /opt/airflow/dags/green_taxi_dag.py
[2022-07-09 03:55:54,634] {processor.py:642} INFO - Processing file /opt/airflow/dags/green_taxi_dag.py for tasks to queue
[2022-07-09 03:55:54,637] {logging_mixin.py:109} INFO - [2022-07-09 03:55:54,637] {dagbag.py:500} INFO - Filling up the DagBag from /opt/airflow/dags/green_taxi_dag.py
[2022-07-09 03:55:54,781] {processor.py:654} INFO - DAG(s) dict_keys(['gt_dag']) retrieved from /opt/airflow/dags/green_taxi_dag.py
[2022-07-09 03:55:54,798] {logging_mixin.py:109} INFO - [2022-07-09 03:55:54,796] {dag.py:2396} INFO - Sync 1 DAGs
[2022-07-09 03:55:54,838] {logging_mixin.py:109} INFO - [2022-07-09 03:55:54,838] {dag.py:2935} INFO - Setting next_dagrun for gt_dag to None
[2022-07-09 03:55:54,849] {processor.py:171} INFO - Processing /opt/airflow/dags/green_taxi_dag.py took 0.223 seconds
[2022-07-09 03:56:24,945] {processor.py:163} INFO - Started process (PID=30136) to work on /opt/airflow/dags/green_taxi_dag.py
[2022-07-09 03:56:24,954] {processor.py:642} INFO - Processing file /opt/airflow/dags/green_taxi_dag.py for tasks to queue
[2022-07-09 03:56:24,959] {logging_mixin.py:109} INFO - [2022-07-09 03:56:24,958] {dagbag.py:500} INFO - Filling up the DagBag from /opt/airflow/dags/green_taxi_dag.py
[2022-07-09 03:56:25,215] {processor.py:654} INFO - DAG(s) dict_keys(['gt_dag']) retrieved from /opt/airflow/dags/green_taxi_dag.py
[2022-07-09 03:56:25,314] {logging_mixin.py:109} INFO - [2022-07-09 03:56:25,248] {dag.py:2396} INFO - Sync 1 DAGs
[2022-07-09 03:56:25,820] {logging_mixin.py:109} INFO - [2022-07-09 03:56:25,820] {dag.py:2935} INFO - Setting next_dagrun for gt_dag to None
[2022-07-09 03:56:25,840] {processor.py:171} INFO - Processing /opt/airflow/dags/green_taxi_dag.py took 0.917 seconds
[2022-07-09 03:56:56,383] {processor.py:163} INFO - Started process (PID=30169) to work on /opt/airflow/dags/green_taxi_dag.py
[2022-07-09 03:56:56,388] {processor.py:642} INFO - Processing file /opt/airflow/dags/green_taxi_dag.py for tasks to queue
[2022-07-09 03:56:56,391] {logging_mixin.py:109} INFO - [2022-07-09 03:56:56,391] {dagbag.py:500} INFO - Filling up the DagBag from /opt/airflow/dags/green_taxi_dag.py
[2022-07-09 03:56:56,585] {processor.py:654} INFO - DAG(s) dict_keys(['gt_dag']) retrieved from /opt/airflow/dags/green_taxi_dag.py
[2022-07-09 03:56:56,621] {logging_mixin.py:109} INFO - [2022-07-09 03:56:56,618] {dag.py:2396} INFO - Sync 1 DAGs
[2022-07-09 03:56:56,654] {logging_mixin.py:109} INFO - [2022-07-09 03:56:56,654] {dag.py:2935} INFO - Setting next_dagrun for gt_dag to None
[2022-07-09 03:56:56,668] {processor.py:171} INFO - Processing /opt/airflow/dags/green_taxi_dag.py took 0.292 seconds
[2022-07-09 03:57:26,803] {processor.py:163} INFO - Started process (PID=30202) to work on /opt/airflow/dags/green_taxi_dag.py
[2022-07-09 03:57:26,807] {processor.py:642} INFO - Processing file /opt/airflow/dags/green_taxi_dag.py for tasks to queue
[2022-07-09 03:57:26,809] {logging_mixin.py:109} INFO - [2022-07-09 03:57:26,808] {dagbag.py:500} INFO - Filling up the DagBag from /opt/airflow/dags/green_taxi_dag.py
[2022-07-09 03:57:26,980] {processor.py:654} INFO - DAG(s) dict_keys(['gt_dag']) retrieved from /opt/airflow/dags/green_taxi_dag.py
[2022-07-09 03:57:27,003] {logging_mixin.py:109} INFO - [2022-07-09 03:57:27,001] {dag.py:2396} INFO - Sync 1 DAGs
[2022-07-09 03:57:27,094] {logging_mixin.py:109} INFO - [2022-07-09 03:57:27,094] {dag.py:2935} INFO - Setting next_dagrun for gt_dag to None
[2022-07-09 03:57:27,158] {processor.py:171} INFO - Processing /opt/airflow/dags/green_taxi_dag.py took 0.361 seconds
[2022-07-09 03:57:57,339] {processor.py:163} INFO - Started process (PID=30235) to work on /opt/airflow/dags/green_taxi_dag.py
[2022-07-09 03:57:57,342] {processor.py:642} INFO - Processing file /opt/airflow/dags/green_taxi_dag.py for tasks to queue
[2022-07-09 03:57:57,344] {logging_mixin.py:109} INFO - [2022-07-09 03:57:57,344] {dagbag.py:500} INFO - Filling up the DagBag from /opt/airflow/dags/green_taxi_dag.py
[2022-07-09 03:57:57,499] {processor.py:654} INFO - DAG(s) dict_keys(['gt_dag']) retrieved from /opt/airflow/dags/green_taxi_dag.py
[2022-07-09 03:57:57,518] {logging_mixin.py:109} INFO - [2022-07-09 03:57:57,515] {dag.py:2396} INFO - Sync 1 DAGs
[2022-07-09 03:57:57,545] {logging_mixin.py:109} INFO - [2022-07-09 03:57:57,545] {dag.py:2935} INFO - Setting next_dagrun for gt_dag to None
[2022-07-09 03:57:57,558] {processor.py:171} INFO - Processing /opt/airflow/dags/green_taxi_dag.py took 0.225 seconds
[2022-07-09 03:58:28,192] {processor.py:163} INFO - Started process (PID=30269) to work on /opt/airflow/dags/green_taxi_dag.py
[2022-07-09 03:58:28,196] {processor.py:642} INFO - Processing file /opt/airflow/dags/green_taxi_dag.py for tasks to queue
[2022-07-09 03:58:28,197] {logging_mixin.py:109} INFO - [2022-07-09 03:58:28,197] {dagbag.py:500} INFO - Filling up the DagBag from /opt/airflow/dags/green_taxi_dag.py
[2022-07-09 03:58:28,345] {processor.py:654} INFO - DAG(s) dict_keys(['gt_dag']) retrieved from /opt/airflow/dags/green_taxi_dag.py
[2022-07-09 03:58:28,363] {logging_mixin.py:109} INFO - [2022-07-09 03:58:28,360] {dag.py:2396} INFO - Sync 1 DAGs
[2022-07-09 03:58:28,385] {logging_mixin.py:109} INFO - [2022-07-09 03:58:28,385] {dag.py:2935} INFO - Setting next_dagrun for gt_dag to None
[2022-07-09 03:58:28,403] {processor.py:171} INFO - Processing /opt/airflow/dags/green_taxi_dag.py took 0.216 seconds
[2022-07-09 03:58:59,403] {processor.py:163} INFO - Started process (PID=30312) to work on /opt/airflow/dags/green_taxi_dag.py
[2022-07-09 03:58:59,413] {processor.py:642} INFO - Processing file /opt/airflow/dags/green_taxi_dag.py for tasks to queue
[2022-07-09 03:58:59,417] {logging_mixin.py:109} INFO - [2022-07-09 03:58:59,417] {dagbag.py:500} INFO - Filling up the DagBag from /opt/airflow/dags/green_taxi_dag.py
[2022-07-09 03:58:59,597] {processor.py:654} INFO - DAG(s) dict_keys(['gt_dag']) retrieved from /opt/airflow/dags/green_taxi_dag.py
[2022-07-09 03:58:59,631] {logging_mixin.py:109} INFO - [2022-07-09 03:58:59,628] {dag.py:2396} INFO - Sync 1 DAGs
[2022-07-09 03:58:59,674] {logging_mixin.py:109} INFO - [2022-07-09 03:58:59,674] {dag.py:2935} INFO - Setting next_dagrun for gt_dag to None
[2022-07-09 03:58:59,693] {processor.py:171} INFO - Processing /opt/airflow/dags/green_taxi_dag.py took 0.295 seconds
[2022-07-09 03:59:29,882] {processor.py:163} INFO - Started process (PID=30343) to work on /opt/airflow/dags/green_taxi_dag.py
[2022-07-09 03:59:29,888] {processor.py:642} INFO - Processing file /opt/airflow/dags/green_taxi_dag.py for tasks to queue
[2022-07-09 03:59:29,891] {logging_mixin.py:109} INFO - [2022-07-09 03:59:29,891] {dagbag.py:500} INFO - Filling up the DagBag from /opt/airflow/dags/green_taxi_dag.py
[2022-07-09 03:59:30,101] {processor.py:654} INFO - DAG(s) dict_keys(['gt_dag']) retrieved from /opt/airflow/dags/green_taxi_dag.py
[2022-07-09 03:59:30,127] {logging_mixin.py:109} INFO - [2022-07-09 03:59:30,125] {dag.py:2396} INFO - Sync 1 DAGs
[2022-07-09 03:59:30,169] {logging_mixin.py:109} INFO - [2022-07-09 03:59:30,168] {dag.py:2935} INFO - Setting next_dagrun for gt_dag to None
[2022-07-09 03:59:30,188] {processor.py:171} INFO - Processing /opt/airflow/dags/green_taxi_dag.py took 0.313 seconds
[2022-07-09 04:00:01,005] {processor.py:163} INFO - Started process (PID=30375) to work on /opt/airflow/dags/green_taxi_dag.py
[2022-07-09 04:00:01,009] {processor.py:642} INFO - Processing file /opt/airflow/dags/green_taxi_dag.py for tasks to queue
[2022-07-09 04:00:01,012] {logging_mixin.py:109} INFO - [2022-07-09 04:00:01,012] {dagbag.py:500} INFO - Filling up the DagBag from /opt/airflow/dags/green_taxi_dag.py
[2022-07-09 04:00:01,277] {processor.py:654} INFO - DAG(s) dict_keys(['gt_dag']) retrieved from /opt/airflow/dags/green_taxi_dag.py
[2022-07-09 04:00:01,303] {logging_mixin.py:109} INFO - [2022-07-09 04:00:01,300] {dag.py:2396} INFO - Sync 1 DAGs
[2022-07-09 04:00:01,349] {logging_mixin.py:109} INFO - [2022-07-09 04:00:01,349] {dag.py:2935} INFO - Setting next_dagrun for gt_dag to None
[2022-07-09 04:00:01,372] {processor.py:171} INFO - Processing /opt/airflow/dags/green_taxi_dag.py took 0.373 seconds
[2022-07-09 04:00:31,486] {processor.py:163} INFO - Started process (PID=30409) to work on /opt/airflow/dags/green_taxi_dag.py
[2022-07-09 04:00:31,488] {processor.py:642} INFO - Processing file /opt/airflow/dags/green_taxi_dag.py for tasks to queue
[2022-07-09 04:00:31,490] {logging_mixin.py:109} INFO - [2022-07-09 04:00:31,490] {dagbag.py:500} INFO - Filling up the DagBag from /opt/airflow/dags/green_taxi_dag.py
[2022-07-09 04:00:31,627] {processor.py:654} INFO - DAG(s) dict_keys(['gt_dag']) retrieved from /opt/airflow/dags/green_taxi_dag.py
[2022-07-09 04:00:31,651] {logging_mixin.py:109} INFO - [2022-07-09 04:00:31,647] {dag.py:2396} INFO - Sync 1 DAGs
[2022-07-09 04:00:31,689] {logging_mixin.py:109} INFO - [2022-07-09 04:00:31,689] {dag.py:2935} INFO - Setting next_dagrun for gt_dag to None
[2022-07-09 04:00:31,701] {processor.py:171} INFO - Processing /opt/airflow/dags/green_taxi_dag.py took 0.222 seconds
[2022-07-09 04:01:02,042] {processor.py:163} INFO - Started process (PID=30454) to work on /opt/airflow/dags/green_taxi_dag.py
[2022-07-09 04:01:02,047] {processor.py:642} INFO - Processing file /opt/airflow/dags/green_taxi_dag.py for tasks to queue
[2022-07-09 04:01:02,049] {logging_mixin.py:109} INFO - [2022-07-09 04:01:02,049] {dagbag.py:500} INFO - Filling up the DagBag from /opt/airflow/dags/green_taxi_dag.py
[2022-07-09 04:01:02,417] {processor.py:654} INFO - DAG(s) dict_keys(['gt_dag']) retrieved from /opt/airflow/dags/green_taxi_dag.py
[2022-07-09 04:01:02,445] {logging_mixin.py:109} INFO - [2022-07-09 04:01:02,443] {dag.py:2396} INFO - Sync 1 DAGs
[2022-07-09 04:01:02,487] {logging_mixin.py:109} INFO - [2022-07-09 04:01:02,487] {dag.py:2935} INFO - Setting next_dagrun for gt_dag to None
[2022-07-09 04:01:02,519] {processor.py:171} INFO - Processing /opt/airflow/dags/green_taxi_dag.py took 0.491 seconds
[2022-07-09 04:01:32,754] {processor.py:163} INFO - Started process (PID=30488) to work on /opt/airflow/dags/green_taxi_dag.py
[2022-07-09 04:01:32,758] {processor.py:642} INFO - Processing file /opt/airflow/dags/green_taxi_dag.py for tasks to queue
[2022-07-09 04:01:32,765] {logging_mixin.py:109} INFO - [2022-07-09 04:01:32,764] {dagbag.py:500} INFO - Filling up the DagBag from /opt/airflow/dags/green_taxi_dag.py
[2022-07-09 04:01:33,094] {processor.py:654} INFO - DAG(s) dict_keys(['gt_dag']) retrieved from /opt/airflow/dags/green_taxi_dag.py
[2022-07-09 04:01:33,125] {logging_mixin.py:109} INFO - [2022-07-09 04:01:33,122] {dag.py:2396} INFO - Sync 1 DAGs
[2022-07-09 04:01:33,185] {logging_mixin.py:109} INFO - [2022-07-09 04:01:33,185] {dag.py:2935} INFO - Setting next_dagrun for gt_dag to None
[2022-07-09 04:01:33,222] {processor.py:171} INFO - Processing /opt/airflow/dags/green_taxi_dag.py took 0.475 seconds
[2022-07-09 04:02:03,334] {processor.py:163} INFO - Started process (PID=30520) to work on /opt/airflow/dags/green_taxi_dag.py
[2022-07-09 04:02:03,339] {processor.py:642} INFO - Processing file /opt/airflow/dags/green_taxi_dag.py for tasks to queue
[2022-07-09 04:02:03,342] {logging_mixin.py:109} INFO - [2022-07-09 04:02:03,342] {dagbag.py:500} INFO - Filling up the DagBag from /opt/airflow/dags/green_taxi_dag.py
[2022-07-09 04:02:03,560] {processor.py:654} INFO - DAG(s) dict_keys(['gt_dag']) retrieved from /opt/airflow/dags/green_taxi_dag.py
[2022-07-09 04:02:03,590] {logging_mixin.py:109} INFO - [2022-07-09 04:02:03,586] {dag.py:2396} INFO - Sync 1 DAGs
[2022-07-09 04:02:03,623] {logging_mixin.py:109} INFO - [2022-07-09 04:02:03,623] {dag.py:2935} INFO - Setting next_dagrun for gt_dag to None
[2022-07-09 04:02:03,642] {processor.py:171} INFO - Processing /opt/airflow/dags/green_taxi_dag.py took 0.315 seconds
[2022-07-09 04:02:33,891] {processor.py:163} INFO - Started process (PID=30548) to work on /opt/airflow/dags/green_taxi_dag.py
[2022-07-09 04:02:33,896] {processor.py:642} INFO - Processing file /opt/airflow/dags/green_taxi_dag.py for tasks to queue
[2022-07-09 04:02:33,900] {logging_mixin.py:109} INFO - [2022-07-09 04:02:33,900] {dagbag.py:500} INFO - Filling up the DagBag from /opt/airflow/dags/green_taxi_dag.py
[2022-07-09 04:02:34,320] {processor.py:654} INFO - DAG(s) dict_keys(['gt_dag']) retrieved from /opt/airflow/dags/green_taxi_dag.py
[2022-07-09 04:02:34,352] {logging_mixin.py:109} INFO - [2022-07-09 04:02:34,349] {dag.py:2396} INFO - Sync 1 DAGs
[2022-07-09 04:02:34,405] {logging_mixin.py:109} INFO - [2022-07-09 04:02:34,404] {dag.py:2935} INFO - Setting next_dagrun for gt_dag to None
[2022-07-09 04:02:34,421] {processor.py:171} INFO - Processing /opt/airflow/dags/green_taxi_dag.py took 0.540 seconds
[2022-07-09 04:03:04,810] {processor.py:163} INFO - Started process (PID=30584) to work on /opt/airflow/dags/green_taxi_dag.py
[2022-07-09 04:03:04,835] {processor.py:642} INFO - Processing file /opt/airflow/dags/green_taxi_dag.py for tasks to queue
[2022-07-09 04:03:04,872] {logging_mixin.py:109} INFO - [2022-07-09 04:03:04,872] {dagbag.py:500} INFO - Filling up the DagBag from /opt/airflow/dags/green_taxi_dag.py
[2022-07-09 04:03:05,863] {processor.py:654} INFO - DAG(s) dict_keys(['gt_dag']) retrieved from /opt/airflow/dags/green_taxi_dag.py
[2022-07-09 04:03:06,140] {logging_mixin.py:109} INFO - [2022-07-09 04:03:06,124] {dag.py:2396} INFO - Sync 1 DAGs
[2022-07-09 04:03:06,790] {logging_mixin.py:109} INFO - [2022-07-09 04:03:06,790] {dag.py:2935} INFO - Setting next_dagrun for gt_dag to None
[2022-07-09 04:03:06,952] {processor.py:171} INFO - Processing /opt/airflow/dags/green_taxi_dag.py took 2.165 seconds
[2022-07-09 04:03:37,948] {processor.py:163} INFO - Started process (PID=30616) to work on /opt/airflow/dags/green_taxi_dag.py
[2022-07-09 04:03:37,968] {processor.py:642} INFO - Processing file /opt/airflow/dags/green_taxi_dag.py for tasks to queue
[2022-07-09 04:03:37,979] {logging_mixin.py:109} INFO - [2022-07-09 04:03:37,978] {dagbag.py:500} INFO - Filling up the DagBag from /opt/airflow/dags/green_taxi_dag.py
[2022-07-09 04:03:39,974] {processor.py:654} INFO - DAG(s) dict_keys(['gt_dag']) retrieved from /opt/airflow/dags/green_taxi_dag.py
[2022-07-09 04:03:40,329] {logging_mixin.py:109} INFO - [2022-07-09 04:03:40,259] {dag.py:2396} INFO - Sync 1 DAGs
[2022-07-09 04:03:40,801] {logging_mixin.py:109} INFO - [2022-07-09 04:03:40,800] {dag.py:2935} INFO - Setting next_dagrun for gt_dag to None
[2022-07-09 04:03:41,012] {processor.py:171} INFO - Processing /opt/airflow/dags/green_taxi_dag.py took 3.143 seconds
[2022-07-09 04:04:12,329] {processor.py:163} INFO - Started process (PID=30647) to work on /opt/airflow/dags/green_taxi_dag.py
[2022-07-09 04:04:12,379] {processor.py:642} INFO - Processing file /opt/airflow/dags/green_taxi_dag.py for tasks to queue
[2022-07-09 04:04:12,466] {logging_mixin.py:109} INFO - [2022-07-09 04:04:12,453] {dagbag.py:500} INFO - Filling up the DagBag from /opt/airflow/dags/green_taxi_dag.py
[2022-07-09 04:04:14,813] {processor.py:654} INFO - DAG(s) dict_keys(['gt_dag']) retrieved from /opt/airflow/dags/green_taxi_dag.py
[2022-07-09 04:04:15,612] {logging_mixin.py:109} INFO - [2022-07-09 04:04:15,451] {dag.py:2396} INFO - Sync 1 DAGs
[2022-07-09 04:04:16,371] {logging_mixin.py:109} INFO - [2022-07-09 04:04:16,350] {dag.py:2935} INFO - Setting next_dagrun for gt_dag to None
[2022-07-09 04:04:16,796] {processor.py:171} INFO - Processing /opt/airflow/dags/green_taxi_dag.py took 4.729 seconds
