[2022-07-07 21:19:37,808] {taskinstance.py:1032} INFO - Dependencies all met for <TaskInstance: data_ingestion_gcs_full_yt.local_to_gcs_task manual__2022-07-07T21:17:26.839761+00:00 [queued]>
[2022-07-07 21:19:37,831] {taskinstance.py:1032} INFO - Dependencies all met for <TaskInstance: data_ingestion_gcs_full_yt.local_to_gcs_task manual__2022-07-07T21:17:26.839761+00:00 [queued]>
[2022-07-07 21:19:37,833] {taskinstance.py:1238} INFO - 
--------------------------------------------------------------------------------
[2022-07-07 21:19:37,834] {taskinstance.py:1239} INFO - Starting attempt 1 of 2
[2022-07-07 21:19:37,836] {taskinstance.py:1240} INFO - 
--------------------------------------------------------------------------------
[2022-07-07 21:19:37,858] {taskinstance.py:1259} INFO - Executing <Task(PythonOperator): local_to_gcs_task> on 2022-07-07 21:17:26.839761+00:00
[2022-07-07 21:19:37,870] {standard_task_runner.py:52} INFO - Started process 2436 to run task
[2022-07-07 21:19:37,876] {standard_task_runner.py:76} INFO - Running: ['***', 'tasks', 'run', 'data_ingestion_gcs_full_yt', 'local_to_gcs_task', 'manual__2022-07-07T21:17:26.839761+00:00', '--job-id', '118', '--raw', '--subdir', 'DAGS_FOLDER/data_ingestion_gcs_full_yt.py', '--cfg-path', '/tmp/tmpt6ydbitb', '--error-file', '/tmp/tmpaep4e6_9']
[2022-07-07 21:19:37,882] {standard_task_runner.py:77} INFO - Job 118: Subtask local_to_gcs_task
[2022-07-07 21:19:37,998] {logging_mixin.py:109} INFO - Running <TaskInstance: data_ingestion_gcs_full_yt.local_to_gcs_task manual__2022-07-07T21:17:26.839761+00:00 [running]> on host 2b856f2081be
[2022-07-07 21:19:38,144] {taskinstance.py:1426} INFO - Exporting the following env vars:
AIRFLOW_CTX_DAG_OWNER=***
AIRFLOW_CTX_DAG_ID=data_ingestion_gcs_full_yt
AIRFLOW_CTX_TASK_ID=local_to_gcs_task
AIRFLOW_CTX_EXECUTION_DATE=2022-07-07T21:17:26.839761+00:00
AIRFLOW_CTX_DAG_RUN_ID=manual__2022-07-07T21:17:26.839761+00:00
[2022-07-07 21:19:38,710] {python.py:175} INFO - Done. Returned value was: None
[2022-07-07 21:19:38,750] {taskinstance.py:1277} INFO - Marking task as SUCCESS. dag_id=data_ingestion_gcs_full_yt, task_id=local_to_gcs_task, execution_date=20220707T211726, start_date=20220707T211937, end_date=20220707T211938
[2022-07-07 21:19:38,848] {local_task_job.py:154} INFO - Task exited with return code 0
[2022-07-07 21:19:38,899] {local_task_job.py:264} INFO - 0 downstream tasks scheduled from follow-on schedule check
