[2022-07-08 04:01:16,499] {taskinstance.py:1032} INFO - Dependencies all met for <TaskInstance: LocalIngestionDag2.wget scheduled__2020-07-02T06:00:00+00:00 [queued]>
[2022-07-08 04:01:16,514] {taskinstance.py:1032} INFO - Dependencies all met for <TaskInstance: LocalIngestionDag2.wget scheduled__2020-07-02T06:00:00+00:00 [queued]>
[2022-07-08 04:01:16,515] {taskinstance.py:1238} INFO - 
--------------------------------------------------------------------------------
[2022-07-08 04:01:16,516] {taskinstance.py:1239} INFO - Starting attempt 1 of 1
[2022-07-08 04:01:16,517] {taskinstance.py:1240} INFO - 
--------------------------------------------------------------------------------
[2022-07-08 04:01:16,563] {taskinstance.py:1259} INFO - Executing <Task(BashOperator): wget> on 2020-07-02 06:00:00+00:00
[2022-07-08 04:01:16,589] {standard_task_runner.py:52} INFO - Started process 6840 to run task
[2022-07-08 04:01:16,591] {standard_task_runner.py:76} INFO - Running: ['***', 'tasks', 'run', 'LocalIngestionDag2', 'wget', 'scheduled__2020-07-02T06:00:00+00:00', '--job-id', '166', '--raw', '--subdir', 'DAGS_FOLDER/data_ingestion_gcs_full_yt.py', '--cfg-path', '/tmp/tmpa4l70hy7', '--error-file', '/tmp/tmpc6tpo5om']
[2022-07-08 04:01:16,614] {standard_task_runner.py:77} INFO - Job 166: Subtask wget
[2022-07-08 04:01:16,883] {logging_mixin.py:109} INFO - Running <TaskInstance: LocalIngestionDag2.wget scheduled__2020-07-02T06:00:00+00:00 [running]> on host 2b856f2081be
[2022-07-08 04:01:16,978] {warnings.py:99} WARNING - /home/***/.local/lib/python3.6/site-packages/***/utils/context.py:152: AirflowContextDeprecationWarning: Accessing 'execution_date' from the template is deprecated and will be removed in a future version. Please use 'data_interval_start' or 'logical_date' instead.
  warnings.warn(_create_deprecation_warning(key, self._deprecation_replacements[key]))

[2022-07-08 04:01:17,057] {taskinstance.py:1426} INFO - Exporting the following env vars:
AIRFLOW_CTX_DAG_OWNER=***
AIRFLOW_CTX_DAG_ID=LocalIngestionDag2
AIRFLOW_CTX_TASK_ID=wget
AIRFLOW_CTX_EXECUTION_DATE=2020-07-02T06:00:00+00:00
AIRFLOW_CTX_DAG_RUN_ID=scheduled__2020-07-02T06:00:00+00:00
[2022-07-08 04:01:17,074] {subprocess.py:62} INFO - Tmp dir root location: 
 /tmp
[2022-07-08 04:01:17,076] {subprocess.py:74} INFO - Running command: ['bash', '-c', 'echo "2020_07" ']
[2022-07-08 04:01:17,099] {subprocess.py:85} INFO - Output:
[2022-07-08 04:01:17,103] {subprocess.py:89} INFO - 2020_07
[2022-07-08 04:01:17,105] {subprocess.py:93} INFO - Command exited with return code 0
[2022-07-08 04:01:17,188] {taskinstance.py:1277} INFO - Marking task as SUCCESS. dag_id=LocalIngestionDag2, task_id=wget, execution_date=20200702T060000, start_date=20220708T040116, end_date=20220708T040117
[2022-07-08 04:01:17,245] {local_task_job.py:154} INFO - Task exited with return code 0
[2022-07-08 04:01:17,315] {local_task_job.py:264} INFO - 0 downstream tasks scheduled from follow-on schedule check
