[2022-07-08 05:26:47,874] {taskinstance.py:1032} INFO - Dependencies all met for <TaskInstance: yellow_taxi_dag5.download_data_task scheduled__2019-09-02T06:00:00+00:00 [queued]>
[2022-07-08 05:26:48,561] {taskinstance.py:1032} INFO - Dependencies all met for <TaskInstance: yellow_taxi_dag5.download_data_task scheduled__2019-09-02T06:00:00+00:00 [queued]>
[2022-07-08 05:26:48,564] {taskinstance.py:1238} INFO - 
--------------------------------------------------------------------------------
[2022-07-08 05:26:48,567] {taskinstance.py:1239} INFO - Starting attempt 1 of 1
[2022-07-08 05:26:48,572] {taskinstance.py:1240} INFO - 
--------------------------------------------------------------------------------
[2022-07-08 05:26:48,689] {taskinstance.py:1259} INFO - Executing <Task(BashOperator): download_data_task> on 2019-09-02 06:00:00+00:00
[2022-07-08 05:26:48,810] {standard_task_runner.py:76} INFO - Running: ['***', 'tasks', 'run', 'yellow_taxi_dag5', 'download_data_task', 'scheduled__2019-09-02T06:00:00+00:00', '--job-id', '298', '--raw', '--subdir', 'DAGS_FOLDER/yellow_taxi_dag.py', '--cfg-path', '/tmp/tmpl00a2d_e', '--error-file', '/tmp/tmp9ydhhlzs']
[2022-07-08 05:26:48,879] {standard_task_runner.py:77} INFO - Job 298: Subtask download_data_task
[2022-07-08 05:26:48,774] {standard_task_runner.py:52} INFO - Started process 2479 to run task
[2022-07-08 05:26:49,603] {logging_mixin.py:109} INFO - Running <TaskInstance: yellow_taxi_dag5.download_data_task scheduled__2019-09-02T06:00:00+00:00 [running]> on host 2b856f2081be
[2022-07-08 05:26:49,952] {warnings.py:99} WARNING - /home/***/.local/lib/python3.6/site-packages/***/utils/context.py:152: AirflowContextDeprecationWarning: Accessing 'execution_date' from the template is deprecated and will be removed in a future version. Please use 'data_interval_start' or 'logical_date' instead.
  warnings.warn(_create_deprecation_warning(key, self._deprecation_replacements[key]))

[2022-07-08 05:26:50,292] {taskinstance.py:1426} INFO - Exporting the following env vars:
AIRFLOW_CTX_DAG_OWNER=***
AIRFLOW_CTX_DAG_ID=yellow_taxi_dag5
AIRFLOW_CTX_TASK_ID=download_data_task
AIRFLOW_CTX_EXECUTION_DATE=2019-09-02T06:00:00+00:00
AIRFLOW_CTX_DAG_RUN_ID=scheduled__2019-09-02T06:00:00+00:00
[2022-07-08 05:26:50,328] {subprocess.py:62} INFO - Tmp dir root location: 
 /tmp
[2022-07-08 05:26:50,345] {subprocess.py:74} INFO - Running command: ['bash', '-c', 'curl -sSL https://d37ci6vzurychx.cloudfront.net/trip-data/yellow_tripdata_2019-09.parquet > /opt/***/yellow_tripdata_2019-09.parquet']
[2022-07-08 05:26:50,525] {subprocess.py:85} INFO - Output:
