[2022-07-08 05:39:54,312] {taskinstance.py:1032} INFO - Dependencies all met for <TaskInstance: yt_dag7.download_data_task scheduled__2019-02-02T06:00:00+00:00 [queued]>
[2022-07-08 05:39:54,392] {taskinstance.py:1032} INFO - Dependencies all met for <TaskInstance: yt_dag7.download_data_task scheduled__2019-02-02T06:00:00+00:00 [queued]>
[2022-07-08 05:39:54,396] {taskinstance.py:1238} INFO - 
--------------------------------------------------------------------------------
[2022-07-08 05:39:54,400] {taskinstance.py:1239} INFO - Starting attempt 1 of 1
[2022-07-08 05:39:54,404] {taskinstance.py:1240} INFO - 
--------------------------------------------------------------------------------
[2022-07-08 05:39:54,815] {taskinstance.py:1259} INFO - Executing <Task(BashOperator): download_data_task> on 2019-02-02 06:00:00+00:00
[2022-07-08 05:39:55,023] {standard_task_runner.py:52} INFO - Started process 119 to run task
[2022-07-08 05:39:55,097] {standard_task_runner.py:76} INFO - Running: ['***', 'tasks', 'run', 'yt_dag7', 'download_data_task', 'scheduled__2019-02-02T06:00:00+00:00', '--job-id', '314', '--raw', '--subdir', 'DAGS_FOLDER/yellow_taxi_dag.py', '--cfg-path', '/tmp/tmptu_5xwad', '--error-file', '/tmp/tmp_inuvswj']
[2022-07-08 05:39:55,158] {standard_task_runner.py:77} INFO - Job 314: Subtask download_data_task
[2022-07-08 05:39:55,647] {logging_mixin.py:109} INFO - Running <TaskInstance: yt_dag7.download_data_task scheduled__2019-02-02T06:00:00+00:00 [running]> on host 2b856f2081be
[2022-07-08 05:39:56,021] {warnings.py:99} WARNING - /home/***/.local/lib/python3.6/site-packages/***/utils/context.py:152: AirflowContextDeprecationWarning: Accessing 'execution_date' from the template is deprecated and will be removed in a future version. Please use 'data_interval_start' or 'logical_date' instead.
  warnings.warn(_create_deprecation_warning(key, self._deprecation_replacements[key]))

[2022-07-08 05:39:56,160] {taskinstance.py:1426} INFO - Exporting the following env vars:
AIRFLOW_CTX_DAG_OWNER=***
AIRFLOW_CTX_DAG_ID=yt_dag7
AIRFLOW_CTX_TASK_ID=download_data_task
AIRFLOW_CTX_EXECUTION_DATE=2019-02-02T06:00:00+00:00
AIRFLOW_CTX_DAG_RUN_ID=scheduled__2019-02-02T06:00:00+00:00
[2022-07-08 05:39:56,179] {subprocess.py:62} INFO - Tmp dir root location: 
 /tmp
[2022-07-08 05:39:56,195] {subprocess.py:74} INFO - Running command: ['bash', '-c', 'curl -sSL https://d37ci6vzurychx.cloudfront.net/trip-data/yellow_tripdata_2019-02.parquet > /opt/***/yellow_tripdata_2019-02.parquet']
[2022-07-08 05:39:56,348] {subprocess.py:85} INFO - Output:
[2022-07-08 05:51:33,764] {subprocess.py:93} INFO - Command exited with return code 0
[2022-07-08 05:51:38,493] {taskinstance.py:1277} INFO - Marking task as SUCCESS. dag_id=yt_dag7, task_id=download_data_task, execution_date=20190202T060000, start_date=20220708T053954, end_date=20220708T055138
[2022-07-08 05:51:40,942] {local_task_job.py:154} INFO - Task exited with return code 0
[2022-07-08 05:51:46,207] {local_task_job.py:264} INFO - 1 downstream tasks scheduled from follow-on schedule check
