[2022-07-08 05:26:42,524] {taskinstance.py:1032} INFO - Dependencies all met for <TaskInstance: yellow_taxi_dag5.download_data_task scheduled__2019-08-02T06:00:00+00:00 [queued]>
[2022-07-08 05:26:42,803] {taskinstance.py:1032} INFO - Dependencies all met for <TaskInstance: yellow_taxi_dag5.download_data_task scheduled__2019-08-02T06:00:00+00:00 [queued]>
[2022-07-08 05:26:42,810] {taskinstance.py:1238} INFO - 
--------------------------------------------------------------------------------
[2022-07-08 05:26:42,816] {taskinstance.py:1239} INFO - Starting attempt 1 of 1
[2022-07-08 05:26:42,821] {taskinstance.py:1240} INFO - 
--------------------------------------------------------------------------------
[2022-07-08 05:26:43,095] {taskinstance.py:1259} INFO - Executing <Task(BashOperator): download_data_task> on 2019-08-02 06:00:00+00:00
[2022-07-08 05:26:43,440] {standard_task_runner.py:76} INFO - Running: ['***', 'tasks', 'run', 'yellow_taxi_dag5', 'download_data_task', 'scheduled__2019-08-02T06:00:00+00:00', '--job-id', '297', '--raw', '--subdir', 'DAGS_FOLDER/yellow_taxi_dag.py', '--cfg-path', '/tmp/tmpdu5_kvk_', '--error-file', '/tmp/tmp2cqb37iy']
[2022-07-08 05:26:43,474] {standard_task_runner.py:77} INFO - Job 297: Subtask download_data_task
[2022-07-08 05:26:43,136] {standard_task_runner.py:52} INFO - Started process 2471 to run task
[2022-07-08 05:26:45,203] {logging_mixin.py:109} INFO - Running <TaskInstance: yellow_taxi_dag5.download_data_task scheduled__2019-08-02T06:00:00+00:00 [running]> on host 2b856f2081be
[2022-07-08 05:26:47,015] {warnings.py:99} WARNING - /home/***/.local/lib/python3.6/site-packages/***/utils/context.py:152: AirflowContextDeprecationWarning: Accessing 'execution_date' from the template is deprecated and will be removed in a future version. Please use 'data_interval_start' or 'logical_date' instead.
  warnings.warn(_create_deprecation_warning(key, self._deprecation_replacements[key]))

[2022-07-08 05:26:47,964] {taskinstance.py:1426} INFO - Exporting the following env vars:
AIRFLOW_CTX_DAG_OWNER=***
AIRFLOW_CTX_DAG_ID=yellow_taxi_dag5
AIRFLOW_CTX_TASK_ID=download_data_task
AIRFLOW_CTX_EXECUTION_DATE=2019-08-02T06:00:00+00:00
AIRFLOW_CTX_DAG_RUN_ID=scheduled__2019-08-02T06:00:00+00:00
[2022-07-08 05:26:47,994] {subprocess.py:62} INFO - Tmp dir root location: 
 /tmp
[2022-07-08 05:26:48,005] {subprocess.py:74} INFO - Running command: ['bash', '-c', 'curl -sSL https://d37ci6vzurychx.cloudfront.net/trip-data/yellow_tripdata_2019-08.parquet > /opt/***/yellow_tripdata_2019-08.parquet']
[2022-07-08 05:26:48,584] {subprocess.py:85} INFO - Output:
